ARM GAS  /var/folders/qh/xwg3v3kj02qbxczjpdb8lzfr0000gn/T//ccujEior.s 			page 1


   1              		.cpu cortex-m0
   2              		.fpu softvfp
   3              		.eabi_attribute 20, 1
   4              		.eabi_attribute 21, 1
   5              		.eabi_attribute 23, 3
   6              		.eabi_attribute 24, 1
   7              		.eabi_attribute 25, 1
   8              		.eabi_attribute 26, 1
   9              		.eabi_attribute 30, 2
  10              		.eabi_attribute 34, 0
  11              		.eabi_attribute 18, 4
  12              		.code	16
  13              		.file	"chcore.c"
  14              		.text
  15              	.Ltext0:
  16              		.cfi_sections	.debug_frame
  17              		.section	.text.port_halt,"ax",%progbits
  18              		.align	2
  19              		.p2align 4,,15
  20              		.weak	port_halt
  21              		.code	16
  22              		.thumb_func
  23              		.type	port_halt, %function
  24              	port_halt:
  25              	.LFB7:
  26              		.file 1 "../../os/ports/GCC/ARMCMx/chcore.c"
  27              		.loc 1 39 0
  28              		.cfi_startproc
  29              		.loc 1 41 0
  30              	@ 41 "../../os/ports/GCC/ARMCMx/chcore.c" 1
  31 0000 72B6     		cpsid   i
  32              	@ 0 "" 2
  33              		.code	16
  34              	.L2:
  35 0002 FEE7     		b	.L2
  36              		.cfi_endproc
  37              	.LFE7:
  38              		.size	port_halt, .-port_halt
  39 0004 C046C046 		.text
  39      C046C046 
  39      C046C046 
  40              	.Letext0:
  41              		.section	.debug_info,"",%progbits
  42              	.Ldebug_info0:
  43 0000 8E000000 		.4byte	0x8e
  44 0004 0400     		.2byte	0x4
  45 0006 00000000 		.4byte	.Ldebug_abbrev0
  46 000a 04       		.byte	0x4
  47 000b 01       		.uleb128 0x1
  48 000c 67000000 		.4byte	.LASF12
  49 0010 01       		.byte	0x1
  50 0011 1B000000 		.4byte	.LASF13
  51 0015 82010000 		.4byte	.LASF14
  52 0019 00000000 		.4byte	.Ldebug_ranges0+0
  53 001d 00000000 		.4byte	0
  54 0021 00000000 		.4byte	.Ldebug_line0
  55 0025 02       		.uleb128 0x2
ARM GAS  /var/folders/qh/xwg3v3kj02qbxczjpdb8lzfr0000gn/T//ccujEior.s 			page 2


  56 0026 04       		.byte	0x4
  57 0027 05       		.byte	0x5
  58 0028 696E7400 		.ascii	"int\000"
  59 002c 03       		.uleb128 0x3
  60 002d 04       		.byte	0x4
  61 002e 07       		.byte	0x7
  62 002f 0E000000 		.4byte	.LASF0
  63 0033 03       		.uleb128 0x3
  64 0034 01       		.byte	0x1
  65 0035 06       		.byte	0x6
  66 0036 76010000 		.4byte	.LASF1
  67 003a 03       		.uleb128 0x3
  68 003b 01       		.byte	0x1
  69 003c 08       		.byte	0x8
  70 003d 41010000 		.4byte	.LASF2
  71 0041 03       		.uleb128 0x3
  72 0042 02       		.byte	0x2
  73 0043 05       		.byte	0x5
  74 0044 C7010000 		.4byte	.LASF3
  75 0048 03       		.uleb128 0x3
  76 0049 02       		.byte	0x2
  77 004a 07       		.byte	0x7
  78 004b 63010000 		.4byte	.LASF4
  79 004f 03       		.uleb128 0x3
  80 0050 04       		.byte	0x4
  81 0051 05       		.byte	0x5
  82 0052 54010000 		.4byte	.LASF5
  83 0056 03       		.uleb128 0x3
  84 0057 04       		.byte	0x4
  85 0058 07       		.byte	0x7
  86 0059 3E000000 		.4byte	.LASF6
  87 005d 03       		.uleb128 0x3
  88 005e 08       		.byte	0x8
  89 005f 05       		.byte	0x5
  90 0060 00000000 		.4byte	.LASF7
  91 0064 03       		.uleb128 0x3
  92 0065 08       		.byte	0x8
  93 0066 07       		.byte	0x7
  94 0067 50000000 		.4byte	.LASF8
  95 006b 03       		.uleb128 0x3
  96 006c 01       		.byte	0x1
  97 006d 02       		.byte	0x2
  98 006e 5D010000 		.4byte	.LASF9
  99 0072 03       		.uleb128 0x3
 100 0073 04       		.byte	0x4
 101 0074 07       		.byte	0x7
 102 0075 D1010000 		.4byte	.LASF10
 103 0079 03       		.uleb128 0x3
 104 007a 01       		.byte	0x1
 105 007b 08       		.byte	0x8
 106 007c 4F010000 		.4byte	.LASF11
 107 0080 04       		.uleb128 0x4
 108 0081 BD010000 		.4byte	.LASF15
 109 0085 01       		.byte	0x1
 110 0086 27       		.byte	0x27
 111 0087 00000000 		.4byte	.LFB7
 112 008b 04000000 		.4byte	.LFE7-.LFB7
ARM GAS  /var/folders/qh/xwg3v3kj02qbxczjpdb8lzfr0000gn/T//ccujEior.s 			page 3


 113 008f 01       		.uleb128 0x1
 114 0090 9C       		.byte	0x9c
 115 0091 00       		.byte	0
 116              		.section	.debug_abbrev,"",%progbits
 117              	.Ldebug_abbrev0:
 118 0000 01       		.uleb128 0x1
 119 0001 11       		.uleb128 0x11
 120 0002 01       		.byte	0x1
 121 0003 25       		.uleb128 0x25
 122 0004 0E       		.uleb128 0xe
 123 0005 13       		.uleb128 0x13
 124 0006 0B       		.uleb128 0xb
 125 0007 03       		.uleb128 0x3
 126 0008 0E       		.uleb128 0xe
 127 0009 1B       		.uleb128 0x1b
 128 000a 0E       		.uleb128 0xe
 129 000b 55       		.uleb128 0x55
 130 000c 17       		.uleb128 0x17
 131 000d 11       		.uleb128 0x11
 132 000e 01       		.uleb128 0x1
 133 000f 10       		.uleb128 0x10
 134 0010 17       		.uleb128 0x17
 135 0011 00       		.byte	0
 136 0012 00       		.byte	0
 137 0013 02       		.uleb128 0x2
 138 0014 24       		.uleb128 0x24
 139 0015 00       		.byte	0
 140 0016 0B       		.uleb128 0xb
 141 0017 0B       		.uleb128 0xb
 142 0018 3E       		.uleb128 0x3e
 143 0019 0B       		.uleb128 0xb
 144 001a 03       		.uleb128 0x3
 145 001b 08       		.uleb128 0x8
 146 001c 00       		.byte	0
 147 001d 00       		.byte	0
 148 001e 03       		.uleb128 0x3
 149 001f 24       		.uleb128 0x24
 150 0020 00       		.byte	0
 151 0021 0B       		.uleb128 0xb
 152 0022 0B       		.uleb128 0xb
 153 0023 3E       		.uleb128 0x3e
 154 0024 0B       		.uleb128 0xb
 155 0025 03       		.uleb128 0x3
 156 0026 0E       		.uleb128 0xe
 157 0027 00       		.byte	0
 158 0028 00       		.byte	0
 159 0029 04       		.uleb128 0x4
 160 002a 2E       		.uleb128 0x2e
 161 002b 00       		.byte	0
 162 002c 3F       		.uleb128 0x3f
 163 002d 19       		.uleb128 0x19
 164 002e 03       		.uleb128 0x3
 165 002f 0E       		.uleb128 0xe
 166 0030 3A       		.uleb128 0x3a
 167 0031 0B       		.uleb128 0xb
 168 0032 3B       		.uleb128 0x3b
 169 0033 0B       		.uleb128 0xb
ARM GAS  /var/folders/qh/xwg3v3kj02qbxczjpdb8lzfr0000gn/T//ccujEior.s 			page 4


 170 0034 27       		.uleb128 0x27
 171 0035 19       		.uleb128 0x19
 172 0036 11       		.uleb128 0x11
 173 0037 01       		.uleb128 0x1
 174 0038 12       		.uleb128 0x12
 175 0039 06       		.uleb128 0x6
 176 003a 40       		.uleb128 0x40
 177 003b 18       		.uleb128 0x18
 178 003c 9742     		.uleb128 0x2117
 179 003e 19       		.uleb128 0x19
 180 003f 00       		.byte	0
 181 0040 00       		.byte	0
 182 0041 00       		.byte	0
 183              		.section	.debug_aranges,"",%progbits
 184 0000 1C000000 		.4byte	0x1c
 185 0004 0200     		.2byte	0x2
 186 0006 00000000 		.4byte	.Ldebug_info0
 187 000a 04       		.byte	0x4
 188 000b 00       		.byte	0
 189 000c 0000     		.2byte	0
 190 000e 0000     		.2byte	0
 191 0010 00000000 		.4byte	.LFB7
 192 0014 04000000 		.4byte	.LFE7-.LFB7
 193 0018 00000000 		.4byte	0
 194 001c 00000000 		.4byte	0
 195              		.section	.debug_ranges,"",%progbits
 196              	.Ldebug_ranges0:
 197 0000 00000000 		.4byte	.LFB7
 198 0004 04000000 		.4byte	.LFE7
 199 0008 00000000 		.4byte	0
 200 000c 00000000 		.4byte	0
 201              		.section	.debug_line,"",%progbits
 202              	.Ldebug_line0:
 203 0000 4F000000 		.section	.debug_str,"MS",%progbits,1
 203      02003900 
 203      00000201 
 203      FB0E0D00 
 203      01010101 
 204              	.LASF7:
 205 0000 6C6F6E67 		.ascii	"long long int\000"
 205      206C6F6E 
 205      6720696E 
 205      7400
 206              	.LASF0:
 207 000e 756E7369 		.ascii	"unsigned int\000"
 207      676E6564 
 207      20696E74 
 207      00
 208              	.LASF13:
 209 001b 2E2E2F2E 		.ascii	"../../os/ports/GCC/ARMCMx/chcore.c\000"
 209      2E2F6F73 
 209      2F706F72 
 209      74732F47 
 209      43432F41 
 210              	.LASF6:
 211 003e 6C6F6E67 		.ascii	"long unsigned int\000"
 211      20756E73 
ARM GAS  /var/folders/qh/xwg3v3kj02qbxczjpdb8lzfr0000gn/T//ccujEior.s 			page 5


 211      69676E65 
 211      6420696E 
 211      7400
 212              	.LASF8:
 213 0050 6C6F6E67 		.ascii	"long long unsigned int\000"
 213      206C6F6E 
 213      6720756E 
 213      7369676E 
 213      65642069 
 214              	.LASF12:
 215 0067 474E5520 		.ascii	"GNU C 4.8.3 20131129 (release) [ARM/embedded-4_8-br"
 215      4320342E 
 215      382E3320 
 215      32303133 
 215      31313239 
 216 009a 616E6368 		.ascii	"anch revision 205641] -mcpu=cortex-m0 -mno-thumb-in"
 216      20726576 
 216      6973696F 
 216      6E203230 
 216      35363431 
 217 00cd 74657277 		.ascii	"terwork -mthumb -ggdb -O2 -fomit-frame-pointer -fal"
 217      6F726B20 
 217      2D6D7468 
 217      756D6220 
 217      2D676764 
 218 0100 69676E2D 		.ascii	"ign-functions=16 -ffunction-sections -fdata-section"
 218      66756E63 
 218      74696F6E 
 218      733D3136 
 218      202D6666 
 219 0133 73202D66 		.ascii	"s -fno-common\000"
 219      6E6F2D63 
 219      6F6D6D6F 
 219      6E00
 220              	.LASF2:
 221 0141 756E7369 		.ascii	"unsigned char\000"
 221      676E6564 
 221      20636861 
 221      7200
 222              	.LASF11:
 223 014f 63686172 		.ascii	"char\000"
 223      00
 224              	.LASF5:
 225 0154 6C6F6E67 		.ascii	"long int\000"
 225      20696E74 
 225      00
 226              	.LASF9:
 227 015d 5F426F6F 		.ascii	"_Bool\000"
 227      6C00
 228              	.LASF4:
 229 0163 73686F72 		.ascii	"short unsigned int\000"
 229      7420756E 
 229      7369676E 
 229      65642069 
 229      6E7400
 230              	.LASF1:
 231 0176 7369676E 		.ascii	"signed char\000"
ARM GAS  /var/folders/qh/xwg3v3kj02qbxczjpdb8lzfr0000gn/T//ccujEior.s 			page 6


 231      65642063 
 231      68617200 
 232              	.LASF14:
 233 0182 2F557365 		.ascii	"/Users/John/Development/embedded/ChibiOS-RT/BluC/ST"
 233      72732F4A 
 233      6F686E2F 
 233      44657665 
 233      6C6F706D 
 234 01b5 4D333246 		.ascii	"M32F051\000"
 234      30353100 
 235              	.LASF15:
 236 01bd 706F7274 		.ascii	"port_halt\000"
 236      5F68616C 
 236      7400
 237              	.LASF3:
 238 01c7 73686F72 		.ascii	"short int\000"
 238      7420696E 
 238      7400
 239              	.LASF10:
 240 01d1 73697A65 		.ascii	"sizetype\000"
 240      74797065 
 240      00
 241              		.ident	"GCC: (GNU Tools for ARM Embedded Processors) 4.8.3 20131129 (release) [ARM/embedded-4_8-br
ARM GAS  /var/folders/qh/xwg3v3kj02qbxczjpdb8lzfr0000gn/T//ccujEior.s 			page 7


DEFINED SYMBOLS
                            *ABS*:0000000000000000 chcore.c
/var/folders/qh/xwg3v3kj02qbxczjpdb8lzfr0000gn/T//ccujEior.s:18     .text.port_halt:0000000000000000 $t
/var/folders/qh/xwg3v3kj02qbxczjpdb8lzfr0000gn/T//ccujEior.s:24     .text.port_halt:0000000000000000 port_halt
                     .debug_frame:0000000000000010 $d

NO UNDEFINED SYMBOLS
