ARM GAS  /var/folders/qh/xwg3v3kj02qbxczjpdb8lzfr0000gn/T//ccDvmsvm.s 			page 1


   1              		.cpu cortex-m0
   2              		.fpu softvfp
   3              		.eabi_attribute 20, 1
   4              		.eabi_attribute 21, 1
   5              		.eabi_attribute 23, 3
   6              		.eabi_attribute 24, 1
   7              		.eabi_attribute 25, 1
   8              		.eabi_attribute 26, 1
   9              		.eabi_attribute 30, 2
  10              		.eabi_attribute 34, 0
  11              		.eabi_attribute 18, 4
  12              		.code	16
  13              		.file	"chcore_v6m.c"
  14              		.text
  15              	.Ltext0:
  16              		.cfi_sections	.debug_frame
  17              		.section	.text._port_switch_from_isr,"ax",%progbits
  18              		.align	2
  19              		.p2align 4,,15
  20              		.global	_port_switch_from_isr
  21              		.code	16
  22              		.thumb_func
  23              		.type	_port_switch_from_isr, %function
  24              	_port_switch_from_isr:
  25              	.LFB10:
  26              		.file 1 "../../os/ports/GCC/ARMCMx/chcore_v6m.c"
  27              		.loc 1 134 0
  28              		.cfi_startproc
  29              		.loc 1 137 0
  30 0000 FFF7FEFF 		bl	chSchDoReschedule
  31              	.LVL0:
  32              		.loc 1 139 0
  33              	@ 139 "../../os/ports/GCC/ARMCMx/chcore_v6m.c" 1
  34              		_port_exit_from_isr:
  35              	@ 0 "" 2
  36              		.loc 1 144 0
  37              		.code	16
  38 0004 8022     		mov	r2, #128
  39 0006 024B     		ldr	r3, .L4
  40 0008 1206     		lsl	r2, r2, #24
  41 000a 5A60     		str	r2, [r3, #4]
  42              	.L2:
  43 000c FEE7     		b	.L2
  44              	.L5:
  45 000e C046     		.align	2
  46              	.L4:
  47 0010 00ED00E0 		.word	-536810240
  48              		.cfi_endproc
  49              	.LFE10:
  50              		.size	_port_switch_from_isr, .-_port_switch_from_isr
  51 0014 C046C046 		.section	.text.NMIVector,"ax",%progbits
  51      C046C046 
  51      C046C046 
  52              		.align	2
  53              		.p2align 4,,15
  54              		.global	NMIVector
  55              		.code	16
ARM GAS  /var/folders/qh/xwg3v3kj02qbxczjpdb8lzfr0000gn/T//ccDvmsvm.s 			page 2


  56              		.thumb_func
  57              		.type	NMIVector, %function
  58              	NMIVector:
  59              	.LFB8:
  60              		.loc 1 57 0
  61              		.cfi_startproc
  62              		.loc 1 62 0
  63              	@ 62 "../../os/ports/GCC/ARMCMx/chcore_v6m.c" 1
  64 0000 EFF30983 		mrs     r3, PSP
  65              	@ 0 "" 2
  66              	.LVL1:
  67              		.loc 1 63 0
  68              		.code	16
  69 0004 2033     		add	r3, r3, #32
  70              	.LVL2:
  71              		.loc 1 64 0
  72              	@ 64 "../../os/ports/GCC/ARMCMx/chcore_v6m.c" 1
  73 0006 83F30988 		msr     PSP, r3
  74              	@ 0 "" 2
  75              		.loc 1 65 0
  76              	@ 65 "../../os/ports/GCC/ARMCMx/chcore_v6m.c" 1
  77 000a 62B6     		cpsie   i
  78              	@ 0 "" 2
  79              		.loc 1 66 0
  80              		.code	16
  81              		@ sp needed
  82 000c 7047     		bx	lr
  83              		.cfi_endproc
  84              	.LFE8:
  85              		.size	NMIVector, .-NMIVector
  86 000e C046     		.section	.text._port_irq_epilogue,"ax",%progbits
  87              		.align	2
  88              		.p2align 4,,15
  89              		.global	_port_irq_epilogue
  90              		.code	16
  91              		.thumb_func
  92              		.type	_port_irq_epilogue, %function
  93              	_port_irq_epilogue:
  94              	.LFB9:
  95              		.loc 1 95 0
  96              		.cfi_startproc
  97              	.LVL3:
  98              		.loc 1 97 0
  99 0000 0F30     		add	r0, r0, #15
 100 0002 19D0     		beq	.L7
 101              	.LVL4:
 102              	.LBB2:
 103              		.loc 1 100 0
 104              	@ 100 "../../os/ports/GCC/ARMCMx/chcore_v6m.c" 1
 105 0004 72B6     		cpsid   i
 106              	@ 0 "" 2
 107              		.loc 1 103 0
 108              	@ 103 "../../os/ports/GCC/ARMCMx/chcore_v6m.c" 1
 109 0006 EFF30983 		mrs     r3, PSP
 110              	@ 0 "" 2
 111              	.LVL5:
 112              		.loc 1 104 0
ARM GAS  /var/folders/qh/xwg3v3kj02qbxczjpdb8lzfr0000gn/T//ccDvmsvm.s 			page 3


 113              		.code	16
 114 000a 1A1C     		mov	r2, r3
 115 000c 203A     		sub	r2, r2, #32
 116              	.LVL6:
 117              		.loc 1 105 0
 118              	@ 105 "../../os/ports/GCC/ARMCMx/chcore_v6m.c" 1
 119 000e 82F30988 		msr     PSP, r2
 120              	@ 0 "" 2
 121              		.loc 1 110 0
 122              		.code	16
 123 0012 0F48     		ldr	r0, .L17
 124              		.loc 1 106 0
 125 0014 8022     		mov	r2, #128
 126              	.LVL7:
 127 0016 5204     		lsl	r2, r2, #17
 128 0018 203B     		sub	r3, r3, #32
 129              	.LVL8:
 130              		.loc 1 110 0
 131 001a 8169     		ldr	r1, [r0, #24]
 132              		.loc 1 106 0
 133 001c DA61     		str	r2, [r3, #28]
 134              		.loc 1 110 0
 135 001e CA7F     		ldrb	r2, [r1, #31]
 136 0020 002A     		cmp	r2, #0
 137 0022 0AD1     		bne	.L15
 138              		.loc 1 110 0 is_stmt 0 discriminator 2
 139 0024 0068     		ldr	r0, [r0]
 140 0026 8968     		ldr	r1, [r1, #8]
 141 0028 8068     		ldr	r0, [r0, #8]
 142 002a 8842     		cmp	r0, r1
 143 002c 5241     		adc	r2, r2, r2
 144 002e D2B2     		uxtb	r2, r2
 145 0030 002A     		cmp	r2, #0
 146 0032 0AD1     		bne	.L16
 147              	.L11:
 148              		.loc 1 117 0 is_stmt 1
 149 0034 074A     		ldr	r2, .L17+4
 150 0036 9A61     		str	r2, [r3, #24]
 151              	.LVL9:
 152              	.L7:
 153              	.LBE2:
 154              		.loc 1 123 0
 155              		@ sp needed
 156 0038 7047     		bx	lr
 157              	.LVL10:
 158              	.L15:
 159              	.LBB3:
 160              		.loc 1 110 0 discriminator 1
 161 003a 0268     		ldr	r2, [r0]
 162 003c 8968     		ldr	r1, [r1, #8]
 163 003e 9268     		ldr	r2, [r2, #8]
 164 0040 9142     		cmp	r1, r2
 165 0042 9241     		sbc	r2, r2, r2
 166 0044 5242     		neg	r2, r2
 167 0046 002A     		cmp	r2, #0
 168 0048 F4D0     		beq	.L11
 169              	.L16:
ARM GAS  /var/folders/qh/xwg3v3kj02qbxczjpdb8lzfr0000gn/T//ccDvmsvm.s 			page 4


 170              		.loc 1 112 0
 171 004a 034A     		ldr	r2, .L17+8
 172 004c 9A61     		str	r2, [r3, #24]
 173 004e F3E7     		b	.L7
 174              	.L18:
 175              		.align	2
 176              	.L17:
 177 0050 00000000 		.word	rlist
 178 0054 04000000 		.word	_port_exit_from_isr
 179 0058 00000000 		.word	_port_switch_from_isr
 180              	.LBE3:
 181              		.cfi_endproc
 182              	.LFE9:
 183              		.size	_port_irq_epilogue, .-_port_irq_epilogue
 184 005c C046C046 		.section	.text.SysTickVector,"ax",%progbits
 185              		.align	2
 186              		.p2align 4,,15
 187              		.global	SysTickVector
 188              		.code	16
 189              		.thumb_func
 190              		.type	SysTickVector, %function
 191              	SysTickVector:
 192              	.LFB7:
 193              		.loc 1 40 0
 194              		.cfi_startproc
 195 0000 10B5     		push	{r4, lr}
 196              		.cfi_def_cfa_offset 8
 197              		.cfi_offset 4, -8
 198              		.cfi_offset 14, -4
 199              		.loc 1 42 0
 200              	@ 42 "../../os/ports/GCC/ARMCMx/chcore_v6m.c" 1
 201 0002 7446     		mov     r4, lr
 202              	@ 0 "" 2
 203              	.LVL11:
 204              		.loc 1 44 0
 205              	@ 44 "../../os/ports/GCC/ARMCMx/chcore_v6m.c" 1
 206 0004 72B6     		cpsid   i
 207              	@ 0 "" 2
 208              		.loc 1 45 0
 209              		.code	16
 210 0006 FFF7FEFF 		bl	chSysTimerHandlerI
 211              	.LVL12:
 212              		.loc 1 46 0
 213              	@ 46 "../../os/ports/GCC/ARMCMx/chcore_v6m.c" 1
 214 000a 62B6     		cpsie   i
 215              	@ 0 "" 2
 216              		.loc 1 48 0
 217              		.code	16
 218 000c 201C     		mov	r0, r4
 219 000e FFF7FEFF 		bl	_port_irq_epilogue
 220              	.LVL13:
 221              		.loc 1 49 0
 222              		@ sp needed
 223              	.LVL14:
 224 0012 10BD     		pop	{r4, pc}
 225              		.cfi_endproc
 226              	.LFE7:
ARM GAS  /var/folders/qh/xwg3v3kj02qbxczjpdb8lzfr0000gn/T//ccDvmsvm.s 			page 5


 227              		.size	SysTickVector, .-SysTickVector
 228 0014 C046C046 		.section	.text._port_switch,"ax",%progbits
 228      C046C046 
 228      C046C046 
 229              		.align	2
 230              		.p2align 4,,15
 231              		.global	_port_switch
 232              		.code	16
 233              		.thumb_func
 234              		.type	_port_switch, %function
 235              	_port_switch:
 236              	.LFB11:
 237              		.loc 1 165 0
 238              		.cfi_startproc
 239              	.LVL15:
 240              		.loc 1 168 0
 241              	@ 168 "../../os/ports/GCC/ARMCMx/chcore_v6m.c" 1
 242 0000 F0B5     		push    {r4, r5, r6, r7, lr}                   
 243 0002 4446     		mov     r4, r8                                 
 244 0004 4D46     		mov     r5, r9                                 
 245 0006 5646     		mov     r6, r10                                
 246 0008 5F46     		mov     r7, r11                                
 247 000a F0B4     		push    {r4, r5, r6, r7}
 248              	@ 0 "" 2
 249              		.loc 1 175 0
 250              		.code	16
 251 000c 6B46     		mov	r3, sp
 252 000e CB60     		str	r3, [r1, #12]
 253              		.loc 1 176 0
 254 0010 C368     		ldr	r3, [r0, #12]
 255 0012 9D46     		mov	sp, r3
 256              		.loc 1 178 0
 257              	@ 178 "../../os/ports/GCC/ARMCMx/chcore_v6m.c" 1
 258 0014 F0BC     		pop     {r4, r5, r6, r7}                       
 259 0016 A046     		mov     r8, r4                                 
 260 0018 A946     		mov     r9, r5                                 
 261 001a B246     		mov     r10, r6                                
 262 001c BB46     		mov     r11, r7                                
 263 001e F0BD     		pop     {r4, r5, r6, r7, pc}
 264              	@ 0 "" 2
 265              		.loc 1 184 0
 266              		.code	16
 267              		.cfi_endproc
 268              	.LFE11:
 269              		.size	_port_switch, .-_port_switch
 270              		.section	.text._port_thread_start,"ax",%progbits
 271              		.align	2
 272              		.p2align 4,,15
 273              		.global	_port_thread_start
 274              		.code	16
 275              		.thumb_func
 276              		.type	_port_thread_start, %function
 277              	_port_thread_start:
 278              	.LFB12:
 279              		.loc 1 191 0
 280              		.cfi_startproc
 281              		.loc 1 193 0
ARM GAS  /var/folders/qh/xwg3v3kj02qbxczjpdb8lzfr0000gn/T//ccDvmsvm.s 			page 6


 282              	@ 193 "../../os/ports/GCC/ARMCMx/chcore_v6m.c" 1
 283 0000 62B6     		cpsie   i
 284              	@ 0 "" 2
 285              		.loc 1 194 0
 286              	@ 194 "../../os/ports/GCC/ARMCMx/chcore_v6m.c" 1
 287 0002 281C     		mov     r0, r5                                 
 288 0004 A047     		blx     r4                                     
 289 0006 FFF7FEFF 		bl      chThdExit
 290              	@ 0 "" 2
 291              		.loc 1 197 0
 292              		.code	16
 293              		@ sp needed
 294 000a 7047     		bx	lr
 295              		.cfi_endproc
 296              	.LFE12:
 297              		.size	_port_thread_start, .-_port_thread_start
 298 000c C046C046 		.text
 299              	.Letext0:
 300              		.file 2 "/usr/local/Cellar/gcc-arm-none-eabi-48/20131218/arm-none-eabi/include/stdint.h"
 301              		.file 3 "../../os/ports/GCC/ARMCMx/chtypes.h"
 302              		.file 4 "../../os/kernel/include/chlists.h"
 303              		.file 5 "../../os/kernel/include/chthreads.h"
 304              		.file 6 "../../os/ports/GCC/ARMCMx/chcore_v6m.h"
 305              		.file 7 "../../os/ports/common/ARMCMx/nvic.h"
 306              		.file 8 "../../os/kernel/include/chschd.h"
 307              		.file 9 "../../os/kernel/include/chmtx.h"
 308              		.file 10 "../../os/kernel/include/chsys.h"
 309              		.section	.debug_info,"",%progbits
 310              	.Ldebug_info0:
 311 0000 E0060000 		.4byte	0x6e0
 312 0004 0400     		.2byte	0x4
 313 0006 00000000 		.4byte	.Ldebug_abbrev0
 314 000a 04       		.byte	0x4
 315 000b 01       		.uleb128 0x1
 316 000c 0A020000 		.4byte	.LASF92
 317 0010 01       		.byte	0x1
 318 0011 2E040000 		.4byte	.LASF93
 319 0015 73000000 		.4byte	.LASF94
 320 0019 18000000 		.4byte	.Ldebug_ranges0+0x18
 321 001d 00000000 		.4byte	0
 322 0021 00000000 		.4byte	.Ldebug_line0
 323 0025 02       		.uleb128 0x2
 324 0026 04       		.byte	0x4
 325 0027 05       		.byte	0x5
 326 0028 696E7400 		.ascii	"int\000"
 327 002c 03       		.uleb128 0x3
 328 002d 04       		.byte	0x4
 329 002e 07       		.byte	0x7
 330 002f 37010000 		.4byte	.LASF0
 331 0033 03       		.uleb128 0x3
 332 0034 01       		.byte	0x1
 333 0035 06       		.byte	0x6
 334 0036 AE000000 		.4byte	.LASF1
 335 003a 04       		.uleb128 0x4
 336 003b 55040000 		.4byte	.LASF5
 337 003f 02       		.byte	0x2
 338 0040 2A       		.byte	0x2a
ARM GAS  /var/folders/qh/xwg3v3kj02qbxczjpdb8lzfr0000gn/T//ccDvmsvm.s 			page 7


 339 0041 45000000 		.4byte	0x45
 340 0045 03       		.uleb128 0x3
 341 0046 01       		.byte	0x1
 342 0047 08       		.byte	0x8
 343 0048 45030000 		.4byte	.LASF2
 344 004c 03       		.uleb128 0x3
 345 004d 02       		.byte	0x2
 346 004e 05       		.byte	0x5
 347 004f 63030000 		.4byte	.LASF3
 348 0053 03       		.uleb128 0x3
 349 0054 02       		.byte	0x2
 350 0055 07       		.byte	0x7
 351 0056 94010000 		.4byte	.LASF4
 352 005a 04       		.uleb128 0x4
 353 005b 3D030000 		.4byte	.LASF6
 354 005f 02       		.byte	0x2
 355 0060 4F       		.byte	0x4f
 356 0061 65000000 		.4byte	0x65
 357 0065 03       		.uleb128 0x3
 358 0066 04       		.byte	0x4
 359 0067 05       		.byte	0x5
 360 0068 D4000000 		.4byte	.LASF7
 361 006c 04       		.uleb128 0x4
 362 006d B3030000 		.4byte	.LASF8
 363 0071 02       		.byte	0x2
 364 0072 50       		.byte	0x50
 365 0073 77000000 		.4byte	0x77
 366 0077 03       		.uleb128 0x3
 367 0078 04       		.byte	0x4
 368 0079 07       		.byte	0x7
 369 007a 5F010000 		.4byte	.LASF9
 370 007e 03       		.uleb128 0x3
 371 007f 08       		.byte	0x8
 372 0080 05       		.byte	0x5
 373 0081 F9000000 		.4byte	.LASF10
 374 0085 03       		.uleb128 0x3
 375 0086 08       		.byte	0x8
 376 0087 07       		.byte	0x7
 377 0088 3C000000 		.4byte	.LASF11
 378 008c 03       		.uleb128 0x3
 379 008d 01       		.byte	0x1
 380 008e 02       		.byte	0x2
 381 008f 37030000 		.4byte	.LASF12
 382 0093 04       		.uleb128 0x4
 383 0094 D6010000 		.4byte	.LASF13
 384 0098 03       		.byte	0x3
 385 0099 25       		.byte	0x25
 386 009a 3A000000 		.4byte	0x3a
 387 009e 04       		.uleb128 0x4
 388 009f DD000000 		.4byte	.LASF14
 389 00a3 03       		.byte	0x3
 390 00a4 26       		.byte	0x26
 391 00a5 3A000000 		.4byte	0x3a
 392 00a9 04       		.uleb128 0x4
 393 00aa 1B030000 		.4byte	.LASF15
 394 00ae 03       		.byte	0x3
 395 00af 27       		.byte	0x27
ARM GAS  /var/folders/qh/xwg3v3kj02qbxczjpdb8lzfr0000gn/T//ccDvmsvm.s 			page 8


 396 00b0 3A000000 		.4byte	0x3a
 397 00b4 04       		.uleb128 0x4
 398 00b5 CA000000 		.4byte	.LASF16
 399 00b9 03       		.byte	0x3
 400 00ba 28       		.byte	0x28
 401 00bb 3A000000 		.4byte	0x3a
 402 00bf 04       		.uleb128 0x4
 403 00c0 2F030000 		.4byte	.LASF17
 404 00c4 03       		.byte	0x3
 405 00c5 29       		.byte	0x29
 406 00c6 6C000000 		.4byte	0x6c
 407 00ca 04       		.uleb128 0x4
 408 00cb AC010000 		.4byte	.LASF18
 409 00cf 03       		.byte	0x3
 410 00d0 2A       		.byte	0x2a
 411 00d1 5A000000 		.4byte	0x5a
 412 00d5 04       		.uleb128 0x4
 413 00d6 EA010000 		.4byte	.LASF19
 414 00da 03       		.byte	0x3
 415 00db 2C       		.byte	0x2c
 416 00dc 6C000000 		.4byte	0x6c
 417 00e0 04       		.uleb128 0x4
 418 00e1 E5030000 		.4byte	.LASF20
 419 00e5 03       		.byte	0x3
 420 00e6 2E       		.byte	0x2e
 421 00e7 6C000000 		.4byte	0x6c
 422 00eb 04       		.uleb128 0x4
 423 00ec A1030000 		.4byte	.LASF21
 424 00f0 04       		.byte	0x4
 425 00f1 23       		.byte	0x23
 426 00f2 F6000000 		.4byte	0xf6
 427 00f6 05       		.uleb128 0x5
 428 00f7 A1030000 		.4byte	.LASF21
 429 00fb 48       		.byte	0x48
 430 00fc 05       		.byte	0x5
 431 00fd 57       		.byte	0x57
 432 00fe F3010000 		.4byte	0x1f3
 433 0102 06       		.uleb128 0x6
 434 0103 92030000 		.4byte	.LASF22
 435 0107 05       		.byte	0x5
 436 0108 58       		.byte	0x58
 437 0109 14020000 		.4byte	0x214
 438 010d 00       		.byte	0
 439 010e 06       		.uleb128 0x6
 440 010f 28030000 		.4byte	.LASF23
 441 0113 05       		.byte	0x5
 442 0114 5A       		.byte	0x5a
 443 0115 14020000 		.4byte	0x214
 444 0119 04       		.byte	0x4
 445 011a 06       		.uleb128 0x6
 446 011b 62000000 		.4byte	.LASF24
 447 011f 05       		.byte	0x5
 448 0120 5C       		.byte	0x5c
 449 0121 BF000000 		.4byte	0xbf
 450 0125 08       		.byte	0x8
 451 0126 06       		.uleb128 0x6
 452 0127 7E040000 		.4byte	.LASF25
ARM GAS  /var/folders/qh/xwg3v3kj02qbxczjpdb8lzfr0000gn/T//ccDvmsvm.s 			page 9


 453 012b 05       		.byte	0x5
 454 012c 5D       		.byte	0x5d
 455 012d 2C030000 		.4byte	0x32c
 456 0131 0C       		.byte	0xc
 457 0132 06       		.uleb128 0x6
 458 0133 07010000 		.4byte	.LASF26
 459 0137 05       		.byte	0x5
 460 0138 5F       		.byte	0x5f
 461 0139 14020000 		.4byte	0x214
 462 013d 10       		.byte	0x10
 463 013e 06       		.uleb128 0x6
 464 013f E4020000 		.4byte	.LASF27
 465 0143 05       		.byte	0x5
 466 0144 60       		.byte	0x60
 467 0145 14020000 		.4byte	0x214
 468 0149 14       		.byte	0x14
 469 014a 06       		.uleb128 0x6
 470 014b 64040000 		.4byte	.LASF28
 471 014f 05       		.byte	0x5
 472 0150 67       		.byte	0x67
 473 0151 A3050000 		.4byte	0x5a3
 474 0155 18       		.byte	0x18
 475 0156 06       		.uleb128 0x6
 476 0157 6D030000 		.4byte	.LASF29
 477 015b 05       		.byte	0x5
 478 015c 72       		.byte	0x72
 479 015d 9E000000 		.4byte	0x9e
 480 0161 1C       		.byte	0x1c
 481 0162 06       		.uleb128 0x6
 482 0163 99030000 		.4byte	.LASF30
 483 0167 05       		.byte	0x5
 484 0168 76       		.byte	0x76
 485 0169 93000000 		.4byte	0x93
 486 016d 1D       		.byte	0x1d
 487 016e 06       		.uleb128 0x6
 488 016f 18040000 		.4byte	.LASF31
 489 0173 05       		.byte	0x5
 490 0174 7B       		.byte	0x7b
 491 0175 A9000000 		.4byte	0xa9
 492 0179 1E       		.byte	0x1e
 493 017a 06       		.uleb128 0x6
 494 017b 75030000 		.4byte	.LASF32
 495 017f 05       		.byte	0x5
 496 0180 81       		.byte	0x81
 497 0181 B4000000 		.4byte	0xb4
 498 0185 1F       		.byte	0x1f
 499 0186 06       		.uleb128 0x6
 500 0187 FA030000 		.4byte	.LASF33
 501 018b 05       		.byte	0x5
 502 018c 88       		.byte	0x88
 503 018d CB040000 		.4byte	0x4cb
 504 0191 20       		.byte	0x20
 505 0192 07       		.uleb128 0x7
 506 0193 705F7500 		.ascii	"p_u\000"
 507 0197 05       		.byte	0x5
 508 0198 AD       		.byte	0xad
 509 0199 6E050000 		.4byte	0x56e
ARM GAS  /var/folders/qh/xwg3v3kj02qbxczjpdb8lzfr0000gn/T//ccDvmsvm.s 			page 10


 510 019d 24       		.byte	0x24
 511 019e 06       		.uleb128 0x6
 512 019f 84040000 		.4byte	.LASF34
 513 01a3 05       		.byte	0x5
 514 01a4 B2       		.byte	0xb2
 515 01a5 3A020000 		.4byte	0x23a
 516 01a9 28       		.byte	0x28
 517 01aa 06       		.uleb128 0x6
 518 01ab 0D040000 		.4byte	.LASF35
 519 01af 05       		.byte	0x5
 520 01b0 B8       		.byte	0xb8
 521 01b1 1A020000 		.4byte	0x21a
 522 01b5 2C       		.byte	0x2c
 523 01b6 06       		.uleb128 0x6
 524 01b7 00000000 		.4byte	.LASF36
 525 01bb 05       		.byte	0x5
 526 01bc BC       		.byte	0xbc
 527 01bd CA000000 		.4byte	0xca
 528 01c1 34       		.byte	0x34
 529 01c2 06       		.uleb128 0x6
 530 01c3 A8030000 		.4byte	.LASF37
 531 01c7 05       		.byte	0x5
 532 01c8 C2       		.byte	0xc2
 533 01c9 D5000000 		.4byte	0xd5
 534 01cd 38       		.byte	0x38
 535 01ce 06       		.uleb128 0x6
 536 01cf 59030000 		.4byte	.LASF38
 537 01d3 05       		.byte	0x5
 538 01d4 C9       		.byte	0xc9
 539 01d5 B5050000 		.4byte	0x5b5
 540 01d9 3C       		.byte	0x3c
 541 01da 06       		.uleb128 0x6
 542 01db EF030000 		.4byte	.LASF39
 543 01df 05       		.byte	0x5
 544 01e0 CD       		.byte	0xcd
 545 01e1 BF000000 		.4byte	0xbf
 546 01e5 40       		.byte	0x40
 547 01e6 06       		.uleb128 0x6
 548 01e7 BA000000 		.4byte	.LASF40
 549 01eb 05       		.byte	0x5
 550 01ec D3       		.byte	0xd3
 551 01ed 50020000 		.4byte	0x250
 552 01f1 44       		.byte	0x44
 553 01f2 00       		.byte	0
 554 01f3 08       		.uleb128 0x8
 555 01f4 08       		.byte	0x8
 556 01f5 04       		.byte	0x4
 557 01f6 5A       		.byte	0x5a
 558 01f7 14020000 		.4byte	0x214
 559 01fb 06       		.uleb128 0x6
 560 01fc 92030000 		.4byte	.LASF22
 561 0200 04       		.byte	0x4
 562 0201 5B       		.byte	0x5b
 563 0202 14020000 		.4byte	0x214
 564 0206 00       		.byte	0
 565 0207 06       		.uleb128 0x6
 566 0208 28030000 		.4byte	.LASF23
ARM GAS  /var/folders/qh/xwg3v3kj02qbxczjpdb8lzfr0000gn/T//ccDvmsvm.s 			page 11


 567 020c 04       		.byte	0x4
 568 020d 5D       		.byte	0x5d
 569 020e 14020000 		.4byte	0x214
 570 0212 04       		.byte	0x4
 571 0213 00       		.byte	0
 572 0214 09       		.uleb128 0x9
 573 0215 04       		.byte	0x4
 574 0216 EB000000 		.4byte	0xeb
 575 021a 04       		.uleb128 0x4
 576 021b F2020000 		.4byte	.LASF41
 577 021f 04       		.byte	0x4
 578 0220 5F       		.byte	0x5f
 579 0221 F3010000 		.4byte	0x1f3
 580 0225 08       		.uleb128 0x8
 581 0226 04       		.byte	0x4
 582 0227 04       		.byte	0x4
 583 0228 64       		.byte	0x64
 584 0229 3A020000 		.4byte	0x23a
 585 022d 06       		.uleb128 0x6
 586 022e 92030000 		.4byte	.LASF22
 587 0232 04       		.byte	0x4
 588 0233 66       		.byte	0x66
 589 0234 14020000 		.4byte	0x214
 590 0238 00       		.byte	0
 591 0239 00       		.byte	0
 592 023a 04       		.uleb128 0x4
 593 023b DE010000 		.4byte	.LASF42
 594 023f 04       		.byte	0x4
 595 0240 69       		.byte	0x69
 596 0241 25020000 		.4byte	0x225
 597 0245 04       		.uleb128 0x4
 598 0246 1C010000 		.4byte	.LASF43
 599 024a 06       		.byte	0x6
 600 024b A0       		.byte	0xa0
 601 024c 50020000 		.4byte	0x250
 602 0250 0A       		.uleb128 0xa
 603 0251 04       		.byte	0x4
 604 0252 05       		.uleb128 0x5
 605 0253 4B010000 		.4byte	.LASF44
 606 0257 20       		.byte	0x20
 607 0258 06       		.byte	0x6
 608 0259 A8       		.byte	0xa8
 609 025a BA020000 		.4byte	0x2ba
 610 025e 07       		.uleb128 0x7
 611 025f 723000   		.ascii	"r0\000"
 612 0262 06       		.byte	0x6
 613 0263 A9       		.byte	0xa9
 614 0264 45020000 		.4byte	0x245
 615 0268 00       		.byte	0
 616 0269 07       		.uleb128 0x7
 617 026a 723100   		.ascii	"r1\000"
 618 026d 06       		.byte	0x6
 619 026e AA       		.byte	0xaa
 620 026f 45020000 		.4byte	0x245
 621 0273 04       		.byte	0x4
 622 0274 07       		.uleb128 0x7
 623 0275 723200   		.ascii	"r2\000"
ARM GAS  /var/folders/qh/xwg3v3kj02qbxczjpdb8lzfr0000gn/T//ccDvmsvm.s 			page 12


 624 0278 06       		.byte	0x6
 625 0279 AB       		.byte	0xab
 626 027a 45020000 		.4byte	0x245
 627 027e 08       		.byte	0x8
 628 027f 07       		.uleb128 0x7
 629 0280 723300   		.ascii	"r3\000"
 630 0283 06       		.byte	0x6
 631 0284 AC       		.byte	0xac
 632 0285 45020000 		.4byte	0x245
 633 0289 0C       		.byte	0xc
 634 028a 07       		.uleb128 0x7
 635 028b 72313200 		.ascii	"r12\000"
 636 028f 06       		.byte	0x6
 637 0290 AD       		.byte	0xad
 638 0291 45020000 		.4byte	0x245
 639 0295 10       		.byte	0x10
 640 0296 06       		.uleb128 0x6
 641 0297 44010000 		.4byte	.LASF45
 642 029b 06       		.byte	0x6
 643 029c AE       		.byte	0xae
 644 029d 45020000 		.4byte	0x245
 645 02a1 14       		.byte	0x14
 646 02a2 07       		.uleb128 0x7
 647 02a3 706300   		.ascii	"pc\000"
 648 02a6 06       		.byte	0x6
 649 02a7 AF       		.byte	0xaf
 650 02a8 45020000 		.4byte	0x245
 651 02ac 18       		.byte	0x18
 652 02ad 06       		.uleb128 0x6
 653 02ae 7F030000 		.4byte	.LASF46
 654 02b2 06       		.byte	0x6
 655 02b3 B0       		.byte	0xb0
 656 02b4 45020000 		.4byte	0x245
 657 02b8 1C       		.byte	0x1c
 658 02b9 00       		.byte	0
 659 02ba 05       		.uleb128 0x5
 660 02bb 06040000 		.4byte	.LASF47
 661 02bf 24       		.byte	0x24
 662 02c0 06       		.byte	0x6
 663 02c1 B3       		.byte	0xb3
 664 02c2 2C030000 		.4byte	0x32c
 665 02c6 07       		.uleb128 0x7
 666 02c7 723800   		.ascii	"r8\000"
 667 02ca 06       		.byte	0x6
 668 02cb B4       		.byte	0xb4
 669 02cc 45020000 		.4byte	0x245
 670 02d0 00       		.byte	0
 671 02d1 07       		.uleb128 0x7
 672 02d2 723900   		.ascii	"r9\000"
 673 02d5 06       		.byte	0x6
 674 02d6 B5       		.byte	0xb5
 675 02d7 45020000 		.4byte	0x245
 676 02db 04       		.byte	0x4
 677 02dc 07       		.uleb128 0x7
 678 02dd 72313000 		.ascii	"r10\000"
 679 02e1 06       		.byte	0x6
 680 02e2 B6       		.byte	0xb6
ARM GAS  /var/folders/qh/xwg3v3kj02qbxczjpdb8lzfr0000gn/T//ccDvmsvm.s 			page 13


 681 02e3 45020000 		.4byte	0x245
 682 02e7 08       		.byte	0x8
 683 02e8 07       		.uleb128 0x7
 684 02e9 72313100 		.ascii	"r11\000"
 685 02ed 06       		.byte	0x6
 686 02ee B7       		.byte	0xb7
 687 02ef 45020000 		.4byte	0x245
 688 02f3 0C       		.byte	0xc
 689 02f4 07       		.uleb128 0x7
 690 02f5 723400   		.ascii	"r4\000"
 691 02f8 06       		.byte	0x6
 692 02f9 B8       		.byte	0xb8
 693 02fa 45020000 		.4byte	0x245
 694 02fe 10       		.byte	0x10
 695 02ff 07       		.uleb128 0x7
 696 0300 723500   		.ascii	"r5\000"
 697 0303 06       		.byte	0x6
 698 0304 B9       		.byte	0xb9
 699 0305 45020000 		.4byte	0x245
 700 0309 14       		.byte	0x14
 701 030a 07       		.uleb128 0x7
 702 030b 723600   		.ascii	"r6\000"
 703 030e 06       		.byte	0x6
 704 030f BA       		.byte	0xba
 705 0310 45020000 		.4byte	0x245
 706 0314 18       		.byte	0x18
 707 0315 07       		.uleb128 0x7
 708 0316 723700   		.ascii	"r7\000"
 709 0319 06       		.byte	0x6
 710 031a BB       		.byte	0xbb
 711 031b 45020000 		.4byte	0x245
 712 031f 1C       		.byte	0x1c
 713 0320 07       		.uleb128 0x7
 714 0321 6C7200   		.ascii	"lr\000"
 715 0324 06       		.byte	0x6
 716 0325 BC       		.byte	0xbc
 717 0326 45020000 		.4byte	0x245
 718 032a 20       		.byte	0x20
 719 032b 00       		.byte	0
 720 032c 05       		.uleb128 0x5
 721 032d 8C010000 		.4byte	.LASF48
 722 0331 04       		.byte	0x4
 723 0332 06       		.byte	0x6
 724 0333 C6       		.byte	0xc6
 725 0334 45030000 		.4byte	0x345
 726 0338 07       		.uleb128 0x7
 727 0339 72313300 		.ascii	"r13\000"
 728 033d 06       		.byte	0x6
 729 033e C7       		.byte	0xc7
 730 033f 45030000 		.4byte	0x345
 731 0343 00       		.byte	0
 732 0344 00       		.byte	0
 733 0345 09       		.uleb128 0x9
 734 0346 04       		.byte	0x4
 735 0347 BA020000 		.4byte	0x2ba
 736 034b 04       		.uleb128 0x4
 737 034c D6030000 		.4byte	.LASF49
ARM GAS  /var/folders/qh/xwg3v3kj02qbxczjpdb8lzfr0000gn/T//ccDvmsvm.s 			page 14


 738 0350 07       		.byte	0x7
 739 0351 33       		.byte	0x33
 740 0352 56030000 		.4byte	0x356
 741 0356 0B       		.uleb128 0xb
 742 0357 6C000000 		.4byte	0x6c
 743 035b 03       		.uleb128 0x3
 744 035c 04       		.byte	0x4
 745 035d 07       		.byte	0x7
 746 035e 01020000 		.4byte	.LASF50
 747 0362 08       		.uleb128 0x8
 748 0363 8C       		.byte	0x8c
 749 0364 07       		.byte	0x7
 750 0365 82       		.byte	0x82
 751 0366 67040000 		.4byte	0x467
 752 036a 06       		.uleb128 0x6
 753 036b 5C000000 		.4byte	.LASF51
 754 036f 07       		.byte	0x7
 755 0370 83       		.byte	0x83
 756 0371 4B030000 		.4byte	0x34b
 757 0375 00       		.byte	0
 758 0376 06       		.uleb128 0x6
 759 0377 A7010000 		.4byte	.LASF52
 760 037b 07       		.byte	0x7
 761 037c 84       		.byte	0x84
 762 037d 4B030000 		.4byte	0x34b
 763 0381 04       		.byte	0x4
 764 0382 06       		.uleb128 0x6
 765 0383 71010000 		.4byte	.LASF53
 766 0387 07       		.byte	0x7
 767 0388 85       		.byte	0x85
 768 0389 4B030000 		.4byte	0x34b
 769 038d 08       		.byte	0x8
 770 038e 06       		.uleb128 0x6
 771 038f B2010000 		.4byte	.LASF54
 772 0393 07       		.byte	0x7
 773 0394 86       		.byte	0x86
 774 0395 4B030000 		.4byte	0x34b
 775 0399 0C       		.byte	0xc
 776 039a 07       		.uleb128 0x7
 777 039b 53435200 		.ascii	"SCR\000"
 778 039f 07       		.byte	0x7
 779 03a0 87       		.byte	0x87
 780 03a1 4B030000 		.4byte	0x34b
 781 03a5 10       		.byte	0x10
 782 03a6 07       		.uleb128 0x7
 783 03a7 43435200 		.ascii	"CCR\000"
 784 03ab 07       		.byte	0x7
 785 03ac 88       		.byte	0x88
 786 03ad 4B030000 		.4byte	0x34b
 787 03b1 14       		.byte	0x14
 788 03b2 06       		.uleb128 0x6
 789 03b3 01040000 		.4byte	.LASF55
 790 03b7 07       		.byte	0x7
 791 03b8 89       		.byte	0x89
 792 03b9 77040000 		.4byte	0x477
 793 03bd 18       		.byte	0x18
 794 03be 06       		.uleb128 0x6
ARM GAS  /var/folders/qh/xwg3v3kj02qbxczjpdb8lzfr0000gn/T//ccDvmsvm.s 			page 15


 795 03bf 53030000 		.4byte	.LASF56
 796 03c3 07       		.byte	0x7
 797 03c4 8A       		.byte	0x8a
 798 03c5 4B030000 		.4byte	0x34b
 799 03c9 24       		.byte	0x24
 800 03ca 06       		.uleb128 0x6
 801 03cb FC010000 		.4byte	.LASF57
 802 03cf 07       		.byte	0x7
 803 03d0 8B       		.byte	0x8b
 804 03d1 4B030000 		.4byte	0x34b
 805 03d5 28       		.byte	0x28
 806 03d6 06       		.uleb128 0x6
 807 03d7 71040000 		.4byte	.LASF58
 808 03db 07       		.byte	0x7
 809 03dc 8C       		.byte	0x8c
 810 03dd 4B030000 		.4byte	0x34b
 811 03e1 2C       		.byte	0x2c
 812 03e2 06       		.uleb128 0x6
 813 03e3 B8010000 		.4byte	.LASF59
 814 03e7 07       		.byte	0x7
 815 03e8 8D       		.byte	0x8d
 816 03e9 4B030000 		.4byte	0x34b
 817 03ed 30       		.byte	0x30
 818 03ee 06       		.uleb128 0x6
 819 03ef BD010000 		.4byte	.LASF60
 820 03f3 07       		.byte	0x7
 821 03f4 8E       		.byte	0x8e
 822 03f5 4B030000 		.4byte	0x34b
 823 03f9 34       		.byte	0x34
 824 03fa 06       		.uleb128 0x6
 825 03fb 0F010000 		.4byte	.LASF61
 826 03ff 07       		.byte	0x7
 827 0400 8F       		.byte	0x8f
 828 0401 4B030000 		.4byte	0x34b
 829 0405 38       		.byte	0x38
 830 0406 06       		.uleb128 0x6
 831 0407 C4030000 		.4byte	.LASF62
 832 040b 07       		.byte	0x7
 833 040c 90       		.byte	0x90
 834 040d 4B030000 		.4byte	0x34b
 835 0411 3C       		.byte	0x3c
 836 0412 07       		.uleb128 0x7
 837 0413 50465200 		.ascii	"PFR\000"
 838 0417 07       		.byte	0x7
 839 0418 91       		.byte	0x91
 840 0419 8C040000 		.4byte	0x48c
 841 041d 40       		.byte	0x40
 842 041e 07       		.uleb128 0x7
 843 041f 44465200 		.ascii	"DFR\000"
 844 0423 07       		.byte	0x7
 845 0424 92       		.byte	0x92
 846 0425 4B030000 		.4byte	0x34b
 847 0429 48       		.byte	0x48
 848 042a 07       		.uleb128 0x7
 849 042b 41445200 		.ascii	"ADR\000"
 850 042f 07       		.byte	0x7
 851 0430 93       		.byte	0x93
ARM GAS  /var/folders/qh/xwg3v3kj02qbxczjpdb8lzfr0000gn/T//ccDvmsvm.s 			page 16


 852 0431 4B030000 		.4byte	0x34b
 853 0435 4C       		.byte	0x4c
 854 0436 06       		.uleb128 0x6
 855 0437 29040000 		.4byte	.LASF63
 856 043b 07       		.byte	0x7
 857 043c 94       		.byte	0x94
 858 043d A1040000 		.4byte	0x4a1
 859 0441 50       		.byte	0x50
 860 0442 07       		.uleb128 0x7
 861 0443 53415200 		.ascii	"SAR\000"
 862 0447 07       		.byte	0x7
 863 0448 95       		.byte	0x95
 864 0449 B6040000 		.4byte	0x4b6
 865 044d 60       		.byte	0x60
 866 044e 06       		.uleb128 0x6
 867 044f C9030000 		.4byte	.LASF64
 868 0453 07       		.byte	0x7
 869 0454 96       		.byte	0x96
 870 0455 BB040000 		.4byte	0x4bb
 871 0459 74       		.byte	0x74
 872 045a 06       		.uleb128 0x6
 873 045b 6B040000 		.4byte	.LASF65
 874 045f 07       		.byte	0x7
 875 0460 97       		.byte	0x97
 876 0461 4B030000 		.4byte	0x34b
 877 0465 88       		.byte	0x88
 878 0466 00       		.byte	0
 879 0467 0C       		.uleb128 0xc
 880 0468 4B030000 		.4byte	0x34b
 881 046c 77040000 		.4byte	0x477
 882 0470 0D       		.uleb128 0xd
 883 0471 5B030000 		.4byte	0x35b
 884 0475 02       		.byte	0x2
 885 0476 00       		.byte	0
 886 0477 0B       		.uleb128 0xb
 887 0478 67040000 		.4byte	0x467
 888 047c 0C       		.uleb128 0xc
 889 047d 4B030000 		.4byte	0x34b
 890 0481 8C040000 		.4byte	0x48c
 891 0485 0D       		.uleb128 0xd
 892 0486 5B030000 		.4byte	0x35b
 893 048a 01       		.byte	0x1
 894 048b 00       		.byte	0
 895 048c 0B       		.uleb128 0xb
 896 048d 7C040000 		.4byte	0x47c
 897 0491 0C       		.uleb128 0xc
 898 0492 4B030000 		.4byte	0x34b
 899 0496 A1040000 		.4byte	0x4a1
 900 049a 0D       		.uleb128 0xd
 901 049b 5B030000 		.4byte	0x35b
 902 049f 03       		.byte	0x3
 903 04a0 00       		.byte	0
 904 04a1 0B       		.uleb128 0xb
 905 04a2 91040000 		.4byte	0x491
 906 04a6 0C       		.uleb128 0xc
 907 04a7 4B030000 		.4byte	0x34b
 908 04ab B6040000 		.4byte	0x4b6
ARM GAS  /var/folders/qh/xwg3v3kj02qbxczjpdb8lzfr0000gn/T//ccDvmsvm.s 			page 17


 909 04af 0D       		.uleb128 0xd
 910 04b0 5B030000 		.4byte	0x35b
 911 04b4 04       		.byte	0x4
 912 04b5 00       		.byte	0
 913 04b6 0B       		.uleb128 0xb
 914 04b7 A6040000 		.4byte	0x4a6
 915 04bb 0B       		.uleb128 0xb
 916 04bc A6040000 		.4byte	0x4a6
 917 04c0 04       		.uleb128 0x4
 918 04c1 13000000 		.4byte	.LASF66
 919 04c5 07       		.byte	0x7
 920 04c6 98       		.byte	0x98
 921 04c7 62030000 		.4byte	0x362
 922 04cb 0B       		.uleb128 0xb
 923 04cc E0000000 		.4byte	0xe0
 924 04d0 08       		.uleb128 0x8
 925 04d1 1C       		.byte	0x1c
 926 04d2 08       		.byte	0x8
 927 04d3 57       		.byte	0x57
 928 04d4 21050000 		.4byte	0x521
 929 04d8 06       		.uleb128 0x6
 930 04d9 BC030000 		.4byte	.LASF67
 931 04dd 08       		.byte	0x8
 932 04de 58       		.byte	0x58
 933 04df 1A020000 		.4byte	0x21a
 934 04e3 00       		.byte	0
 935 04e4 06       		.uleb128 0x6
 936 04e5 84030000 		.4byte	.LASF68
 937 04e9 08       		.byte	0x8
 938 04ea 59       		.byte	0x59
 939 04eb BF000000 		.4byte	0xbf
 940 04ef 08       		.byte	0x8
 941 04f0 06       		.uleb128 0x6
 942 04f1 EC020000 		.4byte	.LASF69
 943 04f5 08       		.byte	0x8
 944 04f6 5B       		.byte	0x5b
 945 04f7 2C030000 		.4byte	0x32c
 946 04fb 0C       		.byte	0xc
 947 04fc 06       		.uleb128 0x6
 948 04fd 14010000 		.4byte	.LASF70
 949 0501 08       		.byte	0x8
 950 0502 5E       		.byte	0x5e
 951 0503 14020000 		.4byte	0x214
 952 0507 10       		.byte	0x10
 953 0508 06       		.uleb128 0x6
 954 0509 13030000 		.4byte	.LASF71
 955 050d 08       		.byte	0x8
 956 050e 5F       		.byte	0x5f
 957 050f 14020000 		.4byte	0x214
 958 0513 14       		.byte	0x14
 959 0514 06       		.uleb128 0x6
 960 0515 09030000 		.4byte	.LASF72
 961 0519 08       		.byte	0x8
 962 051a 62       		.byte	0x62
 963 051b 14020000 		.4byte	0x214
 964 051f 18       		.byte	0x18
 965 0520 00       		.byte	0
ARM GAS  /var/folders/qh/xwg3v3kj02qbxczjpdb8lzfr0000gn/T//ccDvmsvm.s 			page 18


 966 0521 04       		.uleb128 0x4
 967 0522 1F040000 		.4byte	.LASF73
 968 0526 08       		.byte	0x8
 969 0527 64       		.byte	0x64
 970 0528 D0040000 		.4byte	0x4d0
 971 052c 05       		.uleb128 0x5
 972 052d F6010000 		.4byte	.LASF74
 973 0531 10       		.byte	0x10
 974 0532 09       		.byte	0x9
 975 0533 25       		.byte	0x25
 976 0534 5D050000 		.4byte	0x55d
 977 0538 06       		.uleb128 0x6
 978 0539 C2000000 		.4byte	.LASF75
 979 053d 09       		.byte	0x9
 980 053e 26       		.byte	0x26
 981 053f 1A020000 		.4byte	0x21a
 982 0543 00       		.byte	0
 983 0544 06       		.uleb128 0x6
 984 0545 76040000 		.4byte	.LASF76
 985 0549 09       		.byte	0x9
 986 054a 28       		.byte	0x28
 987 054b 14020000 		.4byte	0x214
 988 054f 08       		.byte	0x8
 989 0550 06       		.uleb128 0x6
 990 0551 DE030000 		.4byte	.LASF77
 991 0555 09       		.byte	0x9
 992 0556 2A       		.byte	0x2a
 993 0557 5D050000 		.4byte	0x55d
 994 055b 0C       		.byte	0xc
 995 055c 00       		.byte	0
 996 055d 09       		.uleb128 0x9
 997 055e 04       		.byte	0x4
 998 055f 2C050000 		.4byte	0x52c
 999 0563 04       		.uleb128 0x4
 1000 0564 F6010000 		.4byte	.LASF74
 1001 0568 09       		.byte	0x9
 1002 0569 2C       		.byte	0x2c
 1003 056a 2C050000 		.4byte	0x52c
 1004 056e 0E       		.uleb128 0xe
 1005 056f 04       		.byte	0x4
 1006 0570 05       		.byte	0x5
 1007 0571 8F       		.byte	0x8f
 1008 0572 A3050000 		.4byte	0x5a3
 1009 0576 0F       		.uleb128 0xf
 1010 0577 0C000000 		.4byte	.LASF78
 1011 057b 05       		.byte	0x5
 1012 057c 96       		.byte	0x96
 1013 057d CA000000 		.4byte	0xca
 1014 0581 0F       		.uleb128 0xf
 1015 0582 53000000 		.4byte	.LASF79
 1016 0586 05       		.byte	0x5
 1017 0587 9D       		.byte	0x9d
 1018 0588 CA000000 		.4byte	0xca
 1019 058c 0F       		.uleb128 0xf
 1020 058d 5D040000 		.4byte	.LASF80
 1021 0591 05       		.byte	0x5
 1022 0592 A4       		.byte	0xa4
ARM GAS  /var/folders/qh/xwg3v3kj02qbxczjpdb8lzfr0000gn/T//ccDvmsvm.s 			page 19


 1023 0593 50020000 		.4byte	0x250
 1024 0597 0F       		.uleb128 0xf
 1025 0598 8B030000 		.4byte	.LASF81
 1026 059c 05       		.byte	0x5
 1027 059d AB       		.byte	0xab
 1028 059e D5000000 		.4byte	0xd5
 1029 05a2 00       		.byte	0
 1030 05a3 09       		.uleb128 0x9
 1031 05a4 04       		.byte	0x4
 1032 05a5 A9050000 		.4byte	0x5a9
 1033 05a9 10       		.uleb128 0x10
 1034 05aa AE050000 		.4byte	0x5ae
 1035 05ae 03       		.uleb128 0x3
 1036 05af 01       		.byte	0x1
 1037 05b0 08       		.byte	0x8
 1038 05b1 D1030000 		.4byte	.LASF82
 1039 05b5 09       		.uleb128 0x9
 1040 05b6 04       		.byte	0x4
 1041 05b7 63050000 		.4byte	0x563
 1042 05bb 11       		.uleb128 0x11
 1043 05bc 76010000 		.4byte	.LASF83
 1044 05c0 01       		.byte	0x1
 1045 05c1 86       		.byte	0x86
 1046 05c2 00000000 		.4byte	.LFB10
 1047 05c6 14000000 		.4byte	.LFE10-.LFB10
 1048 05ca 01       		.uleb128 0x1
 1049 05cb 9C       		.byte	0x9c
 1050 05cc DA050000 		.4byte	0x5da
 1051 05d0 12       		.uleb128 0x12
 1052 05d1 04000000 		.4byte	.LVL0
 1053 05d5 D5060000 		.4byte	0x6d5
 1054 05d9 00       		.byte	0
 1055 05da 11       		.uleb128 0x11
 1056 05db 69000000 		.4byte	.LASF84
 1057 05df 01       		.byte	0x1
 1058 05e0 39       		.byte	0x39
 1059 05e1 00000000 		.4byte	.LFB8
 1060 05e5 0E000000 		.4byte	.LFE8-.LFB8
 1061 05e9 01       		.uleb128 0x1
 1062 05ea 9C       		.byte	0x9c
 1063 05eb FF050000 		.4byte	0x5ff
 1064 05ef 13       		.uleb128 0x13
 1065 05f0 23030000 		.4byte	.LASF86
 1066 05f4 01       		.byte	0x1
 1067 05f5 3A       		.byte	0x3a
 1068 05f6 FF050000 		.4byte	0x5ff
 1069 05fa 00000000 		.4byte	.LLST0
 1070 05fe 00       		.byte	0
 1071 05ff 09       		.uleb128 0x9
 1072 0600 04       		.byte	0x4
 1073 0601 52020000 		.4byte	0x252
 1074 0605 11       		.uleb128 0x11
 1075 0606 C3010000 		.4byte	.LASF85
 1076 060a 01       		.byte	0x1
 1077 060b 5F       		.byte	0x5f
 1078 060c 00000000 		.4byte	.LFB9
 1079 0610 5C000000 		.4byte	.LFE9-.LFB9
ARM GAS  /var/folders/qh/xwg3v3kj02qbxczjpdb8lzfr0000gn/T//ccDvmsvm.s 			page 20


 1080 0614 01       		.uleb128 0x1
 1081 0615 9C       		.byte	0x9c
 1082 0616 3E060000 		.4byte	0x63e
 1083 061a 14       		.uleb128 0x14
 1084 061b 6C7200   		.ascii	"lr\000"
 1085 061e 01       		.byte	0x1
 1086 061f 5F       		.byte	0x5f
 1087 0620 45020000 		.4byte	0x245
 1088 0624 20000000 		.4byte	.LLST1
 1089 0628 15       		.uleb128 0x15
 1090 0629 00000000 		.4byte	.Ldebug_ranges0+0
 1091 062d 13       		.uleb128 0x13
 1092 062e 23030000 		.4byte	.LASF86
 1093 0632 01       		.byte	0x1
 1094 0633 62       		.byte	0x62
 1095 0634 FF050000 		.4byte	0x5ff
 1096 0638 33000000 		.4byte	.LLST2
 1097 063c 00       		.byte	0
 1098 063d 00       		.byte	0
 1099 063e 11       		.uleb128 0x11
 1100 063f 2E000000 		.4byte	.LASF87
 1101 0643 01       		.byte	0x1
 1102 0644 28       		.byte	0x28
 1103 0645 00000000 		.4byte	.LFB7
 1104 0649 14000000 		.4byte	.LFE7-.LFB7
 1105 064d 01       		.uleb128 0x1
 1106 064e 9C       		.byte	0x9c
 1107 064f 7C060000 		.4byte	0x67c
 1108 0653 13       		.uleb128 0x13
 1109 0654 FF020000 		.4byte	.LASF88
 1110 0658 01       		.byte	0x1
 1111 0659 2A       		.byte	0x2a
 1112 065a 45020000 		.4byte	0x245
 1113 065e 76000000 		.4byte	.LLST3
 1114 0662 12       		.uleb128 0x12
 1115 0663 0A000000 		.4byte	.LVL12
 1116 0667 DC060000 		.4byte	0x6dc
 1117 066b 16       		.uleb128 0x16
 1118 066c 12000000 		.4byte	.LVL13
 1119 0670 05060000 		.4byte	0x605
 1120 0674 17       		.uleb128 0x17
 1121 0675 01       		.uleb128 0x1
 1122 0676 50       		.byte	0x50
 1123 0677 02       		.uleb128 0x2
 1124 0678 74       		.byte	0x74
 1125 0679 00       		.sleb128 0
 1126 067a 00       		.byte	0
 1127 067b 00       		.byte	0
 1128 067c 11       		.uleb128 0x11
 1129 067d 52010000 		.4byte	.LASF89
 1130 0681 01       		.byte	0x1
 1131 0682 A5       		.byte	0xa5
 1132 0683 00000000 		.4byte	.LFB11
 1133 0687 20000000 		.4byte	.LFE11-.LFB11
 1134 068b 01       		.uleb128 0x1
 1135 068c 9C       		.byte	0x9c
 1136 068d B9060000 		.4byte	0x6b9
ARM GAS  /var/folders/qh/xwg3v3kj02qbxczjpdb8lzfr0000gn/T//ccDvmsvm.s 			page 21


 1137 0691 18       		.uleb128 0x18
 1138 0692 6E747000 		.ascii	"ntp\000"
 1139 0696 01       		.byte	0x1
 1140 0697 A5       		.byte	0xa5
 1141 0698 14020000 		.4byte	0x214
 1142 069c 01       		.uleb128 0x1
 1143 069d 50       		.byte	0x50
 1144 069e 18       		.uleb128 0x18
 1145 069f 6F747000 		.ascii	"otp\000"
 1146 06a3 01       		.byte	0x1
 1147 06a4 A5       		.byte	0xa5
 1148 06a5 14020000 		.4byte	0x214
 1149 06a9 01       		.uleb128 0x1
 1150 06aa 51       		.byte	0x51
 1151 06ab 19       		.uleb128 0x19
 1152 06ac 72313300 		.ascii	"r13\000"
 1153 06b0 01       		.byte	0x1
 1154 06b1 A6       		.byte	0xa6
 1155 06b2 45030000 		.4byte	0x345
 1156 06b6 01       		.uleb128 0x1
 1157 06b7 5D       		.byte	0x5d
 1158 06b8 00       		.byte	0
 1159 06b9 1A       		.uleb128 0x1a
 1160 06ba E6000000 		.4byte	.LASF95
 1161 06be 01       		.byte	0x1
 1162 06bf BF       		.byte	0xbf
 1163 06c0 00000000 		.4byte	.LFB12
 1164 06c4 0C000000 		.4byte	.LFE12-.LFB12
 1165 06c8 01       		.uleb128 0x1
 1166 06c9 9C       		.byte	0x9c
 1167 06ca 1B       		.uleb128 0x1b
 1168 06cb 06000000 		.4byte	.LASF96
 1169 06cf 08       		.byte	0x8
 1170 06d0 68       		.byte	0x68
 1171 06d1 21050000 		.4byte	0x521
 1172 06d5 1C       		.uleb128 0x1c
 1173 06d6 25010000 		.4byte	.LASF90
 1174 06da 08       		.byte	0x8
 1175 06db A1       		.byte	0xa1
 1176 06dc 1C       		.uleb128 0x1c
 1177 06dd 1B000000 		.4byte	.LASF91
 1178 06e1 0A       		.byte	0xa
 1179 06e2 F0       		.byte	0xf0
 1180 06e3 00       		.byte	0
 1181              		.section	.debug_abbrev,"",%progbits
 1182              	.Ldebug_abbrev0:
 1183 0000 01       		.uleb128 0x1
 1184 0001 11       		.uleb128 0x11
 1185 0002 01       		.byte	0x1
 1186 0003 25       		.uleb128 0x25
 1187 0004 0E       		.uleb128 0xe
 1188 0005 13       		.uleb128 0x13
 1189 0006 0B       		.uleb128 0xb
 1190 0007 03       		.uleb128 0x3
 1191 0008 0E       		.uleb128 0xe
 1192 0009 1B       		.uleb128 0x1b
 1193 000a 0E       		.uleb128 0xe
ARM GAS  /var/folders/qh/xwg3v3kj02qbxczjpdb8lzfr0000gn/T//ccDvmsvm.s 			page 22


 1194 000b 55       		.uleb128 0x55
 1195 000c 17       		.uleb128 0x17
 1196 000d 11       		.uleb128 0x11
 1197 000e 01       		.uleb128 0x1
 1198 000f 10       		.uleb128 0x10
 1199 0010 17       		.uleb128 0x17
 1200 0011 00       		.byte	0
 1201 0012 00       		.byte	0
 1202 0013 02       		.uleb128 0x2
 1203 0014 24       		.uleb128 0x24
 1204 0015 00       		.byte	0
 1205 0016 0B       		.uleb128 0xb
 1206 0017 0B       		.uleb128 0xb
 1207 0018 3E       		.uleb128 0x3e
 1208 0019 0B       		.uleb128 0xb
 1209 001a 03       		.uleb128 0x3
 1210 001b 08       		.uleb128 0x8
 1211 001c 00       		.byte	0
 1212 001d 00       		.byte	0
 1213 001e 03       		.uleb128 0x3
 1214 001f 24       		.uleb128 0x24
 1215 0020 00       		.byte	0
 1216 0021 0B       		.uleb128 0xb
 1217 0022 0B       		.uleb128 0xb
 1218 0023 3E       		.uleb128 0x3e
 1219 0024 0B       		.uleb128 0xb
 1220 0025 03       		.uleb128 0x3
 1221 0026 0E       		.uleb128 0xe
 1222 0027 00       		.byte	0
 1223 0028 00       		.byte	0
 1224 0029 04       		.uleb128 0x4
 1225 002a 16       		.uleb128 0x16
 1226 002b 00       		.byte	0
 1227 002c 03       		.uleb128 0x3
 1228 002d 0E       		.uleb128 0xe
 1229 002e 3A       		.uleb128 0x3a
 1230 002f 0B       		.uleb128 0xb
 1231 0030 3B       		.uleb128 0x3b
 1232 0031 0B       		.uleb128 0xb
 1233 0032 49       		.uleb128 0x49
 1234 0033 13       		.uleb128 0x13
 1235 0034 00       		.byte	0
 1236 0035 00       		.byte	0
 1237 0036 05       		.uleb128 0x5
 1238 0037 13       		.uleb128 0x13
 1239 0038 01       		.byte	0x1
 1240 0039 03       		.uleb128 0x3
 1241 003a 0E       		.uleb128 0xe
 1242 003b 0B       		.uleb128 0xb
 1243 003c 0B       		.uleb128 0xb
 1244 003d 3A       		.uleb128 0x3a
 1245 003e 0B       		.uleb128 0xb
 1246 003f 3B       		.uleb128 0x3b
 1247 0040 0B       		.uleb128 0xb
 1248 0041 01       		.uleb128 0x1
 1249 0042 13       		.uleb128 0x13
 1250 0043 00       		.byte	0
ARM GAS  /var/folders/qh/xwg3v3kj02qbxczjpdb8lzfr0000gn/T//ccDvmsvm.s 			page 23


 1251 0044 00       		.byte	0
 1252 0045 06       		.uleb128 0x6
 1253 0046 0D       		.uleb128 0xd
 1254 0047 00       		.byte	0
 1255 0048 03       		.uleb128 0x3
 1256 0049 0E       		.uleb128 0xe
 1257 004a 3A       		.uleb128 0x3a
 1258 004b 0B       		.uleb128 0xb
 1259 004c 3B       		.uleb128 0x3b
 1260 004d 0B       		.uleb128 0xb
 1261 004e 49       		.uleb128 0x49
 1262 004f 13       		.uleb128 0x13
 1263 0050 38       		.uleb128 0x38
 1264 0051 0B       		.uleb128 0xb
 1265 0052 00       		.byte	0
 1266 0053 00       		.byte	0
 1267 0054 07       		.uleb128 0x7
 1268 0055 0D       		.uleb128 0xd
 1269 0056 00       		.byte	0
 1270 0057 03       		.uleb128 0x3
 1271 0058 08       		.uleb128 0x8
 1272 0059 3A       		.uleb128 0x3a
 1273 005a 0B       		.uleb128 0xb
 1274 005b 3B       		.uleb128 0x3b
 1275 005c 0B       		.uleb128 0xb
 1276 005d 49       		.uleb128 0x49
 1277 005e 13       		.uleb128 0x13
 1278 005f 38       		.uleb128 0x38
 1279 0060 0B       		.uleb128 0xb
 1280 0061 00       		.byte	0
 1281 0062 00       		.byte	0
 1282 0063 08       		.uleb128 0x8
 1283 0064 13       		.uleb128 0x13
 1284 0065 01       		.byte	0x1
 1285 0066 0B       		.uleb128 0xb
 1286 0067 0B       		.uleb128 0xb
 1287 0068 3A       		.uleb128 0x3a
 1288 0069 0B       		.uleb128 0xb
 1289 006a 3B       		.uleb128 0x3b
 1290 006b 0B       		.uleb128 0xb
 1291 006c 01       		.uleb128 0x1
 1292 006d 13       		.uleb128 0x13
 1293 006e 00       		.byte	0
 1294 006f 00       		.byte	0
 1295 0070 09       		.uleb128 0x9
 1296 0071 0F       		.uleb128 0xf
 1297 0072 00       		.byte	0
 1298 0073 0B       		.uleb128 0xb
 1299 0074 0B       		.uleb128 0xb
 1300 0075 49       		.uleb128 0x49
 1301 0076 13       		.uleb128 0x13
 1302 0077 00       		.byte	0
 1303 0078 00       		.byte	0
 1304 0079 0A       		.uleb128 0xa
 1305 007a 0F       		.uleb128 0xf
 1306 007b 00       		.byte	0
 1307 007c 0B       		.uleb128 0xb
ARM GAS  /var/folders/qh/xwg3v3kj02qbxczjpdb8lzfr0000gn/T//ccDvmsvm.s 			page 24


 1308 007d 0B       		.uleb128 0xb
 1309 007e 00       		.byte	0
 1310 007f 00       		.byte	0
 1311 0080 0B       		.uleb128 0xb
 1312 0081 35       		.uleb128 0x35
 1313 0082 00       		.byte	0
 1314 0083 49       		.uleb128 0x49
 1315 0084 13       		.uleb128 0x13
 1316 0085 00       		.byte	0
 1317 0086 00       		.byte	0
 1318 0087 0C       		.uleb128 0xc
 1319 0088 01       		.uleb128 0x1
 1320 0089 01       		.byte	0x1
 1321 008a 49       		.uleb128 0x49
 1322 008b 13       		.uleb128 0x13
 1323 008c 01       		.uleb128 0x1
 1324 008d 13       		.uleb128 0x13
 1325 008e 00       		.byte	0
 1326 008f 00       		.byte	0
 1327 0090 0D       		.uleb128 0xd
 1328 0091 21       		.uleb128 0x21
 1329 0092 00       		.byte	0
 1330 0093 49       		.uleb128 0x49
 1331 0094 13       		.uleb128 0x13
 1332 0095 2F       		.uleb128 0x2f
 1333 0096 0B       		.uleb128 0xb
 1334 0097 00       		.byte	0
 1335 0098 00       		.byte	0
 1336 0099 0E       		.uleb128 0xe
 1337 009a 17       		.uleb128 0x17
 1338 009b 01       		.byte	0x1
 1339 009c 0B       		.uleb128 0xb
 1340 009d 0B       		.uleb128 0xb
 1341 009e 3A       		.uleb128 0x3a
 1342 009f 0B       		.uleb128 0xb
 1343 00a0 3B       		.uleb128 0x3b
 1344 00a1 0B       		.uleb128 0xb
 1345 00a2 01       		.uleb128 0x1
 1346 00a3 13       		.uleb128 0x13
 1347 00a4 00       		.byte	0
 1348 00a5 00       		.byte	0
 1349 00a6 0F       		.uleb128 0xf
 1350 00a7 0D       		.uleb128 0xd
 1351 00a8 00       		.byte	0
 1352 00a9 03       		.uleb128 0x3
 1353 00aa 0E       		.uleb128 0xe
 1354 00ab 3A       		.uleb128 0x3a
 1355 00ac 0B       		.uleb128 0xb
 1356 00ad 3B       		.uleb128 0x3b
 1357 00ae 0B       		.uleb128 0xb
 1358 00af 49       		.uleb128 0x49
 1359 00b0 13       		.uleb128 0x13
 1360 00b1 00       		.byte	0
 1361 00b2 00       		.byte	0
 1362 00b3 10       		.uleb128 0x10
 1363 00b4 26       		.uleb128 0x26
 1364 00b5 00       		.byte	0
ARM GAS  /var/folders/qh/xwg3v3kj02qbxczjpdb8lzfr0000gn/T//ccDvmsvm.s 			page 25


 1365 00b6 49       		.uleb128 0x49
 1366 00b7 13       		.uleb128 0x13
 1367 00b8 00       		.byte	0
 1368 00b9 00       		.byte	0
 1369 00ba 11       		.uleb128 0x11
 1370 00bb 2E       		.uleb128 0x2e
 1371 00bc 01       		.byte	0x1
 1372 00bd 3F       		.uleb128 0x3f
 1373 00be 19       		.uleb128 0x19
 1374 00bf 03       		.uleb128 0x3
 1375 00c0 0E       		.uleb128 0xe
 1376 00c1 3A       		.uleb128 0x3a
 1377 00c2 0B       		.uleb128 0xb
 1378 00c3 3B       		.uleb128 0x3b
 1379 00c4 0B       		.uleb128 0xb
 1380 00c5 27       		.uleb128 0x27
 1381 00c6 19       		.uleb128 0x19
 1382 00c7 11       		.uleb128 0x11
 1383 00c8 01       		.uleb128 0x1
 1384 00c9 12       		.uleb128 0x12
 1385 00ca 06       		.uleb128 0x6
 1386 00cb 40       		.uleb128 0x40
 1387 00cc 18       		.uleb128 0x18
 1388 00cd 9742     		.uleb128 0x2117
 1389 00cf 19       		.uleb128 0x19
 1390 00d0 01       		.uleb128 0x1
 1391 00d1 13       		.uleb128 0x13
 1392 00d2 00       		.byte	0
 1393 00d3 00       		.byte	0
 1394 00d4 12       		.uleb128 0x12
 1395 00d5 898201   		.uleb128 0x4109
 1396 00d8 00       		.byte	0
 1397 00d9 11       		.uleb128 0x11
 1398 00da 01       		.uleb128 0x1
 1399 00db 31       		.uleb128 0x31
 1400 00dc 13       		.uleb128 0x13
 1401 00dd 00       		.byte	0
 1402 00de 00       		.byte	0
 1403 00df 13       		.uleb128 0x13
 1404 00e0 34       		.uleb128 0x34
 1405 00e1 00       		.byte	0
 1406 00e2 03       		.uleb128 0x3
 1407 00e3 0E       		.uleb128 0xe
 1408 00e4 3A       		.uleb128 0x3a
 1409 00e5 0B       		.uleb128 0xb
 1410 00e6 3B       		.uleb128 0x3b
 1411 00e7 0B       		.uleb128 0xb
 1412 00e8 49       		.uleb128 0x49
 1413 00e9 13       		.uleb128 0x13
 1414 00ea 02       		.uleb128 0x2
 1415 00eb 17       		.uleb128 0x17
 1416 00ec 00       		.byte	0
 1417 00ed 00       		.byte	0
 1418 00ee 14       		.uleb128 0x14
 1419 00ef 05       		.uleb128 0x5
 1420 00f0 00       		.byte	0
 1421 00f1 03       		.uleb128 0x3
ARM GAS  /var/folders/qh/xwg3v3kj02qbxczjpdb8lzfr0000gn/T//ccDvmsvm.s 			page 26


 1422 00f2 08       		.uleb128 0x8
 1423 00f3 3A       		.uleb128 0x3a
 1424 00f4 0B       		.uleb128 0xb
 1425 00f5 3B       		.uleb128 0x3b
 1426 00f6 0B       		.uleb128 0xb
 1427 00f7 49       		.uleb128 0x49
 1428 00f8 13       		.uleb128 0x13
 1429 00f9 02       		.uleb128 0x2
 1430 00fa 17       		.uleb128 0x17
 1431 00fb 00       		.byte	0
 1432 00fc 00       		.byte	0
 1433 00fd 15       		.uleb128 0x15
 1434 00fe 0B       		.uleb128 0xb
 1435 00ff 01       		.byte	0x1
 1436 0100 55       		.uleb128 0x55
 1437 0101 17       		.uleb128 0x17
 1438 0102 00       		.byte	0
 1439 0103 00       		.byte	0
 1440 0104 16       		.uleb128 0x16
 1441 0105 898201   		.uleb128 0x4109
 1442 0108 01       		.byte	0x1
 1443 0109 11       		.uleb128 0x11
 1444 010a 01       		.uleb128 0x1
 1445 010b 31       		.uleb128 0x31
 1446 010c 13       		.uleb128 0x13
 1447 010d 00       		.byte	0
 1448 010e 00       		.byte	0
 1449 010f 17       		.uleb128 0x17
 1450 0110 8A8201   		.uleb128 0x410a
 1451 0113 00       		.byte	0
 1452 0114 02       		.uleb128 0x2
 1453 0115 18       		.uleb128 0x18
 1454 0116 9142     		.uleb128 0x2111
 1455 0118 18       		.uleb128 0x18
 1456 0119 00       		.byte	0
 1457 011a 00       		.byte	0
 1458 011b 18       		.uleb128 0x18
 1459 011c 05       		.uleb128 0x5
 1460 011d 00       		.byte	0
 1461 011e 03       		.uleb128 0x3
 1462 011f 08       		.uleb128 0x8
 1463 0120 3A       		.uleb128 0x3a
 1464 0121 0B       		.uleb128 0xb
 1465 0122 3B       		.uleb128 0x3b
 1466 0123 0B       		.uleb128 0xb
 1467 0124 49       		.uleb128 0x49
 1468 0125 13       		.uleb128 0x13
 1469 0126 02       		.uleb128 0x2
 1470 0127 18       		.uleb128 0x18
 1471 0128 00       		.byte	0
 1472 0129 00       		.byte	0
 1473 012a 19       		.uleb128 0x19
 1474 012b 34       		.uleb128 0x34
 1475 012c 00       		.byte	0
 1476 012d 03       		.uleb128 0x3
 1477 012e 08       		.uleb128 0x8
 1478 012f 3A       		.uleb128 0x3a
ARM GAS  /var/folders/qh/xwg3v3kj02qbxczjpdb8lzfr0000gn/T//ccDvmsvm.s 			page 27


 1479 0130 0B       		.uleb128 0xb
 1480 0131 3B       		.uleb128 0x3b
 1481 0132 0B       		.uleb128 0xb
 1482 0133 49       		.uleb128 0x49
 1483 0134 13       		.uleb128 0x13
 1484 0135 02       		.uleb128 0x2
 1485 0136 18       		.uleb128 0x18
 1486 0137 00       		.byte	0
 1487 0138 00       		.byte	0
 1488 0139 1A       		.uleb128 0x1a
 1489 013a 2E       		.uleb128 0x2e
 1490 013b 00       		.byte	0
 1491 013c 3F       		.uleb128 0x3f
 1492 013d 19       		.uleb128 0x19
 1493 013e 03       		.uleb128 0x3
 1494 013f 0E       		.uleb128 0xe
 1495 0140 3A       		.uleb128 0x3a
 1496 0141 0B       		.uleb128 0xb
 1497 0142 3B       		.uleb128 0x3b
 1498 0143 0B       		.uleb128 0xb
 1499 0144 27       		.uleb128 0x27
 1500 0145 19       		.uleb128 0x19
 1501 0146 11       		.uleb128 0x11
 1502 0147 01       		.uleb128 0x1
 1503 0148 12       		.uleb128 0x12
 1504 0149 06       		.uleb128 0x6
 1505 014a 40       		.uleb128 0x40
 1506 014b 18       		.uleb128 0x18
 1507 014c 9742     		.uleb128 0x2117
 1508 014e 19       		.uleb128 0x19
 1509 014f 00       		.byte	0
 1510 0150 00       		.byte	0
 1511 0151 1B       		.uleb128 0x1b
 1512 0152 34       		.uleb128 0x34
 1513 0153 00       		.byte	0
 1514 0154 03       		.uleb128 0x3
 1515 0155 0E       		.uleb128 0xe
 1516 0156 3A       		.uleb128 0x3a
 1517 0157 0B       		.uleb128 0xb
 1518 0158 3B       		.uleb128 0x3b
 1519 0159 0B       		.uleb128 0xb
 1520 015a 49       		.uleb128 0x49
 1521 015b 13       		.uleb128 0x13
 1522 015c 3F       		.uleb128 0x3f
 1523 015d 19       		.uleb128 0x19
 1524 015e 3C       		.uleb128 0x3c
 1525 015f 19       		.uleb128 0x19
 1526 0160 00       		.byte	0
 1527 0161 00       		.byte	0
 1528 0162 1C       		.uleb128 0x1c
 1529 0163 2E       		.uleb128 0x2e
 1530 0164 00       		.byte	0
 1531 0165 3F       		.uleb128 0x3f
 1532 0166 19       		.uleb128 0x19
 1533 0167 03       		.uleb128 0x3
 1534 0168 0E       		.uleb128 0xe
 1535 0169 3A       		.uleb128 0x3a
ARM GAS  /var/folders/qh/xwg3v3kj02qbxczjpdb8lzfr0000gn/T//ccDvmsvm.s 			page 28


 1536 016a 0B       		.uleb128 0xb
 1537 016b 3B       		.uleb128 0x3b
 1538 016c 0B       		.uleb128 0xb
 1539 016d 27       		.uleb128 0x27
 1540 016e 19       		.uleb128 0x19
 1541 016f 3C       		.uleb128 0x3c
 1542 0170 19       		.uleb128 0x19
 1543 0171 00       		.byte	0
 1544 0172 00       		.byte	0
 1545 0173 00       		.byte	0
 1546              		.section	.debug_loc,"",%progbits
 1547              	.Ldebug_loc0:
 1548              	.LLST0:
 1549 0000 04000000 		.4byte	.LVL1
 1550 0004 06000000 		.4byte	.LVL2
 1551 0008 0300     		.2byte	0x3
 1552 000a 73       		.byte	0x73
 1553 000b 20       		.sleb128 32
 1554 000c 9F       		.byte	0x9f
 1555 000d 06000000 		.4byte	.LVL2
 1556 0011 0E000000 		.4byte	.LFE8
 1557 0015 0100     		.2byte	0x1
 1558 0017 53       		.byte	0x53
 1559 0018 00000000 		.4byte	0
 1560 001c 00000000 		.4byte	0
 1561              	.LLST1:
 1562 0020 00000000 		.4byte	.LVL3
 1563 0024 04000000 		.4byte	.LVL4
 1564 0028 0100     		.2byte	0x1
 1565 002a 50       		.byte	0x50
 1566 002b 00000000 		.4byte	0
 1567 002f 00000000 		.4byte	0
 1568              	.LLST2:
 1569 0033 0A000000 		.4byte	.LVL5
 1570 0037 0E000000 		.4byte	.LVL6
 1571 003b 0300     		.2byte	0x3
 1572 003d 73       		.byte	0x73
 1573 003e 60       		.sleb128 -32
 1574 003f 9F       		.byte	0x9f
 1575 0040 0E000000 		.4byte	.LVL6
 1576 0044 16000000 		.4byte	.LVL7
 1577 0048 0100     		.2byte	0x1
 1578 004a 52       		.byte	0x52
 1579 004b 16000000 		.4byte	.LVL7
 1580 004f 1A000000 		.4byte	.LVL8
 1581 0053 0300     		.2byte	0x3
 1582 0055 73       		.byte	0x73
 1583 0056 60       		.sleb128 -32
 1584 0057 9F       		.byte	0x9f
 1585 0058 1A000000 		.4byte	.LVL8
 1586 005c 38000000 		.4byte	.LVL9
 1587 0060 0100     		.2byte	0x1
 1588 0062 53       		.byte	0x53
 1589 0063 3A000000 		.4byte	.LVL10
 1590 0067 5C000000 		.4byte	.LFE9
 1591 006b 0100     		.2byte	0x1
 1592 006d 53       		.byte	0x53
ARM GAS  /var/folders/qh/xwg3v3kj02qbxczjpdb8lzfr0000gn/T//ccDvmsvm.s 			page 29


 1593 006e 00000000 		.4byte	0
 1594 0072 00000000 		.4byte	0
 1595              	.LLST3:
 1596 0076 04000000 		.4byte	.LVL11
 1597 007a 12000000 		.4byte	.LVL14
 1598 007e 0100     		.2byte	0x1
 1599 0080 54       		.byte	0x54
 1600 0081 00000000 		.4byte	0
 1601 0085 00000000 		.4byte	0
 1602              		.section	.debug_aranges,"",%progbits
 1603 0000 44000000 		.4byte	0x44
 1604 0004 0200     		.2byte	0x2
 1605 0006 00000000 		.4byte	.Ldebug_info0
 1606 000a 04       		.byte	0x4
 1607 000b 00       		.byte	0
 1608 000c 0000     		.2byte	0
 1609 000e 0000     		.2byte	0
 1610 0010 00000000 		.4byte	.LFB10
 1611 0014 14000000 		.4byte	.LFE10-.LFB10
 1612 0018 00000000 		.4byte	.LFB8
 1613 001c 0E000000 		.4byte	.LFE8-.LFB8
 1614 0020 00000000 		.4byte	.LFB9
 1615 0024 5C000000 		.4byte	.LFE9-.LFB9
 1616 0028 00000000 		.4byte	.LFB7
 1617 002c 14000000 		.4byte	.LFE7-.LFB7
 1618 0030 00000000 		.4byte	.LFB11
 1619 0034 20000000 		.4byte	.LFE11-.LFB11
 1620 0038 00000000 		.4byte	.LFB12
 1621 003c 0C000000 		.4byte	.LFE12-.LFB12
 1622 0040 00000000 		.4byte	0
 1623 0044 00000000 		.4byte	0
 1624              		.section	.debug_ranges,"",%progbits
 1625              	.Ldebug_ranges0:
 1626 0000 04000000 		.4byte	.LBB2
 1627 0004 38000000 		.4byte	.LBE2
 1628 0008 3A000000 		.4byte	.LBB3
 1629 000c 5C000000 		.4byte	.LBE3
 1630 0010 00000000 		.4byte	0
 1631 0014 00000000 		.4byte	0
 1632 0018 00000000 		.4byte	.LFB10
 1633 001c 14000000 		.4byte	.LFE10
 1634 0020 00000000 		.4byte	.LFB8
 1635 0024 0E000000 		.4byte	.LFE8
 1636 0028 00000000 		.4byte	.LFB9
 1637 002c 5C000000 		.4byte	.LFE9
 1638 0030 00000000 		.4byte	.LFB7
 1639 0034 14000000 		.4byte	.LFE7
 1640 0038 00000000 		.4byte	.LFB11
 1641 003c 20000000 		.4byte	.LFE11
 1642 0040 00000000 		.4byte	.LFB12
 1643 0044 0C000000 		.4byte	.LFE12
 1644 0048 00000000 		.4byte	0
 1645 004c 00000000 		.4byte	0
 1646              		.section	.debug_line,"",%progbits
 1647              	.Ldebug_line0:
 1648 0000 BE010000 		.section	.debug_str,"MS",%progbits,1
 1648      02002901 
ARM GAS  /var/folders/qh/xwg3v3kj02qbxczjpdb8lzfr0000gn/T//ccDvmsvm.s 			page 30


 1648      00000201 
 1648      FB0E0D00 
 1648      01010101 
 1649              	.LASF36:
 1650 0000 705F6D73 		.ascii	"p_msg\000"
 1650      6700
 1651              	.LASF96:
 1652 0006 726C6973 		.ascii	"rlist\000"
 1652      7400
 1653              	.LASF78:
 1654 000c 7264796D 		.ascii	"rdymsg\000"
 1654      736700
 1655              	.LASF66:
 1656 0013 434D785F 		.ascii	"CMx_SCB\000"
 1656      53434200 
 1657              	.LASF91:
 1658 001b 63685379 		.ascii	"chSysTimerHandlerI\000"
 1658      7354696D 
 1658      65724861 
 1658      6E646C65 
 1658      724900
 1659              	.LASF87:
 1660 002e 53797354 		.ascii	"SysTickVector\000"
 1660      69636B56 
 1660      6563746F 
 1660      7200
 1661              	.LASF11:
 1662 003c 6C6F6E67 		.ascii	"long long unsigned int\000"
 1662      206C6F6E 
 1662      6720756E 
 1662      7369676E 
 1662      65642069 
 1663              	.LASF79:
 1664 0053 65786974 		.ascii	"exitcode\000"
 1664      636F6465 
 1664      00
 1665              	.LASF51:
 1666 005c 43505549 		.ascii	"CPUID\000"
 1666      4400
 1667              	.LASF24:
 1668 0062 705F7072 		.ascii	"p_prio\000"
 1668      696F00
 1669              	.LASF84:
 1670 0069 4E4D4956 		.ascii	"NMIVector\000"
 1670      6563746F 
 1670      7200
 1671              	.LASF94:
 1672 0073 2F557365 		.ascii	"/Users/John/Development/embedded/ChibiOs-Rt/BluC/ST"
 1672      72732F4A 
 1672      6F686E2F 
 1672      44657665 
 1672      6C6F706D 
 1673 00a6 4D333246 		.ascii	"M32F051\000"
 1673      30353100 
 1674              	.LASF1:
 1675 00ae 7369676E 		.ascii	"signed char\000"
 1675      65642063 
ARM GAS  /var/folders/qh/xwg3v3kj02qbxczjpdb8lzfr0000gn/T//ccDvmsvm.s 			page 31


 1675      68617200 
 1676              	.LASF40:
 1677 00ba 705F6D70 		.ascii	"p_mpool\000"
 1677      6F6F6C00 
 1678              	.LASF75:
 1679 00c2 6D5F7175 		.ascii	"m_queue\000"
 1679      65756500 
 1680              	.LASF16:
 1681 00ca 74736C69 		.ascii	"tslices_t\000"
 1681      6365735F 
 1681      7400
 1682              	.LASF7:
 1683 00d4 6C6F6E67 		.ascii	"long int\000"
 1683      20696E74 
 1683      00
 1684              	.LASF14:
 1685 00dd 74737461 		.ascii	"tstate_t\000"
 1685      74655F74 
 1685      00
 1686              	.LASF95:
 1687 00e6 5F706F72 		.ascii	"_port_thread_start\000"
 1687      745F7468 
 1687      72656164 
 1687      5F737461 
 1687      727400
 1688              	.LASF10:
 1689 00f9 6C6F6E67 		.ascii	"long long int\000"
 1689      206C6F6E 
 1689      6720696E 
 1689      7400
 1690              	.LASF26:
 1691 0107 705F6E65 		.ascii	"p_newer\000"
 1691      77657200 
 1692              	.LASF61:
 1693 010f 42464152 		.ascii	"BFAR\000"
 1693      00
 1694              	.LASF70:
 1695 0114 725F6E65 		.ascii	"r_newer\000"
 1695      77657200 
 1696              	.LASF43:
 1697 011c 72656761 		.ascii	"regarm_t\000"
 1697      726D5F74 
 1697      00
 1698              	.LASF90:
 1699 0125 63685363 		.ascii	"chSchDoReschedule\000"
 1699      68446F52 
 1699      65736368 
 1699      6564756C 
 1699      6500
 1700              	.LASF0:
 1701 0137 756E7369 		.ascii	"unsigned int\000"
 1701      676E6564 
 1701      20696E74 
 1701      00
 1702              	.LASF45:
 1703 0144 6C725F74 		.ascii	"lr_thd\000"
 1703      686400
ARM GAS  /var/folders/qh/xwg3v3kj02qbxczjpdb8lzfr0000gn/T//ccDvmsvm.s 			page 32


 1704              	.LASF44:
 1705 014b 65787463 		.ascii	"extctx\000"
 1705      747800
 1706              	.LASF89:
 1707 0152 5F706F72 		.ascii	"_port_switch\000"
 1707      745F7377 
 1707      69746368 
 1707      00
 1708              	.LASF9:
 1709 015f 6C6F6E67 		.ascii	"long unsigned int\000"
 1709      20756E73 
 1709      69676E65 
 1709      6420696E 
 1709      7400
 1710              	.LASF53:
 1711 0171 56544F52 		.ascii	"VTOR\000"
 1711      00
 1712              	.LASF83:
 1713 0176 5F706F72 		.ascii	"_port_switch_from_isr\000"
 1713      745F7377 
 1713      69746368 
 1713      5F66726F 
 1713      6D5F6973 
 1714              	.LASF48:
 1715 018c 636F6E74 		.ascii	"context\000"
 1715      65787400 
 1716              	.LASF4:
 1717 0194 73686F72 		.ascii	"short unsigned int\000"
 1717      7420756E 
 1717      7369676E 
 1717      65642069 
 1717      6E7400
 1718              	.LASF52:
 1719 01a7 49435352 		.ascii	"ICSR\000"
 1719      00
 1720              	.LASF18:
 1721 01ac 6D73675F 		.ascii	"msg_t\000"
 1721      7400
 1722              	.LASF54:
 1723 01b2 41495243 		.ascii	"AIRCR\000"
 1723      5200
 1724              	.LASF59:
 1725 01b8 44465352 		.ascii	"DFSR\000"
 1725      00
 1726              	.LASF60:
 1727 01bd 4D4D4641 		.ascii	"MMFAR\000"
 1727      5200
 1728              	.LASF85:
 1729 01c3 5F706F72 		.ascii	"_port_irq_epilogue\000"
 1729      745F6972 
 1729      715F6570 
 1729      696C6F67 
 1729      756500
 1730              	.LASF13:
 1731 01d6 746D6F64 		.ascii	"tmode_t\000"
 1731      655F7400 
 1732              	.LASF42:
ARM GAS  /var/folders/qh/xwg3v3kj02qbxczjpdb8lzfr0000gn/T//ccDvmsvm.s 			page 33


 1733 01de 54687265 		.ascii	"ThreadsList\000"
 1733      6164734C 
 1733      69737400 
 1734              	.LASF19:
 1735 01ea 6576656E 		.ascii	"eventmask_t\000"
 1735      746D6173 
 1735      6B5F7400 
 1736              	.LASF74:
 1737 01f6 4D757465 		.ascii	"Mutex\000"
 1737      7800
 1738              	.LASF57:
 1739 01fc 43465352 		.ascii	"CFSR\000"
 1739      00
 1740              	.LASF50:
 1741 0201 73697A65 		.ascii	"sizetype\000"
 1741      74797065 
 1741      00
 1742              	.LASF92:
 1743 020a 474E5520 		.ascii	"GNU C 4.8.3 20131129 (release) [ARM/embedded-4_8-br"
 1743      4320342E 
 1743      382E3320 
 1743      32303133 
 1743      31313239 
 1744 023d 616E6368 		.ascii	"anch revision 205641] -mcpu=cortex-m0 -mno-thumb-in"
 1744      20726576 
 1744      6973696F 
 1744      6E203230 
 1744      35363431 
 1745 0270 74657277 		.ascii	"terwork -mthumb -ggdb -O2 -fomit-frame-pointer -fal"
 1745      6F726B20 
 1745      2D6D7468 
 1745      756D6220 
 1745      2D676764 
 1746 02a3 69676E2D 		.ascii	"ign-functions=16 -ffunction-sections -fdata-section"
 1746      66756E63 
 1746      74696F6E 
 1746      733D3136 
 1746      202D6666 
 1747 02d6 73202D66 		.ascii	"s -fno-common\000"
 1747      6E6F2D63 
 1747      6F6D6D6F 
 1747      6E00
 1748              	.LASF27:
 1749 02e4 705F6F6C 		.ascii	"p_older\000"
 1749      64657200 
 1750              	.LASF69:
 1751 02ec 725F6374 		.ascii	"r_ctx\000"
 1751      7800
 1752              	.LASF41:
 1753 02f2 54687265 		.ascii	"ThreadsQueue\000"
 1753      61647351 
 1753      75657565 
 1753      00
 1754              	.LASF88:
 1755 02ff 5F736176 		.ascii	"_saved_lr\000"
 1755      65645F6C 
 1755      7200
ARM GAS  /var/folders/qh/xwg3v3kj02qbxczjpdb8lzfr0000gn/T//ccDvmsvm.s 			page 34


 1756              	.LASF72:
 1757 0309 725F6375 		.ascii	"r_current\000"
 1757      7272656E 
 1757      7400
 1758              	.LASF71:
 1759 0313 725F6F6C 		.ascii	"r_older\000"
 1759      64657200 
 1760              	.LASF15:
 1761 031b 74726566 		.ascii	"trefs_t\000"
 1761      735F7400 
 1762              	.LASF86:
 1763 0323 63747870 		.ascii	"ctxp\000"
 1763      00
 1764              	.LASF23:
 1765 0328 705F7072 		.ascii	"p_prev\000"
 1765      657600
 1766              	.LASF17:
 1767 032f 74707269 		.ascii	"tprio_t\000"
 1767      6F5F7400 
 1768              	.LASF12:
 1769 0337 5F426F6F 		.ascii	"_Bool\000"
 1769      6C00
 1770              	.LASF6:
 1771 033d 696E7433 		.ascii	"int32_t\000"
 1771      325F7400 
 1772              	.LASF2:
 1773 0345 756E7369 		.ascii	"unsigned char\000"
 1773      676E6564 
 1773      20636861 
 1773      7200
 1774              	.LASF56:
 1775 0353 53484353 		.ascii	"SHCSR\000"
 1775      5200
 1776              	.LASF38:
 1777 0359 705F6D74 		.ascii	"p_mtxlist\000"
 1777      786C6973 
 1777      7400
 1778              	.LASF3:
 1779 0363 73686F72 		.ascii	"short int\000"
 1779      7420696E 
 1779      7400
 1780              	.LASF29:
 1781 036d 705F7374 		.ascii	"p_state\000"
 1781      61746500 
 1782              	.LASF32:
 1783 0375 705F7072 		.ascii	"p_preempt\000"
 1783      65656D70 
 1783      7400
 1784              	.LASF46:
 1785 037f 78707372 		.ascii	"xpsr\000"
 1785      00
 1786              	.LASF68:
 1787 0384 725F7072 		.ascii	"r_prio\000"
 1787      696F00
 1788              	.LASF81:
 1789 038b 65776D61 		.ascii	"ewmask\000"
 1789      736B00
ARM GAS  /var/folders/qh/xwg3v3kj02qbxczjpdb8lzfr0000gn/T//ccDvmsvm.s 			page 35


 1790              	.LASF22:
 1791 0392 705F6E65 		.ascii	"p_next\000"
 1791      787400
 1792              	.LASF30:
 1793 0399 705F666C 		.ascii	"p_flags\000"
 1793      61677300 
 1794              	.LASF21:
 1795 03a1 54687265 		.ascii	"Thread\000"
 1795      616400
 1796              	.LASF37:
 1797 03a8 705F6570 		.ascii	"p_epending\000"
 1797      656E6469 
 1797      6E6700
 1798              	.LASF8:
 1799 03b3 75696E74 		.ascii	"uint32_t\000"
 1799      33325F74 
 1799      00
 1800              	.LASF67:
 1801 03bc 725F7175 		.ascii	"r_queue\000"
 1801      65756500 
 1802              	.LASF62:
 1803 03c4 41465352 		.ascii	"AFSR\000"
 1803      00
 1804              	.LASF64:
 1805 03c9 756E7573 		.ascii	"unused1\000"
 1805      65643100 
 1806              	.LASF82:
 1807 03d1 63686172 		.ascii	"char\000"
 1807      00
 1808              	.LASF49:
 1809 03d6 494F5245 		.ascii	"IOREG32\000"
 1809      47333200 
 1810              	.LASF77:
 1811 03de 6D5F6E65 		.ascii	"m_next\000"
 1811      787400
 1812              	.LASF20:
 1813 03e5 73797374 		.ascii	"systime_t\000"
 1813      696D655F 
 1813      7400
 1814              	.LASF39:
 1815 03ef 705F7265 		.ascii	"p_realprio\000"
 1815      616C7072 
 1815      696F00
 1816              	.LASF33:
 1817 03fa 705F7469 		.ascii	"p_time\000"
 1817      6D6500
 1818              	.LASF55:
 1819 0401 53485052 		.ascii	"SHPR\000"
 1819      00
 1820              	.LASF47:
 1821 0406 696E7463 		.ascii	"intctx\000"
 1821      747800
 1822              	.LASF35:
 1823 040d 705F6D73 		.ascii	"p_msgqueue\000"
 1823      67717565 
 1823      756500
 1824              	.LASF31:
ARM GAS  /var/folders/qh/xwg3v3kj02qbxczjpdb8lzfr0000gn/T//ccDvmsvm.s 			page 36


 1825 0418 705F7265 		.ascii	"p_refs\000"
 1825      667300
 1826              	.LASF73:
 1827 041f 52656164 		.ascii	"ReadyList\000"
 1827      794C6973 
 1827      7400
 1828              	.LASF63:
 1829 0429 4D4D4652 		.ascii	"MMFR\000"
 1829      00
 1830              	.LASF93:
 1831 042e 2E2E2F2E 		.ascii	"../../os/ports/GCC/ARMCMx/chcore_v6m.c\000"
 1831      2E2F6F73 
 1831      2F706F72 
 1831      74732F47 
 1831      43432F41 
 1832              	.LASF5:
 1833 0455 75696E74 		.ascii	"uint8_t\000"
 1833      385F7400 
 1834              	.LASF80:
 1835 045d 77746F62 		.ascii	"wtobjp\000"
 1835      6A7000
 1836              	.LASF28:
 1837 0464 705F6E61 		.ascii	"p_name\000"
 1837      6D6500
 1838              	.LASF65:
 1839 046b 43504143 		.ascii	"CPACR\000"
 1839      5200
 1840              	.LASF58:
 1841 0471 48465352 		.ascii	"HFSR\000"
 1841      00
 1842              	.LASF76:
 1843 0476 6D5F6F77 		.ascii	"m_owner\000"
 1843      6E657200 
 1844              	.LASF25:
 1845 047e 705F6374 		.ascii	"p_ctx\000"
 1845      7800
 1846              	.LASF34:
 1847 0484 705F7761 		.ascii	"p_waiting\000"
 1847      6974696E 
 1847      6700
 1848              		.ident	"GCC: (GNU Tools for ARM Embedded Processors) 4.8.3 20131129 (release) [ARM/embedded-4_8-br
ARM GAS  /var/folders/qh/xwg3v3kj02qbxczjpdb8lzfr0000gn/T//ccDvmsvm.s 			page 37


DEFINED SYMBOLS
                            *ABS*:0000000000000000 chcore_v6m.c
/var/folders/qh/xwg3v3kj02qbxczjpdb8lzfr0000gn/T//ccDvmsvm.s:18     .text._port_switch_from_isr:0000000000000000 $t
/var/folders/qh/xwg3v3kj02qbxczjpdb8lzfr0000gn/T//ccDvmsvm.s:24     .text._port_switch_from_isr:0000000000000000 _port_switch_from_isr
/var/folders/qh/xwg3v3kj02qbxczjpdb8lzfr0000gn/T//ccDvmsvm.s:34     .text._port_switch_from_isr:0000000000000004 _port_exit_from_isr
/var/folders/qh/xwg3v3kj02qbxczjpdb8lzfr0000gn/T//ccDvmsvm.s:47     .text._port_switch_from_isr:0000000000000010 $d
/var/folders/qh/xwg3v3kj02qbxczjpdb8lzfr0000gn/T//ccDvmsvm.s:52     .text.NMIVector:0000000000000000 $t
/var/folders/qh/xwg3v3kj02qbxczjpdb8lzfr0000gn/T//ccDvmsvm.s:58     .text.NMIVector:0000000000000000 NMIVector
/var/folders/qh/xwg3v3kj02qbxczjpdb8lzfr0000gn/T//ccDvmsvm.s:87     .text._port_irq_epilogue:0000000000000000 $t
/var/folders/qh/xwg3v3kj02qbxczjpdb8lzfr0000gn/T//ccDvmsvm.s:93     .text._port_irq_epilogue:0000000000000000 _port_irq_epilogue
/var/folders/qh/xwg3v3kj02qbxczjpdb8lzfr0000gn/T//ccDvmsvm.s:177    .text._port_irq_epilogue:0000000000000050 $d
/var/folders/qh/xwg3v3kj02qbxczjpdb8lzfr0000gn/T//ccDvmsvm.s:185    .text.SysTickVector:0000000000000000 $t
/var/folders/qh/xwg3v3kj02qbxczjpdb8lzfr0000gn/T//ccDvmsvm.s:191    .text.SysTickVector:0000000000000000 SysTickVector
/var/folders/qh/xwg3v3kj02qbxczjpdb8lzfr0000gn/T//ccDvmsvm.s:229    .text._port_switch:0000000000000000 $t
/var/folders/qh/xwg3v3kj02qbxczjpdb8lzfr0000gn/T//ccDvmsvm.s:235    .text._port_switch:0000000000000000 _port_switch
/var/folders/qh/xwg3v3kj02qbxczjpdb8lzfr0000gn/T//ccDvmsvm.s:271    .text._port_thread_start:0000000000000000 $t
/var/folders/qh/xwg3v3kj02qbxczjpdb8lzfr0000gn/T//ccDvmsvm.s:277    .text._port_thread_start:0000000000000000 _port_thread_start
                     .debug_frame:0000000000000010 $d
/var/folders/qh/xwg3v3kj02qbxczjpdb8lzfr0000gn/T//ccDvmsvm.s:51     .text._port_switch_from_isr:0000000000000014 $t
/var/folders/qh/xwg3v3kj02qbxczjpdb8lzfr0000gn/T//ccDvmsvm.s:184    .text._port_irq_epilogue:000000000000005c $t

UNDEFINED SYMBOLS
chSchDoReschedule
rlist
chSysTimerHandlerI
chThdExit
