ARM GAS  /var/folders/qh/xwg3v3kj02qbxczjpdb8lzfr0000gn/T//ccn4FmiJ.s 			page 1


   1              		.cpu cortex-m0
   2              		.fpu softvfp
   3              		.eabi_attribute 20, 1
   4              		.eabi_attribute 21, 1
   5              		.eabi_attribute 23, 3
   6              		.eabi_attribute 24, 1
   7              		.eabi_attribute 25, 1
   8              		.eabi_attribute 26, 1
   9              		.eabi_attribute 30, 2
  10              		.eabi_attribute 34, 0
  11              		.eabi_attribute 18, 4
  12              		.code	16
  13              		.file	"chdebug.c"
  14              		.text
  15              	.Ltext0:
  16              		.cfi_sections	.debug_frame
  17              		.section	.text.dbg_check_disable,"ax",%progbits
  18              		.align	2
  19              		.p2align 4,,15
  20              		.global	dbg_check_disable
  21              		.code	16
  22              		.thumb_func
  23              		.type	dbg_check_disable, %function
  24              	dbg_check_disable:
  25              	.LFB7:
  26              		.file 1 "../../os/kernel/src/chdebug.c"
  27              		.loc 1 74 0
  28              		.cfi_startproc
  29 0000 08B5     		push	{r3, lr}
  30              		.cfi_def_cfa_offset 8
  31              		.cfi_offset 3, -8
  32              		.cfi_offset 14, -4
  33              		.loc 1 76 0
  34 0002 074B     		ldr	r3, .L8
  35 0004 1B68     		ldr	r3, [r3]
  36 0006 002B     		cmp	r3, #0
  37 0008 03D1     		bne	.L2
  38              		.loc 1 76 0 is_stmt 0 discriminator 1
  39 000a 064B     		ldr	r3, .L8+4
  40 000c 1B68     		ldr	r3, [r3]
  41 000e 002B     		cmp	r3, #0
  42 0010 04D0     		beq	.L1
  43              	.L2:
  44              	.LVL0:
  45              	.LBB24:
  46              	.LBB25:
  47              		.loc 1 266 0 is_stmt 1
  48 0012 054A     		ldr	r2, .L8+8
  49 0014 054B     		ldr	r3, .L8+12
  50 0016 1A60     		str	r2, [r3]
  51              		.loc 1 267 0
  52 0018 FFF7FEFF 		bl	port_halt
  53              	.LVL1:
  54              	.L1:
  55              	.LBE25:
  56              	.LBE24:
  57              		.loc 1 78 0
ARM GAS  /var/folders/qh/xwg3v3kj02qbxczjpdb8lzfr0000gn/T//ccn4FmiJ.s 			page 2


  58              		@ sp needed
  59 001c 08BD     		pop	{r3, pc}
  60              	.L9:
  61 001e C046     		.align	2
  62              	.L8:
  63 0020 00000000 		.word	.LANCHOR0
  64 0024 00000000 		.word	.LANCHOR1
  65 0028 00000000 		.word	.LC3
  66 002c 00000000 		.word	.LANCHOR2
  67              		.cfi_endproc
  68              	.LFE7:
  69              		.size	dbg_check_disable, .-dbg_check_disable
  70              		.section	.text.dbg_check_suspend,"ax",%progbits
  71              		.align	2
  72              		.p2align 4,,15
  73              		.global	dbg_check_suspend
  74              		.code	16
  75              		.thumb_func
  76              		.type	dbg_check_suspend, %function
  77              	dbg_check_suspend:
  78              	.LFB8:
  79              		.loc 1 85 0
  80              		.cfi_startproc
  81 0000 08B5     		push	{r3, lr}
  82              		.cfi_def_cfa_offset 8
  83              		.cfi_offset 3, -8
  84              		.cfi_offset 14, -4
  85              		.loc 1 87 0
  86 0002 074B     		ldr	r3, .L16
  87 0004 1B68     		ldr	r3, [r3]
  88 0006 002B     		cmp	r3, #0
  89 0008 03D1     		bne	.L11
  90              		.loc 1 87 0 is_stmt 0 discriminator 1
  91 000a 064B     		ldr	r3, .L16+4
  92 000c 1B68     		ldr	r3, [r3]
  93 000e 002B     		cmp	r3, #0
  94 0010 04D0     		beq	.L10
  95              	.L11:
  96              	.LVL2:
  97              	.LBB26:
  98              	.LBB27:
  99              		.loc 1 266 0 is_stmt 1
 100 0012 054A     		ldr	r2, .L16+8
 101 0014 054B     		ldr	r3, .L16+12
 102 0016 1A60     		str	r2, [r3]
 103              		.loc 1 267 0
 104 0018 FFF7FEFF 		bl	port_halt
 105              	.LVL3:
 106              	.L10:
 107              	.LBE27:
 108              	.LBE26:
 109              		.loc 1 89 0
 110              		@ sp needed
 111 001c 08BD     		pop	{r3, pc}
 112              	.L17:
 113 001e C046     		.align	2
 114              	.L16:
ARM GAS  /var/folders/qh/xwg3v3kj02qbxczjpdb8lzfr0000gn/T//ccn4FmiJ.s 			page 3


 115 0020 00000000 		.word	.LANCHOR0
 116 0024 00000000 		.word	.LANCHOR1
 117 0028 08000000 		.word	.LC8
 118 002c 00000000 		.word	.LANCHOR2
 119              		.cfi_endproc
 120              	.LFE8:
 121              		.size	dbg_check_suspend, .-dbg_check_suspend
 122              		.section	.text.dbg_check_enable,"ax",%progbits
 123              		.align	2
 124              		.p2align 4,,15
 125              		.global	dbg_check_enable
 126              		.code	16
 127              		.thumb_func
 128              		.type	dbg_check_enable, %function
 129              	dbg_check_enable:
 130              	.LFB9:
 131              		.loc 1 96 0
 132              		.cfi_startproc
 133 0000 08B5     		push	{r3, lr}
 134              		.cfi_def_cfa_offset 8
 135              		.cfi_offset 3, -8
 136              		.cfi_offset 14, -4
 137              		.loc 1 98 0
 138 0002 074B     		ldr	r3, .L24
 139 0004 1B68     		ldr	r3, [r3]
 140 0006 002B     		cmp	r3, #0
 141 0008 03D1     		bne	.L19
 142              		.loc 1 98 0 is_stmt 0 discriminator 1
 143 000a 064B     		ldr	r3, .L24+4
 144 000c 1B68     		ldr	r3, [r3]
 145 000e 002B     		cmp	r3, #0
 146 0010 04D0     		beq	.L18
 147              	.L19:
 148              	.LVL4:
 149              	.LBB28:
 150              	.LBB29:
 151              		.loc 1 266 0 is_stmt 1
 152 0012 054A     		ldr	r2, .L24+8
 153 0014 054B     		ldr	r3, .L24+12
 154 0016 1A60     		str	r2, [r3]
 155              		.loc 1 267 0
 156 0018 FFF7FEFF 		bl	port_halt
 157              	.LVL5:
 158              	.L18:
 159              	.LBE29:
 160              	.LBE28:
 161              		.loc 1 100 0
 162              		@ sp needed
 163 001c 08BD     		pop	{r3, pc}
 164              	.L25:
 165 001e C046     		.align	2
 166              	.L24:
 167 0020 00000000 		.word	.LANCHOR0
 168 0024 00000000 		.word	.LANCHOR1
 169 0028 10000000 		.word	.LC13
 170 002c 00000000 		.word	.LANCHOR2
 171              		.cfi_endproc
ARM GAS  /var/folders/qh/xwg3v3kj02qbxczjpdb8lzfr0000gn/T//ccn4FmiJ.s 			page 4


 172              	.LFE9:
 173              		.size	dbg_check_enable, .-dbg_check_enable
 174              		.section	.text.dbg_check_lock,"ax",%progbits
 175              		.align	2
 176              		.p2align 4,,15
 177              		.global	dbg_check_lock
 178              		.code	16
 179              		.thumb_func
 180              		.type	dbg_check_lock, %function
 181              	dbg_check_lock:
 182              	.LFB10:
 183              		.loc 1 107 0
 184              		.cfi_startproc
 185              		.loc 1 109 0
 186 0000 084B     		ldr	r3, .L34
 187              		.loc 1 107 0
 188 0002 10B5     		push	{r4, lr}
 189              		.cfi_def_cfa_offset 8
 190              		.cfi_offset 4, -8
 191              		.cfi_offset 14, -4
 192              		.loc 1 109 0
 193 0004 1B68     		ldr	r3, [r3]
 194 0006 084C     		ldr	r4, .L34+4
 195 0008 002B     		cmp	r3, #0
 196 000a 02D1     		bne	.L27
 197              		.loc 1 109 0 is_stmt 0 discriminator 1
 198 000c 2368     		ldr	r3, [r4]
 199 000e 002B     		cmp	r3, #0
 200 0010 04D0     		beq	.L28
 201              	.L27:
 202              	.LVL6:
 203              	.LBB30:
 204              	.LBB31:
 205              		.loc 1 266 0 is_stmt 1
 206 0012 064A     		ldr	r2, .L34+8
 207 0014 064B     		ldr	r3, .L34+12
 208 0016 1A60     		str	r2, [r3]
 209              		.loc 1 267 0
 210 0018 FFF7FEFF 		bl	port_halt
 211              	.LVL7:
 212              	.L28:
 213              	.LBE31:
 214              	.LBE30:
 215              		.loc 1 111 0
 216 001c 0123     		mov	r3, #1
 217 001e 2360     		str	r3, [r4]
 218              		.loc 1 112 0
 219              		@ sp needed
 220 0020 10BD     		pop	{r4, pc}
 221              	.L35:
 222 0022 C046     		.align	2
 223              	.L34:
 224 0024 00000000 		.word	.LANCHOR0
 225 0028 00000000 		.word	.LANCHOR1
 226 002c 18000000 		.word	.LC18
 227 0030 00000000 		.word	.LANCHOR2
 228              		.cfi_endproc
ARM GAS  /var/folders/qh/xwg3v3kj02qbxczjpdb8lzfr0000gn/T//ccn4FmiJ.s 			page 5


 229              	.LFE10:
 230              		.size	dbg_check_lock, .-dbg_check_lock
 231 0034 C046C046 		.section	.text.dbg_check_unlock,"ax",%progbits
 231      C046C046 
 231      C046C046 
 232              		.align	2
 233              		.p2align 4,,15
 234              		.global	dbg_check_unlock
 235              		.code	16
 236              		.thumb_func
 237              		.type	dbg_check_unlock, %function
 238              	dbg_check_unlock:
 239              	.LFB11:
 240              		.loc 1 119 0
 241              		.cfi_startproc
 242              		.loc 1 121 0
 243 0000 084B     		ldr	r3, .L41
 244              		.loc 1 119 0
 245 0002 10B5     		push	{r4, lr}
 246              		.cfi_def_cfa_offset 8
 247              		.cfi_offset 4, -8
 248              		.cfi_offset 14, -4
 249              		.loc 1 121 0
 250 0004 1B68     		ldr	r3, [r3]
 251 0006 084C     		ldr	r4, .L41+4
 252 0008 002B     		cmp	r3, #0
 253 000a 05D1     		bne	.L37
 254              		.loc 1 121 0 is_stmt 0 discriminator 1
 255 000c 2368     		ldr	r3, [r4]
 256 000e 002B     		cmp	r3, #0
 257 0010 02DD     		ble	.L37
 258              	.L38:
 259              		.loc 1 123 0 is_stmt 1
 260 0012 0023     		mov	r3, #0
 261 0014 2360     		str	r3, [r4]
 262              		.loc 1 124 0
 263              		@ sp needed
 264 0016 10BD     		pop	{r4, pc}
 265              	.L37:
 266              	.LVL8:
 267              	.LBB32:
 268              	.LBB33:
 269              		.loc 1 266 0
 270 0018 044A     		ldr	r2, .L41+8
 271 001a 054B     		ldr	r3, .L41+12
 272 001c 1A60     		str	r2, [r3]
 273              		.loc 1 267 0
 274 001e FFF7FEFF 		bl	port_halt
 275              	.LVL9:
 276 0022 F6E7     		b	.L38
 277              	.L42:
 278              		.align	2
 279              	.L41:
 280 0024 00000000 		.word	.LANCHOR0
 281 0028 00000000 		.word	.LANCHOR1
 282 002c 20000000 		.word	.LC23
 283 0030 00000000 		.word	.LANCHOR2
ARM GAS  /var/folders/qh/xwg3v3kj02qbxczjpdb8lzfr0000gn/T//ccn4FmiJ.s 			page 6


 284              	.LBE33:
 285              	.LBE32:
 286              		.cfi_endproc
 287              	.LFE11:
 288              		.size	dbg_check_unlock, .-dbg_check_unlock
 289 0034 C046C046 		.section	.text.dbg_check_lock_from_isr,"ax",%progbits
 289      C046C046 
 289      C046C046 
 290              		.align	2
 291              		.p2align 4,,15
 292              		.global	dbg_check_lock_from_isr
 293              		.code	16
 294              		.thumb_func
 295              		.type	dbg_check_lock_from_isr, %function
 296              	dbg_check_lock_from_isr:
 297              	.LFB12:
 298              		.loc 1 131 0
 299              		.cfi_startproc
 300              		.loc 1 133 0
 301 0000 084B     		ldr	r3, .L51
 302              		.loc 1 131 0
 303 0002 10B5     		push	{r4, lr}
 304              		.cfi_def_cfa_offset 8
 305              		.cfi_offset 4, -8
 306              		.cfi_offset 14, -4
 307              		.loc 1 133 0
 308 0004 1B68     		ldr	r3, [r3]
 309 0006 084C     		ldr	r4, .L51+4
 310 0008 002B     		cmp	r3, #0
 311 000a 02DD     		ble	.L44
 312              		.loc 1 133 0 is_stmt 0 discriminator 1
 313 000c 2368     		ldr	r3, [r4]
 314 000e 002B     		cmp	r3, #0
 315 0010 04D0     		beq	.L45
 316              	.L44:
 317              	.LVL10:
 318              	.LBB34:
 319              	.LBB35:
 320              		.loc 1 266 0 is_stmt 1
 321 0012 064A     		ldr	r2, .L51+8
 322 0014 064B     		ldr	r3, .L51+12
 323 0016 1A60     		str	r2, [r3]
 324              		.loc 1 267 0
 325 0018 FFF7FEFF 		bl	port_halt
 326              	.LVL11:
 327              	.L45:
 328              	.LBE35:
 329              	.LBE34:
 330              		.loc 1 135 0
 331 001c 0123     		mov	r3, #1
 332 001e 2360     		str	r3, [r4]
 333              		.loc 1 136 0
 334              		@ sp needed
 335 0020 10BD     		pop	{r4, pc}
 336              	.L52:
 337 0022 C046     		.align	2
 338              	.L51:
ARM GAS  /var/folders/qh/xwg3v3kj02qbxczjpdb8lzfr0000gn/T//ccn4FmiJ.s 			page 7


 339 0024 00000000 		.word	.LANCHOR0
 340 0028 00000000 		.word	.LANCHOR1
 341 002c 28000000 		.word	.LC28
 342 0030 00000000 		.word	.LANCHOR2
 343              		.cfi_endproc
 344              	.LFE12:
 345              		.size	dbg_check_lock_from_isr, .-dbg_check_lock_from_isr
 346 0034 C046C046 		.section	.text.dbg_check_unlock_from_isr,"ax",%progbits
 346      C046C046 
 346      C046C046 
 347              		.align	2
 348              		.p2align 4,,15
 349              		.global	dbg_check_unlock_from_isr
 350              		.code	16
 351              		.thumb_func
 352              		.type	dbg_check_unlock_from_isr, %function
 353              	dbg_check_unlock_from_isr:
 354              	.LFB13:
 355              		.loc 1 143 0
 356              		.cfi_startproc
 357              		.loc 1 145 0
 358 0000 084B     		ldr	r3, .L58
 359              		.loc 1 143 0
 360 0002 10B5     		push	{r4, lr}
 361              		.cfi_def_cfa_offset 8
 362              		.cfi_offset 4, -8
 363              		.cfi_offset 14, -4
 364              		.loc 1 145 0
 365 0004 1B68     		ldr	r3, [r3]
 366 0006 084C     		ldr	r4, .L58+4
 367 0008 002B     		cmp	r3, #0
 368 000a 05DD     		ble	.L54
 369              		.loc 1 145 0 is_stmt 0 discriminator 1
 370 000c 2368     		ldr	r3, [r4]
 371 000e 002B     		cmp	r3, #0
 372 0010 02DD     		ble	.L54
 373              	.L55:
 374              		.loc 1 147 0 is_stmt 1
 375 0012 0023     		mov	r3, #0
 376 0014 2360     		str	r3, [r4]
 377              		.loc 1 148 0
 378              		@ sp needed
 379 0016 10BD     		pop	{r4, pc}
 380              	.L54:
 381              	.LVL12:
 382              	.LBB36:
 383              	.LBB37:
 384              		.loc 1 266 0
 385 0018 044A     		ldr	r2, .L58+8
 386 001a 054B     		ldr	r3, .L58+12
 387 001c 1A60     		str	r2, [r3]
 388              		.loc 1 267 0
 389 001e FFF7FEFF 		bl	port_halt
 390              	.LVL13:
 391 0022 F6E7     		b	.L55
 392              	.L59:
 393              		.align	2
ARM GAS  /var/folders/qh/xwg3v3kj02qbxczjpdb8lzfr0000gn/T//ccn4FmiJ.s 			page 8


 394              	.L58:
 395 0024 00000000 		.word	.LANCHOR0
 396 0028 00000000 		.word	.LANCHOR1
 397 002c 30000000 		.word	.LC33
 398 0030 00000000 		.word	.LANCHOR2
 399              	.LBE37:
 400              	.LBE36:
 401              		.cfi_endproc
 402              	.LFE13:
 403              		.size	dbg_check_unlock_from_isr, .-dbg_check_unlock_from_isr
 404 0034 C046C046 		.section	.text.dbg_check_enter_isr,"ax",%progbits
 404      C046C046 
 404      C046C046 
 405              		.align	2
 406              		.p2align 4,,15
 407              		.global	dbg_check_enter_isr
 408              		.code	16
 409              		.thumb_func
 410              		.type	dbg_check_enter_isr, %function
 411              	dbg_check_enter_isr:
 412              	.LFB14:
 413              		.loc 1 155 0
 414              		.cfi_startproc
 415 0000 10B5     		push	{r4, lr}
 416              		.cfi_def_cfa_offset 8
 417              		.cfi_offset 4, -8
 418              		.cfi_offset 14, -4
 419              		.loc 1 157 0
 420              	@ 157 "../../os/kernel/src/chdebug.c" 1
 421 0002 72B6     		cpsid   i
 422              	@ 0 "" 2
 423              		.loc 1 158 0
 424              		.code	16
 425 0004 084C     		ldr	r4, .L65
 426 0006 2368     		ldr	r3, [r4]
 427 0008 002B     		cmp	r3, #0
 428 000a 03DB     		blt	.L61
 429              		.loc 1 158 0 is_stmt 0 discriminator 1
 430 000c 074A     		ldr	r2, .L65+4
 431 000e 1268     		ldr	r2, [r2]
 432 0010 002A     		cmp	r2, #0
 433 0012 05D0     		beq	.L62
 434              	.L61:
 435              	.LVL14:
 436              	.LBB38:
 437              	.LBB39:
 438              		.loc 1 266 0 is_stmt 1
 439 0014 064B     		ldr	r3, .L65+8
 440 0016 074A     		ldr	r2, .L65+12
 441 0018 1A60     		str	r2, [r3]
 442              		.loc 1 267 0
 443 001a FFF7FEFF 		bl	port_halt
 444              	.LVL15:
 445 001e 2368     		ldr	r3, [r4]
 446              	.LVL16:
 447              	.L62:
 448              	.LBE39:
ARM GAS  /var/folders/qh/xwg3v3kj02qbxczjpdb8lzfr0000gn/T//ccn4FmiJ.s 			page 9


 449              	.LBE38:
 450              		.loc 1 160 0
 451 0020 0133     		add	r3, r3, #1
 452 0022 2360     		str	r3, [r4]
 453              		.loc 1 161 0
 454              	@ 161 "../../os/kernel/src/chdebug.c" 1
 455 0024 62B6     		cpsie   i
 456              	@ 0 "" 2
 457              		.loc 1 162 0
 458              		.code	16
 459              		@ sp needed
 460 0026 10BD     		pop	{r4, pc}
 461              	.L66:
 462              		.align	2
 463              	.L65:
 464 0028 00000000 		.word	.LANCHOR0
 465 002c 00000000 		.word	.LANCHOR1
 466 0030 00000000 		.word	.LANCHOR2
 467 0034 38000000 		.word	.LC38
 468              		.cfi_endproc
 469              	.LFE14:
 470              		.size	dbg_check_enter_isr, .-dbg_check_enter_isr
 471 0038 C046C046 		.section	.text.dbg_check_leave_isr,"ax",%progbits
 471      C046C046 
 472              		.align	2
 473              		.p2align 4,,15
 474              		.global	dbg_check_leave_isr
 475              		.code	16
 476              		.thumb_func
 477              		.type	dbg_check_leave_isr, %function
 478              	dbg_check_leave_isr:
 479              	.LFB15:
 480              		.loc 1 169 0
 481              		.cfi_startproc
 482 0000 10B5     		push	{r4, lr}
 483              		.cfi_def_cfa_offset 8
 484              		.cfi_offset 4, -8
 485              		.cfi_offset 14, -4
 486              		.loc 1 171 0
 487              	@ 171 "../../os/kernel/src/chdebug.c" 1
 488 0002 72B6     		cpsid   i
 489              	@ 0 "" 2
 490              		.loc 1 172 0
 491              		.code	16
 492 0004 084C     		ldr	r4, .L72
 493 0006 2368     		ldr	r3, [r4]
 494 0008 002B     		cmp	r3, #0
 495 000a 03DD     		ble	.L68
 496              		.loc 1 172 0 is_stmt 0 discriminator 1
 497 000c 074A     		ldr	r2, .L72+4
 498 000e 1268     		ldr	r2, [r2]
 499 0010 002A     		cmp	r2, #0
 500 0012 05D0     		beq	.L69
 501              	.L68:
 502              	.LVL17:
 503              	.LBB40:
 504              	.LBB41:
ARM GAS  /var/folders/qh/xwg3v3kj02qbxczjpdb8lzfr0000gn/T//ccn4FmiJ.s 			page 10


 505              		.loc 1 266 0 is_stmt 1
 506 0014 064B     		ldr	r3, .L72+8
 507 0016 074A     		ldr	r2, .L72+12
 508 0018 1A60     		str	r2, [r3]
 509              		.loc 1 267 0
 510 001a FFF7FEFF 		bl	port_halt
 511              	.LVL18:
 512 001e 2368     		ldr	r3, [r4]
 513              	.LVL19:
 514              	.L69:
 515              	.LBE41:
 516              	.LBE40:
 517              		.loc 1 174 0
 518 0020 013B     		sub	r3, r3, #1
 519 0022 2360     		str	r3, [r4]
 520              		.loc 1 175 0
 521              	@ 175 "../../os/kernel/src/chdebug.c" 1
 522 0024 62B6     		cpsie   i
 523              	@ 0 "" 2
 524              		.loc 1 176 0
 525              		.code	16
 526              		@ sp needed
 527 0026 10BD     		pop	{r4, pc}
 528              	.L73:
 529              		.align	2
 530              	.L72:
 531 0028 00000000 		.word	.LANCHOR0
 532 002c 00000000 		.word	.LANCHOR1
 533 0030 00000000 		.word	.LANCHOR2
 534 0034 40000000 		.word	.LC43
 535              		.cfi_endproc
 536              	.LFE15:
 537              		.size	dbg_check_leave_isr, .-dbg_check_leave_isr
 538 0038 C046C046 		.section	.text.chDbgCheckClassI,"ax",%progbits
 538      C046C046 
 539              		.align	2
 540              		.p2align 4,,15
 541              		.global	chDbgCheckClassI
 542              		.code	16
 543              		.thumb_func
 544              		.type	chDbgCheckClassI, %function
 545              	chDbgCheckClassI:
 546              	.LFB16:
 547              		.loc 1 186 0
 548              		.cfi_startproc
 549 0000 08B5     		push	{r3, lr}
 550              		.cfi_def_cfa_offset 8
 551              		.cfi_offset 3, -8
 552              		.cfi_offset 14, -4
 553              		.loc 1 188 0
 554 0002 074B     		ldr	r3, .L77
 555 0004 1B68     		ldr	r3, [r3]
 556 0006 002B     		cmp	r3, #0
 557 0008 04DB     		blt	.L75
 558              		.loc 1 188 0 is_stmt 0 discriminator 1
 559 000a 064B     		ldr	r3, .L77+4
 560 000c 1B68     		ldr	r3, [r3]
ARM GAS  /var/folders/qh/xwg3v3kj02qbxczjpdb8lzfr0000gn/T//ccn4FmiJ.s 			page 11


 561 000e 002B     		cmp	r3, #0
 562 0010 00DD     		ble	.L75
 563              	.L74:
 564              		.loc 1 190 0 is_stmt 1
 565              		@ sp needed
 566 0012 08BD     		pop	{r3, pc}
 567              	.L75:
 568              	.LVL20:
 569              	.LBB42:
 570              	.LBB43:
 571              		.loc 1 266 0
 572 0014 044A     		ldr	r2, .L77+8
 573 0016 054B     		ldr	r3, .L77+12
 574 0018 1A60     		str	r2, [r3]
 575              		.loc 1 267 0
 576 001a FFF7FEFF 		bl	port_halt
 577              	.LVL21:
 578 001e F8E7     		b	.L74
 579              	.L78:
 580              		.align	2
 581              	.L77:
 582 0020 00000000 		.word	.LANCHOR0
 583 0024 00000000 		.word	.LANCHOR1
 584 0028 48000000 		.word	.LC48
 585 002c 00000000 		.word	.LANCHOR2
 586              	.LBE43:
 587              	.LBE42:
 588              		.cfi_endproc
 589              	.LFE16:
 590              		.size	chDbgCheckClassI, .-chDbgCheckClassI
 591              		.section	.text.chDbgCheckClassS,"ax",%progbits
 592              		.align	2
 593              		.p2align 4,,15
 594              		.global	chDbgCheckClassS
 595              		.code	16
 596              		.thumb_func
 597              		.type	chDbgCheckClassS, %function
 598              	chDbgCheckClassS:
 599              	.LFB17:
 600              		.loc 1 200 0
 601              		.cfi_startproc
 602 0000 08B5     		push	{r3, lr}
 603              		.cfi_def_cfa_offset 8
 604              		.cfi_offset 3, -8
 605              		.cfi_offset 14, -4
 606              		.loc 1 202 0
 607 0002 074B     		ldr	r3, .L82
 608 0004 1B68     		ldr	r3, [r3]
 609 0006 002B     		cmp	r3, #0
 610 0008 04D1     		bne	.L80
 611              		.loc 1 202 0 is_stmt 0 discriminator 1
 612 000a 064B     		ldr	r3, .L82+4
 613 000c 1B68     		ldr	r3, [r3]
 614 000e 002B     		cmp	r3, #0
 615 0010 00DD     		ble	.L80
 616              	.L79:
 617              		.loc 1 204 0 is_stmt 1
ARM GAS  /var/folders/qh/xwg3v3kj02qbxczjpdb8lzfr0000gn/T//ccn4FmiJ.s 			page 12


 618              		@ sp needed
 619 0012 08BD     		pop	{r3, pc}
 620              	.L80:
 621              	.LVL22:
 622              	.LBB44:
 623              	.LBB45:
 624              		.loc 1 266 0
 625 0014 044A     		ldr	r2, .L82+8
 626 0016 054B     		ldr	r3, .L82+12
 627 0018 1A60     		str	r2, [r3]
 628              		.loc 1 267 0
 629 001a FFF7FEFF 		bl	port_halt
 630              	.LVL23:
 631 001e F8E7     		b	.L79
 632              	.L83:
 633              		.align	2
 634              	.L82:
 635 0020 00000000 		.word	.LANCHOR0
 636 0024 00000000 		.word	.LANCHOR1
 637 0028 50000000 		.word	.LC53
 638 002c 00000000 		.word	.LANCHOR2
 639              	.LBE45:
 640              	.LBE44:
 641              		.cfi_endproc
 642              	.LFE17:
 643              		.size	chDbgCheckClassS, .-chDbgCheckClassS
 644              		.section	.text.chDbgPanic,"ax",%progbits
 645              		.align	2
 646              		.p2align 4,,15
 647              		.global	chDbgPanic
 648              		.code	16
 649              		.thumb_func
 650              		.type	chDbgPanic, %function
 651              	chDbgPanic:
 652              	.LFB18:
 653              		.loc 1 264 0
 654              		.cfi_startproc
 655              	.LVL24:
 656 0000 08B5     		push	{r3, lr}
 657              		.cfi_def_cfa_offset 8
 658              		.cfi_offset 3, -8
 659              		.cfi_offset 14, -4
 660              		.loc 1 266 0
 661 0002 024B     		ldr	r3, .L85
 662              		.loc 1 268 0
 663              		@ sp needed
 664              		.loc 1 266 0
 665 0004 1860     		str	r0, [r3]
 666              		.loc 1 267 0
 667 0006 FFF7FEFF 		bl	port_halt
 668              	.LVL25:
 669              		.loc 1 268 0
 670 000a 08BD     		pop	{r3, pc}
 671              	.L86:
 672              		.align	2
 673              	.L85:
 674 000c 00000000 		.word	.LANCHOR2
ARM GAS  /var/folders/qh/xwg3v3kj02qbxczjpdb8lzfr0000gn/T//ccn4FmiJ.s 			page 13


 675              		.cfi_endproc
 676              	.LFE18:
 677              		.size	chDbgPanic, .-chDbgPanic
 678              		.global	dbg_panic_msg
 679              		.global	dbg_lock_cnt
 680              		.global	dbg_isr_cnt
 681              		.section	.bss.dbg_isr_cnt,"aw",%nobits
 682              		.align	2
 683              		.set	.LANCHOR0,. + 0
 684              		.type	dbg_isr_cnt, %object
 685              		.size	dbg_isr_cnt, 4
 686              	dbg_isr_cnt:
 687 0000 00000000 		.space	4
 688              		.section	.rodata.str1.4,"aMS",%progbits,1
 689              		.align	2
 690              	.LC3:
 691 0000 53562331 		.ascii	"SV#1\000"
 691      00
 692 0005 000000   		.space	3
 693              	.LC8:
 694 0008 53562332 		.ascii	"SV#2\000"
 694      00
 695 000d 000000   		.space	3
 696              	.LC13:
 697 0010 53562333 		.ascii	"SV#3\000"
 697      00
 698 0015 000000   		.space	3
 699              	.LC18:
 700 0018 53562334 		.ascii	"SV#4\000"
 700      00
 701 001d 000000   		.space	3
 702              	.LC23:
 703 0020 53562335 		.ascii	"SV#5\000"
 703      00
 704 0025 000000   		.space	3
 705              	.LC28:
 706 0028 53562336 		.ascii	"SV#6\000"
 706      00
 707 002d 000000   		.space	3
 708              	.LC33:
 709 0030 53562337 		.ascii	"SV#7\000"
 709      00
 710 0035 000000   		.space	3
 711              	.LC38:
 712 0038 53562338 		.ascii	"SV#8\000"
 712      00
 713 003d 000000   		.space	3
 714              	.LC43:
 715 0040 53562339 		.ascii	"SV#9\000"
 715      00
 716 0045 000000   		.space	3
 717              	.LC48:
 718 0048 53562331 		.ascii	"SV#10\000"
 718      3000
 719 004e 0000     		.space	2
 720              	.LC53:
 721 0050 53562331 		.ascii	"SV#11\000"
ARM GAS  /var/folders/qh/xwg3v3kj02qbxczjpdb8lzfr0000gn/T//ccn4FmiJ.s 			page 14


 721      3100
 722 0056 0000     		.section	.bss.dbg_lock_cnt,"aw",%nobits
 723              		.align	2
 724              		.set	.LANCHOR1,. + 0
 725              		.type	dbg_lock_cnt, %object
 726              		.size	dbg_lock_cnt, 4
 727              	dbg_lock_cnt:
 728 0000 00000000 		.space	4
 729              		.section	.bss.dbg_panic_msg,"aw",%nobits
 730              		.align	2
 731              		.set	.LANCHOR2,. + 0
 732              		.type	dbg_panic_msg, %object
 733              		.size	dbg_panic_msg, 4
 734              	dbg_panic_msg:
 735 0000 00000000 		.space	4
 736              		.text
 737              	.Letext0:
 738              		.file 2 "/usr/local/Cellar/gcc-arm-none-eabi-48/20131218/arm-none-eabi/include/stdint.h"
 739              		.file 3 "../../os/ports/GCC/ARMCMx/chtypes.h"
 740              		.file 4 "../../os/ports/GCC/ARMCMx/chcore_v6m.h"
 741              		.section	.debug_info,"",%progbits
 742              	.Ldebug_info0:
 743 0000 8E030000 		.4byte	0x38e
 744 0004 0400     		.2byte	0x4
 745 0006 00000000 		.4byte	.Ldebug_abbrev0
 746 000a 04       		.byte	0x4
 747 000b 01       		.uleb128 0x1
 748 000c 3B000000 		.4byte	.LASF28
 749 0010 01       		.byte	0x1
 750 0011 26020000 		.4byte	.LASF29
 751 0015 00000000 		.4byte	.LASF30
 752 0019 00000000 		.4byte	.Ldebug_ranges0+0
 753 001d 00000000 		.4byte	0
 754 0021 00000000 		.4byte	.Ldebug_line0
 755 0025 02       		.uleb128 0x2
 756 0026 04       		.byte	0x4
 757 0027 05       		.byte	0x5
 758 0028 696E7400 		.ascii	"int\000"
 759 002c 03       		.uleb128 0x3
 760 002d 04       		.byte	0x4
 761 002e 07       		.byte	0x7
 762 002f DE010000 		.4byte	.LASF0
 763 0033 03       		.uleb128 0x3
 764 0034 01       		.byte	0x1
 765 0035 06       		.byte	0x6
 766 0036 C8020000 		.4byte	.LASF1
 767 003a 03       		.uleb128 0x3
 768 003b 01       		.byte	0x1
 769 003c 08       		.byte	0x8
 770 003d 83010000 		.4byte	.LASF2
 771 0041 03       		.uleb128 0x3
 772 0042 02       		.byte	0x2
 773 0043 05       		.byte	0x5
 774 0044 90020000 		.4byte	.LASF3
 775 0048 03       		.uleb128 0x3
 776 0049 02       		.byte	0x2
 777 004a 07       		.byte	0x7
ARM GAS  /var/folders/qh/xwg3v3kj02qbxczjpdb8lzfr0000gn/T//ccn4FmiJ.s 			page 15


 778 004b B1010000 		.4byte	.LASF4
 779 004f 04       		.uleb128 0x4
 780 0050 54020000 		.4byte	.LASF10
 781 0054 02       		.byte	0x2
 782 0055 4F       		.byte	0x4f
 783 0056 5A000000 		.4byte	0x5a
 784 005a 03       		.uleb128 0x3
 785 005b 04       		.byte	0x4
 786 005c 05       		.byte	0x5
 787 005d BF020000 		.4byte	.LASF5
 788 0061 03       		.uleb128 0x3
 789 0062 04       		.byte	0x4
 790 0063 07       		.byte	0x7
 791 0064 9F010000 		.4byte	.LASF6
 792 0068 03       		.uleb128 0x3
 793 0069 08       		.byte	0x8
 794 006a 05       		.byte	0x5
 795 006b 65020000 		.4byte	.LASF7
 796 006f 03       		.uleb128 0x3
 797 0070 08       		.byte	0x8
 798 0071 07       		.byte	0x7
 799 0072 F7010000 		.4byte	.LASF8
 800 0076 03       		.uleb128 0x3
 801 0077 01       		.byte	0x1
 802 0078 02       		.byte	0x2
 803 0079 24010000 		.4byte	.LASF9
 804 007d 04       		.uleb128 0x4
 805 007e 44020000 		.4byte	.LASF11
 806 0082 03       		.byte	0x3
 807 0083 2F       		.byte	0x2f
 808 0084 4F000000 		.4byte	0x4f
 809 0088 03       		.uleb128 0x3
 810 0089 04       		.byte	0x4
 811 008a 07       		.byte	0x7
 812 008b 5C020000 		.4byte	.LASF12
 813 008f 05       		.uleb128 0x5
 814 0090 04       		.byte	0x4
 815 0091 95000000 		.4byte	0x95
 816 0095 06       		.uleb128 0x6
 817 0096 9A000000 		.4byte	0x9a
 818 009a 03       		.uleb128 0x3
 819 009b 01       		.byte	0x1
 820 009c 08       		.byte	0x8
 821 009d 73020000 		.4byte	.LASF13
 822 00a1 07       		.uleb128 0x7
 823 00a2 78020000 		.4byte	.LASF31
 824 00a6 01       		.byte	0x1
 825 00a7 0801     		.2byte	0x108
 826 00a9 01       		.byte	0x1
 827 00aa BB000000 		.4byte	0xbb
 828 00ae 08       		.uleb128 0x8
 829 00af 6D736700 		.ascii	"msg\000"
 830 00b3 01       		.byte	0x1
 831 00b4 0801     		.2byte	0x108
 832 00b6 8F000000 		.4byte	0x8f
 833 00ba 00       		.byte	0
 834 00bb 09       		.uleb128 0x9
ARM GAS  /var/folders/qh/xwg3v3kj02qbxczjpdb8lzfr0000gn/T//ccn4FmiJ.s 			page 16


 835 00bc D4020000 		.4byte	.LASF14
 836 00c0 01       		.byte	0x1
 837 00c1 4A       		.byte	0x4a
 838 00c2 00000000 		.4byte	.LFB7
 839 00c6 30000000 		.4byte	.LFE7-.LFB7
 840 00ca 01       		.uleb128 0x1
 841 00cb 9C       		.byte	0x9c
 842 00cc F3000000 		.4byte	0xf3
 843 00d0 0A       		.uleb128 0xa
 844 00d1 A1000000 		.4byte	0xa1
 845 00d5 12000000 		.4byte	.LBB24
 846 00d9 0A000000 		.4byte	.LBE24-.LBB24
 847 00dd 01       		.byte	0x1
 848 00de 4D       		.byte	0x4d
 849 00df 0B       		.uleb128 0xb
 850 00e0 AE000000 		.4byte	0xae
 851 00e4 00000000 		.4byte	.LLST0
 852 00e8 0C       		.uleb128 0xc
 853 00e9 1C000000 		.4byte	.LVL1
 854 00ed 89030000 		.4byte	0x389
 855 00f1 00       		.byte	0
 856 00f2 00       		.byte	0
 857 00f3 09       		.uleb128 0x9
 858 00f4 71010000 		.4byte	.LASF15
 859 00f8 01       		.byte	0x1
 860 00f9 55       		.byte	0x55
 861 00fa 00000000 		.4byte	.LFB8
 862 00fe 30000000 		.4byte	.LFE8-.LFB8
 863 0102 01       		.uleb128 0x1
 864 0103 9C       		.byte	0x9c
 865 0104 2B010000 		.4byte	0x12b
 866 0108 0A       		.uleb128 0xa
 867 0109 A1000000 		.4byte	0xa1
 868 010d 12000000 		.4byte	.LBB26
 869 0111 0A000000 		.4byte	.LBE26-.LBB26
 870 0115 01       		.byte	0x1
 871 0116 58       		.byte	0x58
 872 0117 0B       		.uleb128 0xb
 873 0118 AE000000 		.4byte	0xae
 874 011c 18000000 		.4byte	.LLST1
 875 0120 0C       		.uleb128 0xc
 876 0121 1C000000 		.4byte	.LVL3
 877 0125 89030000 		.4byte	0x389
 878 0129 00       		.byte	0
 879 012a 00       		.byte	0
 880 012b 09       		.uleb128 0x9
 881 012c AE020000 		.4byte	.LASF16
 882 0130 01       		.byte	0x1
 883 0131 60       		.byte	0x60
 884 0132 00000000 		.4byte	.LFB9
 885 0136 30000000 		.4byte	.LFE9-.LFB9
 886 013a 01       		.uleb128 0x1
 887 013b 9C       		.byte	0x9c
 888 013c 63010000 		.4byte	0x163
 889 0140 0A       		.uleb128 0xa
 890 0141 A1000000 		.4byte	0xa1
 891 0145 12000000 		.4byte	.LBB28
ARM GAS  /var/folders/qh/xwg3v3kj02qbxczjpdb8lzfr0000gn/T//ccn4FmiJ.s 			page 17


 892 0149 0A000000 		.4byte	.LBE28-.LBB28
 893 014d 01       		.byte	0x1
 894 014e 63       		.byte	0x63
 895 014f 0B       		.uleb128 0xb
 896 0150 AE000000 		.4byte	0xae
 897 0154 30000000 		.4byte	.LLST2
 898 0158 0C       		.uleb128 0xc
 899 0159 1C000000 		.4byte	.LVL5
 900 015d 89030000 		.4byte	0x389
 901 0161 00       		.byte	0
 902 0162 00       		.byte	0
 903 0163 09       		.uleb128 0x9
 904 0164 15010000 		.4byte	.LASF17
 905 0168 01       		.byte	0x1
 906 0169 6B       		.byte	0x6b
 907 016a 00000000 		.4byte	.LFB10
 908 016e 34000000 		.4byte	.LFE10-.LFB10
 909 0172 01       		.uleb128 0x1
 910 0173 9C       		.byte	0x9c
 911 0174 9B010000 		.4byte	0x19b
 912 0178 0A       		.uleb128 0xa
 913 0179 A1000000 		.4byte	0xa1
 914 017d 12000000 		.4byte	.LBB30
 915 0181 0A000000 		.4byte	.LBE30-.LBB30
 916 0185 01       		.byte	0x1
 917 0186 6E       		.byte	0x6e
 918 0187 0B       		.uleb128 0xb
 919 0188 AE000000 		.4byte	0xae
 920 018c 48000000 		.4byte	.LLST3
 921 0190 0C       		.uleb128 0xc
 922 0191 1C000000 		.4byte	.LVL7
 923 0195 89030000 		.4byte	0x389
 924 0199 00       		.byte	0
 925 019a 00       		.byte	0
 926 019b 09       		.uleb128 0x9
 927 019c 2A010000 		.4byte	.LASF18
 928 01a0 01       		.byte	0x1
 929 01a1 77       		.byte	0x77
 930 01a2 00000000 		.4byte	.LFB11
 931 01a6 34000000 		.4byte	.LFE11-.LFB11
 932 01aa 01       		.uleb128 0x1
 933 01ab 9C       		.byte	0x9c
 934 01ac D6010000 		.4byte	0x1d6
 935 01b0 0A       		.uleb128 0xa
 936 01b1 A1000000 		.4byte	0xa1
 937 01b5 18000000 		.4byte	.LBB32
 938 01b9 1C000000 		.4byte	.LBE32-.LBB32
 939 01bd 01       		.byte	0x1
 940 01be 7A       		.byte	0x7a
 941 01bf 0D       		.uleb128 0xd
 942 01c0 AE000000 		.4byte	0xae
 943 01c4 06       		.uleb128 0x6
 944 01c5 03       		.byte	0x3
 945 01c6 20000000 		.4byte	.LC23
 946 01ca 9F       		.byte	0x9f
 947 01cb 0C       		.uleb128 0xc
 948 01cc 22000000 		.4byte	.LVL9
ARM GAS  /var/folders/qh/xwg3v3kj02qbxczjpdb8lzfr0000gn/T//ccn4FmiJ.s 			page 18


 949 01d0 89030000 		.4byte	0x389
 950 01d4 00       		.byte	0
 951 01d5 00       		.byte	0
 952 01d6 09       		.uleb128 0x9
 953 01d7 0E020000 		.4byte	.LASF19
 954 01db 01       		.byte	0x1
 955 01dc 83       		.byte	0x83
 956 01dd 00000000 		.4byte	.LFB12
 957 01e1 34000000 		.4byte	.LFE12-.LFB12
 958 01e5 01       		.uleb128 0x1
 959 01e6 9C       		.byte	0x9c
 960 01e7 0E020000 		.4byte	0x20e
 961 01eb 0A       		.uleb128 0xa
 962 01ec A1000000 		.4byte	0xa1
 963 01f0 12000000 		.4byte	.LBB34
 964 01f4 0A000000 		.4byte	.LBE34-.LBB34
 965 01f8 01       		.byte	0x1
 966 01f9 86       		.byte	0x86
 967 01fa 0B       		.uleb128 0xb
 968 01fb AE000000 		.4byte	0xae
 969 01ff 60000000 		.4byte	.LLST4
 970 0203 0C       		.uleb128 0xc
 971 0204 1C000000 		.4byte	.LVL11
 972 0208 89030000 		.4byte	0x389
 973 020c 00       		.byte	0
 974 020d 00       		.byte	0
 975 020e 09       		.uleb128 0x9
 976 020f C4010000 		.4byte	.LASF20
 977 0213 01       		.byte	0x1
 978 0214 8F       		.byte	0x8f
 979 0215 00000000 		.4byte	.LFB13
 980 0219 34000000 		.4byte	.LFE13-.LFB13
 981 021d 01       		.uleb128 0x1
 982 021e 9C       		.byte	0x9c
 983 021f 49020000 		.4byte	0x249
 984 0223 0A       		.uleb128 0xa
 985 0224 A1000000 		.4byte	0xa1
 986 0228 18000000 		.4byte	.LBB36
 987 022c 1C000000 		.4byte	.LBE36-.LBB36
 988 0230 01       		.byte	0x1
 989 0231 92       		.byte	0x92
 990 0232 0D       		.uleb128 0xd
 991 0233 AE000000 		.4byte	0xae
 992 0237 06       		.uleb128 0x6
 993 0238 03       		.byte	0x3
 994 0239 30000000 		.4byte	.LC33
 995 023d 9F       		.byte	0x9f
 996 023e 0C       		.uleb128 0xc
 997 023f 22000000 		.4byte	.LVL13
 998 0243 89030000 		.4byte	0x389
 999 0247 00       		.byte	0
 1000 0248 00       		.byte	0
 1001 0249 09       		.uleb128 0x9
 1002 024a 4C010000 		.4byte	.LASF21
 1003 024e 01       		.byte	0x1
 1004 024f 9B       		.byte	0x9b
 1005 0250 00000000 		.4byte	.LFB14
ARM GAS  /var/folders/qh/xwg3v3kj02qbxczjpdb8lzfr0000gn/T//ccn4FmiJ.s 			page 19


 1006 0254 38000000 		.4byte	.LFE14-.LFB14
 1007 0258 01       		.uleb128 0x1
 1008 0259 9C       		.byte	0x9c
 1009 025a 81020000 		.4byte	0x281
 1010 025e 0A       		.uleb128 0xa
 1011 025f A1000000 		.4byte	0xa1
 1012 0263 14000000 		.4byte	.LBB38
 1013 0267 0C000000 		.4byte	.LBE38-.LBB38
 1014 026b 01       		.byte	0x1
 1015 026c 9F       		.byte	0x9f
 1016 026d 0B       		.uleb128 0xb
 1017 026e AE000000 		.4byte	0xae
 1018 0272 78000000 		.4byte	.LLST5
 1019 0276 0C       		.uleb128 0xc
 1020 0277 1E000000 		.4byte	.LVL15
 1021 027b 89030000 		.4byte	0x389
 1022 027f 00       		.byte	0
 1023 0280 00       		.byte	0
 1024 0281 09       		.uleb128 0x9
 1025 0282 9A020000 		.4byte	.LASF22
 1026 0286 01       		.byte	0x1
 1027 0287 A9       		.byte	0xa9
 1028 0288 00000000 		.4byte	.LFB15
 1029 028c 38000000 		.4byte	.LFE15-.LFB15
 1030 0290 01       		.uleb128 0x1
 1031 0291 9C       		.byte	0x9c
 1032 0292 B9020000 		.4byte	0x2b9
 1033 0296 0A       		.uleb128 0xa
 1034 0297 A1000000 		.4byte	0xa1
 1035 029b 14000000 		.4byte	.LBB40
 1036 029f 0C000000 		.4byte	.LBE40-.LBB40
 1037 02a3 01       		.byte	0x1
 1038 02a4 AD       		.byte	0xad
 1039 02a5 0B       		.uleb128 0xb
 1040 02a6 AE000000 		.4byte	0xae
 1041 02aa 90000000 		.4byte	.LLST6
 1042 02ae 0C       		.uleb128 0xc
 1043 02af 1E000000 		.4byte	.LVL18
 1044 02b3 89030000 		.4byte	0x389
 1045 02b7 00       		.byte	0
 1046 02b8 00       		.byte	0
 1047 02b9 09       		.uleb128 0x9
 1048 02ba 3B010000 		.4byte	.LASF23
 1049 02be 01       		.byte	0x1
 1050 02bf BA       		.byte	0xba
 1051 02c0 00000000 		.4byte	.LFB16
 1052 02c4 30000000 		.4byte	.LFE16-.LFB16
 1053 02c8 01       		.uleb128 0x1
 1054 02c9 9C       		.byte	0x9c
 1055 02ca F4020000 		.4byte	0x2f4
 1056 02ce 0A       		.uleb128 0xa
 1057 02cf A1000000 		.4byte	0xa1
 1058 02d3 14000000 		.4byte	.LBB42
 1059 02d7 1C000000 		.4byte	.LBE42-.LBB42
 1060 02db 01       		.byte	0x1
 1061 02dc BD       		.byte	0xbd
 1062 02dd 0D       		.uleb128 0xd
ARM GAS  /var/folders/qh/xwg3v3kj02qbxczjpdb8lzfr0000gn/T//ccn4FmiJ.s 			page 20


 1063 02de AE000000 		.4byte	0xae
 1064 02e2 06       		.uleb128 0x6
 1065 02e3 03       		.byte	0x3
 1066 02e4 48000000 		.4byte	.LC48
 1067 02e8 9F       		.byte	0x9f
 1068 02e9 0C       		.uleb128 0xc
 1069 02ea 1E000000 		.4byte	.LVL21
 1070 02ee 89030000 		.4byte	0x389
 1071 02f2 00       		.byte	0
 1072 02f3 00       		.byte	0
 1073 02f4 09       		.uleb128 0x9
 1074 02f5 60010000 		.4byte	.LASF24
 1075 02f9 01       		.byte	0x1
 1076 02fa C8       		.byte	0xc8
 1077 02fb 00000000 		.4byte	.LFB17
 1078 02ff 30000000 		.4byte	.LFE17-.LFB17
 1079 0303 01       		.uleb128 0x1
 1080 0304 9C       		.byte	0x9c
 1081 0305 2F030000 		.4byte	0x32f
 1082 0309 0A       		.uleb128 0xa
 1083 030a A1000000 		.4byte	0xa1
 1084 030e 14000000 		.4byte	.LBB44
 1085 0312 1C000000 		.4byte	.LBE44-.LBB44
 1086 0316 01       		.byte	0x1
 1087 0317 CB       		.byte	0xcb
 1088 0318 0D       		.uleb128 0xd
 1089 0319 AE000000 		.4byte	0xae
 1090 031d 06       		.uleb128 0x6
 1091 031e 03       		.byte	0x3
 1092 031f 50000000 		.4byte	.LC53
 1093 0323 9F       		.byte	0x9f
 1094 0324 0C       		.uleb128 0xc
 1095 0325 1E000000 		.4byte	.LVL23
 1096 0329 89030000 		.4byte	0x389
 1097 032d 00       		.byte	0
 1098 032e 00       		.byte	0
 1099 032f 0E       		.uleb128 0xe
 1100 0330 A1000000 		.4byte	0xa1
 1101 0334 00000000 		.4byte	.LFB18
 1102 0338 10000000 		.4byte	.LFE18-.LFB18
 1103 033c 01       		.uleb128 0x1
 1104 033d 9C       		.byte	0x9c
 1105 033e 55030000 		.4byte	0x355
 1106 0342 0B       		.uleb128 0xb
 1107 0343 AE000000 		.4byte	0xae
 1108 0347 A8000000 		.4byte	.LLST7
 1109 034b 0C       		.uleb128 0xc
 1110 034c 0A000000 		.4byte	.LVL25
 1111 0350 89030000 		.4byte	0x389
 1112 0354 00       		.byte	0
 1113 0355 0F       		.uleb128 0xf
 1114 0356 EB010000 		.4byte	.LASF25
 1115 035a 01       		.byte	0x1
 1116 035b 3E       		.byte	0x3e
 1117 035c 7D000000 		.4byte	0x7d
 1118 0360 05       		.uleb128 0x5
 1119 0361 03       		.byte	0x3
ARM GAS  /var/folders/qh/xwg3v3kj02qbxczjpdb8lzfr0000gn/T//ccn4FmiJ.s 			page 21


 1120 0362 00000000 		.4byte	dbg_isr_cnt
 1121 0366 0F       		.uleb128 0xf
 1122 0367 83020000 		.4byte	.LASF26
 1123 036b 01       		.byte	0x1
 1124 036c 43       		.byte	0x43
 1125 036d 7D000000 		.4byte	0x7d
 1126 0371 05       		.uleb128 0x5
 1127 0372 03       		.byte	0x3
 1128 0373 00000000 		.4byte	dbg_lock_cnt
 1129 0377 10       		.uleb128 0x10
 1130 0378 91010000 		.4byte	.LASF27
 1131 037c 01       		.byte	0x1
 1132 037d 0101     		.2byte	0x101
 1133 037f 8F000000 		.4byte	0x8f
 1134 0383 05       		.uleb128 0x5
 1135 0384 03       		.byte	0x3
 1136 0385 00000000 		.4byte	dbg_panic_msg
 1137 0389 11       		.uleb128 0x11
 1138 038a 4A020000 		.4byte	.LASF32
 1139 038e 04       		.byte	0x4
 1140 038f 6A01     		.2byte	0x16a
 1141 0391 00       		.byte	0
 1142              		.section	.debug_abbrev,"",%progbits
 1143              	.Ldebug_abbrev0:
 1144 0000 01       		.uleb128 0x1
 1145 0001 11       		.uleb128 0x11
 1146 0002 01       		.byte	0x1
 1147 0003 25       		.uleb128 0x25
 1148 0004 0E       		.uleb128 0xe
 1149 0005 13       		.uleb128 0x13
 1150 0006 0B       		.uleb128 0xb
 1151 0007 03       		.uleb128 0x3
 1152 0008 0E       		.uleb128 0xe
 1153 0009 1B       		.uleb128 0x1b
 1154 000a 0E       		.uleb128 0xe
 1155 000b 55       		.uleb128 0x55
 1156 000c 17       		.uleb128 0x17
 1157 000d 11       		.uleb128 0x11
 1158 000e 01       		.uleb128 0x1
 1159 000f 10       		.uleb128 0x10
 1160 0010 17       		.uleb128 0x17
 1161 0011 00       		.byte	0
 1162 0012 00       		.byte	0
 1163 0013 02       		.uleb128 0x2
 1164 0014 24       		.uleb128 0x24
 1165 0015 00       		.byte	0
 1166 0016 0B       		.uleb128 0xb
 1167 0017 0B       		.uleb128 0xb
 1168 0018 3E       		.uleb128 0x3e
 1169 0019 0B       		.uleb128 0xb
 1170 001a 03       		.uleb128 0x3
 1171 001b 08       		.uleb128 0x8
 1172 001c 00       		.byte	0
 1173 001d 00       		.byte	0
 1174 001e 03       		.uleb128 0x3
 1175 001f 24       		.uleb128 0x24
 1176 0020 00       		.byte	0
ARM GAS  /var/folders/qh/xwg3v3kj02qbxczjpdb8lzfr0000gn/T//ccn4FmiJ.s 			page 22


 1177 0021 0B       		.uleb128 0xb
 1178 0022 0B       		.uleb128 0xb
 1179 0023 3E       		.uleb128 0x3e
 1180 0024 0B       		.uleb128 0xb
 1181 0025 03       		.uleb128 0x3
 1182 0026 0E       		.uleb128 0xe
 1183 0027 00       		.byte	0
 1184 0028 00       		.byte	0
 1185 0029 04       		.uleb128 0x4
 1186 002a 16       		.uleb128 0x16
 1187 002b 00       		.byte	0
 1188 002c 03       		.uleb128 0x3
 1189 002d 0E       		.uleb128 0xe
 1190 002e 3A       		.uleb128 0x3a
 1191 002f 0B       		.uleb128 0xb
 1192 0030 3B       		.uleb128 0x3b
 1193 0031 0B       		.uleb128 0xb
 1194 0032 49       		.uleb128 0x49
 1195 0033 13       		.uleb128 0x13
 1196 0034 00       		.byte	0
 1197 0035 00       		.byte	0
 1198 0036 05       		.uleb128 0x5
 1199 0037 0F       		.uleb128 0xf
 1200 0038 00       		.byte	0
 1201 0039 0B       		.uleb128 0xb
 1202 003a 0B       		.uleb128 0xb
 1203 003b 49       		.uleb128 0x49
 1204 003c 13       		.uleb128 0x13
 1205 003d 00       		.byte	0
 1206 003e 00       		.byte	0
 1207 003f 06       		.uleb128 0x6
 1208 0040 26       		.uleb128 0x26
 1209 0041 00       		.byte	0
 1210 0042 49       		.uleb128 0x49
 1211 0043 13       		.uleb128 0x13
 1212 0044 00       		.byte	0
 1213 0045 00       		.byte	0
 1214 0046 07       		.uleb128 0x7
 1215 0047 2E       		.uleb128 0x2e
 1216 0048 01       		.byte	0x1
 1217 0049 3F       		.uleb128 0x3f
 1218 004a 19       		.uleb128 0x19
 1219 004b 03       		.uleb128 0x3
 1220 004c 0E       		.uleb128 0xe
 1221 004d 3A       		.uleb128 0x3a
 1222 004e 0B       		.uleb128 0xb
 1223 004f 3B       		.uleb128 0x3b
 1224 0050 05       		.uleb128 0x5
 1225 0051 27       		.uleb128 0x27
 1226 0052 19       		.uleb128 0x19
 1227 0053 20       		.uleb128 0x20
 1228 0054 0B       		.uleb128 0xb
 1229 0055 01       		.uleb128 0x1
 1230 0056 13       		.uleb128 0x13
 1231 0057 00       		.byte	0
 1232 0058 00       		.byte	0
 1233 0059 08       		.uleb128 0x8
ARM GAS  /var/folders/qh/xwg3v3kj02qbxczjpdb8lzfr0000gn/T//ccn4FmiJ.s 			page 23


 1234 005a 05       		.uleb128 0x5
 1235 005b 00       		.byte	0
 1236 005c 03       		.uleb128 0x3
 1237 005d 08       		.uleb128 0x8
 1238 005e 3A       		.uleb128 0x3a
 1239 005f 0B       		.uleb128 0xb
 1240 0060 3B       		.uleb128 0x3b
 1241 0061 05       		.uleb128 0x5
 1242 0062 49       		.uleb128 0x49
 1243 0063 13       		.uleb128 0x13
 1244 0064 00       		.byte	0
 1245 0065 00       		.byte	0
 1246 0066 09       		.uleb128 0x9
 1247 0067 2E       		.uleb128 0x2e
 1248 0068 01       		.byte	0x1
 1249 0069 3F       		.uleb128 0x3f
 1250 006a 19       		.uleb128 0x19
 1251 006b 03       		.uleb128 0x3
 1252 006c 0E       		.uleb128 0xe
 1253 006d 3A       		.uleb128 0x3a
 1254 006e 0B       		.uleb128 0xb
 1255 006f 3B       		.uleb128 0x3b
 1256 0070 0B       		.uleb128 0xb
 1257 0071 27       		.uleb128 0x27
 1258 0072 19       		.uleb128 0x19
 1259 0073 11       		.uleb128 0x11
 1260 0074 01       		.uleb128 0x1
 1261 0075 12       		.uleb128 0x12
 1262 0076 06       		.uleb128 0x6
 1263 0077 40       		.uleb128 0x40
 1264 0078 18       		.uleb128 0x18
 1265 0079 9742     		.uleb128 0x2117
 1266 007b 19       		.uleb128 0x19
 1267 007c 01       		.uleb128 0x1
 1268 007d 13       		.uleb128 0x13
 1269 007e 00       		.byte	0
 1270 007f 00       		.byte	0
 1271 0080 0A       		.uleb128 0xa
 1272 0081 1D       		.uleb128 0x1d
 1273 0082 01       		.byte	0x1
 1274 0083 31       		.uleb128 0x31
 1275 0084 13       		.uleb128 0x13
 1276 0085 11       		.uleb128 0x11
 1277 0086 01       		.uleb128 0x1
 1278 0087 12       		.uleb128 0x12
 1279 0088 06       		.uleb128 0x6
 1280 0089 58       		.uleb128 0x58
 1281 008a 0B       		.uleb128 0xb
 1282 008b 59       		.uleb128 0x59
 1283 008c 0B       		.uleb128 0xb
 1284 008d 00       		.byte	0
 1285 008e 00       		.byte	0
 1286 008f 0B       		.uleb128 0xb
 1287 0090 05       		.uleb128 0x5
 1288 0091 00       		.byte	0
 1289 0092 31       		.uleb128 0x31
 1290 0093 13       		.uleb128 0x13
ARM GAS  /var/folders/qh/xwg3v3kj02qbxczjpdb8lzfr0000gn/T//ccn4FmiJ.s 			page 24


 1291 0094 02       		.uleb128 0x2
 1292 0095 17       		.uleb128 0x17
 1293 0096 00       		.byte	0
 1294 0097 00       		.byte	0
 1295 0098 0C       		.uleb128 0xc
 1296 0099 898201   		.uleb128 0x4109
 1297 009c 00       		.byte	0
 1298 009d 11       		.uleb128 0x11
 1299 009e 01       		.uleb128 0x1
 1300 009f 31       		.uleb128 0x31
 1301 00a0 13       		.uleb128 0x13
 1302 00a1 00       		.byte	0
 1303 00a2 00       		.byte	0
 1304 00a3 0D       		.uleb128 0xd
 1305 00a4 05       		.uleb128 0x5
 1306 00a5 00       		.byte	0
 1307 00a6 31       		.uleb128 0x31
 1308 00a7 13       		.uleb128 0x13
 1309 00a8 02       		.uleb128 0x2
 1310 00a9 18       		.uleb128 0x18
 1311 00aa 00       		.byte	0
 1312 00ab 00       		.byte	0
 1313 00ac 0E       		.uleb128 0xe
 1314 00ad 2E       		.uleb128 0x2e
 1315 00ae 01       		.byte	0x1
 1316 00af 31       		.uleb128 0x31
 1317 00b0 13       		.uleb128 0x13
 1318 00b1 11       		.uleb128 0x11
 1319 00b2 01       		.uleb128 0x1
 1320 00b3 12       		.uleb128 0x12
 1321 00b4 06       		.uleb128 0x6
 1322 00b5 40       		.uleb128 0x40
 1323 00b6 18       		.uleb128 0x18
 1324 00b7 9742     		.uleb128 0x2117
 1325 00b9 19       		.uleb128 0x19
 1326 00ba 01       		.uleb128 0x1
 1327 00bb 13       		.uleb128 0x13
 1328 00bc 00       		.byte	0
 1329 00bd 00       		.byte	0
 1330 00be 0F       		.uleb128 0xf
 1331 00bf 34       		.uleb128 0x34
 1332 00c0 00       		.byte	0
 1333 00c1 03       		.uleb128 0x3
 1334 00c2 0E       		.uleb128 0xe
 1335 00c3 3A       		.uleb128 0x3a
 1336 00c4 0B       		.uleb128 0xb
 1337 00c5 3B       		.uleb128 0x3b
 1338 00c6 0B       		.uleb128 0xb
 1339 00c7 49       		.uleb128 0x49
 1340 00c8 13       		.uleb128 0x13
 1341 00c9 3F       		.uleb128 0x3f
 1342 00ca 19       		.uleb128 0x19
 1343 00cb 02       		.uleb128 0x2
 1344 00cc 18       		.uleb128 0x18
 1345 00cd 00       		.byte	0
 1346 00ce 00       		.byte	0
 1347 00cf 10       		.uleb128 0x10
ARM GAS  /var/folders/qh/xwg3v3kj02qbxczjpdb8lzfr0000gn/T//ccn4FmiJ.s 			page 25


 1348 00d0 34       		.uleb128 0x34
 1349 00d1 00       		.byte	0
 1350 00d2 03       		.uleb128 0x3
 1351 00d3 0E       		.uleb128 0xe
 1352 00d4 3A       		.uleb128 0x3a
 1353 00d5 0B       		.uleb128 0xb
 1354 00d6 3B       		.uleb128 0x3b
 1355 00d7 05       		.uleb128 0x5
 1356 00d8 49       		.uleb128 0x49
 1357 00d9 13       		.uleb128 0x13
 1358 00da 3F       		.uleb128 0x3f
 1359 00db 19       		.uleb128 0x19
 1360 00dc 02       		.uleb128 0x2
 1361 00dd 18       		.uleb128 0x18
 1362 00de 00       		.byte	0
 1363 00df 00       		.byte	0
 1364 00e0 11       		.uleb128 0x11
 1365 00e1 2E       		.uleb128 0x2e
 1366 00e2 00       		.byte	0
 1367 00e3 3F       		.uleb128 0x3f
 1368 00e4 19       		.uleb128 0x19
 1369 00e5 03       		.uleb128 0x3
 1370 00e6 0E       		.uleb128 0xe
 1371 00e7 3A       		.uleb128 0x3a
 1372 00e8 0B       		.uleb128 0xb
 1373 00e9 3B       		.uleb128 0x3b
 1374 00ea 05       		.uleb128 0x5
 1375 00eb 27       		.uleb128 0x27
 1376 00ec 19       		.uleb128 0x19
 1377 00ed 3C       		.uleb128 0x3c
 1378 00ee 19       		.uleb128 0x19
 1379 00ef 00       		.byte	0
 1380 00f0 00       		.byte	0
 1381 00f1 00       		.byte	0
 1382              		.section	.debug_loc,"",%progbits
 1383              	.Ldebug_loc0:
 1384              	.LLST0:
 1385 0000 12000000 		.4byte	.LVL0
 1386 0004 1C000000 		.4byte	.LVL1
 1387 0008 0600     		.2byte	0x6
 1388 000a 03       		.byte	0x3
 1389 000b 00000000 		.4byte	.LC3
 1390 000f 9F       		.byte	0x9f
 1391 0010 00000000 		.4byte	0
 1392 0014 00000000 		.4byte	0
 1393              	.LLST1:
 1394 0018 12000000 		.4byte	.LVL2
 1395 001c 1C000000 		.4byte	.LVL3
 1396 0020 0600     		.2byte	0x6
 1397 0022 03       		.byte	0x3
 1398 0023 08000000 		.4byte	.LC8
 1399 0027 9F       		.byte	0x9f
 1400 0028 00000000 		.4byte	0
 1401 002c 00000000 		.4byte	0
 1402              	.LLST2:
 1403 0030 12000000 		.4byte	.LVL4
 1404 0034 1C000000 		.4byte	.LVL5
ARM GAS  /var/folders/qh/xwg3v3kj02qbxczjpdb8lzfr0000gn/T//ccn4FmiJ.s 			page 26


 1405 0038 0600     		.2byte	0x6
 1406 003a 03       		.byte	0x3
 1407 003b 10000000 		.4byte	.LC13
 1408 003f 9F       		.byte	0x9f
 1409 0040 00000000 		.4byte	0
 1410 0044 00000000 		.4byte	0
 1411              	.LLST3:
 1412 0048 12000000 		.4byte	.LVL6
 1413 004c 1C000000 		.4byte	.LVL7
 1414 0050 0600     		.2byte	0x6
 1415 0052 03       		.byte	0x3
 1416 0053 18000000 		.4byte	.LC18
 1417 0057 9F       		.byte	0x9f
 1418 0058 00000000 		.4byte	0
 1419 005c 00000000 		.4byte	0
 1420              	.LLST4:
 1421 0060 12000000 		.4byte	.LVL10
 1422 0064 1C000000 		.4byte	.LVL11
 1423 0068 0600     		.2byte	0x6
 1424 006a 03       		.byte	0x3
 1425 006b 28000000 		.4byte	.LC28
 1426 006f 9F       		.byte	0x9f
 1427 0070 00000000 		.4byte	0
 1428 0074 00000000 		.4byte	0
 1429              	.LLST5:
 1430 0078 14000000 		.4byte	.LVL14
 1431 007c 20000000 		.4byte	.LVL16
 1432 0080 0600     		.2byte	0x6
 1433 0082 03       		.byte	0x3
 1434 0083 38000000 		.4byte	.LC38
 1435 0087 9F       		.byte	0x9f
 1436 0088 00000000 		.4byte	0
 1437 008c 00000000 		.4byte	0
 1438              	.LLST6:
 1439 0090 14000000 		.4byte	.LVL17
 1440 0094 20000000 		.4byte	.LVL19
 1441 0098 0600     		.2byte	0x6
 1442 009a 03       		.byte	0x3
 1443 009b 40000000 		.4byte	.LC43
 1444 009f 9F       		.byte	0x9f
 1445 00a0 00000000 		.4byte	0
 1446 00a4 00000000 		.4byte	0
 1447              	.LLST7:
 1448 00a8 00000000 		.4byte	.LVL24
 1449 00ac 09000000 		.4byte	.LVL25-1
 1450 00b0 0100     		.2byte	0x1
 1451 00b2 50       		.byte	0x50
 1452 00b3 09000000 		.4byte	.LVL25-1
 1453 00b7 10000000 		.4byte	.LFE18
 1454 00bb 0400     		.2byte	0x4
 1455 00bd F3       		.byte	0xf3
 1456 00be 01       		.uleb128 0x1
 1457 00bf 50       		.byte	0x50
 1458 00c0 9F       		.byte	0x9f
 1459 00c1 00000000 		.4byte	0
 1460 00c5 00000000 		.4byte	0
 1461              		.section	.debug_aranges,"",%progbits
ARM GAS  /var/folders/qh/xwg3v3kj02qbxczjpdb8lzfr0000gn/T//ccn4FmiJ.s 			page 27


 1462 0000 74000000 		.4byte	0x74
 1463 0004 0200     		.2byte	0x2
 1464 0006 00000000 		.4byte	.Ldebug_info0
 1465 000a 04       		.byte	0x4
 1466 000b 00       		.byte	0
 1467 000c 0000     		.2byte	0
 1468 000e 0000     		.2byte	0
 1469 0010 00000000 		.4byte	.LFB7
 1470 0014 30000000 		.4byte	.LFE7-.LFB7
 1471 0018 00000000 		.4byte	.LFB8
 1472 001c 30000000 		.4byte	.LFE8-.LFB8
 1473 0020 00000000 		.4byte	.LFB9
 1474 0024 30000000 		.4byte	.LFE9-.LFB9
 1475 0028 00000000 		.4byte	.LFB10
 1476 002c 34000000 		.4byte	.LFE10-.LFB10
 1477 0030 00000000 		.4byte	.LFB11
 1478 0034 34000000 		.4byte	.LFE11-.LFB11
 1479 0038 00000000 		.4byte	.LFB12
 1480 003c 34000000 		.4byte	.LFE12-.LFB12
 1481 0040 00000000 		.4byte	.LFB13
 1482 0044 34000000 		.4byte	.LFE13-.LFB13
 1483 0048 00000000 		.4byte	.LFB14
 1484 004c 38000000 		.4byte	.LFE14-.LFB14
 1485 0050 00000000 		.4byte	.LFB15
 1486 0054 38000000 		.4byte	.LFE15-.LFB15
 1487 0058 00000000 		.4byte	.LFB16
 1488 005c 30000000 		.4byte	.LFE16-.LFB16
 1489 0060 00000000 		.4byte	.LFB17
 1490 0064 30000000 		.4byte	.LFE17-.LFB17
 1491 0068 00000000 		.4byte	.LFB18
 1492 006c 10000000 		.4byte	.LFE18-.LFB18
 1493 0070 00000000 		.4byte	0
 1494 0074 00000000 		.4byte	0
 1495              		.section	.debug_ranges,"",%progbits
 1496              	.Ldebug_ranges0:
 1497 0000 00000000 		.4byte	.LFB7
 1498 0004 30000000 		.4byte	.LFE7
 1499 0008 00000000 		.4byte	.LFB8
 1500 000c 30000000 		.4byte	.LFE8
 1501 0010 00000000 		.4byte	.LFB9
 1502 0014 30000000 		.4byte	.LFE9
 1503 0018 00000000 		.4byte	.LFB10
 1504 001c 34000000 		.4byte	.LFE10
 1505 0020 00000000 		.4byte	.LFB11
 1506 0024 34000000 		.4byte	.LFE11
 1507 0028 00000000 		.4byte	.LFB12
 1508 002c 34000000 		.4byte	.LFE12
 1509 0030 00000000 		.4byte	.LFB13
 1510 0034 34000000 		.4byte	.LFE13
 1511 0038 00000000 		.4byte	.LFB14
 1512 003c 38000000 		.4byte	.LFE14
 1513 0040 00000000 		.4byte	.LFB15
 1514 0044 38000000 		.4byte	.LFE15
 1515 0048 00000000 		.4byte	.LFB16
 1516 004c 30000000 		.4byte	.LFE16
 1517 0050 00000000 		.4byte	.LFB17
 1518 0054 30000000 		.4byte	.LFE17
ARM GAS  /var/folders/qh/xwg3v3kj02qbxczjpdb8lzfr0000gn/T//ccn4FmiJ.s 			page 28


 1519 0058 00000000 		.4byte	.LFB18
 1520 005c 10000000 		.4byte	.LFE18
 1521 0060 00000000 		.4byte	0
 1522 0064 00000000 		.4byte	0
 1523              		.section	.debug_line,"",%progbits
 1524              	.Ldebug_line0:
 1525 0000 48020000 		.section	.debug_str,"MS",%progbits,1
 1525      0200BD00 
 1525      00000201 
 1525      FB0E0D00 
 1525      01010101 
 1526              	.LASF30:
 1527 0000 2F557365 		.ascii	"/Users/John/Development/embedded/ChibiOS-RT/BluC/ST"
 1527      72732F4A 
 1527      6F686E2F 
 1527      44657665 
 1527      6C6F706D 
 1528 0033 4D333246 		.ascii	"M32F051\000"
 1528      30353100 
 1529              	.LASF28:
 1530 003b 474E5520 		.ascii	"GNU C 4.8.3 20131129 (release) [ARM/embedded-4_8-br"
 1530      4320342E 
 1530      382E3320 
 1530      32303133 
 1530      31313239 
 1531 006e 616E6368 		.ascii	"anch revision 205641] -mcpu=cortex-m0 -mno-thumb-in"
 1531      20726576 
 1531      6973696F 
 1531      6E203230 
 1531      35363431 
 1532 00a1 74657277 		.ascii	"terwork -mthumb -ggdb -O2 -fomit-frame-pointer -fal"
 1532      6F726B20 
 1532      2D6D7468 
 1532      756D6220 
 1532      2D676764 
 1533 00d4 69676E2D 		.ascii	"ign-functions=16 -ffunction-sections -fdata-section"
 1533      66756E63 
 1533      74696F6E 
 1533      733D3136 
 1533      202D6666 
 1534 0107 73202D66 		.ascii	"s -fno-common\000"
 1534      6E6F2D63 
 1534      6F6D6D6F 
 1534      6E00
 1535              	.LASF17:
 1536 0115 6462675F 		.ascii	"dbg_check_lock\000"
 1536      63686563 
 1536      6B5F6C6F 
 1536      636B00
 1537              	.LASF9:
 1538 0124 5F426F6F 		.ascii	"_Bool\000"
 1538      6C00
 1539              	.LASF18:
 1540 012a 6462675F 		.ascii	"dbg_check_unlock\000"
 1540      63686563 
 1540      6B5F756E 
 1540      6C6F636B 
ARM GAS  /var/folders/qh/xwg3v3kj02qbxczjpdb8lzfr0000gn/T//ccn4FmiJ.s 			page 29


 1540      00
 1541              	.LASF23:
 1542 013b 63684462 		.ascii	"chDbgCheckClassI\000"
 1542      67436865 
 1542      636B436C 
 1542      61737349 
 1542      00
 1543              	.LASF21:
 1544 014c 6462675F 		.ascii	"dbg_check_enter_isr\000"
 1544      63686563 
 1544      6B5F656E 
 1544      7465725F 
 1544      69737200 
 1545              	.LASF24:
 1546 0160 63684462 		.ascii	"chDbgCheckClassS\000"
 1546      67436865 
 1546      636B436C 
 1546      61737353 
 1546      00
 1547              	.LASF15:
 1548 0171 6462675F 		.ascii	"dbg_check_suspend\000"
 1548      63686563 
 1548      6B5F7375 
 1548      7370656E 
 1548      6400
 1549              	.LASF2:
 1550 0183 756E7369 		.ascii	"unsigned char\000"
 1550      676E6564 
 1550      20636861 
 1550      7200
 1551              	.LASF27:
 1552 0191 6462675F 		.ascii	"dbg_panic_msg\000"
 1552      70616E69 
 1552      635F6D73 
 1552      6700
 1553              	.LASF6:
 1554 019f 6C6F6E67 		.ascii	"long unsigned int\000"
 1554      20756E73 
 1554      69676E65 
 1554      6420696E 
 1554      7400
 1555              	.LASF4:
 1556 01b1 73686F72 		.ascii	"short unsigned int\000"
 1556      7420756E 
 1556      7369676E 
 1556      65642069 
 1556      6E7400
 1557              	.LASF20:
 1558 01c4 6462675F 		.ascii	"dbg_check_unlock_from_isr\000"
 1558      63686563 
 1558      6B5F756E 
 1558      6C6F636B 
 1558      5F66726F 
 1559              	.LASF0:
 1560 01de 756E7369 		.ascii	"unsigned int\000"
 1560      676E6564 
 1560      20696E74 
ARM GAS  /var/folders/qh/xwg3v3kj02qbxczjpdb8lzfr0000gn/T//ccn4FmiJ.s 			page 30


 1560      00
 1561              	.LASF25:
 1562 01eb 6462675F 		.ascii	"dbg_isr_cnt\000"
 1562      6973725F 
 1562      636E7400 
 1563              	.LASF8:
 1564 01f7 6C6F6E67 		.ascii	"long long unsigned int\000"
 1564      206C6F6E 
 1564      6720756E 
 1564      7369676E 
 1564      65642069 
 1565              	.LASF19:
 1566 020e 6462675F 		.ascii	"dbg_check_lock_from_isr\000"
 1566      63686563 
 1566      6B5F6C6F 
 1566      636B5F66 
 1566      726F6D5F 
 1567              	.LASF29:
 1568 0226 2E2E2F2E 		.ascii	"../../os/kernel/src/chdebug.c\000"
 1568      2E2F6F73 
 1568      2F6B6572 
 1568      6E656C2F 
 1568      7372632F 
 1569              	.LASF11:
 1570 0244 636E745F 		.ascii	"cnt_t\000"
 1570      7400
 1571              	.LASF32:
 1572 024a 706F7274 		.ascii	"port_halt\000"
 1572      5F68616C 
 1572      7400
 1573              	.LASF10:
 1574 0254 696E7433 		.ascii	"int32_t\000"
 1574      325F7400 
 1575              	.LASF12:
 1576 025c 73697A65 		.ascii	"sizetype\000"
 1576      74797065 
 1576      00
 1577              	.LASF7:
 1578 0265 6C6F6E67 		.ascii	"long long int\000"
 1578      206C6F6E 
 1578      6720696E 
 1578      7400
 1579              	.LASF13:
 1580 0273 63686172 		.ascii	"char\000"
 1580      00
 1581              	.LASF31:
 1582 0278 63684462 		.ascii	"chDbgPanic\000"
 1582      6750616E 
 1582      696300
 1583              	.LASF26:
 1584 0283 6462675F 		.ascii	"dbg_lock_cnt\000"
 1584      6C6F636B 
 1584      5F636E74 
 1584      00
 1585              	.LASF3:
 1586 0290 73686F72 		.ascii	"short int\000"
 1586      7420696E 
ARM GAS  /var/folders/qh/xwg3v3kj02qbxczjpdb8lzfr0000gn/T//ccn4FmiJ.s 			page 31


 1586      7400
 1587              	.LASF22:
 1588 029a 6462675F 		.ascii	"dbg_check_leave_isr\000"
 1588      63686563 
 1588      6B5F6C65 
 1588      6176655F 
 1588      69737200 
 1589              	.LASF16:
 1590 02ae 6462675F 		.ascii	"dbg_check_enable\000"
 1590      63686563 
 1590      6B5F656E 
 1590      61626C65 
 1590      00
 1591              	.LASF5:
 1592 02bf 6C6F6E67 		.ascii	"long int\000"
 1592      20696E74 
 1592      00
 1593              	.LASF1:
 1594 02c8 7369676E 		.ascii	"signed char\000"
 1594      65642063 
 1594      68617200 
 1595              	.LASF14:
 1596 02d4 6462675F 		.ascii	"dbg_check_disable\000"
 1596      63686563 
 1596      6B5F6469 
 1596      7361626C 
 1596      6500
 1597              		.ident	"GCC: (GNU Tools for ARM Embedded Processors) 4.8.3 20131129 (release) [ARM/embedded-4_8-br
ARM GAS  /var/folders/qh/xwg3v3kj02qbxczjpdb8lzfr0000gn/T//ccn4FmiJ.s 			page 32


DEFINED SYMBOLS
                            *ABS*:0000000000000000 chdebug.c
/var/folders/qh/xwg3v3kj02qbxczjpdb8lzfr0000gn/T//ccn4FmiJ.s:18     .text.dbg_check_disable:0000000000000000 $t
/var/folders/qh/xwg3v3kj02qbxczjpdb8lzfr0000gn/T//ccn4FmiJ.s:24     .text.dbg_check_disable:0000000000000000 dbg_check_disable
/var/folders/qh/xwg3v3kj02qbxczjpdb8lzfr0000gn/T//ccn4FmiJ.s:63     .text.dbg_check_disable:0000000000000020 $d
/var/folders/qh/xwg3v3kj02qbxczjpdb8lzfr0000gn/T//ccn4FmiJ.s:71     .text.dbg_check_suspend:0000000000000000 $t
/var/folders/qh/xwg3v3kj02qbxczjpdb8lzfr0000gn/T//ccn4FmiJ.s:77     .text.dbg_check_suspend:0000000000000000 dbg_check_suspend
/var/folders/qh/xwg3v3kj02qbxczjpdb8lzfr0000gn/T//ccn4FmiJ.s:115    .text.dbg_check_suspend:0000000000000020 $d
/var/folders/qh/xwg3v3kj02qbxczjpdb8lzfr0000gn/T//ccn4FmiJ.s:123    .text.dbg_check_enable:0000000000000000 $t
/var/folders/qh/xwg3v3kj02qbxczjpdb8lzfr0000gn/T//ccn4FmiJ.s:129    .text.dbg_check_enable:0000000000000000 dbg_check_enable
/var/folders/qh/xwg3v3kj02qbxczjpdb8lzfr0000gn/T//ccn4FmiJ.s:167    .text.dbg_check_enable:0000000000000020 $d
/var/folders/qh/xwg3v3kj02qbxczjpdb8lzfr0000gn/T//ccn4FmiJ.s:175    .text.dbg_check_lock:0000000000000000 $t
/var/folders/qh/xwg3v3kj02qbxczjpdb8lzfr0000gn/T//ccn4FmiJ.s:181    .text.dbg_check_lock:0000000000000000 dbg_check_lock
/var/folders/qh/xwg3v3kj02qbxczjpdb8lzfr0000gn/T//ccn4FmiJ.s:224    .text.dbg_check_lock:0000000000000024 $d
/var/folders/qh/xwg3v3kj02qbxczjpdb8lzfr0000gn/T//ccn4FmiJ.s:232    .text.dbg_check_unlock:0000000000000000 $t
/var/folders/qh/xwg3v3kj02qbxczjpdb8lzfr0000gn/T//ccn4FmiJ.s:238    .text.dbg_check_unlock:0000000000000000 dbg_check_unlock
/var/folders/qh/xwg3v3kj02qbxczjpdb8lzfr0000gn/T//ccn4FmiJ.s:280    .text.dbg_check_unlock:0000000000000024 $d
/var/folders/qh/xwg3v3kj02qbxczjpdb8lzfr0000gn/T//ccn4FmiJ.s:290    .text.dbg_check_lock_from_isr:0000000000000000 $t
/var/folders/qh/xwg3v3kj02qbxczjpdb8lzfr0000gn/T//ccn4FmiJ.s:296    .text.dbg_check_lock_from_isr:0000000000000000 dbg_check_lock_from_isr
/var/folders/qh/xwg3v3kj02qbxczjpdb8lzfr0000gn/T//ccn4FmiJ.s:339    .text.dbg_check_lock_from_isr:0000000000000024 $d
/var/folders/qh/xwg3v3kj02qbxczjpdb8lzfr0000gn/T//ccn4FmiJ.s:347    .text.dbg_check_unlock_from_isr:0000000000000000 $t
/var/folders/qh/xwg3v3kj02qbxczjpdb8lzfr0000gn/T//ccn4FmiJ.s:353    .text.dbg_check_unlock_from_isr:0000000000000000 dbg_check_unlock_from_isr
/var/folders/qh/xwg3v3kj02qbxczjpdb8lzfr0000gn/T//ccn4FmiJ.s:395    .text.dbg_check_unlock_from_isr:0000000000000024 $d
/var/folders/qh/xwg3v3kj02qbxczjpdb8lzfr0000gn/T//ccn4FmiJ.s:405    .text.dbg_check_enter_isr:0000000000000000 $t
/var/folders/qh/xwg3v3kj02qbxczjpdb8lzfr0000gn/T//ccn4FmiJ.s:411    .text.dbg_check_enter_isr:0000000000000000 dbg_check_enter_isr
/var/folders/qh/xwg3v3kj02qbxczjpdb8lzfr0000gn/T//ccn4FmiJ.s:464    .text.dbg_check_enter_isr:0000000000000028 $d
/var/folders/qh/xwg3v3kj02qbxczjpdb8lzfr0000gn/T//ccn4FmiJ.s:472    .text.dbg_check_leave_isr:0000000000000000 $t
/var/folders/qh/xwg3v3kj02qbxczjpdb8lzfr0000gn/T//ccn4FmiJ.s:478    .text.dbg_check_leave_isr:0000000000000000 dbg_check_leave_isr
/var/folders/qh/xwg3v3kj02qbxczjpdb8lzfr0000gn/T//ccn4FmiJ.s:531    .text.dbg_check_leave_isr:0000000000000028 $d
/var/folders/qh/xwg3v3kj02qbxczjpdb8lzfr0000gn/T//ccn4FmiJ.s:539    .text.chDbgCheckClassI:0000000000000000 $t
/var/folders/qh/xwg3v3kj02qbxczjpdb8lzfr0000gn/T//ccn4FmiJ.s:545    .text.chDbgCheckClassI:0000000000000000 chDbgCheckClassI
/var/folders/qh/xwg3v3kj02qbxczjpdb8lzfr0000gn/T//ccn4FmiJ.s:582    .text.chDbgCheckClassI:0000000000000020 $d
/var/folders/qh/xwg3v3kj02qbxczjpdb8lzfr0000gn/T//ccn4FmiJ.s:592    .text.chDbgCheckClassS:0000000000000000 $t
/var/folders/qh/xwg3v3kj02qbxczjpdb8lzfr0000gn/T//ccn4FmiJ.s:598    .text.chDbgCheckClassS:0000000000000000 chDbgCheckClassS
/var/folders/qh/xwg3v3kj02qbxczjpdb8lzfr0000gn/T//ccn4FmiJ.s:635    .text.chDbgCheckClassS:0000000000000020 $d
/var/folders/qh/xwg3v3kj02qbxczjpdb8lzfr0000gn/T//ccn4FmiJ.s:645    .text.chDbgPanic:0000000000000000 $t
/var/folders/qh/xwg3v3kj02qbxczjpdb8lzfr0000gn/T//ccn4FmiJ.s:651    .text.chDbgPanic:0000000000000000 chDbgPanic
/var/folders/qh/xwg3v3kj02qbxczjpdb8lzfr0000gn/T//ccn4FmiJ.s:674    .text.chDbgPanic:000000000000000c $d
/var/folders/qh/xwg3v3kj02qbxczjpdb8lzfr0000gn/T//ccn4FmiJ.s:734    .bss.dbg_panic_msg:0000000000000000 dbg_panic_msg
/var/folders/qh/xwg3v3kj02qbxczjpdb8lzfr0000gn/T//ccn4FmiJ.s:727    .bss.dbg_lock_cnt:0000000000000000 dbg_lock_cnt
/var/folders/qh/xwg3v3kj02qbxczjpdb8lzfr0000gn/T//ccn4FmiJ.s:686    .bss.dbg_isr_cnt:0000000000000000 dbg_isr_cnt
/var/folders/qh/xwg3v3kj02qbxczjpdb8lzfr0000gn/T//ccn4FmiJ.s:682    .bss.dbg_isr_cnt:0000000000000000 $d
/var/folders/qh/xwg3v3kj02qbxczjpdb8lzfr0000gn/T//ccn4FmiJ.s:689    .rodata.str1.4:0000000000000000 $d
/var/folders/qh/xwg3v3kj02qbxczjpdb8lzfr0000gn/T//ccn4FmiJ.s:723    .bss.dbg_lock_cnt:0000000000000000 $d
/var/folders/qh/xwg3v3kj02qbxczjpdb8lzfr0000gn/T//ccn4FmiJ.s:730    .bss.dbg_panic_msg:0000000000000000 $d
                     .debug_frame:0000000000000010 $d
/var/folders/qh/xwg3v3kj02qbxczjpdb8lzfr0000gn/T//ccn4FmiJ.s:231    .text.dbg_check_lock:0000000000000034 $t
/var/folders/qh/xwg3v3kj02qbxczjpdb8lzfr0000gn/T//ccn4FmiJ.s:289    .text.dbg_check_unlock:0000000000000034 $t
/var/folders/qh/xwg3v3kj02qbxczjpdb8lzfr0000gn/T//ccn4FmiJ.s:346    .text.dbg_check_lock_from_isr:0000000000000034 $t
/var/folders/qh/xwg3v3kj02qbxczjpdb8lzfr0000gn/T//ccn4FmiJ.s:404    .text.dbg_check_unlock_from_isr:0000000000000034 $t
/var/folders/qh/xwg3v3kj02qbxczjpdb8lzfr0000gn/T//ccn4FmiJ.s:471    .text.dbg_check_enter_isr:0000000000000038 $t
/var/folders/qh/xwg3v3kj02qbxczjpdb8lzfr0000gn/T//ccn4FmiJ.s:538    .text.dbg_check_leave_isr:0000000000000038 $t

UNDEFINED SYMBOLS
port_halt
