ARM GAS  /var/folders/qh/xwg3v3kj02qbxczjpdb8lzfr0000gn/T//cczlwBDD.s 			page 1


   1              		.cpu cortex-m0
   2              		.fpu softvfp
   3              		.eabi_attribute 20, 1
   4              		.eabi_attribute 21, 1
   5              		.eabi_attribute 23, 3
   6              		.eabi_attribute 24, 1
   7              		.eabi_attribute 25, 1
   8              		.eabi_attribute 26, 1
   9              		.eabi_attribute 30, 2
  10              		.eabi_attribute 34, 0
  11              		.eabi_attribute 18, 4
  12              		.code	16
  13              		.file	"chdynamic.c"
  14              		.text
  15              	.Ltext0:
  16              		.cfi_sections	.debug_frame
  17              		.section	.text.chThdAddRef,"ax",%progbits
  18              		.align	2
  19              		.p2align 4,,15
  20              		.global	chThdAddRef
  21              		.code	16
  22              		.thumb_func
  23              		.type	chThdAddRef, %function
  24              	chThdAddRef:
  25              	.LFB7:
  26              		.file 1 "../../os/kernel/src/chdynamic.c"
  27              		.loc 1 45 0
  28              		.cfi_startproc
  29              	.LVL0:
  30              		.loc 1 47 0
  31              	@ 47 "../../os/kernel/src/chdynamic.c" 1
  32 0000 72B6     		cpsid   i
  33              	@ 0 "" 2
  34              		.loc 1 49 0
  35              		.code	16
  36 0002 837F     		ldrb	r3, [r0, #30]
  37 0004 0133     		add	r3, r3, #1
  38 0006 8377     		strb	r3, [r0, #30]
  39              		.loc 1 50 0
  40              	@ 50 "../../os/kernel/src/chdynamic.c" 1
  41 0008 62B6     		cpsie   i
  42              	@ 0 "" 2
  43              		.loc 1 52 0
  44              		.code	16
  45              		@ sp needed
  46 000a 7047     		bx	lr
  47              		.cfi_endproc
  48              	.LFE7:
  49              		.size	chThdAddRef, .-chThdAddRef
  50 000c C046C046 		.section	.text.chThdRelease,"ax",%progbits
  51              		.align	2
  52              		.p2align 4,,15
  53              		.global	chThdRelease
  54              		.code	16
  55              		.thumb_func
  56              		.type	chThdRelease, %function
  57              	chThdRelease:
ARM GAS  /var/folders/qh/xwg3v3kj02qbxczjpdb8lzfr0000gn/T//cczlwBDD.s 			page 2


  58              	.LFB8:
  59              		.loc 1 67 0
  60              		.cfi_startproc
  61              	.LVL1:
  62 0000 08B5     		push	{r3, lr}
  63              		.cfi_def_cfa_offset 8
  64              		.cfi_offset 3, -8
  65              		.cfi_offset 14, -4
  66              		.loc 1 67 0
  67 0002 011C     		mov	r1, r0
  68              		.loc 1 70 0
  69              	@ 70 "../../os/kernel/src/chdynamic.c" 1
  70 0004 72B6     		cpsid   i
  71              	@ 0 "" 2
  72              		.loc 1 72 0
  73              		.code	16
  74 0006 837F     		ldrb	r3, [r0, #30]
  75 0008 013B     		sub	r3, r3, #1
  76 000a DBB2     		uxtb	r3, r3
  77 000c 8377     		strb	r3, [r0, #30]
  78              	.LVL2:
  79              		.loc 1 73 0
  80              	@ 73 "../../os/kernel/src/chdynamic.c" 1
  81 000e 62B6     		cpsie   i
  82              	@ 0 "" 2
  83              		.loc 1 78 0
  84              		.code	16
  85 0010 002B     		cmp	r3, #0
  86 0012 02D1     		bne	.L2
  87              		.loc 1 78 0 is_stmt 0 discriminator 1
  88 0014 037F     		ldrb	r3, [r0, #28]
  89              	.LVL3:
  90 0016 0E2B     		cmp	r3, #14
  91 0018 00D0     		beq	.L7
  92              	.LVL4:
  93              	.L2:
  94              		.loc 1 98 0 is_stmt 1
  95              		@ sp needed
  96 001a 08BD     		pop	{r3, pc}
  97              	.LVL5:
  98              	.L7:
  99              		.loc 1 79 0
 100 001c 437F     		ldrb	r3, [r0, #29]
 101 001e 0322     		mov	r2, #3
 102 0020 1340     		and	r3, r2
 103 0022 012B     		cmp	r3, #1
 104 0024 0AD0     		beq	.L4
 105 0026 022B     		cmp	r3, #2
 106 0028 F7D1     		bne	.L2
 107              		.loc 1 91 0
 108 002a 4369     		ldr	r3, [r0, #20]
 109 002c 0269     		ldr	r2, [r0, #16]
 110 002e 1A61     		str	r2, [r3, #16]
 111 0030 0269     		ldr	r2, [r0, #16]
 112              		.loc 1 93 0
 113 0032 406C     		ldr	r0, [r0, #68]
 114              	.LVL6:
ARM GAS  /var/folders/qh/xwg3v3kj02qbxczjpdb8lzfr0000gn/T//cczlwBDD.s 			page 3


 115              		.loc 1 91 0
 116 0034 5361     		str	r3, [r2, #20]
 117              		.loc 1 93 0
 118 0036 FFF7FEFF 		bl	chPoolFree
 119              	.LVL7:
 120              		.loc 1 94 0
 121 003a EEE7     		b	.L2
 122              	.LVL8:
 123              	.L4:
 124              		.loc 1 83 0
 125 003c 0269     		ldr	r2, [r0, #16]
 126 003e 4369     		ldr	r3, [r0, #20]
 127 0040 1A61     		str	r2, [r3, #16]
 128 0042 0269     		ldr	r2, [r0, #16]
 129 0044 5361     		str	r3, [r2, #20]
 130              		.loc 1 85 0
 131 0046 FFF7FEFF 		bl	chHeapFree
 132              	.LVL9:
 133              		.loc 1 86 0
 134 004a E6E7     		b	.L2
 135              		.cfi_endproc
 136              	.LFE8:
 137              		.size	chThdRelease, .-chThdRelease
 138 004c C046C046 		.section	.text.chThdCreateFromHeap,"ax",%progbits
 139              		.align	2
 140              		.p2align 4,,15
 141              		.global	chThdCreateFromHeap
 142              		.code	16
 143              		.thumb_func
 144              		.type	chThdCreateFromHeap, %function
 145              	chThdCreateFromHeap:
 146              	.LFB9:
 147              		.loc 1 124 0
 148              		.cfi_startproc
 149              	.LVL10:
 150 0000 70B5     		push	{r4, r5, r6, lr}
 151              		.cfi_def_cfa_offset 16
 152              		.cfi_offset 4, -16
 153              		.cfi_offset 5, -12
 154              		.cfi_offset 6, -8
 155              		.cfi_offset 14, -4
 156 0002 82B0     		sub	sp, sp, #8
 157              		.cfi_def_cfa_offset 24
 158              		.loc 1 124 0
 159 0004 0C1C     		mov	r4, r1
 160 0006 161C     		mov	r6, r2
 161 0008 1D1C     		mov	r5, r3
 162              		.loc 1 128 0
 163 000a FFF7FEFF 		bl	chHeapAlloc
 164              	.LVL11:
 165              		.loc 1 129 0
 166 000e 0028     		cmp	r0, #0
 167 0010 11D0     		beq	.L10
 168              		.loc 1 141 0
 169              	@ 141 "../../os/kernel/src/chdynamic.c" 1
 170 0012 72B6     		cpsid   i
 171              	@ 0 "" 2
ARM GAS  /var/folders/qh/xwg3v3kj02qbxczjpdb8lzfr0000gn/T//cczlwBDD.s 			page 4


 172              		.loc 1 142 0
 173              		.code	16
 174 0014 069B     		ldr	r3, [sp, #24]
 175 0016 211C     		mov	r1, r4
 176 0018 0093     		str	r3, [sp]
 177 001a 321C     		mov	r2, r6
 178 001c 2B1C     		mov	r3, r5
 179 001e FFF7FEFF 		bl	chThdCreateI
 180              	.LVL12:
 181              		.loc 1 143 0
 182 0022 0123     		mov	r3, #1
 183 0024 4377     		strb	r3, [r0, #29]
 184              		.loc 1 144 0
 185 0026 0021     		mov	r1, #0
 186              		.loc 1 142 0
 187 0028 041C     		mov	r4, r0
 188              	.LVL13:
 189              		.loc 1 144 0
 190 002a FFF7FEFF 		bl	chSchWakeupS
 191              	.LVL14:
 192              		.loc 1 145 0
 193              	@ 145 "../../os/kernel/src/chdynamic.c" 1
 194 002e 62B6     		cpsie   i
 195              	@ 0 "" 2
 196              		.loc 1 146 0
 197              		.code	16
 198 0030 201C     		mov	r0, r4
 199              	.LVL15:
 200              	.L9:
 201              		.loc 1 147 0
 202 0032 02B0     		add	sp, sp, #8
 203              		@ sp needed
 204              	.LVL16:
 205              	.LVL17:
 206 0034 70BD     		pop	{r4, r5, r6, pc}
 207              	.LVL18:
 208              	.L10:
 209              		.loc 1 130 0
 210 0036 0020     		mov	r0, #0
 211              	.LVL19:
 212 0038 FBE7     		b	.L9
 213              		.cfi_endproc
 214              	.LFE9:
 215              		.size	chThdCreateFromHeap, .-chThdCreateFromHeap
 216 003a C046C046 		.section	.text.chThdCreateFromMemoryPool,"ax",%progbits
 216      C046
 217              		.align	2
 218              		.p2align 4,,15
 219              		.global	chThdCreateFromMemoryPool
 220              		.code	16
 221              		.thumb_func
 222              		.type	chThdCreateFromMemoryPool, %function
 223              	chThdCreateFromMemoryPool:
 224              	.LFB10:
 225              		.loc 1 173 0
 226              		.cfi_startproc
 227              	.LVL20:
ARM GAS  /var/folders/qh/xwg3v3kj02qbxczjpdb8lzfr0000gn/T//cczlwBDD.s 			page 5


 228 0000 F0B5     		push	{r4, r5, r6, r7, lr}
 229              		.cfi_def_cfa_offset 20
 230              		.cfi_offset 4, -20
 231              		.cfi_offset 5, -16
 232              		.cfi_offset 6, -12
 233              		.cfi_offset 7, -8
 234              		.cfi_offset 14, -4
 235 0002 83B0     		sub	sp, sp, #12
 236              		.cfi_def_cfa_offset 32
 237              		.loc 1 173 0
 238 0004 051C     		mov	r5, r0
 239 0006 0E1C     		mov	r6, r1
 240 0008 141C     		mov	r4, r2
 241 000a 1F1C     		mov	r7, r3
 242              		.loc 1 179 0
 243 000c FFF7FEFF 		bl	chPoolAlloc
 244              	.LVL21:
 245              		.loc 1 180 0
 246 0010 0028     		cmp	r0, #0
 247 0012 11D0     		beq	.L13
 248              		.loc 1 192 0
 249              	@ 192 "../../os/kernel/src/chdynamic.c" 1
 250 0014 72B6     		cpsid   i
 251              	@ 0 "" 2
 252              		.loc 1 193 0
 253              		.code	16
 254 0016 6968     		ldr	r1, [r5, #4]
 255 0018 321C     		mov	r2, r6
 256 001a 231C     		mov	r3, r4
 257 001c 0097     		str	r7, [sp]
 258 001e FFF7FEFF 		bl	chThdCreateI
 259              	.LVL22:
 260              		.loc 1 194 0
 261 0022 0223     		mov	r3, #2
 262 0024 4377     		strb	r3, [r0, #29]
 263              		.loc 1 195 0
 264 0026 4564     		str	r5, [r0, #68]
 265              		.loc 1 196 0
 266 0028 0021     		mov	r1, #0
 267              		.loc 1 193 0
 268 002a 041C     		mov	r4, r0
 269              	.LVL23:
 270              		.loc 1 196 0
 271 002c FFF7FEFF 		bl	chSchWakeupS
 272              	.LVL24:
 273              		.loc 1 197 0
 274              	@ 197 "../../os/kernel/src/chdynamic.c" 1
 275 0030 62B6     		cpsie   i
 276              	@ 0 "" 2
 277              		.loc 1 198 0
 278              		.code	16
 279 0032 201C     		mov	r0, r4
 280              	.LVL25:
 281              	.L12:
 282              		.loc 1 199 0
 283 0034 03B0     		add	sp, sp, #12
 284              		@ sp needed
ARM GAS  /var/folders/qh/xwg3v3kj02qbxczjpdb8lzfr0000gn/T//cczlwBDD.s 			page 6


 285              	.LVL26:
 286              	.LVL27:
 287              	.LVL28:
 288 0036 F0BD     		pop	{r4, r5, r6, r7, pc}
 289              	.LVL29:
 290              	.L13:
 291              		.loc 1 181 0
 292 0038 0020     		mov	r0, #0
 293              	.LVL30:
 294 003a FBE7     		b	.L12
 295              		.cfi_endproc
 296              	.LFE10:
 297              		.size	chThdCreateFromMemoryPool, .-chThdCreateFromMemoryPool
 298 003c C046C046 		.text
 299              	.Letext0:
 300              		.file 2 "/usr/local/Cellar/gcc-arm-none-eabi-48/20131218/lib/gcc/arm-none-eabi/4.8.3/include/stdde
 301              		.file 3 "/usr/local/Cellar/gcc-arm-none-eabi-48/20131218/arm-none-eabi/include/stdint.h"
 302              		.file 4 "../../os/ports/GCC/ARMCMx/chtypes.h"
 303              		.file 5 "../../os/kernel/include/chlists.h"
 304              		.file 6 "../../os/kernel/include/chthreads.h"
 305              		.file 7 "../../os/ports/GCC/ARMCMx/chcore_v6m.h"
 306              		.file 8 "../../os/kernel/include/chmtx.h"
 307              		.file 9 "../../os/kernel/include/chmemcore.h"
 308              		.file 10 "../../os/kernel/include/chheap.h"
 309              		.file 11 "../../os/kernel/include/chmempools.h"
 310              		.file 12 "../../os/kernel/include/chschd.h"
 311              		.section	.debug_info,"",%progbits
 312              	.Ldebug_info0:
 313 0000 78070000 		.4byte	0x778
 314 0004 0400     		.2byte	0x4
 315 0006 00000000 		.4byte	.Ldebug_abbrev0
 316 000a 04       		.byte	0x4
 317 000b 01       		.uleb128 0x1
 318 000c 19020000 		.4byte	.LASF88
 319 0010 01       		.byte	0x1
 320 0011 0E000000 		.4byte	.LASF89
 321 0015 72010000 		.4byte	.LASF90
 322 0019 00000000 		.4byte	.Ldebug_ranges0+0
 323 001d 00000000 		.4byte	0
 324 0021 00000000 		.4byte	.Ldebug_line0
 325 0025 02       		.uleb128 0x2
 326 0026 04       		.byte	0x4
 327 0027 05       		.byte	0x5
 328 0028 696E7400 		.ascii	"int\000"
 329 002c 03       		.uleb128 0x3
 330 002d 2E000000 		.4byte	.LASF2
 331 0031 02       		.byte	0x2
 332 0032 D4       		.byte	0xd4
 333 0033 37000000 		.4byte	0x37
 334 0037 04       		.uleb128 0x4
 335 0038 04       		.byte	0x4
 336 0039 07       		.byte	0x7
 337 003a 53010000 		.4byte	.LASF0
 338 003e 04       		.uleb128 0x4
 339 003f 01       		.byte	0x1
 340 0040 06       		.byte	0x6
 341 0041 A4000000 		.4byte	.LASF1
ARM GAS  /var/folders/qh/xwg3v3kj02qbxczjpdb8lzfr0000gn/T//cczlwBDD.s 			page 7


 342 0045 03       		.uleb128 0x3
 343 0046 4D040000 		.4byte	.LASF3
 344 004a 03       		.byte	0x3
 345 004b 2A       		.byte	0x2a
 346 004c 50000000 		.4byte	0x50
 347 0050 04       		.uleb128 0x4
 348 0051 01       		.byte	0x1
 349 0052 08       		.byte	0x8
 350 0053 59030000 		.4byte	.LASF4
 351 0057 04       		.uleb128 0x4
 352 0058 02       		.byte	0x2
 353 0059 05       		.byte	0x5
 354 005a 7C030000 		.4byte	.LASF5
 355 005e 04       		.uleb128 0x4
 356 005f 02       		.byte	0x2
 357 0060 07       		.byte	0x7
 358 0061 BA010000 		.4byte	.LASF6
 359 0065 03       		.uleb128 0x3
 360 0066 51030000 		.4byte	.LASF7
 361 006a 03       		.byte	0x3
 362 006b 4F       		.byte	0x4f
 363 006c 70000000 		.4byte	0x70
 364 0070 04       		.uleb128 0x4
 365 0071 04       		.byte	0x4
 366 0072 05       		.byte	0x5
 367 0073 E8000000 		.4byte	.LASF8
 368 0077 03       		.uleb128 0x3
 369 0078 E5030000 		.4byte	.LASF9
 370 007c 03       		.byte	0x3
 371 007d 50       		.byte	0x50
 372 007e 82000000 		.4byte	0x82
 373 0082 04       		.uleb128 0x4
 374 0083 04       		.byte	0x4
 375 0084 07       		.byte	0x7
 376 0085 60010000 		.4byte	.LASF10
 377 0089 04       		.uleb128 0x4
 378 008a 08       		.byte	0x8
 379 008b 05       		.byte	0x5
 380 008c 96000000 		.4byte	.LASF11
 381 0090 03       		.uleb128 0x3
 382 0091 3C000000 		.4byte	.LASF12
 383 0095 03       		.byte	0x3
 384 0096 78       		.byte	0x78
 385 0097 9B000000 		.4byte	0x9b
 386 009b 04       		.uleb128 0x4
 387 009c 08       		.byte	0x8
 388 009d 07       		.byte	0x7
 389 009e 5D000000 		.4byte	.LASF13
 390 00a2 04       		.uleb128 0x4
 391 00a3 01       		.byte	0x1
 392 00a4 02       		.byte	0x2
 393 00a5 4B030000 		.4byte	.LASF14
 394 00a9 03       		.uleb128 0x3
 395 00aa D3010000 		.4byte	.LASF15
 396 00ae 04       		.byte	0x4
 397 00af 25       		.byte	0x25
 398 00b0 45000000 		.4byte	0x45
ARM GAS  /var/folders/qh/xwg3v3kj02qbxczjpdb8lzfr0000gn/T//cczlwBDD.s 			page 8


 399 00b4 03       		.uleb128 0x3
 400 00b5 05010000 		.4byte	.LASF16
 401 00b9 04       		.byte	0x4
 402 00ba 26       		.byte	0x26
 403 00bb 45000000 		.4byte	0x45
 404 00bf 03       		.uleb128 0x3
 405 00c0 2F030000 		.4byte	.LASF17
 406 00c4 04       		.byte	0x4
 407 00c5 27       		.byte	0x27
 408 00c6 45000000 		.4byte	0x45
 409 00ca 03       		.uleb128 0x3
 410 00cb D1000000 		.4byte	.LASF18
 411 00cf 04       		.byte	0x4
 412 00d0 28       		.byte	0x28
 413 00d1 45000000 		.4byte	0x45
 414 00d5 03       		.uleb128 0x3
 415 00d6 43030000 		.4byte	.LASF19
 416 00da 04       		.byte	0x4
 417 00db 29       		.byte	0x29
 418 00dc 77000000 		.4byte	0x77
 419 00e0 03       		.uleb128 0x3
 420 00e1 CD010000 		.4byte	.LASF20
 421 00e5 04       		.byte	0x4
 422 00e6 2A       		.byte	0x2a
 423 00e7 65000000 		.4byte	0x65
 424 00eb 03       		.uleb128 0x3
 425 00ec E7010000 		.4byte	.LASF21
 426 00f0 04       		.byte	0x4
 427 00f1 2C       		.byte	0x2c
 428 00f2 77000000 		.4byte	0x77
 429 00f6 03       		.uleb128 0x3
 430 00f7 FF030000 		.4byte	.LASF22
 431 00fb 04       		.byte	0x4
 432 00fc 2E       		.byte	0x2e
 433 00fd 77000000 		.4byte	0x77
 434 0101 03       		.uleb128 0x3
 435 0102 C7030000 		.4byte	.LASF23
 436 0106 05       		.byte	0x5
 437 0107 23       		.byte	0x23
 438 0108 0C010000 		.4byte	0x10c
 439 010c 05       		.uleb128 0x5
 440 010d C7030000 		.4byte	.LASF23
 441 0111 48       		.byte	0x48
 442 0112 06       		.byte	0x6
 443 0113 57       		.byte	0x57
 444 0114 09020000 		.4byte	0x209
 445 0118 06       		.uleb128 0x6
 446 0119 AB030000 		.4byte	.LASF24
 447 011d 06       		.byte	0x6
 448 011e 58       		.byte	0x58
 449 011f 2A020000 		.4byte	0x22a
 450 0123 00       		.byte	0
 451 0124 06       		.uleb128 0x6
 452 0125 3C030000 		.4byte	.LASF25
 453 0129 06       		.byte	0x6
 454 012a 5A       		.byte	0x5a
 455 012b 2A020000 		.4byte	0x22a
ARM GAS  /var/folders/qh/xwg3v3kj02qbxczjpdb8lzfr0000gn/T//cczlwBDD.s 			page 9


 456 012f 04       		.byte	0x4
 457 0130 06       		.uleb128 0x6
 458 0131 8F000000 		.4byte	.LASF26
 459 0135 06       		.byte	0x6
 460 0136 5C       		.byte	0x5c
 461 0137 D5000000 		.4byte	0xd5
 462 013b 08       		.byte	0x8
 463 013c 06       		.uleb128 0x6
 464 013d 82040000 		.4byte	.LASF27
 465 0141 06       		.byte	0x6
 466 0142 5D       		.byte	0x5d
 467 0143 E5020000 		.4byte	0x2e5
 468 0147 0C       		.byte	0xc
 469 0148 06       		.uleb128 0x6
 470 0149 16010000 		.4byte	.LASF28
 471 014d 06       		.byte	0x6
 472 014e 5F       		.byte	0x5f
 473 014f 2A020000 		.4byte	0x22a
 474 0153 10       		.byte	0x10
 475 0154 06       		.uleb128 0x6
 476 0155 F3020000 		.4byte	.LASF29
 477 0159 06       		.byte	0x6
 478 015a 60       		.byte	0x60
 479 015b 2A020000 		.4byte	0x22a
 480 015f 14       		.byte	0x14
 481 0160 06       		.uleb128 0x6
 482 0161 73040000 		.4byte	.LASF30
 483 0165 06       		.byte	0x6
 484 0166 67       		.byte	0x67
 485 0167 A5040000 		.4byte	0x4a5
 486 016b 18       		.byte	0x18
 487 016c 06       		.uleb128 0x6
 488 016d 86030000 		.4byte	.LASF31
 489 0171 06       		.byte	0x6
 490 0172 72       		.byte	0x72
 491 0173 B4000000 		.4byte	0xb4
 492 0177 1C       		.byte	0x1c
 493 0178 06       		.uleb128 0x6
 494 0179 B2030000 		.4byte	.LASF32
 495 017d 06       		.byte	0x6
 496 017e 76       		.byte	0x76
 497 017f A9000000 		.4byte	0xa9
 498 0183 1D       		.byte	0x1d
 499 0184 06       		.uleb128 0x6
 500 0185 46040000 		.4byte	.LASF33
 501 0189 06       		.byte	0x6
 502 018a 7B       		.byte	0x7b
 503 018b BF000000 		.4byte	0xbf
 504 018f 1E       		.byte	0x1e
 505 0190 06       		.uleb128 0x6
 506 0191 8E030000 		.4byte	.LASF34
 507 0195 06       		.byte	0x6
 508 0196 81       		.byte	0x81
 509 0197 CA000000 		.4byte	0xca
 510 019b 1F       		.byte	0x1f
 511 019c 06       		.uleb128 0x6
 512 019d 14040000 		.4byte	.LASF35
ARM GAS  /var/folders/qh/xwg3v3kj02qbxczjpdb8lzfr0000gn/T//cczlwBDD.s 			page 10


 513 01a1 06       		.byte	0x6
 514 01a2 88       		.byte	0x88
 515 01a3 0B030000 		.4byte	0x30b
 516 01a7 20       		.byte	0x20
 517 01a8 07       		.uleb128 0x7
 518 01a9 705F7500 		.ascii	"p_u\000"
 519 01ad 06       		.byte	0x6
 520 01ae AD       		.byte	0xad
 521 01af 70040000 		.4byte	0x470
 522 01b3 24       		.byte	0x24
 523 01b4 06       		.uleb128 0x6
 524 01b5 88040000 		.4byte	.LASF36
 525 01b9 06       		.byte	0x6
 526 01ba B2       		.byte	0xb2
 527 01bb 50020000 		.4byte	0x250
 528 01bf 28       		.byte	0x28
 529 01c0 06       		.uleb128 0x6
 530 01c1 22040000 		.4byte	.LASF37
 531 01c5 06       		.byte	0x6
 532 01c6 B8       		.byte	0xb8
 533 01c7 30020000 		.4byte	0x230
 534 01cb 2C       		.byte	0x2c
 535 01cc 06       		.uleb128 0x6
 536 01cd 08000000 		.4byte	.LASF38
 537 01d1 06       		.byte	0x6
 538 01d2 BC       		.byte	0xbc
 539 01d3 E0000000 		.4byte	0xe0
 540 01d7 34       		.byte	0x34
 541 01d8 06       		.uleb128 0x6
 542 01d9 DA030000 		.4byte	.LASF39
 543 01dd 06       		.byte	0x6
 544 01de C2       		.byte	0xc2
 545 01df EB000000 		.4byte	0xeb
 546 01e3 38       		.byte	0x38
 547 01e4 06       		.uleb128 0x6
 548 01e5 72030000 		.4byte	.LASF40
 549 01e9 06       		.byte	0x6
 550 01ea C9       		.byte	0xc9
 551 01eb B7040000 		.4byte	0x4b7
 552 01ef 3C       		.byte	0x3c
 553 01f0 06       		.uleb128 0x6
 554 01f1 09040000 		.4byte	.LASF41
 555 01f5 06       		.byte	0x6
 556 01f6 CD       		.byte	0xcd
 557 01f7 D5000000 		.4byte	0xd5
 558 01fb 40       		.byte	0x40
 559 01fc 06       		.uleb128 0x6
 560 01fd B6000000 		.4byte	.LASF42
 561 0201 06       		.byte	0x6
 562 0202 D3       		.byte	0xd3
 563 0203 66020000 		.4byte	0x266
 564 0207 44       		.byte	0x44
 565 0208 00       		.byte	0
 566 0209 08       		.uleb128 0x8
 567 020a 08       		.byte	0x8
 568 020b 05       		.byte	0x5
 569 020c 5A       		.byte	0x5a
ARM GAS  /var/folders/qh/xwg3v3kj02qbxczjpdb8lzfr0000gn/T//cczlwBDD.s 			page 11


 570 020d 2A020000 		.4byte	0x22a
 571 0211 06       		.uleb128 0x6
 572 0212 AB030000 		.4byte	.LASF24
 573 0216 05       		.byte	0x5
 574 0217 5B       		.byte	0x5b
 575 0218 2A020000 		.4byte	0x22a
 576 021c 00       		.byte	0
 577 021d 06       		.uleb128 0x6
 578 021e 3C030000 		.4byte	.LASF25
 579 0222 05       		.byte	0x5
 580 0223 5D       		.byte	0x5d
 581 0224 2A020000 		.4byte	0x22a
 582 0228 04       		.byte	0x4
 583 0229 00       		.byte	0
 584 022a 09       		.uleb128 0x9
 585 022b 04       		.byte	0x4
 586 022c 01010000 		.4byte	0x101
 587 0230 03       		.uleb128 0x3
 588 0231 FB020000 		.4byte	.LASF43
 589 0235 05       		.byte	0x5
 590 0236 5F       		.byte	0x5f
 591 0237 09020000 		.4byte	0x209
 592 023b 08       		.uleb128 0x8
 593 023c 04       		.byte	0x4
 594 023d 05       		.byte	0x5
 595 023e 64       		.byte	0x64
 596 023f 50020000 		.4byte	0x250
 597 0243 06       		.uleb128 0x6
 598 0244 AB030000 		.4byte	.LASF24
 599 0248 05       		.byte	0x5
 600 0249 66       		.byte	0x66
 601 024a 2A020000 		.4byte	0x22a
 602 024e 00       		.byte	0
 603 024f 00       		.byte	0
 604 0250 03       		.uleb128 0x3
 605 0251 DB010000 		.4byte	.LASF44
 606 0255 05       		.byte	0x5
 607 0256 69       		.byte	0x69
 608 0257 3B020000 		.4byte	0x23b
 609 025b 03       		.uleb128 0x3
 610 025c 44010000 		.4byte	.LASF45
 611 0260 07       		.byte	0x7
 612 0261 A0       		.byte	0xa0
 613 0262 66020000 		.4byte	0x266
 614 0266 0A       		.uleb128 0xa
 615 0267 04       		.byte	0x4
 616 0268 03       		.uleb128 0x3
 617 0269 05020000 		.4byte	.LASF46
 618 026d 07       		.byte	0x7
 619 026e A6       		.byte	0xa6
 620 026f 90000000 		.4byte	0x90
 621 0273 05       		.uleb128 0x5
 622 0274 1B040000 		.4byte	.LASF47
 623 0278 24       		.byte	0x24
 624 0279 07       		.byte	0x7
 625 027a B3       		.byte	0xb3
 626 027b E5020000 		.4byte	0x2e5
ARM GAS  /var/folders/qh/xwg3v3kj02qbxczjpdb8lzfr0000gn/T//cczlwBDD.s 			page 12


 627 027f 07       		.uleb128 0x7
 628 0280 723800   		.ascii	"r8\000"
 629 0283 07       		.byte	0x7
 630 0284 B4       		.byte	0xb4
 631 0285 5B020000 		.4byte	0x25b
 632 0289 00       		.byte	0
 633 028a 07       		.uleb128 0x7
 634 028b 723900   		.ascii	"r9\000"
 635 028e 07       		.byte	0x7
 636 028f B5       		.byte	0xb5
 637 0290 5B020000 		.4byte	0x25b
 638 0294 04       		.byte	0x4
 639 0295 07       		.uleb128 0x7
 640 0296 72313000 		.ascii	"r10\000"
 641 029a 07       		.byte	0x7
 642 029b B6       		.byte	0xb6
 643 029c 5B020000 		.4byte	0x25b
 644 02a0 08       		.byte	0x8
 645 02a1 07       		.uleb128 0x7
 646 02a2 72313100 		.ascii	"r11\000"
 647 02a6 07       		.byte	0x7
 648 02a7 B7       		.byte	0xb7
 649 02a8 5B020000 		.4byte	0x25b
 650 02ac 0C       		.byte	0xc
 651 02ad 07       		.uleb128 0x7
 652 02ae 723400   		.ascii	"r4\000"
 653 02b1 07       		.byte	0x7
 654 02b2 B8       		.byte	0xb8
 655 02b3 5B020000 		.4byte	0x25b
 656 02b7 10       		.byte	0x10
 657 02b8 07       		.uleb128 0x7
 658 02b9 723500   		.ascii	"r5\000"
 659 02bc 07       		.byte	0x7
 660 02bd B9       		.byte	0xb9
 661 02be 5B020000 		.4byte	0x25b
 662 02c2 14       		.byte	0x14
 663 02c3 07       		.uleb128 0x7
 664 02c4 723600   		.ascii	"r6\000"
 665 02c7 07       		.byte	0x7
 666 02c8 BA       		.byte	0xba
 667 02c9 5B020000 		.4byte	0x25b
 668 02cd 18       		.byte	0x18
 669 02ce 07       		.uleb128 0x7
 670 02cf 723700   		.ascii	"r7\000"
 671 02d2 07       		.byte	0x7
 672 02d3 BB       		.byte	0xbb
 673 02d4 5B020000 		.4byte	0x25b
 674 02d8 1C       		.byte	0x1c
 675 02d9 07       		.uleb128 0x7
 676 02da 6C7200   		.ascii	"lr\000"
 677 02dd 07       		.byte	0x7
 678 02de BC       		.byte	0xbc
 679 02df 5B020000 		.4byte	0x25b
 680 02e3 20       		.byte	0x20
 681 02e4 00       		.byte	0
 682 02e5 05       		.uleb128 0x5
 683 02e6 AD010000 		.4byte	.LASF48
ARM GAS  /var/folders/qh/xwg3v3kj02qbxczjpdb8lzfr0000gn/T//cczlwBDD.s 			page 13


 684 02ea 04       		.byte	0x4
 685 02eb 07       		.byte	0x7
 686 02ec C6       		.byte	0xc6
 687 02ed FE020000 		.4byte	0x2fe
 688 02f1 07       		.uleb128 0x7
 689 02f2 72313300 		.ascii	"r13\000"
 690 02f6 07       		.byte	0x7
 691 02f7 C7       		.byte	0xc7
 692 02f8 FE020000 		.4byte	0x2fe
 693 02fc 00       		.byte	0
 694 02fd 00       		.byte	0
 695 02fe 09       		.uleb128 0x9
 696 02ff 04       		.byte	0x4
 697 0300 73020000 		.4byte	0x273
 698 0304 04       		.uleb128 0x4
 699 0305 04       		.byte	0x4
 700 0306 07       		.byte	0x7
 701 0307 10020000 		.4byte	.LASF49
 702 030b 0B       		.uleb128 0xb
 703 030c F6000000 		.4byte	0xf6
 704 0310 05       		.uleb128 0x5
 705 0311 F3010000 		.4byte	.LASF50
 706 0315 10       		.byte	0x10
 707 0316 08       		.byte	0x8
 708 0317 25       		.byte	0x25
 709 0318 41030000 		.4byte	0x341
 710 031c 06       		.uleb128 0x6
 711 031d BE000000 		.4byte	.LASF51
 712 0321 08       		.byte	0x8
 713 0322 26       		.byte	0x26
 714 0323 30020000 		.4byte	0x230
 715 0327 00       		.byte	0
 716 0328 06       		.uleb128 0x6
 717 0329 7A040000 		.4byte	.LASF52
 718 032d 08       		.byte	0x8
 719 032e 28       		.byte	0x28
 720 032f 2A020000 		.4byte	0x22a
 721 0333 08       		.byte	0x8
 722 0334 06       		.uleb128 0x6
 723 0335 F8030000 		.4byte	.LASF53
 724 0339 08       		.byte	0x8
 725 033a 2A       		.byte	0x2a
 726 033b 41030000 		.4byte	0x341
 727 033f 0C       		.byte	0xc
 728 0340 00       		.byte	0
 729 0341 09       		.uleb128 0x9
 730 0342 04       		.byte	0x4
 731 0343 10030000 		.4byte	0x310
 732 0347 03       		.uleb128 0x3
 733 0348 F3010000 		.4byte	.LASF50
 734 034c 08       		.byte	0x8
 735 034d 2C       		.byte	0x2c
 736 034e 10030000 		.4byte	0x310
 737 0352 03       		.uleb128 0x3
 738 0353 50000000 		.4byte	.LASF54
 739 0357 09       		.byte	0x9
 740 0358 25       		.byte	0x25
ARM GAS  /var/folders/qh/xwg3v3kj02qbxczjpdb8lzfr0000gn/T//cczlwBDD.s 			page 14


 741 0359 5D030000 		.4byte	0x35d
 742 035d 09       		.uleb128 0x9
 743 035e 04       		.byte	0x4
 744 035f 63030000 		.4byte	0x363
 745 0363 0C       		.uleb128 0xc
 746 0364 66020000 		.4byte	0x266
 747 0368 72030000 		.4byte	0x372
 748 036c 0D       		.uleb128 0xd
 749 036d 2C000000 		.4byte	0x2c
 750 0371 00       		.byte	0
 751 0372 03       		.uleb128 0x3
 752 0373 1C030000 		.4byte	.LASF55
 753 0377 0A       		.byte	0xa
 754 0378 2D       		.byte	0x2d
 755 0379 7D030000 		.4byte	0x37d
 756 037d 05       		.uleb128 0x5
 757 037e 92040000 		.4byte	.LASF56
 758 0382 20       		.byte	0x20
 759 0383 0A       		.byte	0xa
 760 0384 40       		.byte	0x40
 761 0385 AE030000 		.4byte	0x3ae
 762 0389 06       		.uleb128 0x6
 763 038a 67030000 		.4byte	.LASF57
 764 038e 0A       		.byte	0xa
 765 038f 41       		.byte	0x41
 766 0390 52030000 		.4byte	0x352
 767 0394 00       		.byte	0
 768 0395 06       		.uleb128 0x6
 769 0396 7D000000 		.4byte	.LASF58
 770 039a 0A       		.byte	0xa
 771 039b 43       		.byte	0x43
 772 039c CD030000 		.4byte	0x3cd
 773 03a0 08       		.byte	0x8
 774 03a1 06       		.uleb128 0x6
 775 03a2 B0000000 		.4byte	.LASF59
 776 03a6 0A       		.byte	0xa
 777 03a7 45       		.byte	0x45
 778 03a8 47030000 		.4byte	0x347
 779 03ac 10       		.byte	0x10
 780 03ad 00       		.byte	0
 781 03ae 0E       		.uleb128 0xe
 782 03af 04       		.byte	0x4
 783 03b0 0A       		.byte	0xa
 784 03b1 35       		.byte	0x35
 785 03b2 CD030000 		.4byte	0x3cd
 786 03b6 0F       		.uleb128 0xf
 787 03b7 8A000000 		.4byte	.LASF60
 788 03bb 0A       		.byte	0xa
 789 03bc 36       		.byte	0x36
 790 03bd EE030000 		.4byte	0x3ee
 791 03c1 0F       		.uleb128 0xf
 792 03c2 EE030000 		.4byte	.LASF61
 793 03c6 0A       		.byte	0xa
 794 03c7 37       		.byte	0x37
 795 03c8 F4030000 		.4byte	0x3f4
 796 03cc 00       		.byte	0
 797 03cd 10       		.uleb128 0x10
ARM GAS  /var/folders/qh/xwg3v3kj02qbxczjpdb8lzfr0000gn/T//cczlwBDD.s 			page 15


 798 03ce 98030000 		.4byte	.LASF91
 799 03d2 08       		.byte	0x8
 800 03d3 0A       		.byte	0xa
 801 03d4 32       		.byte	0x32
 802 03d5 EE030000 		.4byte	0x3ee
 803 03d9 0F       		.uleb128 0xf
 804 03da 4D010000 		.4byte	.LASF62
 805 03de 0A       		.byte	0xa
 806 03df 33       		.byte	0x33
 807 03e0 68020000 		.4byte	0x268
 808 03e4 11       		.uleb128 0x11
 809 03e5 6800     		.ascii	"h\000"
 810 03e7 0A       		.byte	0xa
 811 03e8 3A       		.byte	0x3a
 812 03e9 FA030000 		.4byte	0x3fa
 813 03ed 00       		.byte	0
 814 03ee 09       		.uleb128 0x9
 815 03ef 04       		.byte	0x4
 816 03f0 CD030000 		.4byte	0x3cd
 817 03f4 09       		.uleb128 0x9
 818 03f5 04       		.byte	0x4
 819 03f6 72030000 		.4byte	0x372
 820 03fa 08       		.uleb128 0x8
 821 03fb 08       		.byte	0x8
 822 03fc 0A       		.byte	0xa
 823 03fd 34       		.byte	0x34
 824 03fe 19040000 		.4byte	0x419
 825 0402 07       		.uleb128 0x7
 826 0403 7500     		.ascii	"u\000"
 827 0405 0A       		.byte	0xa
 828 0406 38       		.byte	0x38
 829 0407 AE030000 		.4byte	0x3ae
 830 040b 00       		.byte	0
 831 040c 06       		.uleb128 0x6
 832 040d B5010000 		.4byte	.LASF63
 833 0411 0A       		.byte	0xa
 834 0412 39       		.byte	0x39
 835 0413 2C000000 		.4byte	0x2c
 836 0417 04       		.byte	0x4
 837 0418 00       		.byte	0
 838 0419 05       		.uleb128 0x5
 839 041a 3A040000 		.4byte	.LASF64
 840 041e 04       		.byte	0x4
 841 041f 0B       		.byte	0xb
 842 0420 25       		.byte	0x25
 843 0421 32040000 		.4byte	0x432
 844 0425 06       		.uleb128 0x6
 845 0426 27030000 		.4byte	.LASF65
 846 042a 0B       		.byte	0xb
 847 042b 26       		.byte	0x26
 848 042c 32040000 		.4byte	0x432
 849 0430 00       		.byte	0
 850 0431 00       		.byte	0
 851 0432 09       		.uleb128 0x9
 852 0433 04       		.byte	0x4
 853 0434 19040000 		.4byte	0x419
 854 0438 08       		.uleb128 0x8
ARM GAS  /var/folders/qh/xwg3v3kj02qbxczjpdb8lzfr0000gn/T//cczlwBDD.s 			page 16


 855 0439 0C       		.byte	0xc
 856 043a 0B       		.byte	0xb
 857 043b 2D       		.byte	0x2d
 858 043c 65040000 		.4byte	0x465
 859 0440 06       		.uleb128 0x6
 860 0441 0E010000 		.4byte	.LASF66
 861 0445 0B       		.byte	0xb
 862 0446 2E       		.byte	0x2e
 863 0447 32040000 		.4byte	0x432
 864 044b 00       		.byte	0
 865 044c 06       		.uleb128 0x6
 866 044d 08030000 		.4byte	.LASF67
 867 0451 0B       		.byte	0xb
 868 0452 2F       		.byte	0x2f
 869 0453 2C000000 		.4byte	0x2c
 870 0457 04       		.byte	0x4
 871 0458 06       		.uleb128 0x6
 872 0459 38010000 		.4byte	.LASF68
 873 045d 0B       		.byte	0xb
 874 045e 31       		.byte	0x31
 875 045f 52030000 		.4byte	0x352
 876 0463 08       		.byte	0x8
 877 0464 00       		.byte	0
 878 0465 03       		.uleb128 0x3
 879 0466 45000000 		.4byte	.LASF69
 880 046a 0B       		.byte	0xb
 881 046b 33       		.byte	0x33
 882 046c 38040000 		.4byte	0x438
 883 0470 0E       		.uleb128 0xe
 884 0471 04       		.byte	0x4
 885 0472 06       		.byte	0x6
 886 0473 8F       		.byte	0x8f
 887 0474 A5040000 		.4byte	0x4a5
 888 0478 0F       		.uleb128 0xf
 889 0479 35000000 		.4byte	.LASF70
 890 047d 06       		.byte	0x6
 891 047e 96       		.byte	0x96
 892 047f E0000000 		.4byte	0xe0
 893 0483 0F       		.uleb128 0xf
 894 0484 74000000 		.4byte	.LASF71
 895 0488 06       		.byte	0x6
 896 0489 9D       		.byte	0x9d
 897 048a E0000000 		.4byte	0xe0
 898 048e 0F       		.uleb128 0xf
 899 048f 6C040000 		.4byte	.LASF72
 900 0493 06       		.byte	0x6
 901 0494 A4       		.byte	0xa4
 902 0495 66020000 		.4byte	0x266
 903 0499 0F       		.uleb128 0xf
 904 049a A4030000 		.4byte	.LASF73
 905 049e 06       		.byte	0x6
 906 049f AB       		.byte	0xab
 907 04a0 EB000000 		.4byte	0xeb
 908 04a4 00       		.byte	0
 909 04a5 09       		.uleb128 0x9
 910 04a6 04       		.byte	0x4
 911 04a7 AB040000 		.4byte	0x4ab
ARM GAS  /var/folders/qh/xwg3v3kj02qbxczjpdb8lzfr0000gn/T//cczlwBDD.s 			page 17


 912 04ab 12       		.uleb128 0x12
 913 04ac B0040000 		.4byte	0x4b0
 914 04b0 04       		.uleb128 0x4
 915 04b1 01       		.byte	0x1
 916 04b2 08       		.byte	0x8
 917 04b3 F3030000 		.4byte	.LASF74
 918 04b7 09       		.uleb128 0x9
 919 04b8 04       		.byte	0x4
 920 04b9 47030000 		.4byte	0x347
 921 04bd 03       		.uleb128 0x3
 922 04be 00000000 		.4byte	.LASF75
 923 04c2 06       		.byte	0x6
 924 04c3 DE       		.byte	0xde
 925 04c4 C8040000 		.4byte	0x4c8
 926 04c8 09       		.uleb128 0x9
 927 04c9 04       		.byte	0x4
 928 04ca CE040000 		.4byte	0x4ce
 929 04ce 0C       		.uleb128 0xc
 930 04cf E0000000 		.4byte	0xe0
 931 04d3 DD040000 		.4byte	0x4dd
 932 04d7 0D       		.uleb128 0xd
 933 04d8 66020000 		.4byte	0x266
 934 04dc 00       		.byte	0
 935 04dd 13       		.uleb128 0x13
 936 04de F9010000 		.4byte	.LASF76
 937 04e2 01       		.byte	0x1
 938 04e3 2D       		.byte	0x2d
 939 04e4 2A020000 		.4byte	0x22a
 940 04e8 00000000 		.4byte	.LFB7
 941 04ec 0C000000 		.4byte	.LFE7-.LFB7
 942 04f0 01       		.uleb128 0x1
 943 04f1 9C       		.byte	0x9c
 944 04f2 03050000 		.4byte	0x503
 945 04f6 14       		.uleb128 0x14
 946 04f7 747000   		.ascii	"tp\000"
 947 04fa 01       		.byte	0x1
 948 04fb 2D       		.byte	0x2d
 949 04fc 2A020000 		.4byte	0x22a
 950 0500 01       		.uleb128 0x1
 951 0501 50       		.byte	0x50
 952 0502 00       		.byte	0
 953 0503 15       		.uleb128 0x15
 954 0504 BA030000 		.4byte	.LASF92
 955 0508 01       		.byte	0x1
 956 0509 43       		.byte	0x43
 957 050a 00000000 		.4byte	.LFB8
 958 050e 4C000000 		.4byte	.LFE8-.LFB8
 959 0512 01       		.uleb128 0x1
 960 0513 9C       		.byte	0x9c
 961 0514 50050000 		.4byte	0x550
 962 0518 16       		.uleb128 0x16
 963 0519 747000   		.ascii	"tp\000"
 964 051c 01       		.byte	0x1
 965 051d 43       		.byte	0x43
 966 051e 2A020000 		.4byte	0x22a
 967 0522 00000000 		.4byte	.LLST0
 968 0526 17       		.uleb128 0x17
ARM GAS  /var/folders/qh/xwg3v3kj02qbxczjpdb8lzfr0000gn/T//cczlwBDD.s 			page 18


 969 0527 37030000 		.4byte	.LASF80
 970 052b 01       		.byte	0x1
 971 052c 44       		.byte	0x44
 972 052d BF000000 		.4byte	0xbf
 973 0531 5E000000 		.4byte	.LLST1
 974 0535 18       		.uleb128 0x18
 975 0536 3A000000 		.4byte	.LVL7
 976 053a E9060000 		.4byte	0x6e9
 977 053e 19       		.uleb128 0x19
 978 053f 4A000000 		.4byte	.LVL9
 979 0543 FF060000 		.4byte	0x6ff
 980 0547 1A       		.uleb128 0x1a
 981 0548 01       		.uleb128 0x1
 982 0549 50       		.byte	0x50
 983 054a 03       		.uleb128 0x3
 984 054b F3       		.byte	0xf3
 985 054c 01       		.uleb128 0x1
 986 054d 50       		.byte	0x50
 987 054e 00       		.byte	0
 988 054f 00       		.byte	0
 989 0550 13       		.uleb128 0x13
 990 0551 F1000000 		.4byte	.LASF77
 991 0555 01       		.byte	0x1
 992 0556 7B       		.byte	0x7b
 993 0557 2A020000 		.4byte	0x22a
 994 055b 00000000 		.4byte	.LFB9
 995 055f 3A000000 		.4byte	.LFE9-.LFB9
 996 0563 01       		.uleb128 0x1
 997 0564 9C       		.byte	0x9c
 998 0565 28060000 		.4byte	0x628
 999 0569 1B       		.uleb128 0x1b
 1000 056a 84000000 		.4byte	.LASF78
 1001 056e 01       		.byte	0x1
 1002 056f 7B       		.byte	0x7b
 1003 0570 F4030000 		.4byte	0x3f4
 1004 0574 71000000 		.4byte	.LLST2
 1005 0578 1B       		.uleb128 0x1b
 1006 0579 B5010000 		.4byte	.LASF63
 1007 057d 01       		.byte	0x1
 1008 057e 7B       		.byte	0x7b
 1009 057f 2C000000 		.4byte	0x2c
 1010 0583 92000000 		.4byte	.LLST3
 1011 0587 1B       		.uleb128 0x1b
 1012 0588 17030000 		.4byte	.LASF79
 1013 058c 01       		.byte	0x1
 1014 058d 7C       		.byte	0x7c
 1015 058e D5000000 		.4byte	0xd5
 1016 0592 C9000000 		.4byte	.LLST4
 1017 0596 16       		.uleb128 0x16
 1018 0597 706600   		.ascii	"pf\000"
 1019 059a 01       		.byte	0x1
 1020 059b 7C       		.byte	0x7c
 1021 059c BD040000 		.4byte	0x4bd
 1022 05a0 00010000 		.4byte	.LLST5
 1023 05a4 14       		.uleb128 0x14
 1024 05a5 61726700 		.ascii	"arg\000"
 1025 05a9 01       		.byte	0x1
ARM GAS  /var/folders/qh/xwg3v3kj02qbxczjpdb8lzfr0000gn/T//cczlwBDD.s 			page 19


 1026 05aa 7C       		.byte	0x7c
 1027 05ab 66020000 		.4byte	0x266
 1028 05af 02       		.uleb128 0x2
 1029 05b0 91       		.byte	0x91
 1030 05b1 00       		.sleb128 0
 1031 05b2 1C       		.uleb128 0x1c
 1032 05b3 77737000 		.ascii	"wsp\000"
 1033 05b7 01       		.byte	0x1
 1034 05b8 7D       		.byte	0x7d
 1035 05b9 66020000 		.4byte	0x266
 1036 05bd 37010000 		.4byte	.LLST6
 1037 05c1 1C       		.uleb128 0x1c
 1038 05c2 747000   		.ascii	"tp\000"
 1039 05c5 01       		.byte	0x1
 1040 05c6 7E       		.byte	0x7e
 1041 05c7 2A020000 		.4byte	0x22a
 1042 05cb 55010000 		.4byte	.LLST7
 1043 05cf 1D       		.uleb128 0x1d
 1044 05d0 0E000000 		.4byte	.LVL11
 1045 05d4 10070000 		.4byte	0x710
 1046 05d8 EA050000 		.4byte	0x5ea
 1047 05dc 1A       		.uleb128 0x1a
 1048 05dd 01       		.uleb128 0x1
 1049 05de 51       		.byte	0x51
 1050 05df 02       		.uleb128 0x2
 1051 05e0 74       		.byte	0x74
 1052 05e1 00       		.sleb128 0
 1053 05e2 1A       		.uleb128 0x1a
 1054 05e3 01       		.uleb128 0x1
 1055 05e4 50       		.byte	0x50
 1056 05e5 03       		.uleb128 0x3
 1057 05e6 F3       		.byte	0xf3
 1058 05e7 01       		.uleb128 0x1
 1059 05e8 50       		.byte	0x50
 1060 05e9 00       		.byte	0
 1061 05ea 1D       		.uleb128 0x1d
 1062 05eb 22000000 		.4byte	.LVL12
 1063 05ef 2A070000 		.4byte	0x72a
 1064 05f3 12060000 		.4byte	0x612
 1065 05f7 1A       		.uleb128 0x1a
 1066 05f8 01       		.uleb128 0x1
 1067 05f9 53       		.byte	0x53
 1068 05fa 02       		.uleb128 0x2
 1069 05fb 75       		.byte	0x75
 1070 05fc 00       		.sleb128 0
 1071 05fd 1A       		.uleb128 0x1a
 1072 05fe 01       		.uleb128 0x1
 1073 05ff 52       		.byte	0x52
 1074 0600 02       		.uleb128 0x2
 1075 0601 76       		.byte	0x76
 1076 0602 00       		.sleb128 0
 1077 0603 1A       		.uleb128 0x1a
 1078 0604 01       		.uleb128 0x1
 1079 0605 51       		.byte	0x51
 1080 0606 02       		.uleb128 0x2
 1081 0607 74       		.byte	0x74
 1082 0608 00       		.sleb128 0
ARM GAS  /var/folders/qh/xwg3v3kj02qbxczjpdb8lzfr0000gn/T//cczlwBDD.s 			page 20


 1083 0609 1A       		.uleb128 0x1a
 1084 060a 02       		.uleb128 0x2
 1085 060b 7D       		.byte	0x7d
 1086 060c 00       		.sleb128 0
 1087 060d 03       		.uleb128 0x3
 1088 060e 91       		.byte	0x91
 1089 060f 00       		.sleb128 0
 1090 0610 06       		.byte	0x6
 1091 0611 00       		.byte	0
 1092 0612 19       		.uleb128 0x19
 1093 0613 2E000000 		.4byte	.LVL14
 1094 0617 54070000 		.4byte	0x754
 1095 061b 1A       		.uleb128 0x1a
 1096 061c 01       		.uleb128 0x1
 1097 061d 51       		.byte	0x51
 1098 061e 01       		.uleb128 0x1
 1099 061f 30       		.byte	0x30
 1100 0620 1A       		.uleb128 0x1a
 1101 0621 01       		.uleb128 0x1
 1102 0622 50       		.byte	0x50
 1103 0623 02       		.uleb128 0x2
 1104 0624 74       		.byte	0x74
 1105 0625 00       		.sleb128 0
 1106 0626 00       		.byte	0
 1107 0627 00       		.byte	0
 1108 0628 13       		.uleb128 0x13
 1109 0629 1E010000 		.4byte	.LASF81
 1110 062d 01       		.byte	0x1
 1111 062e AC       		.byte	0xac
 1112 062f 2A020000 		.4byte	0x22a
 1113 0633 00000000 		.4byte	.LFB10
 1114 0637 3C000000 		.4byte	.LFE10-.LFB10
 1115 063b 01       		.uleb128 0x1
 1116 063c 9C       		.byte	0x9c
 1117 063d E3060000 		.4byte	0x6e3
 1118 0641 16       		.uleb128 0x16
 1119 0642 6D7000   		.ascii	"mp\000"
 1120 0645 01       		.byte	0x1
 1121 0646 AC       		.byte	0xac
 1122 0647 E3060000 		.4byte	0x6e3
 1123 064b 73010000 		.4byte	.LLST8
 1124 064f 1B       		.uleb128 0x1b
 1125 0650 17030000 		.4byte	.LASF79
 1126 0654 01       		.byte	0x1
 1127 0655 AC       		.byte	0xac
 1128 0656 D5000000 		.4byte	0xd5
 1129 065a AA010000 		.4byte	.LLST9
 1130 065e 16       		.uleb128 0x16
 1131 065f 706600   		.ascii	"pf\000"
 1132 0662 01       		.byte	0x1
 1133 0663 AD       		.byte	0xad
 1134 0664 BD040000 		.4byte	0x4bd
 1135 0668 E1010000 		.4byte	.LLST10
 1136 066c 16       		.uleb128 0x16
 1137 066d 61726700 		.ascii	"arg\000"
 1138 0671 01       		.byte	0x1
 1139 0672 AD       		.byte	0xad
ARM GAS  /var/folders/qh/xwg3v3kj02qbxczjpdb8lzfr0000gn/T//cczlwBDD.s 			page 21


 1140 0673 66020000 		.4byte	0x266
 1141 0677 18020000 		.4byte	.LLST11
 1142 067b 1C       		.uleb128 0x1c
 1143 067c 77737000 		.ascii	"wsp\000"
 1144 0680 01       		.byte	0x1
 1145 0681 AE       		.byte	0xae
 1146 0682 66020000 		.4byte	0x266
 1147 0686 4F020000 		.4byte	.LLST12
 1148 068a 1C       		.uleb128 0x1c
 1149 068b 747000   		.ascii	"tp\000"
 1150 068e 01       		.byte	0x1
 1151 068f AF       		.byte	0xaf
 1152 0690 2A020000 		.4byte	0x22a
 1153 0694 6D020000 		.4byte	.LLST13
 1154 0698 1D       		.uleb128 0x1d
 1155 0699 10000000 		.4byte	.LVL21
 1156 069d 6A070000 		.4byte	0x76a
 1157 06a1 AC060000 		.4byte	0x6ac
 1158 06a5 1A       		.uleb128 0x1a
 1159 06a6 01       		.uleb128 0x1
 1160 06a7 50       		.byte	0x50
 1161 06a8 02       		.uleb128 0x2
 1162 06a9 75       		.byte	0x75
 1163 06aa 00       		.sleb128 0
 1164 06ab 00       		.byte	0
 1165 06ac 1D       		.uleb128 0x1d
 1166 06ad 22000000 		.4byte	.LVL22
 1167 06b1 2A070000 		.4byte	0x72a
 1168 06b5 CD060000 		.4byte	0x6cd
 1169 06b9 1A       		.uleb128 0x1a
 1170 06ba 01       		.uleb128 0x1
 1171 06bb 53       		.byte	0x53
 1172 06bc 02       		.uleb128 0x2
 1173 06bd 74       		.byte	0x74
 1174 06be 00       		.sleb128 0
 1175 06bf 1A       		.uleb128 0x1a
 1176 06c0 01       		.uleb128 0x1
 1177 06c1 52       		.byte	0x52
 1178 06c2 02       		.uleb128 0x2
 1179 06c3 76       		.byte	0x76
 1180 06c4 00       		.sleb128 0
 1181 06c5 1A       		.uleb128 0x1a
 1182 06c6 02       		.uleb128 0x2
 1183 06c7 7D       		.byte	0x7d
 1184 06c8 00       		.sleb128 0
 1185 06c9 02       		.uleb128 0x2
 1186 06ca 77       		.byte	0x77
 1187 06cb 00       		.sleb128 0
 1188 06cc 00       		.byte	0
 1189 06cd 19       		.uleb128 0x19
 1190 06ce 30000000 		.4byte	.LVL24
 1191 06d2 54070000 		.4byte	0x754
 1192 06d6 1A       		.uleb128 0x1a
 1193 06d7 01       		.uleb128 0x1
 1194 06d8 51       		.byte	0x51
 1195 06d9 01       		.uleb128 0x1
 1196 06da 30       		.byte	0x30
ARM GAS  /var/folders/qh/xwg3v3kj02qbxczjpdb8lzfr0000gn/T//cczlwBDD.s 			page 22


 1197 06db 1A       		.uleb128 0x1a
 1198 06dc 01       		.uleb128 0x1
 1199 06dd 50       		.byte	0x50
 1200 06de 02       		.uleb128 0x2
 1201 06df 74       		.byte	0x74
 1202 06e0 00       		.sleb128 0
 1203 06e1 00       		.byte	0
 1204 06e2 00       		.byte	0
 1205 06e3 09       		.uleb128 0x9
 1206 06e4 04       		.byte	0x4
 1207 06e5 65040000 		.4byte	0x465
 1208 06e9 1E       		.uleb128 0x1e
 1209 06ea 61040000 		.4byte	.LASF82
 1210 06ee 0B       		.byte	0xb
 1211 06ef 7D       		.byte	0x7d
 1212 06f0 FF060000 		.4byte	0x6ff
 1213 06f4 0D       		.uleb128 0xd
 1214 06f5 E3060000 		.4byte	0x6e3
 1215 06f9 0D       		.uleb128 0xd
 1216 06fa 66020000 		.4byte	0x266
 1217 06fe 00       		.byte	0
 1218 06ff 1E       		.uleb128 0x1e
 1219 0700 C6000000 		.4byte	.LASF83
 1220 0704 0A       		.byte	0xa
 1221 0705 53       		.byte	0x53
 1222 0706 10070000 		.4byte	0x710
 1223 070a 0D       		.uleb128 0xd
 1224 070b 66020000 		.4byte	0x266
 1225 070f 00       		.byte	0
 1226 0710 1F       		.uleb128 0x1f
 1227 0711 CE030000 		.4byte	.LASF84
 1228 0715 0A       		.byte	0xa
 1229 0716 52       		.byte	0x52
 1230 0717 66020000 		.4byte	0x266
 1231 071b 2A070000 		.4byte	0x72a
 1232 071f 0D       		.uleb128 0xd
 1233 0720 F4030000 		.4byte	0x3f4
 1234 0724 0D       		.uleb128 0xd
 1235 0725 2C000000 		.4byte	0x2c
 1236 0729 00       		.byte	0
 1237 072a 20       		.uleb128 0x20
 1238 072b DB000000 		.4byte	.LASF85
 1239 072f 06       		.byte	0x6
 1240 0730 6701     		.2byte	0x167
 1241 0732 2A020000 		.4byte	0x22a
 1242 0736 54070000 		.4byte	0x754
 1243 073a 0D       		.uleb128 0xd
 1244 073b 66020000 		.4byte	0x266
 1245 073f 0D       		.uleb128 0xd
 1246 0740 2C000000 		.4byte	0x2c
 1247 0744 0D       		.uleb128 0xd
 1248 0745 D5000000 		.4byte	0xd5
 1249 0749 0D       		.uleb128 0xd
 1250 074a BD040000 		.4byte	0x4bd
 1251 074e 0D       		.uleb128 0xd
 1252 074f 66020000 		.4byte	0x266
 1253 0753 00       		.byte	0
ARM GAS  /var/folders/qh/xwg3v3kj02qbxczjpdb8lzfr0000gn/T//cczlwBDD.s 			page 23


 1254 0754 1E       		.uleb128 0x1e
 1255 0755 2D040000 		.4byte	.LASF86
 1256 0759 0C       		.byte	0xc
 1257 075a 92       		.byte	0x92
 1258 075b 6A070000 		.4byte	0x76a
 1259 075f 0D       		.uleb128 0xd
 1260 0760 2A020000 		.4byte	0x22a
 1261 0764 0D       		.uleb128 0xd
 1262 0765 E0000000 		.4byte	0xe0
 1263 0769 00       		.byte	0
 1264 076a 21       		.uleb128 0x21
 1265 076b 55040000 		.4byte	.LASF87
 1266 076f 0B       		.byte	0xb
 1267 0770 7B       		.byte	0x7b
 1268 0771 66020000 		.4byte	0x266
 1269 0775 0D       		.uleb128 0xd
 1270 0776 E3060000 		.4byte	0x6e3
 1271 077a 00       		.byte	0
 1272 077b 00       		.byte	0
 1273              		.section	.debug_abbrev,"",%progbits
 1274              	.Ldebug_abbrev0:
 1275 0000 01       		.uleb128 0x1
 1276 0001 11       		.uleb128 0x11
 1277 0002 01       		.byte	0x1
 1278 0003 25       		.uleb128 0x25
 1279 0004 0E       		.uleb128 0xe
 1280 0005 13       		.uleb128 0x13
 1281 0006 0B       		.uleb128 0xb
 1282 0007 03       		.uleb128 0x3
 1283 0008 0E       		.uleb128 0xe
 1284 0009 1B       		.uleb128 0x1b
 1285 000a 0E       		.uleb128 0xe
 1286 000b 55       		.uleb128 0x55
 1287 000c 17       		.uleb128 0x17
 1288 000d 11       		.uleb128 0x11
 1289 000e 01       		.uleb128 0x1
 1290 000f 10       		.uleb128 0x10
 1291 0010 17       		.uleb128 0x17
 1292 0011 00       		.byte	0
 1293 0012 00       		.byte	0
 1294 0013 02       		.uleb128 0x2
 1295 0014 24       		.uleb128 0x24
 1296 0015 00       		.byte	0
 1297 0016 0B       		.uleb128 0xb
 1298 0017 0B       		.uleb128 0xb
 1299 0018 3E       		.uleb128 0x3e
 1300 0019 0B       		.uleb128 0xb
 1301 001a 03       		.uleb128 0x3
 1302 001b 08       		.uleb128 0x8
 1303 001c 00       		.byte	0
 1304 001d 00       		.byte	0
 1305 001e 03       		.uleb128 0x3
 1306 001f 16       		.uleb128 0x16
 1307 0020 00       		.byte	0
 1308 0021 03       		.uleb128 0x3
 1309 0022 0E       		.uleb128 0xe
 1310 0023 3A       		.uleb128 0x3a
ARM GAS  /var/folders/qh/xwg3v3kj02qbxczjpdb8lzfr0000gn/T//cczlwBDD.s 			page 24


 1311 0024 0B       		.uleb128 0xb
 1312 0025 3B       		.uleb128 0x3b
 1313 0026 0B       		.uleb128 0xb
 1314 0027 49       		.uleb128 0x49
 1315 0028 13       		.uleb128 0x13
 1316 0029 00       		.byte	0
 1317 002a 00       		.byte	0
 1318 002b 04       		.uleb128 0x4
 1319 002c 24       		.uleb128 0x24
 1320 002d 00       		.byte	0
 1321 002e 0B       		.uleb128 0xb
 1322 002f 0B       		.uleb128 0xb
 1323 0030 3E       		.uleb128 0x3e
 1324 0031 0B       		.uleb128 0xb
 1325 0032 03       		.uleb128 0x3
 1326 0033 0E       		.uleb128 0xe
 1327 0034 00       		.byte	0
 1328 0035 00       		.byte	0
 1329 0036 05       		.uleb128 0x5
 1330 0037 13       		.uleb128 0x13
 1331 0038 01       		.byte	0x1
 1332 0039 03       		.uleb128 0x3
 1333 003a 0E       		.uleb128 0xe
 1334 003b 0B       		.uleb128 0xb
 1335 003c 0B       		.uleb128 0xb
 1336 003d 3A       		.uleb128 0x3a
 1337 003e 0B       		.uleb128 0xb
 1338 003f 3B       		.uleb128 0x3b
 1339 0040 0B       		.uleb128 0xb
 1340 0041 01       		.uleb128 0x1
 1341 0042 13       		.uleb128 0x13
 1342 0043 00       		.byte	0
 1343 0044 00       		.byte	0
 1344 0045 06       		.uleb128 0x6
 1345 0046 0D       		.uleb128 0xd
 1346 0047 00       		.byte	0
 1347 0048 03       		.uleb128 0x3
 1348 0049 0E       		.uleb128 0xe
 1349 004a 3A       		.uleb128 0x3a
 1350 004b 0B       		.uleb128 0xb
 1351 004c 3B       		.uleb128 0x3b
 1352 004d 0B       		.uleb128 0xb
 1353 004e 49       		.uleb128 0x49
 1354 004f 13       		.uleb128 0x13
 1355 0050 38       		.uleb128 0x38
 1356 0051 0B       		.uleb128 0xb
 1357 0052 00       		.byte	0
 1358 0053 00       		.byte	0
 1359 0054 07       		.uleb128 0x7
 1360 0055 0D       		.uleb128 0xd
 1361 0056 00       		.byte	0
 1362 0057 03       		.uleb128 0x3
 1363 0058 08       		.uleb128 0x8
 1364 0059 3A       		.uleb128 0x3a
 1365 005a 0B       		.uleb128 0xb
 1366 005b 3B       		.uleb128 0x3b
 1367 005c 0B       		.uleb128 0xb
ARM GAS  /var/folders/qh/xwg3v3kj02qbxczjpdb8lzfr0000gn/T//cczlwBDD.s 			page 25


 1368 005d 49       		.uleb128 0x49
 1369 005e 13       		.uleb128 0x13
 1370 005f 38       		.uleb128 0x38
 1371 0060 0B       		.uleb128 0xb
 1372 0061 00       		.byte	0
 1373 0062 00       		.byte	0
 1374 0063 08       		.uleb128 0x8
 1375 0064 13       		.uleb128 0x13
 1376 0065 01       		.byte	0x1
 1377 0066 0B       		.uleb128 0xb
 1378 0067 0B       		.uleb128 0xb
 1379 0068 3A       		.uleb128 0x3a
 1380 0069 0B       		.uleb128 0xb
 1381 006a 3B       		.uleb128 0x3b
 1382 006b 0B       		.uleb128 0xb
 1383 006c 01       		.uleb128 0x1
 1384 006d 13       		.uleb128 0x13
 1385 006e 00       		.byte	0
 1386 006f 00       		.byte	0
 1387 0070 09       		.uleb128 0x9
 1388 0071 0F       		.uleb128 0xf
 1389 0072 00       		.byte	0
 1390 0073 0B       		.uleb128 0xb
 1391 0074 0B       		.uleb128 0xb
 1392 0075 49       		.uleb128 0x49
 1393 0076 13       		.uleb128 0x13
 1394 0077 00       		.byte	0
 1395 0078 00       		.byte	0
 1396 0079 0A       		.uleb128 0xa
 1397 007a 0F       		.uleb128 0xf
 1398 007b 00       		.byte	0
 1399 007c 0B       		.uleb128 0xb
 1400 007d 0B       		.uleb128 0xb
 1401 007e 00       		.byte	0
 1402 007f 00       		.byte	0
 1403 0080 0B       		.uleb128 0xb
 1404 0081 35       		.uleb128 0x35
 1405 0082 00       		.byte	0
 1406 0083 49       		.uleb128 0x49
 1407 0084 13       		.uleb128 0x13
 1408 0085 00       		.byte	0
 1409 0086 00       		.byte	0
 1410 0087 0C       		.uleb128 0xc
 1411 0088 15       		.uleb128 0x15
 1412 0089 01       		.byte	0x1
 1413 008a 27       		.uleb128 0x27
 1414 008b 19       		.uleb128 0x19
 1415 008c 49       		.uleb128 0x49
 1416 008d 13       		.uleb128 0x13
 1417 008e 01       		.uleb128 0x1
 1418 008f 13       		.uleb128 0x13
 1419 0090 00       		.byte	0
 1420 0091 00       		.byte	0
 1421 0092 0D       		.uleb128 0xd
 1422 0093 05       		.uleb128 0x5
 1423 0094 00       		.byte	0
 1424 0095 49       		.uleb128 0x49
ARM GAS  /var/folders/qh/xwg3v3kj02qbxczjpdb8lzfr0000gn/T//cczlwBDD.s 			page 26


 1425 0096 13       		.uleb128 0x13
 1426 0097 00       		.byte	0
 1427 0098 00       		.byte	0
 1428 0099 0E       		.uleb128 0xe
 1429 009a 17       		.uleb128 0x17
 1430 009b 01       		.byte	0x1
 1431 009c 0B       		.uleb128 0xb
 1432 009d 0B       		.uleb128 0xb
 1433 009e 3A       		.uleb128 0x3a
 1434 009f 0B       		.uleb128 0xb
 1435 00a0 3B       		.uleb128 0x3b
 1436 00a1 0B       		.uleb128 0xb
 1437 00a2 01       		.uleb128 0x1
 1438 00a3 13       		.uleb128 0x13
 1439 00a4 00       		.byte	0
 1440 00a5 00       		.byte	0
 1441 00a6 0F       		.uleb128 0xf
 1442 00a7 0D       		.uleb128 0xd
 1443 00a8 00       		.byte	0
 1444 00a9 03       		.uleb128 0x3
 1445 00aa 0E       		.uleb128 0xe
 1446 00ab 3A       		.uleb128 0x3a
 1447 00ac 0B       		.uleb128 0xb
 1448 00ad 3B       		.uleb128 0x3b
 1449 00ae 0B       		.uleb128 0xb
 1450 00af 49       		.uleb128 0x49
 1451 00b0 13       		.uleb128 0x13
 1452 00b1 00       		.byte	0
 1453 00b2 00       		.byte	0
 1454 00b3 10       		.uleb128 0x10
 1455 00b4 17       		.uleb128 0x17
 1456 00b5 01       		.byte	0x1
 1457 00b6 03       		.uleb128 0x3
 1458 00b7 0E       		.uleb128 0xe
 1459 00b8 0B       		.uleb128 0xb
 1460 00b9 0B       		.uleb128 0xb
 1461 00ba 3A       		.uleb128 0x3a
 1462 00bb 0B       		.uleb128 0xb
 1463 00bc 3B       		.uleb128 0x3b
 1464 00bd 0B       		.uleb128 0xb
 1465 00be 01       		.uleb128 0x1
 1466 00bf 13       		.uleb128 0x13
 1467 00c0 00       		.byte	0
 1468 00c1 00       		.byte	0
 1469 00c2 11       		.uleb128 0x11
 1470 00c3 0D       		.uleb128 0xd
 1471 00c4 00       		.byte	0
 1472 00c5 03       		.uleb128 0x3
 1473 00c6 08       		.uleb128 0x8
 1474 00c7 3A       		.uleb128 0x3a
 1475 00c8 0B       		.uleb128 0xb
 1476 00c9 3B       		.uleb128 0x3b
 1477 00ca 0B       		.uleb128 0xb
 1478 00cb 49       		.uleb128 0x49
 1479 00cc 13       		.uleb128 0x13
 1480 00cd 00       		.byte	0
 1481 00ce 00       		.byte	0
ARM GAS  /var/folders/qh/xwg3v3kj02qbxczjpdb8lzfr0000gn/T//cczlwBDD.s 			page 27


 1482 00cf 12       		.uleb128 0x12
 1483 00d0 26       		.uleb128 0x26
 1484 00d1 00       		.byte	0
 1485 00d2 49       		.uleb128 0x49
 1486 00d3 13       		.uleb128 0x13
 1487 00d4 00       		.byte	0
 1488 00d5 00       		.byte	0
 1489 00d6 13       		.uleb128 0x13
 1490 00d7 2E       		.uleb128 0x2e
 1491 00d8 01       		.byte	0x1
 1492 00d9 3F       		.uleb128 0x3f
 1493 00da 19       		.uleb128 0x19
 1494 00db 03       		.uleb128 0x3
 1495 00dc 0E       		.uleb128 0xe
 1496 00dd 3A       		.uleb128 0x3a
 1497 00de 0B       		.uleb128 0xb
 1498 00df 3B       		.uleb128 0x3b
 1499 00e0 0B       		.uleb128 0xb
 1500 00e1 27       		.uleb128 0x27
 1501 00e2 19       		.uleb128 0x19
 1502 00e3 49       		.uleb128 0x49
 1503 00e4 13       		.uleb128 0x13
 1504 00e5 11       		.uleb128 0x11
 1505 00e6 01       		.uleb128 0x1
 1506 00e7 12       		.uleb128 0x12
 1507 00e8 06       		.uleb128 0x6
 1508 00e9 40       		.uleb128 0x40
 1509 00ea 18       		.uleb128 0x18
 1510 00eb 9742     		.uleb128 0x2117
 1511 00ed 19       		.uleb128 0x19
 1512 00ee 01       		.uleb128 0x1
 1513 00ef 13       		.uleb128 0x13
 1514 00f0 00       		.byte	0
 1515 00f1 00       		.byte	0
 1516 00f2 14       		.uleb128 0x14
 1517 00f3 05       		.uleb128 0x5
 1518 00f4 00       		.byte	0
 1519 00f5 03       		.uleb128 0x3
 1520 00f6 08       		.uleb128 0x8
 1521 00f7 3A       		.uleb128 0x3a
 1522 00f8 0B       		.uleb128 0xb
 1523 00f9 3B       		.uleb128 0x3b
 1524 00fa 0B       		.uleb128 0xb
 1525 00fb 49       		.uleb128 0x49
 1526 00fc 13       		.uleb128 0x13
 1527 00fd 02       		.uleb128 0x2
 1528 00fe 18       		.uleb128 0x18
 1529 00ff 00       		.byte	0
 1530 0100 00       		.byte	0
 1531 0101 15       		.uleb128 0x15
 1532 0102 2E       		.uleb128 0x2e
 1533 0103 01       		.byte	0x1
 1534 0104 3F       		.uleb128 0x3f
 1535 0105 19       		.uleb128 0x19
 1536 0106 03       		.uleb128 0x3
 1537 0107 0E       		.uleb128 0xe
 1538 0108 3A       		.uleb128 0x3a
ARM GAS  /var/folders/qh/xwg3v3kj02qbxczjpdb8lzfr0000gn/T//cczlwBDD.s 			page 28


 1539 0109 0B       		.uleb128 0xb
 1540 010a 3B       		.uleb128 0x3b
 1541 010b 0B       		.uleb128 0xb
 1542 010c 27       		.uleb128 0x27
 1543 010d 19       		.uleb128 0x19
 1544 010e 11       		.uleb128 0x11
 1545 010f 01       		.uleb128 0x1
 1546 0110 12       		.uleb128 0x12
 1547 0111 06       		.uleb128 0x6
 1548 0112 40       		.uleb128 0x40
 1549 0113 18       		.uleb128 0x18
 1550 0114 9742     		.uleb128 0x2117
 1551 0116 19       		.uleb128 0x19
 1552 0117 01       		.uleb128 0x1
 1553 0118 13       		.uleb128 0x13
 1554 0119 00       		.byte	0
 1555 011a 00       		.byte	0
 1556 011b 16       		.uleb128 0x16
 1557 011c 05       		.uleb128 0x5
 1558 011d 00       		.byte	0
 1559 011e 03       		.uleb128 0x3
 1560 011f 08       		.uleb128 0x8
 1561 0120 3A       		.uleb128 0x3a
 1562 0121 0B       		.uleb128 0xb
 1563 0122 3B       		.uleb128 0x3b
 1564 0123 0B       		.uleb128 0xb
 1565 0124 49       		.uleb128 0x49
 1566 0125 13       		.uleb128 0x13
 1567 0126 02       		.uleb128 0x2
 1568 0127 17       		.uleb128 0x17
 1569 0128 00       		.byte	0
 1570 0129 00       		.byte	0
 1571 012a 17       		.uleb128 0x17
 1572 012b 34       		.uleb128 0x34
 1573 012c 00       		.byte	0
 1574 012d 03       		.uleb128 0x3
 1575 012e 0E       		.uleb128 0xe
 1576 012f 3A       		.uleb128 0x3a
 1577 0130 0B       		.uleb128 0xb
 1578 0131 3B       		.uleb128 0x3b
 1579 0132 0B       		.uleb128 0xb
 1580 0133 49       		.uleb128 0x49
 1581 0134 13       		.uleb128 0x13
 1582 0135 02       		.uleb128 0x2
 1583 0136 17       		.uleb128 0x17
 1584 0137 00       		.byte	0
 1585 0138 00       		.byte	0
 1586 0139 18       		.uleb128 0x18
 1587 013a 898201   		.uleb128 0x4109
 1588 013d 00       		.byte	0
 1589 013e 11       		.uleb128 0x11
 1590 013f 01       		.uleb128 0x1
 1591 0140 31       		.uleb128 0x31
 1592 0141 13       		.uleb128 0x13
 1593 0142 00       		.byte	0
 1594 0143 00       		.byte	0
 1595 0144 19       		.uleb128 0x19
ARM GAS  /var/folders/qh/xwg3v3kj02qbxczjpdb8lzfr0000gn/T//cczlwBDD.s 			page 29


 1596 0145 898201   		.uleb128 0x4109
 1597 0148 01       		.byte	0x1
 1598 0149 11       		.uleb128 0x11
 1599 014a 01       		.uleb128 0x1
 1600 014b 31       		.uleb128 0x31
 1601 014c 13       		.uleb128 0x13
 1602 014d 00       		.byte	0
 1603 014e 00       		.byte	0
 1604 014f 1A       		.uleb128 0x1a
 1605 0150 8A8201   		.uleb128 0x410a
 1606 0153 00       		.byte	0
 1607 0154 02       		.uleb128 0x2
 1608 0155 18       		.uleb128 0x18
 1609 0156 9142     		.uleb128 0x2111
 1610 0158 18       		.uleb128 0x18
 1611 0159 00       		.byte	0
 1612 015a 00       		.byte	0
 1613 015b 1B       		.uleb128 0x1b
 1614 015c 05       		.uleb128 0x5
 1615 015d 00       		.byte	0
 1616 015e 03       		.uleb128 0x3
 1617 015f 0E       		.uleb128 0xe
 1618 0160 3A       		.uleb128 0x3a
 1619 0161 0B       		.uleb128 0xb
 1620 0162 3B       		.uleb128 0x3b
 1621 0163 0B       		.uleb128 0xb
 1622 0164 49       		.uleb128 0x49
 1623 0165 13       		.uleb128 0x13
 1624 0166 02       		.uleb128 0x2
 1625 0167 17       		.uleb128 0x17
 1626 0168 00       		.byte	0
 1627 0169 00       		.byte	0
 1628 016a 1C       		.uleb128 0x1c
 1629 016b 34       		.uleb128 0x34
 1630 016c 00       		.byte	0
 1631 016d 03       		.uleb128 0x3
 1632 016e 08       		.uleb128 0x8
 1633 016f 3A       		.uleb128 0x3a
 1634 0170 0B       		.uleb128 0xb
 1635 0171 3B       		.uleb128 0x3b
 1636 0172 0B       		.uleb128 0xb
 1637 0173 49       		.uleb128 0x49
 1638 0174 13       		.uleb128 0x13
 1639 0175 02       		.uleb128 0x2
 1640 0176 17       		.uleb128 0x17
 1641 0177 00       		.byte	0
 1642 0178 00       		.byte	0
 1643 0179 1D       		.uleb128 0x1d
 1644 017a 898201   		.uleb128 0x4109
 1645 017d 01       		.byte	0x1
 1646 017e 11       		.uleb128 0x11
 1647 017f 01       		.uleb128 0x1
 1648 0180 31       		.uleb128 0x31
 1649 0181 13       		.uleb128 0x13
 1650 0182 01       		.uleb128 0x1
 1651 0183 13       		.uleb128 0x13
 1652 0184 00       		.byte	0
ARM GAS  /var/folders/qh/xwg3v3kj02qbxczjpdb8lzfr0000gn/T//cczlwBDD.s 			page 30


 1653 0185 00       		.byte	0
 1654 0186 1E       		.uleb128 0x1e
 1655 0187 2E       		.uleb128 0x2e
 1656 0188 01       		.byte	0x1
 1657 0189 3F       		.uleb128 0x3f
 1658 018a 19       		.uleb128 0x19
 1659 018b 03       		.uleb128 0x3
 1660 018c 0E       		.uleb128 0xe
 1661 018d 3A       		.uleb128 0x3a
 1662 018e 0B       		.uleb128 0xb
 1663 018f 3B       		.uleb128 0x3b
 1664 0190 0B       		.uleb128 0xb
 1665 0191 27       		.uleb128 0x27
 1666 0192 19       		.uleb128 0x19
 1667 0193 3C       		.uleb128 0x3c
 1668 0194 19       		.uleb128 0x19
 1669 0195 01       		.uleb128 0x1
 1670 0196 13       		.uleb128 0x13
 1671 0197 00       		.byte	0
 1672 0198 00       		.byte	0
 1673 0199 1F       		.uleb128 0x1f
 1674 019a 2E       		.uleb128 0x2e
 1675 019b 01       		.byte	0x1
 1676 019c 3F       		.uleb128 0x3f
 1677 019d 19       		.uleb128 0x19
 1678 019e 03       		.uleb128 0x3
 1679 019f 0E       		.uleb128 0xe
 1680 01a0 3A       		.uleb128 0x3a
 1681 01a1 0B       		.uleb128 0xb
 1682 01a2 3B       		.uleb128 0x3b
 1683 01a3 0B       		.uleb128 0xb
 1684 01a4 27       		.uleb128 0x27
 1685 01a5 19       		.uleb128 0x19
 1686 01a6 49       		.uleb128 0x49
 1687 01a7 13       		.uleb128 0x13
 1688 01a8 3C       		.uleb128 0x3c
 1689 01a9 19       		.uleb128 0x19
 1690 01aa 01       		.uleb128 0x1
 1691 01ab 13       		.uleb128 0x13
 1692 01ac 00       		.byte	0
 1693 01ad 00       		.byte	0
 1694 01ae 20       		.uleb128 0x20
 1695 01af 2E       		.uleb128 0x2e
 1696 01b0 01       		.byte	0x1
 1697 01b1 3F       		.uleb128 0x3f
 1698 01b2 19       		.uleb128 0x19
 1699 01b3 03       		.uleb128 0x3
 1700 01b4 0E       		.uleb128 0xe
 1701 01b5 3A       		.uleb128 0x3a
 1702 01b6 0B       		.uleb128 0xb
 1703 01b7 3B       		.uleb128 0x3b
 1704 01b8 05       		.uleb128 0x5
 1705 01b9 27       		.uleb128 0x27
 1706 01ba 19       		.uleb128 0x19
 1707 01bb 49       		.uleb128 0x49
 1708 01bc 13       		.uleb128 0x13
 1709 01bd 3C       		.uleb128 0x3c
ARM GAS  /var/folders/qh/xwg3v3kj02qbxczjpdb8lzfr0000gn/T//cczlwBDD.s 			page 31


 1710 01be 19       		.uleb128 0x19
 1711 01bf 01       		.uleb128 0x1
 1712 01c0 13       		.uleb128 0x13
 1713 01c1 00       		.byte	0
 1714 01c2 00       		.byte	0
 1715 01c3 21       		.uleb128 0x21
 1716 01c4 2E       		.uleb128 0x2e
 1717 01c5 01       		.byte	0x1
 1718 01c6 3F       		.uleb128 0x3f
 1719 01c7 19       		.uleb128 0x19
 1720 01c8 03       		.uleb128 0x3
 1721 01c9 0E       		.uleb128 0xe
 1722 01ca 3A       		.uleb128 0x3a
 1723 01cb 0B       		.uleb128 0xb
 1724 01cc 3B       		.uleb128 0x3b
 1725 01cd 0B       		.uleb128 0xb
 1726 01ce 27       		.uleb128 0x27
 1727 01cf 19       		.uleb128 0x19
 1728 01d0 49       		.uleb128 0x49
 1729 01d1 13       		.uleb128 0x13
 1730 01d2 3C       		.uleb128 0x3c
 1731 01d3 19       		.uleb128 0x19
 1732 01d4 00       		.byte	0
 1733 01d5 00       		.byte	0
 1734 01d6 00       		.byte	0
 1735              		.section	.debug_loc,"",%progbits
 1736              	.Ldebug_loc0:
 1737              	.LLST0:
 1738 0000 00000000 		.4byte	.LVL1
 1739 0004 1A000000 		.4byte	.LVL4
 1740 0008 0100     		.2byte	0x1
 1741 000a 50       		.byte	0x50
 1742 000b 1A000000 		.4byte	.LVL4
 1743 000f 1C000000 		.4byte	.LVL5
 1744 0013 0400     		.2byte	0x4
 1745 0015 F3       		.byte	0xf3
 1746 0016 01       		.uleb128 0x1
 1747 0017 50       		.byte	0x50
 1748 0018 9F       		.byte	0x9f
 1749 0019 1C000000 		.4byte	.LVL5
 1750 001d 34000000 		.4byte	.LVL6
 1751 0021 0100     		.2byte	0x1
 1752 0023 50       		.byte	0x50
 1753 0024 34000000 		.4byte	.LVL6
 1754 0028 39000000 		.4byte	.LVL7-1
 1755 002c 0100     		.2byte	0x1
 1756 002e 51       		.byte	0x51
 1757 002f 39000000 		.4byte	.LVL7-1
 1758 0033 3C000000 		.4byte	.LVL8
 1759 0037 0400     		.2byte	0x4
 1760 0039 F3       		.byte	0xf3
 1761 003a 01       		.uleb128 0x1
 1762 003b 50       		.byte	0x50
 1763 003c 9F       		.byte	0x9f
 1764 003d 3C000000 		.4byte	.LVL8
 1765 0041 49000000 		.4byte	.LVL9-1
 1766 0045 0100     		.2byte	0x1
ARM GAS  /var/folders/qh/xwg3v3kj02qbxczjpdb8lzfr0000gn/T//cczlwBDD.s 			page 32


 1767 0047 50       		.byte	0x50
 1768 0048 49000000 		.4byte	.LVL9-1
 1769 004c 4C000000 		.4byte	.LFE8
 1770 0050 0400     		.2byte	0x4
 1771 0052 F3       		.byte	0xf3
 1772 0053 01       		.uleb128 0x1
 1773 0054 50       		.byte	0x50
 1774 0055 9F       		.byte	0x9f
 1775 0056 00000000 		.4byte	0
 1776 005a 00000000 		.4byte	0
 1777              	.LLST1:
 1778 005e 0E000000 		.4byte	.LVL2
 1779 0062 16000000 		.4byte	.LVL3
 1780 0066 0100     		.2byte	0x1
 1781 0068 53       		.byte	0x53
 1782 0069 00000000 		.4byte	0
 1783 006d 00000000 		.4byte	0
 1784              	.LLST2:
 1785 0071 00000000 		.4byte	.LVL10
 1786 0075 0D000000 		.4byte	.LVL11-1
 1787 0079 0100     		.2byte	0x1
 1788 007b 50       		.byte	0x50
 1789 007c 0D000000 		.4byte	.LVL11-1
 1790 0080 3A000000 		.4byte	.LFE9
 1791 0084 0400     		.2byte	0x4
 1792 0086 F3       		.byte	0xf3
 1793 0087 01       		.uleb128 0x1
 1794 0088 50       		.byte	0x50
 1795 0089 9F       		.byte	0x9f
 1796 008a 00000000 		.4byte	0
 1797 008e 00000000 		.4byte	0
 1798              	.LLST3:
 1799 0092 00000000 		.4byte	.LVL10
 1800 0096 0D000000 		.4byte	.LVL11-1
 1801 009a 0100     		.2byte	0x1
 1802 009c 51       		.byte	0x51
 1803 009d 0D000000 		.4byte	.LVL11-1
 1804 00a1 2A000000 		.4byte	.LVL13
 1805 00a5 0100     		.2byte	0x1
 1806 00a7 54       		.byte	0x54
 1807 00a8 2A000000 		.4byte	.LVL13
 1808 00ac 36000000 		.4byte	.LVL18
 1809 00b0 0400     		.2byte	0x4
 1810 00b2 F3       		.byte	0xf3
 1811 00b3 01       		.uleb128 0x1
 1812 00b4 51       		.byte	0x51
 1813 00b5 9F       		.byte	0x9f
 1814 00b6 36000000 		.4byte	.LVL18
 1815 00ba 3A000000 		.4byte	.LFE9
 1816 00be 0100     		.2byte	0x1
 1817 00c0 54       		.byte	0x54
 1818 00c1 00000000 		.4byte	0
 1819 00c5 00000000 		.4byte	0
 1820              	.LLST4:
 1821 00c9 00000000 		.4byte	.LVL10
 1822 00cd 0D000000 		.4byte	.LVL11-1
 1823 00d1 0100     		.2byte	0x1
ARM GAS  /var/folders/qh/xwg3v3kj02qbxczjpdb8lzfr0000gn/T//cczlwBDD.s 			page 33


 1824 00d3 52       		.byte	0x52
 1825 00d4 0D000000 		.4byte	.LVL11-1
 1826 00d8 34000000 		.4byte	.LVL17
 1827 00dc 0100     		.2byte	0x1
 1828 00de 56       		.byte	0x56
 1829 00df 34000000 		.4byte	.LVL17
 1830 00e3 36000000 		.4byte	.LVL18
 1831 00e7 0400     		.2byte	0x4
 1832 00e9 F3       		.byte	0xf3
 1833 00ea 01       		.uleb128 0x1
 1834 00eb 52       		.byte	0x52
 1835 00ec 9F       		.byte	0x9f
 1836 00ed 36000000 		.4byte	.LVL18
 1837 00f1 3A000000 		.4byte	.LFE9
 1838 00f5 0100     		.2byte	0x1
 1839 00f7 56       		.byte	0x56
 1840 00f8 00000000 		.4byte	0
 1841 00fc 00000000 		.4byte	0
 1842              	.LLST5:
 1843 0100 00000000 		.4byte	.LVL10
 1844 0104 0D000000 		.4byte	.LVL11-1
 1845 0108 0100     		.2byte	0x1
 1846 010a 53       		.byte	0x53
 1847 010b 0D000000 		.4byte	.LVL11-1
 1848 010f 34000000 		.4byte	.LVL16
 1849 0113 0100     		.2byte	0x1
 1850 0115 55       		.byte	0x55
 1851 0116 34000000 		.4byte	.LVL16
 1852 011a 36000000 		.4byte	.LVL18
 1853 011e 0400     		.2byte	0x4
 1854 0120 F3       		.byte	0xf3
 1855 0121 01       		.uleb128 0x1
 1856 0122 53       		.byte	0x53
 1857 0123 9F       		.byte	0x9f
 1858 0124 36000000 		.4byte	.LVL18
 1859 0128 3A000000 		.4byte	.LFE9
 1860 012c 0100     		.2byte	0x1
 1861 012e 55       		.byte	0x55
 1862 012f 00000000 		.4byte	0
 1863 0133 00000000 		.4byte	0
 1864              	.LLST6:
 1865 0137 0E000000 		.4byte	.LVL11
 1866 013b 21000000 		.4byte	.LVL12-1
 1867 013f 0100     		.2byte	0x1
 1868 0141 50       		.byte	0x50
 1869 0142 36000000 		.4byte	.LVL18
 1870 0146 38000000 		.4byte	.LVL19
 1871 014a 0100     		.2byte	0x1
 1872 014c 50       		.byte	0x50
 1873 014d 00000000 		.4byte	0
 1874 0151 00000000 		.4byte	0
 1875              	.LLST7:
 1876 0155 2A000000 		.4byte	.LVL13
 1877 0159 2D000000 		.4byte	.LVL14-1
 1878 015d 0100     		.2byte	0x1
 1879 015f 50       		.byte	0x50
 1880 0160 2D000000 		.4byte	.LVL14-1
ARM GAS  /var/folders/qh/xwg3v3kj02qbxczjpdb8lzfr0000gn/T//cczlwBDD.s 			page 34


 1881 0164 32000000 		.4byte	.LVL15
 1882 0168 0100     		.2byte	0x1
 1883 016a 54       		.byte	0x54
 1884 016b 00000000 		.4byte	0
 1885 016f 00000000 		.4byte	0
 1886              	.LLST8:
 1887 0173 00000000 		.4byte	.LVL20
 1888 0177 0F000000 		.4byte	.LVL21-1
 1889 017b 0100     		.2byte	0x1
 1890 017d 50       		.byte	0x50
 1891 017e 0F000000 		.4byte	.LVL21-1
 1892 0182 36000000 		.4byte	.LVL26
 1893 0186 0100     		.2byte	0x1
 1894 0188 55       		.byte	0x55
 1895 0189 36000000 		.4byte	.LVL26
 1896 018d 38000000 		.4byte	.LVL29
 1897 0191 0400     		.2byte	0x4
 1898 0193 F3       		.byte	0xf3
 1899 0194 01       		.uleb128 0x1
 1900 0195 50       		.byte	0x50
 1901 0196 9F       		.byte	0x9f
 1902 0197 38000000 		.4byte	.LVL29
 1903 019b 3C000000 		.4byte	.LFE10
 1904 019f 0100     		.2byte	0x1
 1905 01a1 55       		.byte	0x55
 1906 01a2 00000000 		.4byte	0
 1907 01a6 00000000 		.4byte	0
 1908              	.LLST9:
 1909 01aa 00000000 		.4byte	.LVL20
 1910 01ae 0F000000 		.4byte	.LVL21-1
 1911 01b2 0100     		.2byte	0x1
 1912 01b4 51       		.byte	0x51
 1913 01b5 0F000000 		.4byte	.LVL21-1
 1914 01b9 36000000 		.4byte	.LVL27
 1915 01bd 0100     		.2byte	0x1
 1916 01bf 56       		.byte	0x56
 1917 01c0 36000000 		.4byte	.LVL27
 1918 01c4 38000000 		.4byte	.LVL29
 1919 01c8 0400     		.2byte	0x4
 1920 01ca F3       		.byte	0xf3
 1921 01cb 01       		.uleb128 0x1
 1922 01cc 51       		.byte	0x51
 1923 01cd 9F       		.byte	0x9f
 1924 01ce 38000000 		.4byte	.LVL29
 1925 01d2 3C000000 		.4byte	.LFE10
 1926 01d6 0100     		.2byte	0x1
 1927 01d8 56       		.byte	0x56
 1928 01d9 00000000 		.4byte	0
 1929 01dd 00000000 		.4byte	0
 1930              	.LLST10:
 1931 01e1 00000000 		.4byte	.LVL20
 1932 01e5 0F000000 		.4byte	.LVL21-1
 1933 01e9 0100     		.2byte	0x1
 1934 01eb 52       		.byte	0x52
 1935 01ec 0F000000 		.4byte	.LVL21-1
 1936 01f0 2C000000 		.4byte	.LVL23
 1937 01f4 0100     		.2byte	0x1
ARM GAS  /var/folders/qh/xwg3v3kj02qbxczjpdb8lzfr0000gn/T//cczlwBDD.s 			page 35


 1938 01f6 54       		.byte	0x54
 1939 01f7 2C000000 		.4byte	.LVL23
 1940 01fb 38000000 		.4byte	.LVL29
 1941 01ff 0400     		.2byte	0x4
 1942 0201 F3       		.byte	0xf3
 1943 0202 01       		.uleb128 0x1
 1944 0203 52       		.byte	0x52
 1945 0204 9F       		.byte	0x9f
 1946 0205 38000000 		.4byte	.LVL29
 1947 0209 3C000000 		.4byte	.LFE10
 1948 020d 0100     		.2byte	0x1
 1949 020f 54       		.byte	0x54
 1950 0210 00000000 		.4byte	0
 1951 0214 00000000 		.4byte	0
 1952              	.LLST11:
 1953 0218 00000000 		.4byte	.LVL20
 1954 021c 0F000000 		.4byte	.LVL21-1
 1955 0220 0100     		.2byte	0x1
 1956 0222 53       		.byte	0x53
 1957 0223 0F000000 		.4byte	.LVL21-1
 1958 0227 36000000 		.4byte	.LVL28
 1959 022b 0100     		.2byte	0x1
 1960 022d 57       		.byte	0x57
 1961 022e 36000000 		.4byte	.LVL28
 1962 0232 38000000 		.4byte	.LVL29
 1963 0236 0400     		.2byte	0x4
 1964 0238 F3       		.byte	0xf3
 1965 0239 01       		.uleb128 0x1
 1966 023a 53       		.byte	0x53
 1967 023b 9F       		.byte	0x9f
 1968 023c 38000000 		.4byte	.LVL29
 1969 0240 3C000000 		.4byte	.LFE10
 1970 0244 0100     		.2byte	0x1
 1971 0246 57       		.byte	0x57
 1972 0247 00000000 		.4byte	0
 1973 024b 00000000 		.4byte	0
 1974              	.LLST12:
 1975 024f 10000000 		.4byte	.LVL21
 1976 0253 21000000 		.4byte	.LVL22-1
 1977 0257 0100     		.2byte	0x1
 1978 0259 50       		.byte	0x50
 1979 025a 38000000 		.4byte	.LVL29
 1980 025e 3A000000 		.4byte	.LVL30
 1981 0262 0100     		.2byte	0x1
 1982 0264 50       		.byte	0x50
 1983 0265 00000000 		.4byte	0
 1984 0269 00000000 		.4byte	0
 1985              	.LLST13:
 1986 026d 2C000000 		.4byte	.LVL23
 1987 0271 2F000000 		.4byte	.LVL24-1
 1988 0275 0100     		.2byte	0x1
 1989 0277 50       		.byte	0x50
 1990 0278 2F000000 		.4byte	.LVL24-1
 1991 027c 34000000 		.4byte	.LVL25
 1992 0280 0100     		.2byte	0x1
 1993 0282 54       		.byte	0x54
 1994 0283 00000000 		.4byte	0
ARM GAS  /var/folders/qh/xwg3v3kj02qbxczjpdb8lzfr0000gn/T//cczlwBDD.s 			page 36


 1995 0287 00000000 		.4byte	0
 1996              		.section	.debug_aranges,"",%progbits
 1997 0000 34000000 		.4byte	0x34
 1998 0004 0200     		.2byte	0x2
 1999 0006 00000000 		.4byte	.Ldebug_info0
 2000 000a 04       		.byte	0x4
 2001 000b 00       		.byte	0
 2002 000c 0000     		.2byte	0
 2003 000e 0000     		.2byte	0
 2004 0010 00000000 		.4byte	.LFB7
 2005 0014 0C000000 		.4byte	.LFE7-.LFB7
 2006 0018 00000000 		.4byte	.LFB8
 2007 001c 4C000000 		.4byte	.LFE8-.LFB8
 2008 0020 00000000 		.4byte	.LFB9
 2009 0024 3A000000 		.4byte	.LFE9-.LFB9
 2010 0028 00000000 		.4byte	.LFB10
 2011 002c 3C000000 		.4byte	.LFE10-.LFB10
 2012 0030 00000000 		.4byte	0
 2013 0034 00000000 		.4byte	0
 2014              		.section	.debug_ranges,"",%progbits
 2015              	.Ldebug_ranges0:
 2016 0000 00000000 		.4byte	.LFB7
 2017 0004 0C000000 		.4byte	.LFE7
 2018 0008 00000000 		.4byte	.LFB8
 2019 000c 4C000000 		.4byte	.LFE8
 2020 0010 00000000 		.4byte	.LFB9
 2021 0014 3A000000 		.4byte	.LFE9
 2022 0018 00000000 		.4byte	.LFB10
 2023 001c 3C000000 		.4byte	.LFE10
 2024 0020 00000000 		.4byte	0
 2025 0024 00000000 		.4byte	0
 2026              		.section	.debug_line,"",%progbits
 2027              	.Ldebug_line0:
 2028 0000 1F020000 		.section	.debug_str,"MS",%progbits,1
 2028      02009501 
 2028      00000201 
 2028      FB0E0D00 
 2028      01010101 
 2029              	.LASF75:
 2030 0000 7466756E 		.ascii	"tfunc_t\000"
 2030      635F7400 
 2031              	.LASF38:
 2032 0008 705F6D73 		.ascii	"p_msg\000"
 2032      6700
 2033              	.LASF89:
 2034 000e 2E2E2F2E 		.ascii	"../../os/kernel/src/chdynamic.c\000"
 2034      2E2F6F73 
 2034      2F6B6572 
 2034      6E656C2F 
 2034      7372632F 
 2035              	.LASF2:
 2036 002e 73697A65 		.ascii	"size_t\000"
 2036      5F7400
 2037              	.LASF70:
 2038 0035 7264796D 		.ascii	"rdymsg\000"
 2038      736700
 2039              	.LASF12:
ARM GAS  /var/folders/qh/xwg3v3kj02qbxczjpdb8lzfr0000gn/T//cczlwBDD.s 			page 37


 2040 003c 75696E74 		.ascii	"uint64_t\000"
 2040      36345F74 
 2040      00
 2041              	.LASF69:
 2042 0045 4D656D6F 		.ascii	"MemoryPool\000"
 2042      7279506F 
 2042      6F6C00
 2043              	.LASF54:
 2044 0050 6D656D67 		.ascii	"memgetfunc_t\000"
 2044      65746675 
 2044      6E635F74 
 2044      00
 2045              	.LASF13:
 2046 005d 6C6F6E67 		.ascii	"long long unsigned int\000"
 2046      206C6F6E 
 2046      6720756E 
 2046      7369676E 
 2046      65642069 
 2047              	.LASF71:
 2048 0074 65786974 		.ascii	"exitcode\000"
 2048      636F6465 
 2048      00
 2049              	.LASF58:
 2050 007d 685F6672 		.ascii	"h_free\000"
 2050      656500
 2051              	.LASF78:
 2052 0084 68656170 		.ascii	"heapp\000"
 2052      7000
 2053              	.LASF60:
 2054 008a 6E657874 		.ascii	"next\000"
 2054      00
 2055              	.LASF26:
 2056 008f 705F7072 		.ascii	"p_prio\000"
 2056      696F00
 2057              	.LASF11:
 2058 0096 6C6F6E67 		.ascii	"long long int\000"
 2058      206C6F6E 
 2058      6720696E 
 2058      7400
 2059              	.LASF1:
 2060 00a4 7369676E 		.ascii	"signed char\000"
 2060      65642063 
 2060      68617200 
 2061              	.LASF59:
 2062 00b0 685F6D74 		.ascii	"h_mtx\000"
 2062      7800
 2063              	.LASF42:
 2064 00b6 705F6D70 		.ascii	"p_mpool\000"
 2064      6F6F6C00 
 2065              	.LASF51:
 2066 00be 6D5F7175 		.ascii	"m_queue\000"
 2066      65756500 
 2067              	.LASF83:
 2068 00c6 63684865 		.ascii	"chHeapFree\000"
 2068      61704672 
 2068      656500
 2069              	.LASF18:
ARM GAS  /var/folders/qh/xwg3v3kj02qbxczjpdb8lzfr0000gn/T//cczlwBDD.s 			page 38


 2070 00d1 74736C69 		.ascii	"tslices_t\000"
 2070      6365735F 
 2070      7400
 2071              	.LASF85:
 2072 00db 63685468 		.ascii	"chThdCreateI\000"
 2072      64437265 
 2072      61746549 
 2072      00
 2073              	.LASF8:
 2074 00e8 6C6F6E67 		.ascii	"long int\000"
 2074      20696E74 
 2074      00
 2075              	.LASF77:
 2076 00f1 63685468 		.ascii	"chThdCreateFromHeap\000"
 2076      64437265 
 2076      61746546 
 2076      726F6D48 
 2076      65617000 
 2077              	.LASF16:
 2078 0105 74737461 		.ascii	"tstate_t\000"
 2078      74655F74 
 2078      00
 2079              	.LASF66:
 2080 010e 6D705F6E 		.ascii	"mp_next\000"
 2080      65787400 
 2081              	.LASF28:
 2082 0116 705F6E65 		.ascii	"p_newer\000"
 2082      77657200 
 2083              	.LASF81:
 2084 011e 63685468 		.ascii	"chThdCreateFromMemoryPool\000"
 2084      64437265 
 2084      61746546 
 2084      726F6D4D 
 2084      656D6F72 
 2085              	.LASF68:
 2086 0138 6D705F70 		.ascii	"mp_provider\000"
 2086      726F7669 
 2086      64657200 
 2087              	.LASF45:
 2088 0144 72656761 		.ascii	"regarm_t\000"
 2088      726D5F74 
 2088      00
 2089              	.LASF62:
 2090 014d 616C6967 		.ascii	"align\000"
 2090      6E00
 2091              	.LASF0:
 2092 0153 756E7369 		.ascii	"unsigned int\000"
 2092      676E6564 
 2092      20696E74 
 2092      00
 2093              	.LASF10:
 2094 0160 6C6F6E67 		.ascii	"long unsigned int\000"
 2094      20756E73 
 2094      69676E65 
 2094      6420696E 
 2094      7400
 2095              	.LASF90:
ARM GAS  /var/folders/qh/xwg3v3kj02qbxczjpdb8lzfr0000gn/T//cczlwBDD.s 			page 39


 2096 0172 2F557365 		.ascii	"/Users/John/Development/embedded/ChibiOS-RT/BluC/ST"
 2096      72732F4A 
 2096      6F686E2F 
 2096      44657665 
 2096      6C6F706D 
 2097 01a5 4D333246 		.ascii	"M32F051\000"
 2097      30353100 
 2098              	.LASF48:
 2099 01ad 636F6E74 		.ascii	"context\000"
 2099      65787400 
 2100              	.LASF63:
 2101 01b5 73697A65 		.ascii	"size\000"
 2101      00
 2102              	.LASF6:
 2103 01ba 73686F72 		.ascii	"short unsigned int\000"
 2103      7420756E 
 2103      7369676E 
 2103      65642069 
 2103      6E7400
 2104              	.LASF20:
 2105 01cd 6D73675F 		.ascii	"msg_t\000"
 2105      7400
 2106              	.LASF15:
 2107 01d3 746D6F64 		.ascii	"tmode_t\000"
 2107      655F7400 
 2108              	.LASF44:
 2109 01db 54687265 		.ascii	"ThreadsList\000"
 2109      6164734C 
 2109      69737400 
 2110              	.LASF21:
 2111 01e7 6576656E 		.ascii	"eventmask_t\000"
 2111      746D6173 
 2111      6B5F7400 
 2112              	.LASF50:
 2113 01f3 4D757465 		.ascii	"Mutex\000"
 2113      7800
 2114              	.LASF76:
 2115 01f9 63685468 		.ascii	"chThdAddRef\000"
 2115      64416464 
 2115      52656600 
 2116              	.LASF46:
 2117 0205 73746B61 		.ascii	"stkalign_t\000"
 2117      6C69676E 
 2117      5F7400
 2118              	.LASF49:
 2119 0210 73697A65 		.ascii	"sizetype\000"
 2119      74797065 
 2119      00
 2120              	.LASF88:
 2121 0219 474E5520 		.ascii	"GNU C 4.8.3 20131129 (release) [ARM/embedded-4_8-br"
 2121      4320342E 
 2121      382E3320 
 2121      32303133 
 2121      31313239 
 2122 024c 616E6368 		.ascii	"anch revision 205641] -mcpu=cortex-m0 -mno-thumb-in"
 2122      20726576 
 2122      6973696F 
ARM GAS  /var/folders/qh/xwg3v3kj02qbxczjpdb8lzfr0000gn/T//cczlwBDD.s 			page 40


 2122      6E203230 
 2122      35363431 
 2123 027f 74657277 		.ascii	"terwork -mthumb -ggdb -O2 -fomit-frame-pointer -fal"
 2123      6F726B20 
 2123      2D6D7468 
 2123      756D6220 
 2123      2D676764 
 2124 02b2 69676E2D 		.ascii	"ign-functions=16 -ffunction-sections -fdata-section"
 2124      66756E63 
 2124      74696F6E 
 2124      733D3136 
 2124      202D6666 
 2125 02e5 73202D66 		.ascii	"s -fno-common\000"
 2125      6E6F2D63 
 2125      6F6D6D6F 
 2125      6E00
 2126              	.LASF29:
 2127 02f3 705F6F6C 		.ascii	"p_older\000"
 2127      64657200 
 2128              	.LASF43:
 2129 02fb 54687265 		.ascii	"ThreadsQueue\000"
 2129      61647351 
 2129      75657565 
 2129      00
 2130              	.LASF67:
 2131 0308 6D705F6F 		.ascii	"mp_object_size\000"
 2131      626A6563 
 2131      745F7369 
 2131      7A6500
 2132              	.LASF79:
 2133 0317 7072696F 		.ascii	"prio\000"
 2133      00
 2134              	.LASF55:
 2135 031c 4D656D6F 		.ascii	"MemoryHeap\000"
 2135      72794865 
 2135      617000
 2136              	.LASF65:
 2137 0327 70685F6E 		.ascii	"ph_next\000"
 2137      65787400 
 2138              	.LASF17:
 2139 032f 74726566 		.ascii	"trefs_t\000"
 2139      735F7400 
 2140              	.LASF80:
 2141 0337 72656673 		.ascii	"refs\000"
 2141      00
 2142              	.LASF25:
 2143 033c 705F7072 		.ascii	"p_prev\000"
 2143      657600
 2144              	.LASF19:
 2145 0343 74707269 		.ascii	"tprio_t\000"
 2145      6F5F7400 
 2146              	.LASF14:
 2147 034b 5F426F6F 		.ascii	"_Bool\000"
 2147      6C00
 2148              	.LASF7:
 2149 0351 696E7433 		.ascii	"int32_t\000"
 2149      325F7400 
ARM GAS  /var/folders/qh/xwg3v3kj02qbxczjpdb8lzfr0000gn/T//cczlwBDD.s 			page 41


 2150              	.LASF4:
 2151 0359 756E7369 		.ascii	"unsigned char\000"
 2151      676E6564 
 2151      20636861 
 2151      7200
 2152              	.LASF57:
 2153 0367 685F7072 		.ascii	"h_provider\000"
 2153      6F766964 
 2153      657200
 2154              	.LASF40:
 2155 0372 705F6D74 		.ascii	"p_mtxlist\000"
 2155      786C6973 
 2155      7400
 2156              	.LASF5:
 2157 037c 73686F72 		.ascii	"short int\000"
 2157      7420696E 
 2157      7400
 2158              	.LASF31:
 2159 0386 705F7374 		.ascii	"p_state\000"
 2159      61746500 
 2160              	.LASF34:
 2161 038e 705F7072 		.ascii	"p_preempt\000"
 2161      65656D70 
 2161      7400
 2162              	.LASF91:
 2163 0398 68656170 		.ascii	"heap_header\000"
 2163      5F686561 
 2163      64657200 
 2164              	.LASF73:
 2165 03a4 65776D61 		.ascii	"ewmask\000"
 2165      736B00
 2166              	.LASF24:
 2167 03ab 705F6E65 		.ascii	"p_next\000"
 2167      787400
 2168              	.LASF32:
 2169 03b2 705F666C 		.ascii	"p_flags\000"
 2169      61677300 
 2170              	.LASF92:
 2171 03ba 63685468 		.ascii	"chThdRelease\000"
 2171      6452656C 
 2171      65617365 
 2171      00
 2172              	.LASF23:
 2173 03c7 54687265 		.ascii	"Thread\000"
 2173      616400
 2174              	.LASF84:
 2175 03ce 63684865 		.ascii	"chHeapAlloc\000"
 2175      6170416C 
 2175      6C6F6300 
 2176              	.LASF39:
 2177 03da 705F6570 		.ascii	"p_epending\000"
 2177      656E6469 
 2177      6E6700
 2178              	.LASF9:
 2179 03e5 75696E74 		.ascii	"uint32_t\000"
 2179      33325F74 
 2179      00
ARM GAS  /var/folders/qh/xwg3v3kj02qbxczjpdb8lzfr0000gn/T//cczlwBDD.s 			page 42


 2180              	.LASF61:
 2181 03ee 68656170 		.ascii	"heap\000"
 2181      00
 2182              	.LASF74:
 2183 03f3 63686172 		.ascii	"char\000"
 2183      00
 2184              	.LASF53:
 2185 03f8 6D5F6E65 		.ascii	"m_next\000"
 2185      787400
 2186              	.LASF22:
 2187 03ff 73797374 		.ascii	"systime_t\000"
 2187      696D655F 
 2187      7400
 2188              	.LASF41:
 2189 0409 705F7265 		.ascii	"p_realprio\000"
 2189      616C7072 
 2189      696F00
 2190              	.LASF35:
 2191 0414 705F7469 		.ascii	"p_time\000"
 2191      6D6500
 2192              	.LASF47:
 2193 041b 696E7463 		.ascii	"intctx\000"
 2193      747800
 2194              	.LASF37:
 2195 0422 705F6D73 		.ascii	"p_msgqueue\000"
 2195      67717565 
 2195      756500
 2196              	.LASF86:
 2197 042d 63685363 		.ascii	"chSchWakeupS\000"
 2197      6857616B 
 2197      65757053 
 2197      00
 2198              	.LASF64:
 2199 043a 706F6F6C 		.ascii	"pool_header\000"
 2199      5F686561 
 2199      64657200 
 2200              	.LASF33:
 2201 0446 705F7265 		.ascii	"p_refs\000"
 2201      667300
 2202              	.LASF3:
 2203 044d 75696E74 		.ascii	"uint8_t\000"
 2203      385F7400 
 2204              	.LASF87:
 2205 0455 6368506F 		.ascii	"chPoolAlloc\000"
 2205      6F6C416C 
 2205      6C6F6300 
 2206              	.LASF82:
 2207 0461 6368506F 		.ascii	"chPoolFree\000"
 2207      6F6C4672 
 2207      656500
 2208              	.LASF72:
 2209 046c 77746F62 		.ascii	"wtobjp\000"
 2209      6A7000
 2210              	.LASF30:
 2211 0473 705F6E61 		.ascii	"p_name\000"
 2211      6D6500
 2212              	.LASF52:
ARM GAS  /var/folders/qh/xwg3v3kj02qbxczjpdb8lzfr0000gn/T//cczlwBDD.s 			page 43


 2213 047a 6D5F6F77 		.ascii	"m_owner\000"
 2213      6E657200 
 2214              	.LASF27:
 2215 0482 705F6374 		.ascii	"p_ctx\000"
 2215      7800
 2216              	.LASF36:
 2217 0488 705F7761 		.ascii	"p_waiting\000"
 2217      6974696E 
 2217      6700
 2218              	.LASF56:
 2219 0492 6D656D6F 		.ascii	"memory_heap\000"
 2219      72795F68 
 2219      65617000 
 2220              		.ident	"GCC: (GNU Tools for ARM Embedded Processors) 4.8.3 20131129 (release) [ARM/embedded-4_8-br
ARM GAS  /var/folders/qh/xwg3v3kj02qbxczjpdb8lzfr0000gn/T//cczlwBDD.s 			page 44


DEFINED SYMBOLS
                            *ABS*:0000000000000000 chdynamic.c
/var/folders/qh/xwg3v3kj02qbxczjpdb8lzfr0000gn/T//cczlwBDD.s:18     .text.chThdAddRef:0000000000000000 $t
/var/folders/qh/xwg3v3kj02qbxczjpdb8lzfr0000gn/T//cczlwBDD.s:24     .text.chThdAddRef:0000000000000000 chThdAddRef
/var/folders/qh/xwg3v3kj02qbxczjpdb8lzfr0000gn/T//cczlwBDD.s:51     .text.chThdRelease:0000000000000000 $t
/var/folders/qh/xwg3v3kj02qbxczjpdb8lzfr0000gn/T//cczlwBDD.s:57     .text.chThdRelease:0000000000000000 chThdRelease
/var/folders/qh/xwg3v3kj02qbxczjpdb8lzfr0000gn/T//cczlwBDD.s:139    .text.chThdCreateFromHeap:0000000000000000 $t
/var/folders/qh/xwg3v3kj02qbxczjpdb8lzfr0000gn/T//cczlwBDD.s:145    .text.chThdCreateFromHeap:0000000000000000 chThdCreateFromHeap
/var/folders/qh/xwg3v3kj02qbxczjpdb8lzfr0000gn/T//cczlwBDD.s:217    .text.chThdCreateFromMemoryPool:0000000000000000 $t
/var/folders/qh/xwg3v3kj02qbxczjpdb8lzfr0000gn/T//cczlwBDD.s:223    .text.chThdCreateFromMemoryPool:0000000000000000 chThdCreateFromMemoryPool
                     .debug_frame:0000000000000010 $d

UNDEFINED SYMBOLS
chPoolFree
chHeapFree
chHeapAlloc
chThdCreateI
chSchWakeupS
chPoolAlloc
