ARM GAS  /var/folders/qh/xwg3v3kj02qbxczjpdb8lzfr0000gn/T//ccTmioXS.s 			page 1


   1              		.cpu cortex-m0
   2              		.fpu softvfp
   3              		.eabi_attribute 20, 1
   4              		.eabi_attribute 21, 1
   5              		.eabi_attribute 23, 3
   6              		.eabi_attribute 24, 1
   7              		.eabi_attribute 25, 1
   8              		.eabi_attribute 26, 1
   9              		.eabi_attribute 30, 2
  10              		.eabi_attribute 34, 0
  11              		.eabi_attribute 18, 4
  12              		.code	16
  13              		.file	"chmemcore.c"
  14              		.text
  15              	.Ltext0:
  16              		.cfi_sections	.debug_frame
  17              		.section	.text._core_init,"ax",%progbits
  18              		.align	2
  19              		.p2align 4,,15
  20              		.global	_core_init
  21              		.code	16
  22              		.thumb_func
  23              		.type	_core_init, %function
  24              	_core_init:
  25              	.LFB7:
  26              		.file 1 "../../os/kernel/src/chmemcore.c"
  27              		.loc 1 59 0
  28              		.cfi_startproc
  29              		.loc 1 63 0
  30 0000 0549     		ldr	r1, .L2
  31 0002 0723     		mov	r3, #7
  32 0004 054A     		ldr	r2, .L2+4
  33 0006 0731     		add	r1, r1, #7
  34 0008 9943     		bic	r1, r3
  35 000a 1160     		str	r1, [r2]
  36              		.loc 1 64 0
  37 000c 044A     		ldr	r2, .L2+8
  38              		.loc 1 70 0
  39              		@ sp needed
  40              		.loc 1 64 0
  41 000e 9A43     		bic	r2, r3
  42 0010 044B     		ldr	r3, .L2+12
  43 0012 1A60     		str	r2, [r3]
  44              		.loc 1 70 0
  45 0014 7047     		bx	lr
  46              	.L3:
  47 0016 C046     		.align	2
  48              	.L2:
  49 0018 00000000 		.word	__heap_base__
  50 001c 00000000 		.word	.LANCHOR0
  51 0020 00000000 		.word	__heap_end__
  52 0024 00000000 		.word	.LANCHOR1
  53              		.cfi_endproc
  54              	.LFE7:
  55              		.size	_core_init, .-_core_init
  56 0028 C046C046 		.section	.text.chCoreAlloc,"ax",%progbits
  56      C046C046 
ARM GAS  /var/folders/qh/xwg3v3kj02qbxczjpdb8lzfr0000gn/T//ccTmioXS.s 			page 2


  57              		.align	2
  58              		.p2align 4,,15
  59              		.global	chCoreAlloc
  60              		.code	16
  61              		.thumb_func
  62              		.type	chCoreAlloc, %function
  63              	chCoreAlloc:
  64              	.LFB8:
  65              		.loc 1 84 0
  66              		.cfi_startproc
  67              	.LVL0:
  68              		.loc 1 87 0
  69              	@ 87 "../../os/kernel/src/chmemcore.c" 1
  70 0000 72B6     		cpsid   i
  71              	@ 0 "" 2
  72              	.LVL1:
  73              		.code	16
  74              	.LBB4:
  75              	.LBB5:
  76              		.loc 1 110 0
  77 0002 0723     		mov	r3, #7
  78 0004 C21D     		add	r2, r0, #7
  79 0006 9A43     		bic	r2, r3
  80              	.LVL2:
  81              		.loc 1 111 0
  82 0008 0649     		ldr	r1, .L8
  83 000a 074B     		ldr	r3, .L8+4
  84 000c 0968     		ldr	r1, [r1]
  85 000e 1868     		ldr	r0, [r3]
  86              	.LVL3:
  87 0010 091A     		sub	r1, r1, r0
  88 0012 8A42     		cmp	r2, r1
  89 0014 03D8     		bhi	.L6
  90              	.LVL4:
  91              		.loc 1 114 0
  92 0016 8218     		add	r2, r0, r2
  93              	.LVL5:
  94 0018 1A60     		str	r2, [r3]
  95              	.LVL6:
  96              	.L5:
  97              	.LBE5:
  98              	.LBE4:
  99              		.loc 1 89 0
 100              	@ 89 "../../os/kernel/src/chmemcore.c" 1
 101 001a 62B6     		cpsie   i
 102              	@ 0 "" 2
 103              		.loc 1 91 0
 104              		.code	16
 105              		@ sp needed
 106 001c 7047     		bx	lr
 107              	.LVL7:
 108              	.L6:
 109              	.LBB7:
 110              	.LBB6:
 111              		.loc 1 112 0
 112 001e 0020     		mov	r0, #0
 113 0020 FBE7     		b	.L5
ARM GAS  /var/folders/qh/xwg3v3kj02qbxczjpdb8lzfr0000gn/T//ccTmioXS.s 			page 3


 114              	.L9:
 115 0022 C046     		.align	2
 116              	.L8:
 117 0024 00000000 		.word	.LANCHOR1
 118 0028 00000000 		.word	.LANCHOR0
 119              	.LBE6:
 120              	.LBE7:
 121              		.cfi_endproc
 122              	.LFE8:
 123              		.size	chCoreAlloc, .-chCoreAlloc
 124 002c C046C046 		.section	.text.chCoreAllocI,"ax",%progbits
 125              		.align	2
 126              		.p2align 4,,15
 127              		.global	chCoreAllocI
 128              		.code	16
 129              		.thumb_func
 130              		.type	chCoreAllocI, %function
 131              	chCoreAllocI:
 132              	.LFB9:
 133              		.loc 1 105 0
 134              		.cfi_startproc
 135              	.LVL8:
 136              		.loc 1 110 0
 137 0000 C21D     		add	r2, r0, #7
 138 0002 0723     		mov	r3, #7
 139 0004 9A43     		bic	r2, r3
 140              	.LVL9:
 141              		.loc 1 111 0
 142 0006 0649     		ldr	r1, .L13
 143 0008 064B     		ldr	r3, .L13+4
 144 000a 0968     		ldr	r1, [r1]
 145 000c 1868     		ldr	r0, [r3]
 146 000e 091A     		sub	r1, r1, r0
 147 0010 8A42     		cmp	r2, r1
 148 0012 02D8     		bhi	.L12
 149              	.LVL10:
 150              		.loc 1 114 0
 151 0014 8218     		add	r2, r0, r2
 152              	.LVL11:
 153 0016 1A60     		str	r2, [r3]
 154              	.LVL12:
 155              	.L11:
 156              		.loc 1 116 0
 157              		@ sp needed
 158 0018 7047     		bx	lr
 159              	.LVL13:
 160              	.L12:
 161              		.loc 1 112 0
 162 001a 0020     		mov	r0, #0
 163 001c FCE7     		b	.L11
 164              	.L14:
 165 001e C046     		.align	2
 166              	.L13:
 167 0020 00000000 		.word	.LANCHOR1
 168 0024 00000000 		.word	.LANCHOR0
 169              		.cfi_endproc
 170              	.LFE9:
ARM GAS  /var/folders/qh/xwg3v3kj02qbxczjpdb8lzfr0000gn/T//ccTmioXS.s 			page 4


 171              		.size	chCoreAllocI, .-chCoreAllocI
 172 0028 C046C046 		.section	.text.chCoreStatus,"ax",%progbits
 172      C046C046 
 173              		.align	2
 174              		.p2align 4,,15
 175              		.global	chCoreStatus
 176              		.code	16
 177              		.thumb_func
 178              		.type	chCoreStatus, %function
 179              	chCoreStatus:
 180              	.LFB10:
 181              		.loc 1 125 0
 182              		.cfi_startproc
 183              		.loc 1 127 0
 184 0000 024B     		ldr	r3, .L16
 185              		.loc 1 128 0
 186              		@ sp needed
 187              		.loc 1 127 0
 188 0002 1868     		ldr	r0, [r3]
 189 0004 024B     		ldr	r3, .L16+4
 190 0006 1B68     		ldr	r3, [r3]
 191 0008 C01A     		sub	r0, r0, r3
 192              		.loc 1 128 0
 193 000a 7047     		bx	lr
 194              	.L17:
 195              		.align	2
 196              	.L16:
 197 000c 00000000 		.word	.LANCHOR1
 198 0010 00000000 		.word	.LANCHOR0
 199              		.cfi_endproc
 200              	.LFE10:
 201              		.size	chCoreStatus, .-chCoreStatus
 202 0014 C046C046 		.section	.bss.endmem,"aw",%nobits
 202      C046C046 
 202      C046C046 
 203              		.align	2
 204              		.set	.LANCHOR1,. + 0
 205              		.type	endmem, %object
 206              		.size	endmem, 4
 207              	endmem:
 208 0000 00000000 		.space	4
 209              		.section	.bss.nextmem,"aw",%nobits
 210              		.align	2
 211              		.set	.LANCHOR0,. + 0
 212              		.type	nextmem, %object
 213              		.size	nextmem, 4
 214              	nextmem:
 215 0000 00000000 		.space	4
 216              		.text
 217              	.Letext0:
 218              		.file 2 "/usr/local/Cellar/gcc-arm-none-eabi-48/20131218/lib/gcc/arm-none-eabi/4.8.3/include/stdde
 219              		.file 3 "/usr/local/Cellar/gcc-arm-none-eabi-48/20131218/arm-none-eabi/include/stdint.h"
 220              		.section	.debug_info,"",%progbits
 221              	.Ldebug_info0:
 222 0000 C4010000 		.4byte	0x1c4
 223 0004 0400     		.2byte	0x4
 224 0006 00000000 		.4byte	.Ldebug_abbrev0
ARM GAS  /var/folders/qh/xwg3v3kj02qbxczjpdb8lzfr0000gn/T//ccTmioXS.s 			page 5


 225 000a 04       		.byte	0x4
 226 000b 01       		.uleb128 0x1
 227 000c 82000000 		.4byte	.LASF18
 228 0010 01       		.byte	0x1
 229 0011 BF010000 		.4byte	.LASF19
 230 0015 64010000 		.4byte	.LASF20
 231 0019 18000000 		.4byte	.Ldebug_ranges0+0x18
 232 001d 00000000 		.4byte	0
 233 0021 00000000 		.4byte	.Ldebug_line0
 234 0025 02       		.uleb128 0x2
 235 0026 04       		.byte	0x4
 236 0027 05       		.byte	0x5
 237 0028 696E7400 		.ascii	"int\000"
 238 002c 03       		.uleb128 0x3
 239 002d 21000000 		.4byte	.LASF2
 240 0031 02       		.byte	0x2
 241 0032 D4       		.byte	0xd4
 242 0033 37000000 		.4byte	0x37
 243 0037 04       		.uleb128 0x4
 244 0038 04       		.byte	0x4
 245 0039 07       		.byte	0x7
 246 003a 19020000 		.4byte	.LASF0
 247 003e 04       		.uleb128 0x4
 248 003f 01       		.byte	0x1
 249 0040 06       		.byte	0x6
 250 0041 F3010000 		.4byte	.LASF1
 251 0045 03       		.uleb128 0x3
 252 0046 5C010000 		.4byte	.LASF3
 253 004a 03       		.byte	0x3
 254 004b 2A       		.byte	0x2a
 255 004c 50000000 		.4byte	0x50
 256 0050 04       		.uleb128 0x4
 257 0051 01       		.byte	0x1
 258 0052 08       		.byte	0x8
 259 0053 30000000 		.4byte	.LASF4
 260 0057 04       		.uleb128 0x4
 261 0058 02       		.byte	0x2
 262 0059 05       		.byte	0x5
 263 005a 0F020000 		.4byte	.LASF5
 264 005e 04       		.uleb128 0x4
 265 005f 02       		.byte	0x2
 266 0060 07       		.byte	0x7
 267 0061 0E000000 		.4byte	.LASF6
 268 0065 04       		.uleb128 0x4
 269 0066 04       		.byte	0x4
 270 0067 05       		.byte	0x5
 271 0068 B0010000 		.4byte	.LASF7
 272 006c 04       		.uleb128 0x4
 273 006d 04       		.byte	0x4
 274 006e 07       		.byte	0x7
 275 006f 59000000 		.4byte	.LASF8
 276 0073 04       		.uleb128 0x4
 277 0074 08       		.byte	0x8
 278 0075 05       		.byte	0x5
 279 0076 00000000 		.4byte	.LASF9
 280 007a 04       		.uleb128 0x4
 281 007b 08       		.byte	0x8
ARM GAS  /var/folders/qh/xwg3v3kj02qbxczjpdb8lzfr0000gn/T//ccTmioXS.s 			page 6


 282 007c 07       		.byte	0x7
 283 007d 6B000000 		.4byte	.LASF10
 284 0081 04       		.uleb128 0x4
 285 0082 01       		.byte	0x1
 286 0083 02       		.byte	0x2
 287 0084 B9010000 		.4byte	.LASF11
 288 0088 05       		.uleb128 0x5
 289 0089 04       		.byte	0x4
 290 008a 04       		.uleb128 0x4
 291 008b 04       		.byte	0x4
 292 008c 07       		.byte	0x7
 293 008d 26020000 		.4byte	.LASF12
 294 0091 04       		.uleb128 0x4
 295 0092 01       		.byte	0x1
 296 0093 08       		.byte	0x8
 297 0094 9F010000 		.4byte	.LASF13
 298 0098 06       		.uleb128 0x6
 299 0099 04       		.byte	0x4
 300 009a 45000000 		.4byte	0x45
 301 009e 07       		.uleb128 0x7
 302 009f E6010000 		.4byte	.LASF21
 303 00a3 01       		.byte	0x1
 304 00a4 69       		.byte	0x69
 305 00a5 88000000 		.4byte	0x88
 306 00a9 01       		.byte	0x1
 307 00aa C3000000 		.4byte	0xc3
 308 00ae 08       		.uleb128 0x8
 309 00af FF010000 		.4byte	.LASF22
 310 00b3 01       		.byte	0x1
 311 00b4 69       		.byte	0x69
 312 00b5 2C000000 		.4byte	0x2c
 313 00b9 09       		.uleb128 0x9
 314 00ba 7000     		.ascii	"p\000"
 315 00bc 01       		.byte	0x1
 316 00bd 6A       		.byte	0x6a
 317 00be 88000000 		.4byte	0x88
 318 00c2 00       		.byte	0
 319 00c3 0A       		.uleb128 0xa
 320 00c4 04020000 		.4byte	.LASF23
 321 00c8 01       		.byte	0x1
 322 00c9 3B       		.byte	0x3b
 323 00ca 00000000 		.4byte	.LFB7
 324 00ce 28000000 		.4byte	.LFE7-.LFB7
 325 00d2 01       		.uleb128 0x1
 326 00d3 9C       		.byte	0x9c
 327 00d4 EF000000 		.4byte	0xef
 328 00d8 0B       		.uleb128 0xb
 329 00d9 4B000000 		.4byte	.LASF14
 330 00dd 01       		.byte	0x1
 331 00de 3D       		.byte	0x3d
 332 00df EF000000 		.4byte	0xef
 333 00e3 0B       		.uleb128 0xb
 334 00e4 3E000000 		.4byte	.LASF15
 335 00e8 01       		.byte	0x1
 336 00e9 3E       		.byte	0x3e
 337 00ea EF000000 		.4byte	0xef
 338 00ee 00       		.byte	0
ARM GAS  /var/folders/qh/xwg3v3kj02qbxczjpdb8lzfr0000gn/T//ccTmioXS.s 			page 7


 339 00ef 0C       		.uleb128 0xc
 340 00f0 45000000 		.4byte	0x45
 341 00f4 FA000000 		.4byte	0xfa
 342 00f8 0D       		.uleb128 0xd
 343 00f9 00       		.byte	0
 344 00fa 0E       		.uleb128 0xe
 345 00fb A4010000 		.4byte	.LASF24
 346 00ff 01       		.byte	0x1
 347 0100 54       		.byte	0x54
 348 0101 88000000 		.4byte	0x88
 349 0105 00000000 		.4byte	.LFB8
 350 0109 2C000000 		.4byte	.LFE8-.LFB8
 351 010d 01       		.uleb128 0x1
 352 010e 9C       		.byte	0x9c
 353 010f 54010000 		.4byte	0x154
 354 0113 0F       		.uleb128 0xf
 355 0114 FF010000 		.4byte	.LASF22
 356 0118 01       		.byte	0x1
 357 0119 54       		.byte	0x54
 358 011a 2C000000 		.4byte	0x2c
 359 011e 00000000 		.4byte	.LLST0
 360 0122 09       		.uleb128 0x9
 361 0123 7000     		.ascii	"p\000"
 362 0125 01       		.byte	0x1
 363 0126 55       		.byte	0x55
 364 0127 88000000 		.4byte	0x88
 365 012b 10       		.uleb128 0x10
 366 012c 9E000000 		.4byte	0x9e
 367 0130 02000000 		.4byte	.LBB4
 368 0134 00000000 		.4byte	.Ldebug_ranges0+0
 369 0138 01       		.byte	0x1
 370 0139 58       		.byte	0x58
 371 013a 11       		.uleb128 0x11
 372 013b AE000000 		.4byte	0xae
 373 013f 21000000 		.4byte	.LLST1
 374 0143 12       		.uleb128 0x12
 375 0144 00000000 		.4byte	.Ldebug_ranges0+0
 376 0148 13       		.uleb128 0x13
 377 0149 B9000000 		.4byte	0xb9
 378 014d 5D000000 		.4byte	.LLST2
 379 0151 00       		.byte	0
 380 0152 00       		.byte	0
 381 0153 00       		.byte	0
 382 0154 14       		.uleb128 0x14
 383 0155 9E000000 		.4byte	0x9e
 384 0159 00000000 		.4byte	.LFB9
 385 015d 28000000 		.4byte	.LFE9-.LFB9
 386 0161 01       		.uleb128 0x1
 387 0162 9C       		.byte	0x9c
 388 0163 7A010000 		.4byte	0x17a
 389 0167 11       		.uleb128 0x11
 390 0168 AE000000 		.4byte	0xae
 391 016c 70000000 		.4byte	.LLST3
 392 0170 13       		.uleb128 0x13
 393 0171 B9000000 		.4byte	0xb9
 394 0175 AC000000 		.4byte	.LLST4
 395 0179 00       		.byte	0
ARM GAS  /var/folders/qh/xwg3v3kj02qbxczjpdb8lzfr0000gn/T//ccTmioXS.s 			page 8


 396 017a 15       		.uleb128 0x15
 397 017b 2F020000 		.4byte	.LASF25
 398 017f 01       		.byte	0x1
 399 0180 7D       		.byte	0x7d
 400 0181 2C000000 		.4byte	0x2c
 401 0185 00000000 		.4byte	.LFB10
 402 0189 14000000 		.4byte	.LFE10-.LFB10
 403 018d 01       		.uleb128 0x1
 404 018e 9C       		.byte	0x9c
 405 018f 16       		.uleb128 0x16
 406 0190 28000000 		.4byte	.LASF16
 407 0194 01       		.byte	0x1
 408 0195 33       		.byte	0x33
 409 0196 98000000 		.4byte	0x98
 410 019a 05       		.uleb128 0x5
 411 019b 03       		.byte	0x3
 412 019c 00000000 		.4byte	nextmem
 413 01a0 16       		.uleb128 0x16
 414 01a1 DF010000 		.4byte	.LASF17
 415 01a5 01       		.byte	0x1
 416 01a6 34       		.byte	0x34
 417 01a7 98000000 		.4byte	0x98
 418 01ab 05       		.uleb128 0x5
 419 01ac 03       		.byte	0x3
 420 01ad 00000000 		.4byte	endmem
 421 01b1 0B       		.uleb128 0xb
 422 01b2 4B000000 		.4byte	.LASF14
 423 01b6 01       		.byte	0x1
 424 01b7 3D       		.byte	0x3d
 425 01b8 EF000000 		.4byte	0xef
 426 01bc 0B       		.uleb128 0xb
 427 01bd 3E000000 		.4byte	.LASF15
 428 01c1 01       		.byte	0x1
 429 01c2 3E       		.byte	0x3e
 430 01c3 EF000000 		.4byte	0xef
 431 01c7 00       		.byte	0
 432              		.section	.debug_abbrev,"",%progbits
 433              	.Ldebug_abbrev0:
 434 0000 01       		.uleb128 0x1
 435 0001 11       		.uleb128 0x11
 436 0002 01       		.byte	0x1
 437 0003 25       		.uleb128 0x25
 438 0004 0E       		.uleb128 0xe
 439 0005 13       		.uleb128 0x13
 440 0006 0B       		.uleb128 0xb
 441 0007 03       		.uleb128 0x3
 442 0008 0E       		.uleb128 0xe
 443 0009 1B       		.uleb128 0x1b
 444 000a 0E       		.uleb128 0xe
 445 000b 55       		.uleb128 0x55
 446 000c 17       		.uleb128 0x17
 447 000d 11       		.uleb128 0x11
 448 000e 01       		.uleb128 0x1
 449 000f 10       		.uleb128 0x10
 450 0010 17       		.uleb128 0x17
 451 0011 00       		.byte	0
 452 0012 00       		.byte	0
ARM GAS  /var/folders/qh/xwg3v3kj02qbxczjpdb8lzfr0000gn/T//ccTmioXS.s 			page 9


 453 0013 02       		.uleb128 0x2
 454 0014 24       		.uleb128 0x24
 455 0015 00       		.byte	0
 456 0016 0B       		.uleb128 0xb
 457 0017 0B       		.uleb128 0xb
 458 0018 3E       		.uleb128 0x3e
 459 0019 0B       		.uleb128 0xb
 460 001a 03       		.uleb128 0x3
 461 001b 08       		.uleb128 0x8
 462 001c 00       		.byte	0
 463 001d 00       		.byte	0
 464 001e 03       		.uleb128 0x3
 465 001f 16       		.uleb128 0x16
 466 0020 00       		.byte	0
 467 0021 03       		.uleb128 0x3
 468 0022 0E       		.uleb128 0xe
 469 0023 3A       		.uleb128 0x3a
 470 0024 0B       		.uleb128 0xb
 471 0025 3B       		.uleb128 0x3b
 472 0026 0B       		.uleb128 0xb
 473 0027 49       		.uleb128 0x49
 474 0028 13       		.uleb128 0x13
 475 0029 00       		.byte	0
 476 002a 00       		.byte	0
 477 002b 04       		.uleb128 0x4
 478 002c 24       		.uleb128 0x24
 479 002d 00       		.byte	0
 480 002e 0B       		.uleb128 0xb
 481 002f 0B       		.uleb128 0xb
 482 0030 3E       		.uleb128 0x3e
 483 0031 0B       		.uleb128 0xb
 484 0032 03       		.uleb128 0x3
 485 0033 0E       		.uleb128 0xe
 486 0034 00       		.byte	0
 487 0035 00       		.byte	0
 488 0036 05       		.uleb128 0x5
 489 0037 0F       		.uleb128 0xf
 490 0038 00       		.byte	0
 491 0039 0B       		.uleb128 0xb
 492 003a 0B       		.uleb128 0xb
 493 003b 00       		.byte	0
 494 003c 00       		.byte	0
 495 003d 06       		.uleb128 0x6
 496 003e 0F       		.uleb128 0xf
 497 003f 00       		.byte	0
 498 0040 0B       		.uleb128 0xb
 499 0041 0B       		.uleb128 0xb
 500 0042 49       		.uleb128 0x49
 501 0043 13       		.uleb128 0x13
 502 0044 00       		.byte	0
 503 0045 00       		.byte	0
 504 0046 07       		.uleb128 0x7
 505 0047 2E       		.uleb128 0x2e
 506 0048 01       		.byte	0x1
 507 0049 3F       		.uleb128 0x3f
 508 004a 19       		.uleb128 0x19
 509 004b 03       		.uleb128 0x3
ARM GAS  /var/folders/qh/xwg3v3kj02qbxczjpdb8lzfr0000gn/T//ccTmioXS.s 			page 10


 510 004c 0E       		.uleb128 0xe
 511 004d 3A       		.uleb128 0x3a
 512 004e 0B       		.uleb128 0xb
 513 004f 3B       		.uleb128 0x3b
 514 0050 0B       		.uleb128 0xb
 515 0051 27       		.uleb128 0x27
 516 0052 19       		.uleb128 0x19
 517 0053 49       		.uleb128 0x49
 518 0054 13       		.uleb128 0x13
 519 0055 20       		.uleb128 0x20
 520 0056 0B       		.uleb128 0xb
 521 0057 01       		.uleb128 0x1
 522 0058 13       		.uleb128 0x13
 523 0059 00       		.byte	0
 524 005a 00       		.byte	0
 525 005b 08       		.uleb128 0x8
 526 005c 05       		.uleb128 0x5
 527 005d 00       		.byte	0
 528 005e 03       		.uleb128 0x3
 529 005f 0E       		.uleb128 0xe
 530 0060 3A       		.uleb128 0x3a
 531 0061 0B       		.uleb128 0xb
 532 0062 3B       		.uleb128 0x3b
 533 0063 0B       		.uleb128 0xb
 534 0064 49       		.uleb128 0x49
 535 0065 13       		.uleb128 0x13
 536 0066 00       		.byte	0
 537 0067 00       		.byte	0
 538 0068 09       		.uleb128 0x9
 539 0069 34       		.uleb128 0x34
 540 006a 00       		.byte	0
 541 006b 03       		.uleb128 0x3
 542 006c 08       		.uleb128 0x8
 543 006d 3A       		.uleb128 0x3a
 544 006e 0B       		.uleb128 0xb
 545 006f 3B       		.uleb128 0x3b
 546 0070 0B       		.uleb128 0xb
 547 0071 49       		.uleb128 0x49
 548 0072 13       		.uleb128 0x13
 549 0073 00       		.byte	0
 550 0074 00       		.byte	0
 551 0075 0A       		.uleb128 0xa
 552 0076 2E       		.uleb128 0x2e
 553 0077 01       		.byte	0x1
 554 0078 3F       		.uleb128 0x3f
 555 0079 19       		.uleb128 0x19
 556 007a 03       		.uleb128 0x3
 557 007b 0E       		.uleb128 0xe
 558 007c 3A       		.uleb128 0x3a
 559 007d 0B       		.uleb128 0xb
 560 007e 3B       		.uleb128 0x3b
 561 007f 0B       		.uleb128 0xb
 562 0080 27       		.uleb128 0x27
 563 0081 19       		.uleb128 0x19
 564 0082 11       		.uleb128 0x11
 565 0083 01       		.uleb128 0x1
 566 0084 12       		.uleb128 0x12
ARM GAS  /var/folders/qh/xwg3v3kj02qbxczjpdb8lzfr0000gn/T//ccTmioXS.s 			page 11


 567 0085 06       		.uleb128 0x6
 568 0086 40       		.uleb128 0x40
 569 0087 18       		.uleb128 0x18
 570 0088 9742     		.uleb128 0x2117
 571 008a 19       		.uleb128 0x19
 572 008b 01       		.uleb128 0x1
 573 008c 13       		.uleb128 0x13
 574 008d 00       		.byte	0
 575 008e 00       		.byte	0
 576 008f 0B       		.uleb128 0xb
 577 0090 34       		.uleb128 0x34
 578 0091 00       		.byte	0
 579 0092 03       		.uleb128 0x3
 580 0093 0E       		.uleb128 0xe
 581 0094 3A       		.uleb128 0x3a
 582 0095 0B       		.uleb128 0xb
 583 0096 3B       		.uleb128 0x3b
 584 0097 0B       		.uleb128 0xb
 585 0098 49       		.uleb128 0x49
 586 0099 13       		.uleb128 0x13
 587 009a 3F       		.uleb128 0x3f
 588 009b 19       		.uleb128 0x19
 589 009c 3C       		.uleb128 0x3c
 590 009d 19       		.uleb128 0x19
 591 009e 00       		.byte	0
 592 009f 00       		.byte	0
 593 00a0 0C       		.uleb128 0xc
 594 00a1 01       		.uleb128 0x1
 595 00a2 01       		.byte	0x1
 596 00a3 49       		.uleb128 0x49
 597 00a4 13       		.uleb128 0x13
 598 00a5 01       		.uleb128 0x1
 599 00a6 13       		.uleb128 0x13
 600 00a7 00       		.byte	0
 601 00a8 00       		.byte	0
 602 00a9 0D       		.uleb128 0xd
 603 00aa 21       		.uleb128 0x21
 604 00ab 00       		.byte	0
 605 00ac 00       		.byte	0
 606 00ad 00       		.byte	0
 607 00ae 0E       		.uleb128 0xe
 608 00af 2E       		.uleb128 0x2e
 609 00b0 01       		.byte	0x1
 610 00b1 3F       		.uleb128 0x3f
 611 00b2 19       		.uleb128 0x19
 612 00b3 03       		.uleb128 0x3
 613 00b4 0E       		.uleb128 0xe
 614 00b5 3A       		.uleb128 0x3a
 615 00b6 0B       		.uleb128 0xb
 616 00b7 3B       		.uleb128 0x3b
 617 00b8 0B       		.uleb128 0xb
 618 00b9 27       		.uleb128 0x27
 619 00ba 19       		.uleb128 0x19
 620 00bb 49       		.uleb128 0x49
 621 00bc 13       		.uleb128 0x13
 622 00bd 11       		.uleb128 0x11
 623 00be 01       		.uleb128 0x1
ARM GAS  /var/folders/qh/xwg3v3kj02qbxczjpdb8lzfr0000gn/T//ccTmioXS.s 			page 12


 624 00bf 12       		.uleb128 0x12
 625 00c0 06       		.uleb128 0x6
 626 00c1 40       		.uleb128 0x40
 627 00c2 18       		.uleb128 0x18
 628 00c3 9742     		.uleb128 0x2117
 629 00c5 19       		.uleb128 0x19
 630 00c6 01       		.uleb128 0x1
 631 00c7 13       		.uleb128 0x13
 632 00c8 00       		.byte	0
 633 00c9 00       		.byte	0
 634 00ca 0F       		.uleb128 0xf
 635 00cb 05       		.uleb128 0x5
 636 00cc 00       		.byte	0
 637 00cd 03       		.uleb128 0x3
 638 00ce 0E       		.uleb128 0xe
 639 00cf 3A       		.uleb128 0x3a
 640 00d0 0B       		.uleb128 0xb
 641 00d1 3B       		.uleb128 0x3b
 642 00d2 0B       		.uleb128 0xb
 643 00d3 49       		.uleb128 0x49
 644 00d4 13       		.uleb128 0x13
 645 00d5 02       		.uleb128 0x2
 646 00d6 17       		.uleb128 0x17
 647 00d7 00       		.byte	0
 648 00d8 00       		.byte	0
 649 00d9 10       		.uleb128 0x10
 650 00da 1D       		.uleb128 0x1d
 651 00db 01       		.byte	0x1
 652 00dc 31       		.uleb128 0x31
 653 00dd 13       		.uleb128 0x13
 654 00de 52       		.uleb128 0x52
 655 00df 01       		.uleb128 0x1
 656 00e0 55       		.uleb128 0x55
 657 00e1 17       		.uleb128 0x17
 658 00e2 58       		.uleb128 0x58
 659 00e3 0B       		.uleb128 0xb
 660 00e4 59       		.uleb128 0x59
 661 00e5 0B       		.uleb128 0xb
 662 00e6 00       		.byte	0
 663 00e7 00       		.byte	0
 664 00e8 11       		.uleb128 0x11
 665 00e9 05       		.uleb128 0x5
 666 00ea 00       		.byte	0
 667 00eb 31       		.uleb128 0x31
 668 00ec 13       		.uleb128 0x13
 669 00ed 02       		.uleb128 0x2
 670 00ee 17       		.uleb128 0x17
 671 00ef 00       		.byte	0
 672 00f0 00       		.byte	0
 673 00f1 12       		.uleb128 0x12
 674 00f2 0B       		.uleb128 0xb
 675 00f3 01       		.byte	0x1
 676 00f4 55       		.uleb128 0x55
 677 00f5 17       		.uleb128 0x17
 678 00f6 00       		.byte	0
 679 00f7 00       		.byte	0
 680 00f8 13       		.uleb128 0x13
ARM GAS  /var/folders/qh/xwg3v3kj02qbxczjpdb8lzfr0000gn/T//ccTmioXS.s 			page 13


 681 00f9 34       		.uleb128 0x34
 682 00fa 00       		.byte	0
 683 00fb 31       		.uleb128 0x31
 684 00fc 13       		.uleb128 0x13
 685 00fd 02       		.uleb128 0x2
 686 00fe 17       		.uleb128 0x17
 687 00ff 00       		.byte	0
 688 0100 00       		.byte	0
 689 0101 14       		.uleb128 0x14
 690 0102 2E       		.uleb128 0x2e
 691 0103 01       		.byte	0x1
 692 0104 31       		.uleb128 0x31
 693 0105 13       		.uleb128 0x13
 694 0106 11       		.uleb128 0x11
 695 0107 01       		.uleb128 0x1
 696 0108 12       		.uleb128 0x12
 697 0109 06       		.uleb128 0x6
 698 010a 40       		.uleb128 0x40
 699 010b 18       		.uleb128 0x18
 700 010c 9742     		.uleb128 0x2117
 701 010e 19       		.uleb128 0x19
 702 010f 01       		.uleb128 0x1
 703 0110 13       		.uleb128 0x13
 704 0111 00       		.byte	0
 705 0112 00       		.byte	0
 706 0113 15       		.uleb128 0x15
 707 0114 2E       		.uleb128 0x2e
 708 0115 00       		.byte	0
 709 0116 3F       		.uleb128 0x3f
 710 0117 19       		.uleb128 0x19
 711 0118 03       		.uleb128 0x3
 712 0119 0E       		.uleb128 0xe
 713 011a 3A       		.uleb128 0x3a
 714 011b 0B       		.uleb128 0xb
 715 011c 3B       		.uleb128 0x3b
 716 011d 0B       		.uleb128 0xb
 717 011e 27       		.uleb128 0x27
 718 011f 19       		.uleb128 0x19
 719 0120 49       		.uleb128 0x49
 720 0121 13       		.uleb128 0x13
 721 0122 11       		.uleb128 0x11
 722 0123 01       		.uleb128 0x1
 723 0124 12       		.uleb128 0x12
 724 0125 06       		.uleb128 0x6
 725 0126 40       		.uleb128 0x40
 726 0127 18       		.uleb128 0x18
 727 0128 9742     		.uleb128 0x2117
 728 012a 19       		.uleb128 0x19
 729 012b 00       		.byte	0
 730 012c 00       		.byte	0
 731 012d 16       		.uleb128 0x16
 732 012e 34       		.uleb128 0x34
 733 012f 00       		.byte	0
 734 0130 03       		.uleb128 0x3
 735 0131 0E       		.uleb128 0xe
 736 0132 3A       		.uleb128 0x3a
 737 0133 0B       		.uleb128 0xb
ARM GAS  /var/folders/qh/xwg3v3kj02qbxczjpdb8lzfr0000gn/T//ccTmioXS.s 			page 14


 738 0134 3B       		.uleb128 0x3b
 739 0135 0B       		.uleb128 0xb
 740 0136 49       		.uleb128 0x49
 741 0137 13       		.uleb128 0x13
 742 0138 02       		.uleb128 0x2
 743 0139 18       		.uleb128 0x18
 744 013a 00       		.byte	0
 745 013b 00       		.byte	0
 746 013c 00       		.byte	0
 747              		.section	.debug_loc,"",%progbits
 748              	.Ldebug_loc0:
 749              	.LLST0:
 750 0000 00000000 		.4byte	.LVL0
 751 0004 10000000 		.4byte	.LVL3
 752 0008 0100     		.2byte	0x1
 753 000a 50       		.byte	0x50
 754 000b 10000000 		.4byte	.LVL3
 755 000f 2C000000 		.4byte	.LFE8
 756 0013 0400     		.2byte	0x4
 757 0015 F3       		.byte	0xf3
 758 0016 01       		.uleb128 0x1
 759 0017 50       		.byte	0x50
 760 0018 9F       		.byte	0x9f
 761 0019 00000000 		.4byte	0
 762 001d 00000000 		.4byte	0
 763              	.LLST1:
 764 0021 02000000 		.4byte	.LVL1
 765 0025 08000000 		.4byte	.LVL2
 766 0029 0100     		.2byte	0x1
 767 002b 50       		.byte	0x50
 768 002c 08000000 		.4byte	.LVL2
 769 0030 18000000 		.4byte	.LVL5
 770 0034 0100     		.2byte	0x1
 771 0036 52       		.byte	0x52
 772 0037 18000000 		.4byte	.LVL5
 773 003b 1E000000 		.4byte	.LVL7
 774 003f 0900     		.2byte	0x9
 775 0041 F3       		.byte	0xf3
 776 0042 01       		.uleb128 0x1
 777 0043 50       		.byte	0x50
 778 0044 23       		.byte	0x23
 779 0045 07       		.uleb128 0x7
 780 0046 09       		.byte	0x9
 781 0047 F8       		.byte	0xf8
 782 0048 1A       		.byte	0x1a
 783 0049 9F       		.byte	0x9f
 784 004a 1E000000 		.4byte	.LVL7
 785 004e 2C000000 		.4byte	.LFE8
 786 0052 0100     		.2byte	0x1
 787 0054 52       		.byte	0x52
 788 0055 00000000 		.4byte	0
 789 0059 00000000 		.4byte	0
 790              	.LLST2:
 791 005d 16000000 		.4byte	.LVL4
 792 0061 1A000000 		.4byte	.LVL6
 793 0065 0100     		.2byte	0x1
 794 0067 50       		.byte	0x50
ARM GAS  /var/folders/qh/xwg3v3kj02qbxczjpdb8lzfr0000gn/T//ccTmioXS.s 			page 15


 795 0068 00000000 		.4byte	0
 796 006c 00000000 		.4byte	0
 797              	.LLST3:
 798 0070 00000000 		.4byte	.LVL8
 799 0074 06000000 		.4byte	.LVL9
 800 0078 0100     		.2byte	0x1
 801 007a 50       		.byte	0x50
 802 007b 06000000 		.4byte	.LVL9
 803 007f 16000000 		.4byte	.LVL11
 804 0083 0100     		.2byte	0x1
 805 0085 52       		.byte	0x52
 806 0086 16000000 		.4byte	.LVL11
 807 008a 1A000000 		.4byte	.LVL13
 808 008e 0900     		.2byte	0x9
 809 0090 F3       		.byte	0xf3
 810 0091 01       		.uleb128 0x1
 811 0092 50       		.byte	0x50
 812 0093 23       		.byte	0x23
 813 0094 07       		.uleb128 0x7
 814 0095 09       		.byte	0x9
 815 0096 F8       		.byte	0xf8
 816 0097 1A       		.byte	0x1a
 817 0098 9F       		.byte	0x9f
 818 0099 1A000000 		.4byte	.LVL13
 819 009d 28000000 		.4byte	.LFE9
 820 00a1 0100     		.2byte	0x1
 821 00a3 52       		.byte	0x52
 822 00a4 00000000 		.4byte	0
 823 00a8 00000000 		.4byte	0
 824              	.LLST4:
 825 00ac 14000000 		.4byte	.LVL10
 826 00b0 18000000 		.4byte	.LVL12
 827 00b4 0100     		.2byte	0x1
 828 00b6 50       		.byte	0x50
 829 00b7 00000000 		.4byte	0
 830 00bb 00000000 		.4byte	0
 831              		.section	.debug_aranges,"",%progbits
 832 0000 34000000 		.4byte	0x34
 833 0004 0200     		.2byte	0x2
 834 0006 00000000 		.4byte	.Ldebug_info0
 835 000a 04       		.byte	0x4
 836 000b 00       		.byte	0
 837 000c 0000     		.2byte	0
 838 000e 0000     		.2byte	0
 839 0010 00000000 		.4byte	.LFB7
 840 0014 28000000 		.4byte	.LFE7-.LFB7
 841 0018 00000000 		.4byte	.LFB8
 842 001c 2C000000 		.4byte	.LFE8-.LFB8
 843 0020 00000000 		.4byte	.LFB9
 844 0024 28000000 		.4byte	.LFE9-.LFB9
 845 0028 00000000 		.4byte	.LFB10
 846 002c 14000000 		.4byte	.LFE10-.LFB10
 847 0030 00000000 		.4byte	0
 848 0034 00000000 		.4byte	0
 849              		.section	.debug_ranges,"",%progbits
 850              	.Ldebug_ranges0:
 851 0000 02000000 		.4byte	.LBB4
ARM GAS  /var/folders/qh/xwg3v3kj02qbxczjpdb8lzfr0000gn/T//ccTmioXS.s 			page 16


 852 0004 1A000000 		.4byte	.LBE4
 853 0008 1E000000 		.4byte	.LBB7
 854 000c 2C000000 		.4byte	.LBE7
 855 0010 00000000 		.4byte	0
 856 0014 00000000 		.4byte	0
 857 0018 00000000 		.4byte	.LFB7
 858 001c 28000000 		.4byte	.LFE7
 859 0020 00000000 		.4byte	.LFB8
 860 0024 2C000000 		.4byte	.LFE8
 861 0028 00000000 		.4byte	.LFB9
 862 002c 28000000 		.4byte	.LFE9
 863 0030 00000000 		.4byte	.LFB10
 864 0034 14000000 		.4byte	.LFE10
 865 0038 00000000 		.4byte	0
 866 003c 00000000 		.4byte	0
 867              		.section	.debug_line,"",%progbits
 868              	.Ldebug_line0:
 869 0000 4A010000 		.section	.debug_str,"MS",%progbits,1
 869      0200E800 
 869      00000201 
 869      FB0E0D00 
 869      01010101 
 870              	.LASF9:
 871 0000 6C6F6E67 		.ascii	"long long int\000"
 871      206C6F6E 
 871      6720696E 
 871      7400
 872              	.LASF6:
 873 000e 73686F72 		.ascii	"short unsigned int\000"
 873      7420756E 
 873      7369676E 
 873      65642069 
 873      6E7400
 874              	.LASF2:
 875 0021 73697A65 		.ascii	"size_t\000"
 875      5F7400
 876              	.LASF16:
 877 0028 6E657874 		.ascii	"nextmem\000"
 877      6D656D00 
 878              	.LASF4:
 879 0030 756E7369 		.ascii	"unsigned char\000"
 879      676E6564 
 879      20636861 
 879      7200
 880              	.LASF15:
 881 003e 5F5F6865 		.ascii	"__heap_end__\000"
 881      61705F65 
 881      6E645F5F 
 881      00
 882              	.LASF14:
 883 004b 5F5F6865 		.ascii	"__heap_base__\000"
 883      61705F62 
 883      6173655F 
 883      5F00
 884              	.LASF8:
 885 0059 6C6F6E67 		.ascii	"long unsigned int\000"
 885      20756E73 
ARM GAS  /var/folders/qh/xwg3v3kj02qbxczjpdb8lzfr0000gn/T//ccTmioXS.s 			page 17


 885      69676E65 
 885      6420696E 
 885      7400
 886              	.LASF10:
 887 006b 6C6F6E67 		.ascii	"long long unsigned int\000"
 887      206C6F6E 
 887      6720756E 
 887      7369676E 
 887      65642069 
 888              	.LASF18:
 889 0082 474E5520 		.ascii	"GNU C 4.8.3 20131129 (release) [ARM/embedded-4_8-br"
 889      4320342E 
 889      382E3320 
 889      32303133 
 889      31313239 
 890 00b5 616E6368 		.ascii	"anch revision 205641] -mcpu=cortex-m0 -mno-thumb-in"
 890      20726576 
 890      6973696F 
 890      6E203230 
 890      35363431 
 891 00e8 74657277 		.ascii	"terwork -mthumb -ggdb -O2 -fomit-frame-pointer -fal"
 891      6F726B20 
 891      2D6D7468 
 891      756D6220 
 891      2D676764 
 892 011b 69676E2D 		.ascii	"ign-functions=16 -ffunction-sections -fdata-section"
 892      66756E63 
 892      74696F6E 
 892      733D3136 
 892      202D6666 
 893 014e 73202D66 		.ascii	"s -fno-common\000"
 893      6E6F2D63 
 893      6F6D6D6F 
 893      6E00
 894              	.LASF3:
 895 015c 75696E74 		.ascii	"uint8_t\000"
 895      385F7400 
 896              	.LASF20:
 897 0164 2F557365 		.ascii	"/Users/John/Development/embedded/ChibiOs-Rt/BluC/ST"
 897      72732F4A 
 897      6F686E2F 
 897      44657665 
 897      6C6F706D 
 898 0197 4D333246 		.ascii	"M32F051\000"
 898      30353100 
 899              	.LASF13:
 900 019f 63686172 		.ascii	"char\000"
 900      00
 901              	.LASF24:
 902 01a4 6368436F 		.ascii	"chCoreAlloc\000"
 902      7265416C 
 902      6C6F6300 
 903              	.LASF7:
 904 01b0 6C6F6E67 		.ascii	"long int\000"
 904      20696E74 
 904      00
 905              	.LASF11:
ARM GAS  /var/folders/qh/xwg3v3kj02qbxczjpdb8lzfr0000gn/T//ccTmioXS.s 			page 18


 906 01b9 5F426F6F 		.ascii	"_Bool\000"
 906      6C00
 907              	.LASF19:
 908 01bf 2E2E2F2E 		.ascii	"../../os/kernel/src/chmemcore.c\000"
 908      2E2F6F73 
 908      2F6B6572 
 908      6E656C2F 
 908      7372632F 
 909              	.LASF17:
 910 01df 656E646D 		.ascii	"endmem\000"
 910      656D00
 911              	.LASF21:
 912 01e6 6368436F 		.ascii	"chCoreAllocI\000"
 912      7265416C 
 912      6C6F6349 
 912      00
 913              	.LASF1:
 914 01f3 7369676E 		.ascii	"signed char\000"
 914      65642063 
 914      68617200 
 915              	.LASF22:
 916 01ff 73697A65 		.ascii	"size\000"
 916      00
 917              	.LASF23:
 918 0204 5F636F72 		.ascii	"_core_init\000"
 918      655F696E 
 918      697400
 919              	.LASF5:
 920 020f 73686F72 		.ascii	"short int\000"
 920      7420696E 
 920      7400
 921              	.LASF0:
 922 0219 756E7369 		.ascii	"unsigned int\000"
 922      676E6564 
 922      20696E74 
 922      00
 923              	.LASF12:
 924 0226 73697A65 		.ascii	"sizetype\000"
 924      74797065 
 924      00
 925              	.LASF25:
 926 022f 6368436F 		.ascii	"chCoreStatus\000"
 926      72655374 
 926      61747573 
 926      00
 927              		.ident	"GCC: (GNU Tools for ARM Embedded Processors) 4.8.3 20131129 (release) [ARM/embedded-4_8-br
ARM GAS  /var/folders/qh/xwg3v3kj02qbxczjpdb8lzfr0000gn/T//ccTmioXS.s 			page 19


DEFINED SYMBOLS
                            *ABS*:0000000000000000 chmemcore.c
/var/folders/qh/xwg3v3kj02qbxczjpdb8lzfr0000gn/T//ccTmioXS.s:18     .text._core_init:0000000000000000 $t
/var/folders/qh/xwg3v3kj02qbxczjpdb8lzfr0000gn/T//ccTmioXS.s:24     .text._core_init:0000000000000000 _core_init
/var/folders/qh/xwg3v3kj02qbxczjpdb8lzfr0000gn/T//ccTmioXS.s:49     .text._core_init:0000000000000018 $d
/var/folders/qh/xwg3v3kj02qbxczjpdb8lzfr0000gn/T//ccTmioXS.s:57     .text.chCoreAlloc:0000000000000000 $t
/var/folders/qh/xwg3v3kj02qbxczjpdb8lzfr0000gn/T//ccTmioXS.s:63     .text.chCoreAlloc:0000000000000000 chCoreAlloc
/var/folders/qh/xwg3v3kj02qbxczjpdb8lzfr0000gn/T//ccTmioXS.s:117    .text.chCoreAlloc:0000000000000024 $d
/var/folders/qh/xwg3v3kj02qbxczjpdb8lzfr0000gn/T//ccTmioXS.s:125    .text.chCoreAllocI:0000000000000000 $t
/var/folders/qh/xwg3v3kj02qbxczjpdb8lzfr0000gn/T//ccTmioXS.s:131    .text.chCoreAllocI:0000000000000000 chCoreAllocI
/var/folders/qh/xwg3v3kj02qbxczjpdb8lzfr0000gn/T//ccTmioXS.s:167    .text.chCoreAllocI:0000000000000020 $d
/var/folders/qh/xwg3v3kj02qbxczjpdb8lzfr0000gn/T//ccTmioXS.s:173    .text.chCoreStatus:0000000000000000 $t
/var/folders/qh/xwg3v3kj02qbxczjpdb8lzfr0000gn/T//ccTmioXS.s:179    .text.chCoreStatus:0000000000000000 chCoreStatus
/var/folders/qh/xwg3v3kj02qbxczjpdb8lzfr0000gn/T//ccTmioXS.s:197    .text.chCoreStatus:000000000000000c $d
/var/folders/qh/xwg3v3kj02qbxczjpdb8lzfr0000gn/T//ccTmioXS.s:203    .bss.endmem:0000000000000000 $d
/var/folders/qh/xwg3v3kj02qbxczjpdb8lzfr0000gn/T//ccTmioXS.s:207    .bss.endmem:0000000000000000 endmem
/var/folders/qh/xwg3v3kj02qbxczjpdb8lzfr0000gn/T//ccTmioXS.s:210    .bss.nextmem:0000000000000000 $d
/var/folders/qh/xwg3v3kj02qbxczjpdb8lzfr0000gn/T//ccTmioXS.s:214    .bss.nextmem:0000000000000000 nextmem
                     .debug_frame:0000000000000010 $d
/var/folders/qh/xwg3v3kj02qbxczjpdb8lzfr0000gn/T//ccTmioXS.s:56     .text._core_init:0000000000000028 $t
/var/folders/qh/xwg3v3kj02qbxczjpdb8lzfr0000gn/T//ccTmioXS.s:124    .text.chCoreAlloc:000000000000002c $t
/var/folders/qh/xwg3v3kj02qbxczjpdb8lzfr0000gn/T//ccTmioXS.s:172    .text.chCoreAllocI:0000000000000028 $t
/var/folders/qh/xwg3v3kj02qbxczjpdb8lzfr0000gn/T//ccTmioXS.s:202    .text.chCoreStatus:0000000000000014 $t

UNDEFINED SYMBOLS
__heap_base__
__heap_end__
