ARM GAS  /var/folders/qh/xwg3v3kj02qbxczjpdb8lzfr0000gn/T//cc6YcsW6.s 			page 1


   1              		.cpu cortex-m0
   2              		.fpu softvfp
   3              		.eabi_attribute 20, 1
   4              		.eabi_attribute 21, 1
   5              		.eabi_attribute 23, 3
   6              		.eabi_attribute 24, 1
   7              		.eabi_attribute 25, 1
   8              		.eabi_attribute 26, 1
   9              		.eabi_attribute 30, 2
  10              		.eabi_attribute 34, 0
  11              		.eabi_attribute 18, 4
  12              		.code	16
  13              		.file	"chsys.c"
  14              		.text
  15              	.Ltext0:
  16              		.cfi_sections	.debug_frame
  17              		.section	.text._idle_thread,"ax",%progbits
  18              		.align	2
  19              		.p2align 4,,15
  20              		.global	_idle_thread
  21              		.code	16
  22              		.thumb_func
  23              		.type	_idle_thread, %function
  24              	_idle_thread:
  25              	.LFB7:
  26              		.file 1 "../../os/kernel/src/chsys.c"
  27              		.loc 1 54 0
  28              		.cfi_startproc
  29              	.LVL0:
  30              		.loc 1 57 0
  31 0000 024B     		ldr	r3, .L4
  32 0002 034A     		ldr	r2, .L4+4
  33 0004 9B69     		ldr	r3, [r3, #24]
  34 0006 9A61     		str	r2, [r3, #24]
  35              	.L2:
  36 0008 FEE7     		b	.L2
  37              	.L5:
  38 000a C046     		.align	2
  39              	.L4:
  40 000c 00000000 		.word	rlist
  41 0010 00000000 		.word	.LC1
  42              		.cfi_endproc
  43              	.LFE7:
  44              		.size	_idle_thread, .-_idle_thread
  45 0014 C046C046 		.section	.text.chSysInit,"ax",%progbits
  45      C046C046 
  45      C046C046 
  46              		.align	2
  47              		.p2align 4,,15
  48              		.global	chSysInit
  49              		.code	16
  50              		.thumb_func
  51              		.type	chSysInit, %function
  52              	chSysInit:
  53              	.LFB8:
  54              		.loc 1 77 0
  55              		.cfi_startproc
ARM GAS  /var/folders/qh/xwg3v3kj02qbxczjpdb8lzfr0000gn/T//cc6YcsW6.s 			page 2


  56 0000 00B5     		push	{lr}
  57              		.cfi_def_cfa_offset 4
  58              		.cfi_offset 14, -4
  59              		.loc 1 83 0
  60 0002 154A     		ldr	r2, .L7
  61 0004 154B     		ldr	r3, .L7+4
  62              		.loc 1 77 0
  63 0006 83B0     		sub	sp, sp, #12
  64              		.cfi_def_cfa_offset 16
  65              		.loc 1 83 0
  66 0008 DA60     		str	r2, [r3, #12]
  67 000a 0A20     		mov	r0, #10
  68 000c 0021     		mov	r1, #0
  69 000e FFF7FEFF 		bl	nvicSetSystemHandlerPriority
  70              	.LVL1:
  71 0012 0B20     		mov	r0, #11
  72 0014 8021     		mov	r1, #128
  73 0016 FFF7FEFF 		bl	nvicSetSystemHandlerPriority
  74              	.LVL2:
  75              		.loc 1 84 0
  76 001a FFF7FEFF 		bl	_scheduler_init
  77              	.LVL3:
  78              		.loc 1 85 0
  79 001e FFF7FEFF 		bl	_vt_init
  80              	.LVL4:
  81              		.loc 1 87 0
  82 0022 FFF7FEFF 		bl	_core_init
  83              	.LVL5:
  84              		.loc 1 90 0
  85 0026 FFF7FEFF 		bl	_heap_init
  86              	.LVL6:
  87              		.loc 1 97 0
  88 002a 4021     		mov	r1, #64
  89 002c 0C48     		ldr	r0, .L7+8
  90 002e FFF7FEFF 		bl	_thread_init
  91              	.LVL7:
  92 0032 0C4B     		ldr	r3, .L7+12
  93 0034 9861     		str	r0, [r3, #24]
  94              		.loc 1 98 0
  95 0036 0123     		mov	r3, #1
  96 0038 0377     		strb	r3, [r0, #28]
  97              		.loc 1 104 0
  98              	@ 104 "../../os/kernel/src/chsys.c" 1
  99 003a 62B6     		cpsie   i
 100              	@ 0 "" 2
 101              		.loc 1 108 0
 102              		.code	16
 103 003c 094B     		ldr	r3, .L7+12
 104 003e 0A4A     		ldr	r2, .L7+16
 105 0040 9B69     		ldr	r3, [r3, #24]
 106              		.loc 1 114 0
 107 0042 C021     		mov	r1, #192
 108              		.loc 1 108 0
 109 0044 9A61     		str	r2, [r3, #24]
 110              		.loc 1 114 0
 111 0046 0023     		mov	r3, #0
 112 0048 0093     		str	r3, [sp]
ARM GAS  /var/folders/qh/xwg3v3kj02qbxczjpdb8lzfr0000gn/T//cc6YcsW6.s 			page 3


 113 004a 0122     		mov	r2, #1
 114 004c 074B     		ldr	r3, .L7+20
 115 004e 0848     		ldr	r0, .L7+24
 116 0050 FFF7FEFF 		bl	chThdCreateStatic
 117              	.LVL8:
 118              		.loc 1 117 0
 119 0054 03B0     		add	sp, sp, #12
 120              		@ sp needed
 121 0056 00BD     		pop	{pc}
 122              	.L8:
 123              		.align	2
 124              	.L7:
 125 0058 0000FA05 		.word	100270080
 126 005c 00ED00E0 		.word	-536810240
 127 0060 00000000 		.word	.LANCHOR0
 128 0064 00000000 		.word	rlist
 129 0068 00000000 		.word	ch_debug
 130 006c 00000000 		.word	_idle_thread
 131 0070 00000000 		.word	.LANCHOR1
 132              		.cfi_endproc
 133              	.LFE8:
 134              		.size	chSysInit, .-chSysInit
 135 0074 C046C046 		.section	.text.chSysTimerHandlerI,"ax",%progbits
 135      C046C046 
 135      C046C046 
 136              		.align	2
 137              		.p2align 4,,15
 138              		.global	chSysTimerHandlerI
 139              		.code	16
 140              		.thumb_func
 141              		.type	chSysTimerHandlerI, %function
 142              	chSysTimerHandlerI:
 143              	.LFB9:
 144              		.loc 1 130 0
 145              		.cfi_startproc
 146 0000 70B5     		push	{r4, r5, r6, lr}
 147              		.cfi_def_cfa_offset 16
 148              		.cfi_offset 4, -16
 149              		.cfi_offset 5, -12
 150              		.cfi_offset 6, -8
 151              		.cfi_offset 14, -4
 152              		.loc 1 136 0
 153 0002 134B     		ldr	r3, .L17
 154 0004 9B69     		ldr	r3, [r3, #24]
 155 0006 DA7F     		ldrb	r2, [r3, #31]
 156 0008 002A     		cmp	r2, #0
 157 000a 01D0     		beq	.L10
 158              		.loc 1 138 0
 159 000c 013A     		sub	r2, r2, #1
 160 000e DA77     		strb	r2, [r3, #31]
 161              	.L10:
 162              		.loc 1 141 0
 163 0010 1A6A     		ldr	r2, [r3, #32]
 164 0012 0132     		add	r2, r2, #1
 165 0014 1A62     		str	r2, [r3, #32]
 166              		.loc 1 143 0
 167 0016 0F4A     		ldr	r2, .L17+4
ARM GAS  /var/folders/qh/xwg3v3kj02qbxczjpdb8lzfr0000gn/T//cc6YcsW6.s 			page 4


 168 0018 D368     		ldr	r3, [r2, #12]
 169 001a 0133     		add	r3, r3, #1
 170 001c D360     		str	r3, [r2, #12]
 171 001e 1368     		ldr	r3, [r2]
 172 0020 9342     		cmp	r3, r2
 173 0022 14D0     		beq	.L9
 174              	.LBB2:
 175              		.loc 1 143 0 is_stmt 0 discriminator 1
 176 0024 9968     		ldr	r1, [r3, #8]
 177 0026 0139     		sub	r1, r1, #1
 178 0028 9960     		str	r1, [r3, #8]
 179              	.LVL9:
 180 002a 0029     		cmp	r1, #0
 181 002c 0FD1     		bne	.L9
 182              	.LBB3:
 183              		.loc 1 143 0
 184 002e 0026     		mov	r6, #0
 185              	.LBE3:
 186 0030 141C     		mov	r4, r2
 187              	.L13:
 188              	.LBB4:
 189              		.loc 1 143 0 discriminator 2
 190 0032 1968     		ldr	r1, [r3]
 191 0034 DD68     		ldr	r5, [r3, #12]
 192              	.LVL10:
 193 0036 1160     		str	r1, [r2]
 194 0038 DE60     		str	r6, [r3, #12]
 195 003a 4A60     		str	r2, [r1, #4]
 196              	@ 143 "../../os/kernel/src/chsys.c" 1
 197 003c 62B6     		cpsie   i
 198              	@ 0 "" 2
 199              		.code	16
 200 003e 1869     		ldr	r0, [r3, #16]
 201 0040 A847     		blx	r5
 202              	.LVL11:
 203              	@ 143 "../../os/kernel/src/chsys.c" 1
 204 0042 72B6     		cpsid   i
 205              	@ 0 "" 2
 206              		.code	16
 207              	.LBE4:
 208 0044 2368     		ldr	r3, [r4]
 209              	.LVL12:
 210 0046 221C     		mov	r2, r4
 211 0048 9968     		ldr	r1, [r3, #8]
 212 004a 0029     		cmp	r1, #0
 213 004c F1D0     		beq	.L13
 214              	.LVL13:
 215              	.L9:
 216              	.LBE2:
 217              		.loc 1 147 0 is_stmt 1
 218              		@ sp needed
 219 004e 70BD     		pop	{r4, r5, r6, pc}
 220              	.L18:
 221              		.align	2
 222              	.L17:
 223 0050 00000000 		.word	rlist
 224 0054 00000000 		.word	vtlist
ARM GAS  /var/folders/qh/xwg3v3kj02qbxczjpdb8lzfr0000gn/T//cc6YcsW6.s 			page 5


 225              		.cfi_endproc
 226              	.LFE9:
 227              		.size	chSysTimerHandlerI, .-chSysTimerHandlerI
 228              		.global	_idle_thread_wa
 229 0058 C046C046 		.section	.bss.mainthread.4774,"aw",%nobits
 229      C046C046 
 230              		.align	2
 231              		.set	.LANCHOR0,. + 0
 232              		.type	mainthread.4774, %object
 233              		.size	mainthread.4774, 72
 234              	mainthread.4774:
 235 0000 00000000 		.space	72
 235      00000000 
 235      00000000 
 235      00000000 
 235      00000000 
 236              		.section	.rodata.str1.4,"aMS",%progbits,1
 237              		.align	2
 238              	.LC1:
 239 0000 69646C65 		.ascii	"idle\000"
 239      00
 240 0005 000000   		.section	.bss._idle_thread_wa,"aw",%nobits
 241              		.align	3
 242              		.set	.LANCHOR1,. + 0
 243              		.type	_idle_thread_wa, %object
 244              		.size	_idle_thread_wa, 192
 245              	_idle_thread_wa:
 246 0000 00000000 		.space	192
 246      00000000 
 246      00000000 
 246      00000000 
 246      00000000 
 247              		.text
 248              	.Letext0:
 249              		.file 2 "/usr/local/Cellar/gcc-arm-none-eabi-48/20131218/lib/gcc/arm-none-eabi/4.8.3/include/stdde
 250              		.file 3 "/usr/local/Cellar/gcc-arm-none-eabi-48/20131218/arm-none-eabi/include/stdint.h"
 251              		.file 4 "../../os/ports/GCC/ARMCMx/chtypes.h"
 252              		.file 5 "../../os/kernel/include/chlists.h"
 253              		.file 6 "../../os/kernel/include/chthreads.h"
 254              		.file 7 "../../os/ports/GCC/ARMCMx/chcore_v6m.h"
 255              		.file 8 "../../os/ports/common/ARMCMx/nvic.h"
 256              		.file 9 "../../os/kernel/include/chvt.h"
 257              		.file 10 "../../os/kernel/include/chschd.h"
 258              		.file 11 "../../os/kernel/include/chmtx.h"
 259              		.file 12 "../../os/kernel/include/chregistry.h"
 260              		.file 13 "../../os/kernel/include/chmemcore.h"
 261              		.file 14 "../../os/kernel/include/chheap.h"
 262              		.section	.debug_info,"",%progbits
 263              	.Ldebug_info0:
 264 0000 3F090000 		.4byte	0x93f
 265 0004 0400     		.2byte	0x4
 266 0006 00000000 		.4byte	.Ldebug_abbrev0
 267 000a 04       		.byte	0x4
 268 000b 01       		.uleb128 0x1
 269 000c C5020000 		.4byte	.LASF127
 270 0010 01       		.byte	0x1
 271 0011 95050000 		.4byte	.LASF128
ARM GAS  /var/folders/qh/xwg3v3kj02qbxczjpdb8lzfr0000gn/T//cc6YcsW6.s 			page 6


 272 0015 B2000000 		.4byte	.LASF129
 273 0019 18000000 		.4byte	.Ldebug_ranges0+0x18
 274 001d 00000000 		.4byte	0
 275 0021 00000000 		.4byte	.Ldebug_line0
 276 0025 02       		.uleb128 0x2
 277 0026 04       		.byte	0x4
 278 0027 05       		.byte	0x5
 279 0028 696E7400 		.ascii	"int\000"
 280 002c 03       		.uleb128 0x3
 281 002d 1B000000 		.4byte	.LASF2
 282 0031 02       		.byte	0x2
 283 0032 D4       		.byte	0xd4
 284 0033 37000000 		.4byte	0x37
 285 0037 04       		.uleb128 0x4
 286 0038 04       		.byte	0x4
 287 0039 07       		.byte	0x7
 288 003a AE010000 		.4byte	.LASF0
 289 003e 04       		.uleb128 0x4
 290 003f 01       		.byte	0x1
 291 0040 06       		.byte	0x6
 292 0041 ED000000 		.4byte	.LASF1
 293 0045 03       		.uleb128 0x3
 294 0046 B1050000 		.4byte	.LASF3
 295 004a 03       		.byte	0x3
 296 004b 2A       		.byte	0x2a
 297 004c 50000000 		.4byte	0x50
 298 0050 04       		.uleb128 0x4
 299 0051 01       		.byte	0x1
 300 0052 08       		.byte	0x8
 301 0053 2B040000 		.4byte	.LASF4
 302 0057 04       		.uleb128 0x4
 303 0058 02       		.byte	0x2
 304 0059 05       		.byte	0x5
 305 005a 54040000 		.4byte	.LASF5
 306 005e 03       		.uleb128 0x3
 307 005f 50010000 		.4byte	.LASF6
 308 0063 03       		.byte	0x3
 309 0064 36       		.byte	0x36
 310 0065 69000000 		.4byte	0x69
 311 0069 04       		.uleb128 0x4
 312 006a 02       		.byte	0x2
 313 006b 07       		.byte	0x7
 314 006c 11020000 		.4byte	.LASF7
 315 0070 03       		.uleb128 0x3
 316 0071 23040000 		.4byte	.LASF8
 317 0075 03       		.byte	0x3
 318 0076 4F       		.byte	0x4f
 319 0077 7B000000 		.4byte	0x7b
 320 007b 04       		.uleb128 0x4
 321 007c 04       		.byte	0x4
 322 007d 05       		.byte	0x5
 323 007e 30010000 		.4byte	.LASF9
 324 0082 03       		.uleb128 0x3
 325 0083 E4040000 		.4byte	.LASF10
 326 0087 03       		.byte	0x3
 327 0088 50       		.byte	0x50
 328 0089 8D000000 		.4byte	0x8d
ARM GAS  /var/folders/qh/xwg3v3kj02qbxczjpdb8lzfr0000gn/T//cc6YcsW6.s 			page 7


 329 008d 04       		.uleb128 0x4
 330 008e 04       		.byte	0x4
 331 008f 07       		.byte	0x7
 332 0090 D0010000 		.4byte	.LASF11
 333 0094 04       		.uleb128 0x4
 334 0095 08       		.byte	0x8
 335 0096 05       		.byte	0x5
 336 0097 42010000 		.4byte	.LASF12
 337 009b 03       		.uleb128 0x3
 338 009c 29000000 		.4byte	.LASF13
 339 00a0 03       		.byte	0x3
 340 00a1 78       		.byte	0x78
 341 00a2 A6000000 		.4byte	0xa6
 342 00a6 04       		.uleb128 0x4
 343 00a7 08       		.byte	0x8
 344 00a8 07       		.byte	0x7
 345 00a9 54000000 		.4byte	.LASF14
 346 00ad 04       		.uleb128 0x4
 347 00ae 01       		.byte	0x1
 348 00af 02       		.byte	0x2
 349 00b0 1D040000 		.4byte	.LASF15
 350 00b4 03       		.uleb128 0x3
 351 00b5 40020000 		.4byte	.LASF16
 352 00b9 04       		.byte	0x4
 353 00ba 25       		.byte	0x25
 354 00bb 45000000 		.4byte	0x45
 355 00bf 03       		.uleb128 0x3
 356 00c0 39010000 		.4byte	.LASF17
 357 00c4 04       		.byte	0x4
 358 00c5 26       		.byte	0x26
 359 00c6 45000000 		.4byte	0x45
 360 00ca 03       		.uleb128 0x3
 361 00cb FB030000 		.4byte	.LASF18
 362 00cf 04       		.byte	0x4
 363 00d0 27       		.byte	0x27
 364 00d1 45000000 		.4byte	0x45
 365 00d5 03       		.uleb128 0x3
 366 00d6 26010000 		.4byte	.LASF19
 367 00da 04       		.byte	0x4
 368 00db 28       		.byte	0x28
 369 00dc 45000000 		.4byte	0x45
 370 00e0 03       		.uleb128 0x3
 371 00e1 15040000 		.4byte	.LASF20
 372 00e5 04       		.byte	0x4
 373 00e6 29       		.byte	0x29
 374 00e7 82000000 		.4byte	0x82
 375 00eb 03       		.uleb128 0x3
 376 00ec 29020000 		.4byte	.LASF21
 377 00f0 04       		.byte	0x4
 378 00f1 2A       		.byte	0x2a
 379 00f2 70000000 		.4byte	0x70
 380 00f6 03       		.uleb128 0x3
 381 00f7 54020000 		.4byte	.LASF22
 382 00fb 04       		.byte	0x4
 383 00fc 2C       		.byte	0x2c
 384 00fd 82000000 		.4byte	0x82
 385 0101 03       		.uleb128 0x3
ARM GAS  /var/folders/qh/xwg3v3kj02qbxczjpdb8lzfr0000gn/T//cc6YcsW6.s 			page 8


 386 0102 22050000 		.4byte	.LASF23
 387 0106 04       		.byte	0x4
 388 0107 2E       		.byte	0x2e
 389 0108 82000000 		.4byte	0x82
 390 010c 03       		.uleb128 0x3
 391 010d C5040000 		.4byte	.LASF24
 392 0111 05       		.byte	0x5
 393 0112 23       		.byte	0x23
 394 0113 17010000 		.4byte	0x117
 395 0117 05       		.uleb128 0x5
 396 0118 C5040000 		.4byte	.LASF24
 397 011c 48       		.byte	0x48
 398 011d 06       		.byte	0x6
 399 011e 57       		.byte	0x57
 400 011f 14020000 		.4byte	0x214
 401 0123 06       		.uleb128 0x6
 402 0124 A7040000 		.4byte	.LASF25
 403 0128 06       		.byte	0x6
 404 0129 58       		.byte	0x58
 405 012a 35020000 		.4byte	0x235
 406 012e 00       		.byte	0
 407 012f 06       		.uleb128 0x6
 408 0130 0E040000 		.4byte	.LASF26
 409 0134 06       		.byte	0x6
 410 0135 5A       		.byte	0x5a
 411 0136 35020000 		.4byte	0x235
 412 013a 04       		.byte	0x4
 413 013b 06       		.uleb128 0x6
 414 013c 93000000 		.4byte	.LASF27
 415 0140 06       		.byte	0x6
 416 0141 5C       		.byte	0x5c
 417 0142 E0000000 		.4byte	0xe0
 418 0146 08       		.byte	0x8
 419 0147 06       		.uleb128 0x6
 420 0148 EC050000 		.4byte	.LASF28
 421 014c 06       		.byte	0x6
 422 014d 5D       		.byte	0x5d
 423 014e F0020000 		.4byte	0x2f0
 424 0152 0C       		.byte	0xc
 425 0153 06       		.uleb128 0x6
 426 0154 63010000 		.4byte	.LASF29
 427 0158 06       		.byte	0x6
 428 0159 5F       		.byte	0x5f
 429 015a 35020000 		.4byte	0x235
 430 015e 10       		.byte	0x10
 431 015f 06       		.uleb128 0x6
 432 0160 AB030000 		.4byte	.LASF30
 433 0164 06       		.byte	0x6
 434 0165 60       		.byte	0x60
 435 0166 35020000 		.4byte	0x235
 436 016a 14       		.byte	0x14
 437 016b 06       		.uleb128 0x6
 438 016c C0050000 		.4byte	.LASF31
 439 0170 06       		.byte	0x6
 440 0171 67       		.byte	0x67
 441 0172 21060000 		.4byte	0x621
 442 0176 18       		.byte	0x18
ARM GAS  /var/folders/qh/xwg3v3kj02qbxczjpdb8lzfr0000gn/T//cc6YcsW6.s 			page 9


 443 0177 06       		.uleb128 0x6
 444 0178 5E040000 		.4byte	.LASF32
 445 017c 06       		.byte	0x6
 446 017d 72       		.byte	0x72
 447 017e BF000000 		.4byte	0xbf
 448 0182 1C       		.byte	0x1c
 449 0183 06       		.uleb128 0x6
 450 0184 BD040000 		.4byte	.LASF33
 451 0188 06       		.byte	0x6
 452 0189 76       		.byte	0x76
 453 018a B4000000 		.4byte	0xb4
 454 018e 1D       		.byte	0x1d
 455 018f 06       		.uleb128 0x6
 456 0190 79050000 		.4byte	.LASF34
 457 0194 06       		.byte	0x6
 458 0195 7B       		.byte	0x7b
 459 0196 CA000000 		.4byte	0xca
 460 019a 1E       		.byte	0x1e
 461 019b 06       		.uleb128 0x6
 462 019c 66040000 		.4byte	.LASF35
 463 01a0 06       		.byte	0x6
 464 01a1 81       		.byte	0x81
 465 01a2 D5000000 		.4byte	0xd5
 466 01a6 1F       		.byte	0x1f
 467 01a7 06       		.uleb128 0x6
 468 01a8 49050000 		.4byte	.LASF36
 469 01ac 06       		.byte	0x6
 470 01ad 88       		.byte	0x88
 471 01ae 3E050000 		.4byte	0x53e
 472 01b2 20       		.byte	0x20
 473 01b3 07       		.uleb128 0x7
 474 01b4 705F7500 		.ascii	"p_u\000"
 475 01b8 06       		.byte	0x6
 476 01b9 AD       		.byte	0xad
 477 01ba EC050000 		.4byte	0x5ec
 478 01be 24       		.byte	0x24
 479 01bf 06       		.uleb128 0x6
 480 01c0 F2050000 		.4byte	.LASF37
 481 01c4 06       		.byte	0x6
 482 01c5 B2       		.byte	0xb2
 483 01c6 5B020000 		.4byte	0x25b
 484 01ca 28       		.byte	0x28
 485 01cb 06       		.uleb128 0x6
 486 01cc 5C050000 		.4byte	.LASF38
 487 01d0 06       		.byte	0x6
 488 01d1 B8       		.byte	0xb8
 489 01d2 3B020000 		.4byte	0x23b
 490 01d6 2C       		.byte	0x2c
 491 01d7 06       		.uleb128 0x6
 492 01d8 15000000 		.4byte	.LASF39
 493 01dc 06       		.byte	0x6
 494 01dd BC       		.byte	0xbc
 495 01de EB000000 		.4byte	0xeb
 496 01e2 34       		.byte	0x34
 497 01e3 06       		.uleb128 0x6
 498 01e4 D9040000 		.4byte	.LASF40
 499 01e8 06       		.byte	0x6
ARM GAS  /var/folders/qh/xwg3v3kj02qbxczjpdb8lzfr0000gn/T//cc6YcsW6.s 			page 10


 500 01e9 C2       		.byte	0xc2
 501 01ea F6000000 		.4byte	0xf6
 502 01ee 38       		.byte	0x38
 503 01ef 06       		.uleb128 0x6
 504 01f0 4A040000 		.4byte	.LASF41
 505 01f4 06       		.byte	0x6
 506 01f5 C9       		.byte	0xc9
 507 01f6 33060000 		.4byte	0x633
 508 01fa 3C       		.byte	0x3c
 509 01fb 06       		.uleb128 0x6
 510 01fc 2C050000 		.4byte	.LASF42
 511 0200 06       		.byte	0x6
 512 0201 CD       		.byte	0xcd
 513 0202 E0000000 		.4byte	0xe0
 514 0206 40       		.byte	0x40
 515 0207 06       		.uleb128 0x6
 516 0208 16010000 		.4byte	.LASF43
 517 020c 06       		.byte	0x6
 518 020d D3       		.byte	0xd3
 519 020e 71020000 		.4byte	0x271
 520 0212 44       		.byte	0x44
 521 0213 00       		.byte	0
 522 0214 08       		.uleb128 0x8
 523 0215 08       		.byte	0x8
 524 0216 05       		.byte	0x5
 525 0217 5A       		.byte	0x5a
 526 0218 35020000 		.4byte	0x235
 527 021c 06       		.uleb128 0x6
 528 021d A7040000 		.4byte	.LASF25
 529 0221 05       		.byte	0x5
 530 0222 5B       		.byte	0x5b
 531 0223 35020000 		.4byte	0x235
 532 0227 00       		.byte	0
 533 0228 06       		.uleb128 0x6
 534 0229 0E040000 		.4byte	.LASF26
 535 022d 05       		.byte	0x5
 536 022e 5D       		.byte	0x5d
 537 022f 35020000 		.4byte	0x235
 538 0233 04       		.byte	0x4
 539 0234 00       		.byte	0
 540 0235 09       		.uleb128 0x9
 541 0236 04       		.byte	0x4
 542 0237 0C010000 		.4byte	0x10c
 543 023b 03       		.uleb128 0x3
 544 023c B9030000 		.4byte	.LASF44
 545 0240 05       		.byte	0x5
 546 0241 5F       		.byte	0x5f
 547 0242 14020000 		.4byte	0x214
 548 0246 08       		.uleb128 0x8
 549 0247 04       		.byte	0x4
 550 0248 05       		.byte	0x5
 551 0249 64       		.byte	0x64
 552 024a 5B020000 		.4byte	0x25b
 553 024e 06       		.uleb128 0x6
 554 024f A7040000 		.4byte	.LASF25
 555 0253 05       		.byte	0x5
 556 0254 66       		.byte	0x66
ARM GAS  /var/folders/qh/xwg3v3kj02qbxczjpdb8lzfr0000gn/T//cc6YcsW6.s 			page 11


 557 0255 35020000 		.4byte	0x235
 558 0259 00       		.byte	0
 559 025a 00       		.byte	0
 560 025b 03       		.uleb128 0x3
 561 025c 48020000 		.4byte	.LASF45
 562 0260 05       		.byte	0x5
 563 0261 69       		.byte	0x69
 564 0262 46020000 		.4byte	0x246
 565 0266 03       		.uleb128 0x3
 566 0267 88010000 		.4byte	.LASF46
 567 026b 07       		.byte	0x7
 568 026c A0       		.byte	0xa0
 569 026d 71020000 		.4byte	0x271
 570 0271 0A       		.uleb128 0xa
 571 0272 04       		.byte	0x4
 572 0273 03       		.uleb128 0x3
 573 0274 66020000 		.4byte	.LASF47
 574 0278 07       		.byte	0x7
 575 0279 A6       		.byte	0xa6
 576 027a 9B000000 		.4byte	0x9b
 577 027e 05       		.uleb128 0x5
 578 027f 55050000 		.4byte	.LASF48
 579 0283 24       		.byte	0x24
 580 0284 07       		.byte	0x7
 581 0285 B3       		.byte	0xb3
 582 0286 F0020000 		.4byte	0x2f0
 583 028a 07       		.uleb128 0x7
 584 028b 723800   		.ascii	"r8\000"
 585 028e 07       		.byte	0x7
 586 028f B4       		.byte	0xb4
 587 0290 66020000 		.4byte	0x266
 588 0294 00       		.byte	0
 589 0295 07       		.uleb128 0x7
 590 0296 723900   		.ascii	"r9\000"
 591 0299 07       		.byte	0x7
 592 029a B5       		.byte	0xb5
 593 029b 66020000 		.4byte	0x266
 594 029f 04       		.byte	0x4
 595 02a0 07       		.uleb128 0x7
 596 02a1 72313000 		.ascii	"r10\000"
 597 02a5 07       		.byte	0x7
 598 02a6 B6       		.byte	0xb6
 599 02a7 66020000 		.4byte	0x266
 600 02ab 08       		.byte	0x8
 601 02ac 07       		.uleb128 0x7
 602 02ad 72313100 		.ascii	"r11\000"
 603 02b1 07       		.byte	0x7
 604 02b2 B7       		.byte	0xb7
 605 02b3 66020000 		.4byte	0x266
 606 02b7 0C       		.byte	0xc
 607 02b8 07       		.uleb128 0x7
 608 02b9 723400   		.ascii	"r4\000"
 609 02bc 07       		.byte	0x7
 610 02bd B8       		.byte	0xb8
 611 02be 66020000 		.4byte	0x266
 612 02c2 10       		.byte	0x10
 613 02c3 07       		.uleb128 0x7
ARM GAS  /var/folders/qh/xwg3v3kj02qbxczjpdb8lzfr0000gn/T//cc6YcsW6.s 			page 12


 614 02c4 723500   		.ascii	"r5\000"
 615 02c7 07       		.byte	0x7
 616 02c8 B9       		.byte	0xb9
 617 02c9 66020000 		.4byte	0x266
 618 02cd 14       		.byte	0x14
 619 02ce 07       		.uleb128 0x7
 620 02cf 723600   		.ascii	"r6\000"
 621 02d2 07       		.byte	0x7
 622 02d3 BA       		.byte	0xba
 623 02d4 66020000 		.4byte	0x266
 624 02d8 18       		.byte	0x18
 625 02d9 07       		.uleb128 0x7
 626 02da 723700   		.ascii	"r7\000"
 627 02dd 07       		.byte	0x7
 628 02de BB       		.byte	0xbb
 629 02df 66020000 		.4byte	0x266
 630 02e3 1C       		.byte	0x1c
 631 02e4 07       		.uleb128 0x7
 632 02e5 6C7200   		.ascii	"lr\000"
 633 02e8 07       		.byte	0x7
 634 02e9 BC       		.byte	0xbc
 635 02ea 66020000 		.4byte	0x266
 636 02ee 20       		.byte	0x20
 637 02ef 00       		.byte	0
 638 02f0 05       		.uleb128 0x5
 639 02f1 09020000 		.4byte	.LASF49
 640 02f5 04       		.byte	0x4
 641 02f6 07       		.byte	0x7
 642 02f7 C6       		.byte	0xc6
 643 02f8 09030000 		.4byte	0x309
 644 02fc 07       		.uleb128 0x7
 645 02fd 72313300 		.ascii	"r13\000"
 646 0301 07       		.byte	0x7
 647 0302 C7       		.byte	0xc7
 648 0303 09030000 		.4byte	0x309
 649 0307 00       		.byte	0
 650 0308 00       		.byte	0
 651 0309 09       		.uleb128 0x9
 652 030a 04       		.byte	0x4
 653 030b 7E020000 		.4byte	0x27e
 654 030f 03       		.uleb128 0x3
 655 0310 13050000 		.4byte	.LASF50
 656 0314 08       		.byte	0x8
 657 0315 33       		.byte	0x33
 658 0316 1A030000 		.4byte	0x31a
 659 031a 0B       		.uleb128 0xb
 660 031b 82000000 		.4byte	0x82
 661 031f 04       		.uleb128 0x4
 662 0320 04       		.byte	0x4
 663 0321 07       		.byte	0x7
 664 0322 B4020000 		.4byte	.LASF51
 665 0326 08       		.uleb128 0x8
 666 0327 8C       		.byte	0x8c
 667 0328 08       		.byte	0x8
 668 0329 82       		.byte	0x82
 669 032a 2B040000 		.4byte	0x42b
 670 032e 06       		.uleb128 0x6
ARM GAS  /var/folders/qh/xwg3v3kj02qbxczjpdb8lzfr0000gn/T//cc6YcsW6.s 			page 13


 671 032f 8D000000 		.4byte	.LASF52
 672 0333 08       		.byte	0x8
 673 0334 83       		.byte	0x83
 674 0335 0F030000 		.4byte	0x30f
 675 0339 00       		.byte	0
 676 033a 06       		.uleb128 0x6
 677 033b 24020000 		.4byte	.LASF53
 678 033f 08       		.byte	0x8
 679 0340 84       		.byte	0x84
 680 0341 0F030000 		.4byte	0x30f
 681 0345 04       		.byte	0x4
 682 0346 06       		.uleb128 0x6
 683 0347 F7010000 		.4byte	.LASF54
 684 034b 08       		.byte	0x8
 685 034c 85       		.byte	0x85
 686 034d 0F030000 		.4byte	0x30f
 687 0351 08       		.byte	0x8
 688 0352 06       		.uleb128 0x6
 689 0353 2F020000 		.4byte	.LASF55
 690 0357 08       		.byte	0x8
 691 0358 86       		.byte	0x86
 692 0359 0F030000 		.4byte	0x30f
 693 035d 0C       		.byte	0xc
 694 035e 07       		.uleb128 0x7
 695 035f 53435200 		.ascii	"SCR\000"
 696 0363 08       		.byte	0x8
 697 0364 87       		.byte	0x87
 698 0365 0F030000 		.4byte	0x30f
 699 0369 10       		.byte	0x10
 700 036a 07       		.uleb128 0x7
 701 036b 43435200 		.ascii	"CCR\000"
 702 036f 08       		.byte	0x8
 703 0370 88       		.byte	0x88
 704 0371 0F030000 		.4byte	0x30f
 705 0375 14       		.byte	0x14
 706 0376 06       		.uleb128 0x6
 707 0377 50050000 		.4byte	.LASF56
 708 037b 08       		.byte	0x8
 709 037c 89       		.byte	0x89
 710 037d 3B040000 		.4byte	0x43b
 711 0381 18       		.byte	0x18
 712 0382 06       		.uleb128 0x6
 713 0383 44040000 		.4byte	.LASF57
 714 0387 08       		.byte	0x8
 715 0388 8A       		.byte	0x8a
 716 0389 0F030000 		.4byte	0x30f
 717 038d 24       		.byte	0x24
 718 038e 06       		.uleb128 0x6
 719 038f AF020000 		.4byte	.LASF58
 720 0393 08       		.byte	0x8
 721 0394 8B       		.byte	0x8b
 722 0395 0F030000 		.4byte	0x30f
 723 0399 28       		.byte	0x28
 724 039a 06       		.uleb128 0x6
 725 039b DF050000 		.4byte	.LASF59
 726 039f 08       		.byte	0x8
 727 03a0 8C       		.byte	0x8c
ARM GAS  /var/folders/qh/xwg3v3kj02qbxczjpdb8lzfr0000gn/T//cc6YcsW6.s 			page 14


 728 03a1 0F030000 		.4byte	0x30f
 729 03a5 2C       		.byte	0x2c
 730 03a6 06       		.uleb128 0x6
 731 03a7 35020000 		.4byte	.LASF60
 732 03ab 08       		.byte	0x8
 733 03ac 8D       		.byte	0x8d
 734 03ad 0F030000 		.4byte	0x30f
 735 03b1 30       		.byte	0x30
 736 03b2 06       		.uleb128 0x6
 737 03b3 3A020000 		.4byte	.LASF61
 738 03b7 08       		.byte	0x8
 739 03b8 8E       		.byte	0x8e
 740 03b9 0F030000 		.4byte	0x30f
 741 03bd 34       		.byte	0x34
 742 03be 06       		.uleb128 0x6
 743 03bf 7B010000 		.4byte	.LASF62
 744 03c3 08       		.byte	0x8
 745 03c4 8F       		.byte	0x8f
 746 03c5 0F030000 		.4byte	0x30f
 747 03c9 38       		.byte	0x38
 748 03ca 06       		.uleb128 0x6
 749 03cb 01050000 		.4byte	.LASF63
 750 03cf 08       		.byte	0x8
 751 03d0 90       		.byte	0x90
 752 03d1 0F030000 		.4byte	0x30f
 753 03d5 3C       		.byte	0x3c
 754 03d6 07       		.uleb128 0x7
 755 03d7 50465200 		.ascii	"PFR\000"
 756 03db 08       		.byte	0x8
 757 03dc 91       		.byte	0x91
 758 03dd 50040000 		.4byte	0x450
 759 03e1 40       		.byte	0x40
 760 03e2 07       		.uleb128 0x7
 761 03e3 44465200 		.ascii	"DFR\000"
 762 03e7 08       		.byte	0x8
 763 03e8 92       		.byte	0x92
 764 03e9 0F030000 		.4byte	0x30f
 765 03ed 48       		.byte	0x48
 766 03ee 07       		.uleb128 0x7
 767 03ef 41445200 		.ascii	"ADR\000"
 768 03f3 08       		.byte	0x8
 769 03f4 93       		.byte	0x93
 770 03f5 0F030000 		.4byte	0x30f
 771 03f9 4C       		.byte	0x4c
 772 03fa 06       		.uleb128 0x6
 773 03fb 8A050000 		.4byte	.LASF64
 774 03ff 08       		.byte	0x8
 775 0400 94       		.byte	0x94
 776 0401 65040000 		.4byte	0x465
 777 0405 50       		.byte	0x50
 778 0406 07       		.uleb128 0x7
 779 0407 53415200 		.ascii	"SAR\000"
 780 040b 08       		.byte	0x8
 781 040c 95       		.byte	0x95
 782 040d 7A040000 		.4byte	0x47a
 783 0411 60       		.byte	0x60
 784 0412 06       		.uleb128 0x6
ARM GAS  /var/folders/qh/xwg3v3kj02qbxczjpdb8lzfr0000gn/T//cc6YcsW6.s 			page 15


 785 0413 06050000 		.4byte	.LASF65
 786 0417 08       		.byte	0x8
 787 0418 96       		.byte	0x96
 788 0419 7F040000 		.4byte	0x47f
 789 041d 74       		.byte	0x74
 790 041e 06       		.uleb128 0x6
 791 041f D9050000 		.4byte	.LASF66
 792 0423 08       		.byte	0x8
 793 0424 97       		.byte	0x97
 794 0425 0F030000 		.4byte	0x30f
 795 0429 88       		.byte	0x88
 796 042a 00       		.byte	0
 797 042b 0C       		.uleb128 0xc
 798 042c 0F030000 		.4byte	0x30f
 799 0430 3B040000 		.4byte	0x43b
 800 0434 0D       		.uleb128 0xd
 801 0435 1F030000 		.4byte	0x31f
 802 0439 02       		.byte	0x2
 803 043a 00       		.byte	0
 804 043b 0B       		.uleb128 0xb
 805 043c 2B040000 		.4byte	0x42b
 806 0440 0C       		.uleb128 0xc
 807 0441 0F030000 		.4byte	0x30f
 808 0445 50040000 		.4byte	0x450
 809 0449 0D       		.uleb128 0xd
 810 044a 1F030000 		.4byte	0x31f
 811 044e 01       		.byte	0x1
 812 044f 00       		.byte	0
 813 0450 0B       		.uleb128 0xb
 814 0451 40040000 		.4byte	0x440
 815 0455 0C       		.uleb128 0xc
 816 0456 0F030000 		.4byte	0x30f
 817 045a 65040000 		.4byte	0x465
 818 045e 0D       		.uleb128 0xd
 819 045f 1F030000 		.4byte	0x31f
 820 0463 03       		.byte	0x3
 821 0464 00       		.byte	0
 822 0465 0B       		.uleb128 0xb
 823 0466 55040000 		.4byte	0x455
 824 046a 0C       		.uleb128 0xc
 825 046b 0F030000 		.4byte	0x30f
 826 046f 7A040000 		.4byte	0x47a
 827 0473 0D       		.uleb128 0xd
 828 0474 1F030000 		.4byte	0x31f
 829 0478 04       		.byte	0x4
 830 0479 00       		.byte	0
 831 047a 0B       		.uleb128 0xb
 832 047b 6A040000 		.4byte	0x46a
 833 047f 0B       		.uleb128 0xb
 834 0480 6A040000 		.4byte	0x46a
 835 0484 03       		.uleb128 0x3
 836 0485 32000000 		.4byte	.LASF67
 837 0489 08       		.byte	0x8
 838 048a 98       		.byte	0x98
 839 048b 26030000 		.4byte	0x326
 840 048f 03       		.uleb128 0x3
 841 0490 37050000 		.4byte	.LASF68
ARM GAS  /var/folders/qh/xwg3v3kj02qbxczjpdb8lzfr0000gn/T//cc6YcsW6.s 			page 16


 842 0494 09       		.byte	0x9
 843 0495 51       		.byte	0x51
 844 0496 9A040000 		.4byte	0x49a
 845 049a 09       		.uleb128 0x9
 846 049b 04       		.byte	0x4
 847 049c A0040000 		.4byte	0x4a0
 848 04a0 0E       		.uleb128 0xe
 849 04a1 AB040000 		.4byte	0x4ab
 850 04a5 0F       		.uleb128 0xf
 851 04a6 71020000 		.4byte	0x271
 852 04aa 00       		.byte	0
 853 04ab 03       		.uleb128 0x3
 854 04ac FC010000 		.4byte	.LASF69
 855 04b0 09       		.byte	0x9
 856 04b1 56       		.byte	0x56
 857 04b2 B6040000 		.4byte	0x4b6
 858 04b6 05       		.uleb128 0x5
 859 04b7 FC010000 		.4byte	.LASF69
 860 04bb 14       		.byte	0x14
 861 04bc 09       		.byte	0x9
 862 04bd 5D       		.byte	0x5d
 863 04be FF040000 		.4byte	0x4ff
 864 04c2 06       		.uleb128 0x6
 865 04c3 C8010000 		.4byte	.LASF70
 866 04c7 09       		.byte	0x9
 867 04c8 5E       		.byte	0x5e
 868 04c9 FF040000 		.4byte	0x4ff
 869 04cd 00       		.byte	0
 870 04ce 06       		.uleb128 0x6
 871 04cf 91010000 		.4byte	.LASF71
 872 04d3 09       		.byte	0x9
 873 04d4 60       		.byte	0x60
 874 04d5 FF040000 		.4byte	0x4ff
 875 04d9 04       		.byte	0x4
 876 04da 06       		.uleb128 0x6
 877 04db A7020000 		.4byte	.LASF72
 878 04df 09       		.byte	0x9
 879 04e0 62       		.byte	0x62
 880 04e1 01010000 		.4byte	0x101
 881 04e5 08       		.byte	0x8
 882 04e6 06       		.uleb128 0x6
 883 04e7 BD020000 		.4byte	.LASF73
 884 04eb 09       		.byte	0x9
 885 04ec 63       		.byte	0x63
 886 04ed 8F040000 		.4byte	0x48f
 887 04f1 0C       		.byte	0xc
 888 04f2 06       		.uleb128 0x6
 889 04f3 67050000 		.4byte	.LASF74
 890 04f7 09       		.byte	0x9
 891 04f8 65       		.byte	0x65
 892 04f9 71020000 		.4byte	0x271
 893 04fd 10       		.byte	0x10
 894 04fe 00       		.byte	0
 895 04ff 09       		.uleb128 0x9
 896 0500 04       		.byte	0x4
 897 0501 AB040000 		.4byte	0x4ab
 898 0505 08       		.uleb128 0x8
ARM GAS  /var/folders/qh/xwg3v3kj02qbxczjpdb8lzfr0000gn/T//cc6YcsW6.s 			page 17


 899 0506 10       		.byte	0x10
 900 0507 09       		.byte	0x9
 901 0508 6F       		.byte	0x6f
 902 0509 3E050000 		.4byte	0x53e
 903 050d 06       		.uleb128 0x6
 904 050e C8010000 		.4byte	.LASF70
 905 0512 09       		.byte	0x9
 906 0513 70       		.byte	0x70
 907 0514 FF040000 		.4byte	0x4ff
 908 0518 00       		.byte	0
 909 0519 06       		.uleb128 0x6
 910 051a 91010000 		.4byte	.LASF71
 911 051e 09       		.byte	0x9
 912 051f 72       		.byte	0x72
 913 0520 FF040000 		.4byte	0x4ff
 914 0524 04       		.byte	0x4
 915 0525 06       		.uleb128 0x6
 916 0526 A7020000 		.4byte	.LASF72
 917 052a 09       		.byte	0x9
 918 052b 74       		.byte	0x74
 919 052c 01010000 		.4byte	0x101
 920 0530 08       		.byte	0x8
 921 0531 06       		.uleb128 0x6
 922 0532 A7000000 		.4byte	.LASF75
 923 0536 09       		.byte	0x9
 924 0537 75       		.byte	0x75
 925 0538 3E050000 		.4byte	0x53e
 926 053c 0C       		.byte	0xc
 927 053d 00       		.byte	0
 928 053e 0B       		.uleb128 0xb
 929 053f 01010000 		.4byte	0x101
 930 0543 03       		.uleb128 0x3
 931 0544 D2050000 		.4byte	.LASF76
 932 0548 09       		.byte	0x9
 933 0549 76       		.byte	0x76
 934 054a 05050000 		.4byte	0x505
 935 054e 08       		.uleb128 0x8
 936 054f 1C       		.byte	0x1c
 937 0550 0A       		.byte	0xa
 938 0551 57       		.byte	0x57
 939 0552 9F050000 		.4byte	0x59f
 940 0556 06       		.uleb128 0x6
 941 0557 F9040000 		.4byte	.LASF77
 942 055b 0A       		.byte	0xa
 943 055c 58       		.byte	0x58
 944 055d 3B020000 		.4byte	0x23b
 945 0561 00       		.byte	0
 946 0562 06       		.uleb128 0x6
 947 0563 99040000 		.4byte	.LASF78
 948 0567 0A       		.byte	0xa
 949 0568 59       		.byte	0x59
 950 0569 E0000000 		.4byte	0xe0
 951 056d 08       		.byte	0x8
 952 056e 06       		.uleb128 0x6
 953 056f B3030000 		.4byte	.LASF79
 954 0573 0A       		.byte	0xa
 955 0574 5B       		.byte	0x5b
ARM GAS  /var/folders/qh/xwg3v3kj02qbxczjpdb8lzfr0000gn/T//cc6YcsW6.s 			page 18


 956 0575 F0020000 		.4byte	0x2f0
 957 0579 0C       		.byte	0xc
 958 057a 06       		.uleb128 0x6
 959 057b 80010000 		.4byte	.LASF80
 960 057f 0A       		.byte	0xa
 961 0580 5E       		.byte	0x5e
 962 0581 35020000 		.4byte	0x235
 963 0585 10       		.byte	0x10
 964 0586 06       		.uleb128 0x6
 965 0587 E6030000 		.4byte	.LASF81
 966 058b 0A       		.byte	0xa
 967 058c 5F       		.byte	0x5f
 968 058d 35020000 		.4byte	0x235
 969 0591 14       		.byte	0x14
 970 0592 06       		.uleb128 0x6
 971 0593 DC030000 		.4byte	.LASF82
 972 0597 0A       		.byte	0xa
 973 0598 62       		.byte	0x62
 974 0599 35020000 		.4byte	0x235
 975 059d 18       		.byte	0x18
 976 059e 00       		.byte	0
 977 059f 03       		.uleb128 0x3
 978 05a0 80050000 		.4byte	.LASF83
 979 05a4 0A       		.byte	0xa
 980 05a5 64       		.byte	0x64
 981 05a6 4E050000 		.4byte	0x54e
 982 05aa 05       		.uleb128 0x5
 983 05ab 60020000 		.4byte	.LASF84
 984 05af 10       		.byte	0x10
 985 05b0 0B       		.byte	0xb
 986 05b1 25       		.byte	0x25
 987 05b2 DB050000 		.4byte	0x5db
 988 05b6 06       		.uleb128 0x6
 989 05b7 1E010000 		.4byte	.LASF85
 990 05bb 0B       		.byte	0xb
 991 05bc 26       		.byte	0x26
 992 05bd 3B020000 		.4byte	0x23b
 993 05c1 00       		.byte	0
 994 05c2 06       		.uleb128 0x6
 995 05c3 E4050000 		.4byte	.LASF86
 996 05c7 0B       		.byte	0xb
 997 05c8 28       		.byte	0x28
 998 05c9 35020000 		.4byte	0x235
 999 05cd 08       		.byte	0x8
 1000 05ce 06       		.uleb128 0x6
 1001 05cf 1B050000 		.4byte	.LASF87
 1002 05d3 0B       		.byte	0xb
 1003 05d4 2A       		.byte	0x2a
 1004 05d5 DB050000 		.4byte	0x5db
 1005 05d9 0C       		.byte	0xc
 1006 05da 00       		.byte	0
 1007 05db 09       		.uleb128 0x9
 1008 05dc 04       		.byte	0x4
 1009 05dd AA050000 		.4byte	0x5aa
 1010 05e1 03       		.uleb128 0x3
 1011 05e2 60020000 		.4byte	.LASF84
 1012 05e6 0B       		.byte	0xb
ARM GAS  /var/folders/qh/xwg3v3kj02qbxczjpdb8lzfr0000gn/T//cc6YcsW6.s 			page 19


 1013 05e7 2C       		.byte	0x2c
 1014 05e8 AA050000 		.4byte	0x5aa
 1015 05ec 10       		.uleb128 0x10
 1016 05ed 04       		.byte	0x4
 1017 05ee 06       		.byte	0x6
 1018 05ef 8F       		.byte	0x8f
 1019 05f0 21060000 		.4byte	0x621
 1020 05f4 11       		.uleb128 0x11
 1021 05f5 22000000 		.4byte	.LASF88
 1022 05f9 06       		.byte	0x6
 1023 05fa 96       		.byte	0x96
 1024 05fb EB000000 		.4byte	0xeb
 1025 05ff 11       		.uleb128 0x11
 1026 0600 79000000 		.4byte	.LASF89
 1027 0604 06       		.byte	0x6
 1028 0605 9D       		.byte	0x9d
 1029 0606 EB000000 		.4byte	0xeb
 1030 060a 11       		.uleb128 0x11
 1031 060b B9050000 		.4byte	.LASF90
 1032 060f 06       		.byte	0x6
 1033 0610 A4       		.byte	0xa4
 1034 0611 71020000 		.4byte	0x271
 1035 0615 11       		.uleb128 0x11
 1036 0616 A0040000 		.4byte	.LASF91
 1037 061a 06       		.byte	0x6
 1038 061b AB       		.byte	0xab
 1039 061c F6000000 		.4byte	0xf6
 1040 0620 00       		.byte	0
 1041 0621 09       		.uleb128 0x9
 1042 0622 04       		.byte	0x4
 1043 0623 27060000 		.4byte	0x627
 1044 0627 12       		.uleb128 0x12
 1045 0628 2C060000 		.4byte	0x62c
 1046 062c 04       		.uleb128 0x4
 1047 062d 01       		.byte	0x1
 1048 062e 08       		.byte	0x8
 1049 062f 0E050000 		.4byte	.LASF92
 1050 0633 09       		.uleb128 0x9
 1051 0634 04       		.byte	0x4
 1052 0635 E1050000 		.4byte	0x5e1
 1053 0639 03       		.uleb128 0x3
 1054 063a 00000000 		.4byte	.LASF93
 1055 063e 06       		.byte	0x6
 1056 063f DE       		.byte	0xde
 1057 0640 44060000 		.4byte	0x644
 1058 0644 09       		.uleb128 0x9
 1059 0645 04       		.byte	0x4
 1060 0646 4A060000 		.4byte	0x64a
 1061 064a 13       		.uleb128 0x13
 1062 064b EB000000 		.4byte	0xeb
 1063 064f 59060000 		.4byte	0x659
 1064 0653 0F       		.uleb128 0xf
 1065 0654 71020000 		.4byte	0x271
 1066 0658 00       		.byte	0
 1067 0659 08       		.uleb128 0x8
 1068 065a 16       		.byte	0x16
 1069 065b 0C       		.byte	0xc
ARM GAS  /var/folders/qh/xwg3v3kj02qbxczjpdb8lzfr0000gn/T//cc6YcsW6.s 			page 20


 1070 065c 25       		.byte	0x25
 1071 065d 3A070000 		.4byte	0x73a
 1072 0661 06       		.uleb128 0x6
 1073 0662 CE030000 		.4byte	.LASF94
 1074 0666 0C       		.byte	0xc
 1075 0667 26       		.byte	0x26
 1076 0668 3A070000 		.4byte	0x73a
 1077 066c 00       		.byte	0
 1078 066d 06       		.uleb128 0x6
 1079 066e 93020000 		.4byte	.LASF95
 1080 0672 0C       		.byte	0xc
 1081 0673 27       		.byte	0x27
 1082 0674 45000000 		.4byte	0x45
 1083 0678 04       		.byte	0x4
 1084 0679 06       		.uleb128 0x6
 1085 067a C6030000 		.4byte	.LASF96
 1086 067e 0C       		.byte	0xc
 1087 067f 28       		.byte	0x28
 1088 0680 45000000 		.4byte	0x45
 1089 0684 05       		.byte	0x5
 1090 0685 06       		.uleb128 0x6
 1091 0686 C7050000 		.4byte	.LASF97
 1092 068a 0C       		.byte	0xc
 1093 068b 29       		.byte	0x29
 1094 068c 5E000000 		.4byte	0x5e
 1095 0690 06       		.byte	0x6
 1096 0691 06       		.uleb128 0x6
 1097 0692 03040000 		.4byte	.LASF98
 1098 0696 0C       		.byte	0xc
 1099 0697 2A       		.byte	0x2a
 1100 0698 45000000 		.4byte	0x45
 1101 069c 08       		.byte	0x8
 1102 069d 06       		.uleb128 0x6
 1103 069e EB010000 		.4byte	.LASF99
 1104 06a2 0C       		.byte	0xc
 1105 06a3 2B       		.byte	0x2b
 1106 06a4 45000000 		.4byte	0x45
 1107 06a8 09       		.byte	0x9
 1108 06a9 06       		.uleb128 0x6
 1109 06aa 6B000000 		.4byte	.LASF100
 1110 06ae 0C       		.byte	0xc
 1111 06af 2C       		.byte	0x2c
 1112 06b0 45000000 		.4byte	0x45
 1113 06b4 0A       		.byte	0xa
 1114 06b5 06       		.uleb128 0x6
 1115 06b6 ED040000 		.4byte	.LASF101
 1116 06ba 0C       		.byte	0xc
 1117 06bb 2D       		.byte	0x2d
 1118 06bc 45000000 		.4byte	0x45
 1119 06c0 0B       		.byte	0xb
 1120 06c1 06       		.uleb128 0x6
 1121 06c2 6E050000 		.4byte	.LASF102
 1122 06c6 0C       		.byte	0xc
 1123 06c7 2E       		.byte	0x2e
 1124 06c8 45000000 		.4byte	0x45
 1125 06cc 0C       		.byte	0xc
 1126 06cd 06       		.uleb128 0x6
ARM GAS  /var/folders/qh/xwg3v3kj02qbxczjpdb8lzfr0000gn/T//cc6YcsW6.s 			page 21


 1127 06ce CC040000 		.4byte	.LASF103
 1128 06d2 0C       		.byte	0xc
 1129 06d3 2F       		.byte	0x2f
 1130 06d4 45000000 		.4byte	0x45
 1131 06d8 0D       		.byte	0xd
 1132 06d9 06       		.uleb128 0x6
 1133 06da 08000000 		.4byte	.LASF104
 1134 06de 0C       		.byte	0xc
 1135 06df 30       		.byte	0x30
 1136 06e0 45000000 		.4byte	0x45
 1137 06e4 0E       		.byte	0xe
 1138 06e5 06       		.uleb128 0x6
 1139 06e6 9F030000 		.4byte	.LASF105
 1140 06ea 0C       		.byte	0xc
 1141 06eb 31       		.byte	0x31
 1142 06ec 45000000 		.4byte	0x45
 1143 06f0 0F       		.byte	0xf
 1144 06f1 06       		.uleb128 0x6
 1145 06f2 F9000000 		.4byte	.LASF106
 1146 06f6 0C       		.byte	0xc
 1147 06f7 32       		.byte	0x32
 1148 06f8 45000000 		.4byte	0x45
 1149 06fc 10       		.byte	0x10
 1150 06fd 06       		.uleb128 0x6
 1151 06fe 9A000000 		.4byte	.LASF107
 1152 0702 0C       		.byte	0xc
 1153 0703 34       		.byte	0x34
 1154 0704 45000000 		.4byte	0x45
 1155 0708 11       		.byte	0x11
 1156 0709 06       		.uleb128 0x6
 1157 070a 09010000 		.4byte	.LASF108
 1158 070e 0C       		.byte	0xc
 1159 070f 35       		.byte	0x35
 1160 0710 45000000 		.4byte	0x45
 1161 0714 12       		.byte	0x12
 1162 0715 06       		.uleb128 0x6
 1163 0716 9B020000 		.4byte	.LASF109
 1164 071a 0C       		.byte	0xc
 1165 071b 36       		.byte	0x36
 1166 071c 45000000 		.4byte	0x45
 1167 0720 13       		.byte	0x13
 1168 0721 06       		.uleb128 0x6
 1169 0722 AE040000 		.4byte	.LASF110
 1170 0726 0C       		.byte	0xc
 1171 0727 37       		.byte	0x37
 1172 0728 45000000 		.4byte	0x45
 1173 072c 14       		.byte	0x14
 1174 072d 06       		.uleb128 0x6
 1175 072e 70040000 		.4byte	.LASF111
 1176 0732 0C       		.byte	0xc
 1177 0733 39       		.byte	0x39
 1178 0734 45000000 		.4byte	0x45
 1179 0738 15       		.byte	0x15
 1180 0739 00       		.byte	0
 1181 073a 0C       		.uleb128 0xc
 1182 073b 2C060000 		.4byte	0x62c
 1183 073f 4A070000 		.4byte	0x74a
ARM GAS  /var/folders/qh/xwg3v3kj02qbxczjpdb8lzfr0000gn/T//cc6YcsW6.s 			page 22


 1184 0743 0D       		.uleb128 0xd
 1185 0744 1F030000 		.4byte	0x31f
 1186 0748 03       		.byte	0x3
 1187 0749 00       		.byte	0
 1188 074a 03       		.uleb128 0x3
 1189 074b 59010000 		.4byte	.LASF112
 1190 074f 0C       		.byte	0xc
 1191 0750 3A       		.byte	0x3a
 1192 0751 59060000 		.4byte	0x659
 1193 0755 14       		.uleb128 0x14
 1194 0756 EE030000 		.4byte	.LASF113
 1195 075a 01       		.byte	0x1
 1196 075b 36       		.byte	0x36
 1197 075c 00000000 		.4byte	.LFB7
 1198 0760 14000000 		.4byte	.LFE7-.LFB7
 1199 0764 01       		.uleb128 0x1
 1200 0765 9C       		.byte	0x9c
 1201 0766 76070000 		.4byte	0x776
 1202 076a 15       		.uleb128 0x15
 1203 076b 7000     		.ascii	"p\000"
 1204 076d 01       		.byte	0x1
 1205 076e 36       		.byte	0x36
 1206 076f 71020000 		.4byte	0x271
 1207 0773 01       		.uleb128 0x1
 1208 0774 50       		.byte	0x50
 1209 0775 00       		.byte	0
 1210 0776 14       		.uleb128 0x14
 1211 0777 99010000 		.4byte	.LASF114
 1212 077b 01       		.byte	0x1
 1213 077c 4D       		.byte	0x4d
 1214 077d 00000000 		.4byte	.LFB8
 1215 0781 74000000 		.4byte	.LFE8-.LFB8
 1216 0785 01       		.uleb128 0x1
 1217 0786 9C       		.byte	0x9c
 1218 0787 3C080000 		.4byte	0x83c
 1219 078b 16       		.uleb128 0x16
 1220 078c 82000000 		.4byte	.LASF116
 1221 0790 01       		.byte	0x1
 1222 0791 4E       		.byte	0x4e
 1223 0792 0C010000 		.4byte	0x10c
 1224 0796 05       		.uleb128 0x5
 1225 0797 03       		.byte	0x3
 1226 0798 00000000 		.4byte	mainthread.4774
 1227 079c 17       		.uleb128 0x17
 1228 079d 12000000 		.4byte	.LVL1
 1229 07a1 CE080000 		.4byte	0x8ce
 1230 07a5 B4070000 		.4byte	0x7b4
 1231 07a9 18       		.uleb128 0x18
 1232 07aa 01       		.uleb128 0x1
 1233 07ab 51       		.byte	0x51
 1234 07ac 01       		.uleb128 0x1
 1235 07ad 30       		.byte	0x30
 1236 07ae 18       		.uleb128 0x18
 1237 07af 01       		.uleb128 0x1
 1238 07b0 50       		.byte	0x50
 1239 07b1 01       		.uleb128 0x1
 1240 07b2 3A       		.byte	0x3a
ARM GAS  /var/folders/qh/xwg3v3kj02qbxczjpdb8lzfr0000gn/T//cc6YcsW6.s 			page 23


 1241 07b3 00       		.byte	0
 1242 07b4 17       		.uleb128 0x17
 1243 07b5 1A000000 		.4byte	.LVL2
 1244 07b9 CE080000 		.4byte	0x8ce
 1245 07bd CD070000 		.4byte	0x7cd
 1246 07c1 18       		.uleb128 0x18
 1247 07c2 01       		.uleb128 0x1
 1248 07c3 51       		.byte	0x51
 1249 07c4 02       		.uleb128 0x2
 1250 07c5 08       		.byte	0x8
 1251 07c6 80       		.byte	0x80
 1252 07c7 18       		.uleb128 0x18
 1253 07c8 01       		.uleb128 0x1
 1254 07c9 50       		.byte	0x50
 1255 07ca 01       		.uleb128 0x1
 1256 07cb 3B       		.byte	0x3b
 1257 07cc 00       		.byte	0
 1258 07cd 19       		.uleb128 0x19
 1259 07ce 1E000000 		.4byte	.LVL3
 1260 07d2 E5080000 		.4byte	0x8e5
 1261 07d6 19       		.uleb128 0x19
 1262 07d7 22000000 		.4byte	.LVL4
 1263 07db EC080000 		.4byte	0x8ec
 1264 07df 19       		.uleb128 0x19
 1265 07e0 26000000 		.4byte	.LVL5
 1266 07e4 F3080000 		.4byte	0x8f3
 1267 07e8 19       		.uleb128 0x19
 1268 07e9 2A000000 		.4byte	.LVL6
 1269 07ed FA080000 		.4byte	0x8fa
 1270 07f1 17       		.uleb128 0x17
 1271 07f2 32000000 		.4byte	.LVL7
 1272 07f6 01090000 		.4byte	0x901
 1273 07fa 0E080000 		.4byte	0x80e
 1274 07fe 18       		.uleb128 0x18
 1275 07ff 01       		.uleb128 0x1
 1276 0800 51       		.byte	0x51
 1277 0801 02       		.uleb128 0x2
 1278 0802 08       		.byte	0x8
 1279 0803 40       		.byte	0x40
 1280 0804 18       		.uleb128 0x18
 1281 0805 01       		.uleb128 0x1
 1282 0806 50       		.byte	0x50
 1283 0807 05       		.uleb128 0x5
 1284 0808 03       		.byte	0x3
 1285 0809 00000000 		.4byte	.LANCHOR0
 1286 080d 00       		.byte	0
 1287 080e 1A       		.uleb128 0x1a
 1288 080f 54000000 		.4byte	.LVL8
 1289 0813 1C090000 		.4byte	0x91c
 1290 0817 18       		.uleb128 0x18
 1291 0818 01       		.uleb128 0x1
 1292 0819 53       		.byte	0x53
 1293 081a 05       		.uleb128 0x5
 1294 081b 03       		.byte	0x3
 1295 081c 00000000 		.4byte	_idle_thread
 1296 0820 18       		.uleb128 0x18
 1297 0821 01       		.uleb128 0x1
ARM GAS  /var/folders/qh/xwg3v3kj02qbxczjpdb8lzfr0000gn/T//cc6YcsW6.s 			page 24


 1298 0822 52       		.byte	0x52
 1299 0823 01       		.uleb128 0x1
 1300 0824 31       		.byte	0x31
 1301 0825 18       		.uleb128 0x18
 1302 0826 01       		.uleb128 0x1
 1303 0827 51       		.byte	0x51
 1304 0828 02       		.uleb128 0x2
 1305 0829 08       		.byte	0x8
 1306 082a C0       		.byte	0xc0
 1307 082b 18       		.uleb128 0x18
 1308 082c 01       		.uleb128 0x1
 1309 082d 50       		.byte	0x50
 1310 082e 05       		.uleb128 0x5
 1311 082f 03       		.byte	0x3
 1312 0830 00000000 		.4byte	.LANCHOR1
 1313 0834 18       		.uleb128 0x18
 1314 0835 02       		.uleb128 0x2
 1315 0836 7D       		.byte	0x7d
 1316 0837 00       		.sleb128 0
 1317 0838 01       		.uleb128 0x1
 1318 0839 30       		.byte	0x30
 1319 083a 00       		.byte	0
 1320 083b 00       		.byte	0
 1321 083c 14       		.uleb128 0x14
 1322 083d 41000000 		.4byte	.LASF115
 1323 0841 01       		.byte	0x1
 1324 0842 82       		.byte	0x82
 1325 0843 00000000 		.4byte	.LFB9
 1326 0847 58000000 		.4byte	.LFE9-.LFB9
 1327 084b 01       		.uleb128 0x1
 1328 084c 9C       		.byte	0x9c
 1329 084d 87080000 		.4byte	0x887
 1330 0851 1B       		.uleb128 0x1b
 1331 0852 24000000 		.4byte	.LBB2
 1332 0856 2A000000 		.4byte	.LBE2-.LBB2
 1333 085a 1C       		.uleb128 0x1c
 1334 085b 76747000 		.ascii	"vtp\000"
 1335 085f 01       		.byte	0x1
 1336 0860 8F       		.byte	0x8f
 1337 0861 FF040000 		.4byte	0x4ff
 1338 0865 00000000 		.4byte	.LLST0
 1339 0869 1D       		.uleb128 0x1d
 1340 086a 00000000 		.4byte	.Ldebug_ranges0+0
 1341 086e 1C       		.uleb128 0x1c
 1342 086f 666E00   		.ascii	"fn\000"
 1343 0872 01       		.byte	0x1
 1344 0873 8F       		.byte	0x8f
 1345 0874 8F040000 		.4byte	0x48f
 1346 0878 1E000000 		.4byte	.LLST1
 1347 087c 1E       		.uleb128 0x1e
 1348 087d 42000000 		.4byte	.LVL11
 1349 0881 02       		.uleb128 0x2
 1350 0882 75       		.byte	0x75
 1351 0883 00       		.sleb128 0
 1352 0884 00       		.byte	0
 1353 0885 00       		.byte	0
 1354 0886 00       		.byte	0
ARM GAS  /var/folders/qh/xwg3v3kj02qbxczjpdb8lzfr0000gn/T//cc6YcsW6.s 			page 25


 1355 0887 1F       		.uleb128 0x1f
 1356 0888 3A000000 		.4byte	.LASF117
 1357 088c 09       		.byte	0x9
 1358 088d EE       		.byte	0xee
 1359 088e 43050000 		.4byte	0x543
 1360 0892 1F       		.uleb128 0x1f
 1361 0893 8F050000 		.4byte	.LASF118
 1362 0897 0A       		.byte	0xa
 1363 0898 68       		.byte	0x68
 1364 0899 9F050000 		.4byte	0x59f
 1365 089d 1F       		.uleb128 0x1f
 1366 089e E2010000 		.4byte	.LASF119
 1367 08a2 0C       		.byte	0xc
 1368 08a3 77       		.byte	0x77
 1369 08a4 A8080000 		.4byte	0x8a8
 1370 08a8 12       		.uleb128 0x12
 1371 08a9 4A070000 		.4byte	0x74a
 1372 08ad 0C       		.uleb128 0xc
 1373 08ae 73020000 		.4byte	0x273
 1374 08b2 BD080000 		.4byte	0x8bd
 1375 08b6 0D       		.uleb128 0xd
 1376 08b7 1F030000 		.4byte	0x31f
 1377 08bb 17       		.byte	0x17
 1378 08bc 00       		.byte	0
 1379 08bd 20       		.uleb128 0x20
 1380 08be 6B010000 		.4byte	.LASF120
 1381 08c2 01       		.byte	0x1
 1382 08c3 2A       		.byte	0x2a
 1383 08c4 AD080000 		.4byte	0x8ad
 1384 08c8 05       		.uleb128 0x5
 1385 08c9 03       		.byte	0x3
 1386 08ca 00000000 		.4byte	_idle_thread_wa
 1387 08ce 21       		.uleb128 0x21
 1388 08cf 7C040000 		.4byte	.LASF125
 1389 08d3 08       		.byte	0x8
 1390 08d4 1E01     		.2byte	0x11e
 1391 08d6 E5080000 		.4byte	0x8e5
 1392 08da 0F       		.uleb128 0xf
 1393 08db 82000000 		.4byte	0x82
 1394 08df 0F       		.uleb128 0xf
 1395 08e0 82000000 		.4byte	0x82
 1396 08e4 00       		.byte	0
 1397 08e5 22       		.uleb128 0x22
 1398 08e6 83020000 		.4byte	.LASF121
 1399 08ea 0A       		.byte	0xa
 1400 08eb 87       		.byte	0x87
 1401 08ec 22       		.uleb128 0x22
 1402 08ed 40050000 		.4byte	.LASF122
 1403 08f1 09       		.byte	0x9
 1404 08f2 F6       		.byte	0xf6
 1405 08f3 22       		.uleb128 0x22
 1406 08f4 39040000 		.4byte	.LASF123
 1407 08f8 0D       		.byte	0xd
 1408 08f9 4A       		.byte	0x4a
 1409 08fa 22       		.uleb128 0x22
 1410 08fb A3010000 		.4byte	.LASF124
 1411 08ff 0E       		.byte	0xe
ARM GAS  /var/folders/qh/xwg3v3kj02qbxczjpdb8lzfr0000gn/T//cc6YcsW6.s 			page 26


 1412 0900 4E       		.byte	0x4e
 1413 0901 23       		.uleb128 0x23
 1414 0902 BB010000 		.4byte	.LASF130
 1415 0906 06       		.byte	0x6
 1416 0907 6301     		.2byte	0x163
 1417 0909 35020000 		.4byte	0x235
 1418 090d 1C090000 		.4byte	0x91c
 1419 0911 0F       		.uleb128 0xf
 1420 0912 35020000 		.4byte	0x235
 1421 0916 0F       		.uleb128 0xf
 1422 0917 E0000000 		.4byte	0xe0
 1423 091b 00       		.byte	0
 1424 091c 24       		.uleb128 0x24
 1425 091d 71020000 		.4byte	.LASF126
 1426 0921 06       		.byte	0x6
 1427 0922 6901     		.2byte	0x169
 1428 0924 35020000 		.4byte	0x235
 1429 0928 0F       		.uleb128 0xf
 1430 0929 71020000 		.4byte	0x271
 1431 092d 0F       		.uleb128 0xf
 1432 092e 2C000000 		.4byte	0x2c
 1433 0932 0F       		.uleb128 0xf
 1434 0933 E0000000 		.4byte	0xe0
 1435 0937 0F       		.uleb128 0xf
 1436 0938 39060000 		.4byte	0x639
 1437 093c 0F       		.uleb128 0xf
 1438 093d 71020000 		.4byte	0x271
 1439 0941 00       		.byte	0
 1440 0942 00       		.byte	0
 1441              		.section	.debug_abbrev,"",%progbits
 1442              	.Ldebug_abbrev0:
 1443 0000 01       		.uleb128 0x1
 1444 0001 11       		.uleb128 0x11
 1445 0002 01       		.byte	0x1
 1446 0003 25       		.uleb128 0x25
 1447 0004 0E       		.uleb128 0xe
 1448 0005 13       		.uleb128 0x13
 1449 0006 0B       		.uleb128 0xb
 1450 0007 03       		.uleb128 0x3
 1451 0008 0E       		.uleb128 0xe
 1452 0009 1B       		.uleb128 0x1b
 1453 000a 0E       		.uleb128 0xe
 1454 000b 55       		.uleb128 0x55
 1455 000c 17       		.uleb128 0x17
 1456 000d 11       		.uleb128 0x11
 1457 000e 01       		.uleb128 0x1
 1458 000f 10       		.uleb128 0x10
 1459 0010 17       		.uleb128 0x17
 1460 0011 00       		.byte	0
 1461 0012 00       		.byte	0
 1462 0013 02       		.uleb128 0x2
 1463 0014 24       		.uleb128 0x24
 1464 0015 00       		.byte	0
 1465 0016 0B       		.uleb128 0xb
 1466 0017 0B       		.uleb128 0xb
 1467 0018 3E       		.uleb128 0x3e
 1468 0019 0B       		.uleb128 0xb
ARM GAS  /var/folders/qh/xwg3v3kj02qbxczjpdb8lzfr0000gn/T//cc6YcsW6.s 			page 27


 1469 001a 03       		.uleb128 0x3
 1470 001b 08       		.uleb128 0x8
 1471 001c 00       		.byte	0
 1472 001d 00       		.byte	0
 1473 001e 03       		.uleb128 0x3
 1474 001f 16       		.uleb128 0x16
 1475 0020 00       		.byte	0
 1476 0021 03       		.uleb128 0x3
 1477 0022 0E       		.uleb128 0xe
 1478 0023 3A       		.uleb128 0x3a
 1479 0024 0B       		.uleb128 0xb
 1480 0025 3B       		.uleb128 0x3b
 1481 0026 0B       		.uleb128 0xb
 1482 0027 49       		.uleb128 0x49
 1483 0028 13       		.uleb128 0x13
 1484 0029 00       		.byte	0
 1485 002a 00       		.byte	0
 1486 002b 04       		.uleb128 0x4
 1487 002c 24       		.uleb128 0x24
 1488 002d 00       		.byte	0
 1489 002e 0B       		.uleb128 0xb
 1490 002f 0B       		.uleb128 0xb
 1491 0030 3E       		.uleb128 0x3e
 1492 0031 0B       		.uleb128 0xb
 1493 0032 03       		.uleb128 0x3
 1494 0033 0E       		.uleb128 0xe
 1495 0034 00       		.byte	0
 1496 0035 00       		.byte	0
 1497 0036 05       		.uleb128 0x5
 1498 0037 13       		.uleb128 0x13
 1499 0038 01       		.byte	0x1
 1500 0039 03       		.uleb128 0x3
 1501 003a 0E       		.uleb128 0xe
 1502 003b 0B       		.uleb128 0xb
 1503 003c 0B       		.uleb128 0xb
 1504 003d 3A       		.uleb128 0x3a
 1505 003e 0B       		.uleb128 0xb
 1506 003f 3B       		.uleb128 0x3b
 1507 0040 0B       		.uleb128 0xb
 1508 0041 01       		.uleb128 0x1
 1509 0042 13       		.uleb128 0x13
 1510 0043 00       		.byte	0
 1511 0044 00       		.byte	0
 1512 0045 06       		.uleb128 0x6
 1513 0046 0D       		.uleb128 0xd
 1514 0047 00       		.byte	0
 1515 0048 03       		.uleb128 0x3
 1516 0049 0E       		.uleb128 0xe
 1517 004a 3A       		.uleb128 0x3a
 1518 004b 0B       		.uleb128 0xb
 1519 004c 3B       		.uleb128 0x3b
 1520 004d 0B       		.uleb128 0xb
 1521 004e 49       		.uleb128 0x49
 1522 004f 13       		.uleb128 0x13
 1523 0050 38       		.uleb128 0x38
 1524 0051 0B       		.uleb128 0xb
 1525 0052 00       		.byte	0
ARM GAS  /var/folders/qh/xwg3v3kj02qbxczjpdb8lzfr0000gn/T//cc6YcsW6.s 			page 28


 1526 0053 00       		.byte	0
 1527 0054 07       		.uleb128 0x7
 1528 0055 0D       		.uleb128 0xd
 1529 0056 00       		.byte	0
 1530 0057 03       		.uleb128 0x3
 1531 0058 08       		.uleb128 0x8
 1532 0059 3A       		.uleb128 0x3a
 1533 005a 0B       		.uleb128 0xb
 1534 005b 3B       		.uleb128 0x3b
 1535 005c 0B       		.uleb128 0xb
 1536 005d 49       		.uleb128 0x49
 1537 005e 13       		.uleb128 0x13
 1538 005f 38       		.uleb128 0x38
 1539 0060 0B       		.uleb128 0xb
 1540 0061 00       		.byte	0
 1541 0062 00       		.byte	0
 1542 0063 08       		.uleb128 0x8
 1543 0064 13       		.uleb128 0x13
 1544 0065 01       		.byte	0x1
 1545 0066 0B       		.uleb128 0xb
 1546 0067 0B       		.uleb128 0xb
 1547 0068 3A       		.uleb128 0x3a
 1548 0069 0B       		.uleb128 0xb
 1549 006a 3B       		.uleb128 0x3b
 1550 006b 0B       		.uleb128 0xb
 1551 006c 01       		.uleb128 0x1
 1552 006d 13       		.uleb128 0x13
 1553 006e 00       		.byte	0
 1554 006f 00       		.byte	0
 1555 0070 09       		.uleb128 0x9
 1556 0071 0F       		.uleb128 0xf
 1557 0072 00       		.byte	0
 1558 0073 0B       		.uleb128 0xb
 1559 0074 0B       		.uleb128 0xb
 1560 0075 49       		.uleb128 0x49
 1561 0076 13       		.uleb128 0x13
 1562 0077 00       		.byte	0
 1563 0078 00       		.byte	0
 1564 0079 0A       		.uleb128 0xa
 1565 007a 0F       		.uleb128 0xf
 1566 007b 00       		.byte	0
 1567 007c 0B       		.uleb128 0xb
 1568 007d 0B       		.uleb128 0xb
 1569 007e 00       		.byte	0
 1570 007f 00       		.byte	0
 1571 0080 0B       		.uleb128 0xb
 1572 0081 35       		.uleb128 0x35
 1573 0082 00       		.byte	0
 1574 0083 49       		.uleb128 0x49
 1575 0084 13       		.uleb128 0x13
 1576 0085 00       		.byte	0
 1577 0086 00       		.byte	0
 1578 0087 0C       		.uleb128 0xc
 1579 0088 01       		.uleb128 0x1
 1580 0089 01       		.byte	0x1
 1581 008a 49       		.uleb128 0x49
 1582 008b 13       		.uleb128 0x13
ARM GAS  /var/folders/qh/xwg3v3kj02qbxczjpdb8lzfr0000gn/T//cc6YcsW6.s 			page 29


 1583 008c 01       		.uleb128 0x1
 1584 008d 13       		.uleb128 0x13
 1585 008e 00       		.byte	0
 1586 008f 00       		.byte	0
 1587 0090 0D       		.uleb128 0xd
 1588 0091 21       		.uleb128 0x21
 1589 0092 00       		.byte	0
 1590 0093 49       		.uleb128 0x49
 1591 0094 13       		.uleb128 0x13
 1592 0095 2F       		.uleb128 0x2f
 1593 0096 0B       		.uleb128 0xb
 1594 0097 00       		.byte	0
 1595 0098 00       		.byte	0
 1596 0099 0E       		.uleb128 0xe
 1597 009a 15       		.uleb128 0x15
 1598 009b 01       		.byte	0x1
 1599 009c 27       		.uleb128 0x27
 1600 009d 19       		.uleb128 0x19
 1601 009e 01       		.uleb128 0x1
 1602 009f 13       		.uleb128 0x13
 1603 00a0 00       		.byte	0
 1604 00a1 00       		.byte	0
 1605 00a2 0F       		.uleb128 0xf
 1606 00a3 05       		.uleb128 0x5
 1607 00a4 00       		.byte	0
 1608 00a5 49       		.uleb128 0x49
 1609 00a6 13       		.uleb128 0x13
 1610 00a7 00       		.byte	0
 1611 00a8 00       		.byte	0
 1612 00a9 10       		.uleb128 0x10
 1613 00aa 17       		.uleb128 0x17
 1614 00ab 01       		.byte	0x1
 1615 00ac 0B       		.uleb128 0xb
 1616 00ad 0B       		.uleb128 0xb
 1617 00ae 3A       		.uleb128 0x3a
 1618 00af 0B       		.uleb128 0xb
 1619 00b0 3B       		.uleb128 0x3b
 1620 00b1 0B       		.uleb128 0xb
 1621 00b2 01       		.uleb128 0x1
 1622 00b3 13       		.uleb128 0x13
 1623 00b4 00       		.byte	0
 1624 00b5 00       		.byte	0
 1625 00b6 11       		.uleb128 0x11
 1626 00b7 0D       		.uleb128 0xd
 1627 00b8 00       		.byte	0
 1628 00b9 03       		.uleb128 0x3
 1629 00ba 0E       		.uleb128 0xe
 1630 00bb 3A       		.uleb128 0x3a
 1631 00bc 0B       		.uleb128 0xb
 1632 00bd 3B       		.uleb128 0x3b
 1633 00be 0B       		.uleb128 0xb
 1634 00bf 49       		.uleb128 0x49
 1635 00c0 13       		.uleb128 0x13
 1636 00c1 00       		.byte	0
 1637 00c2 00       		.byte	0
 1638 00c3 12       		.uleb128 0x12
 1639 00c4 26       		.uleb128 0x26
ARM GAS  /var/folders/qh/xwg3v3kj02qbxczjpdb8lzfr0000gn/T//cc6YcsW6.s 			page 30


 1640 00c5 00       		.byte	0
 1641 00c6 49       		.uleb128 0x49
 1642 00c7 13       		.uleb128 0x13
 1643 00c8 00       		.byte	0
 1644 00c9 00       		.byte	0
 1645 00ca 13       		.uleb128 0x13
 1646 00cb 15       		.uleb128 0x15
 1647 00cc 01       		.byte	0x1
 1648 00cd 27       		.uleb128 0x27
 1649 00ce 19       		.uleb128 0x19
 1650 00cf 49       		.uleb128 0x49
 1651 00d0 13       		.uleb128 0x13
 1652 00d1 01       		.uleb128 0x1
 1653 00d2 13       		.uleb128 0x13
 1654 00d3 00       		.byte	0
 1655 00d4 00       		.byte	0
 1656 00d5 14       		.uleb128 0x14
 1657 00d6 2E       		.uleb128 0x2e
 1658 00d7 01       		.byte	0x1
 1659 00d8 3F       		.uleb128 0x3f
 1660 00d9 19       		.uleb128 0x19
 1661 00da 03       		.uleb128 0x3
 1662 00db 0E       		.uleb128 0xe
 1663 00dc 3A       		.uleb128 0x3a
 1664 00dd 0B       		.uleb128 0xb
 1665 00de 3B       		.uleb128 0x3b
 1666 00df 0B       		.uleb128 0xb
 1667 00e0 27       		.uleb128 0x27
 1668 00e1 19       		.uleb128 0x19
 1669 00e2 11       		.uleb128 0x11
 1670 00e3 01       		.uleb128 0x1
 1671 00e4 12       		.uleb128 0x12
 1672 00e5 06       		.uleb128 0x6
 1673 00e6 40       		.uleb128 0x40
 1674 00e7 18       		.uleb128 0x18
 1675 00e8 9742     		.uleb128 0x2117
 1676 00ea 19       		.uleb128 0x19
 1677 00eb 01       		.uleb128 0x1
 1678 00ec 13       		.uleb128 0x13
 1679 00ed 00       		.byte	0
 1680 00ee 00       		.byte	0
 1681 00ef 15       		.uleb128 0x15
 1682 00f0 05       		.uleb128 0x5
 1683 00f1 00       		.byte	0
 1684 00f2 03       		.uleb128 0x3
 1685 00f3 08       		.uleb128 0x8
 1686 00f4 3A       		.uleb128 0x3a
 1687 00f5 0B       		.uleb128 0xb
 1688 00f6 3B       		.uleb128 0x3b
 1689 00f7 0B       		.uleb128 0xb
 1690 00f8 49       		.uleb128 0x49
 1691 00f9 13       		.uleb128 0x13
 1692 00fa 02       		.uleb128 0x2
 1693 00fb 18       		.uleb128 0x18
 1694 00fc 00       		.byte	0
 1695 00fd 00       		.byte	0
 1696 00fe 16       		.uleb128 0x16
ARM GAS  /var/folders/qh/xwg3v3kj02qbxczjpdb8lzfr0000gn/T//cc6YcsW6.s 			page 31


 1697 00ff 34       		.uleb128 0x34
 1698 0100 00       		.byte	0
 1699 0101 03       		.uleb128 0x3
 1700 0102 0E       		.uleb128 0xe
 1701 0103 3A       		.uleb128 0x3a
 1702 0104 0B       		.uleb128 0xb
 1703 0105 3B       		.uleb128 0x3b
 1704 0106 0B       		.uleb128 0xb
 1705 0107 49       		.uleb128 0x49
 1706 0108 13       		.uleb128 0x13
 1707 0109 02       		.uleb128 0x2
 1708 010a 18       		.uleb128 0x18
 1709 010b 00       		.byte	0
 1710 010c 00       		.byte	0
 1711 010d 17       		.uleb128 0x17
 1712 010e 898201   		.uleb128 0x4109
 1713 0111 01       		.byte	0x1
 1714 0112 11       		.uleb128 0x11
 1715 0113 01       		.uleb128 0x1
 1716 0114 31       		.uleb128 0x31
 1717 0115 13       		.uleb128 0x13
 1718 0116 01       		.uleb128 0x1
 1719 0117 13       		.uleb128 0x13
 1720 0118 00       		.byte	0
 1721 0119 00       		.byte	0
 1722 011a 18       		.uleb128 0x18
 1723 011b 8A8201   		.uleb128 0x410a
 1724 011e 00       		.byte	0
 1725 011f 02       		.uleb128 0x2
 1726 0120 18       		.uleb128 0x18
 1727 0121 9142     		.uleb128 0x2111
 1728 0123 18       		.uleb128 0x18
 1729 0124 00       		.byte	0
 1730 0125 00       		.byte	0
 1731 0126 19       		.uleb128 0x19
 1732 0127 898201   		.uleb128 0x4109
 1733 012a 00       		.byte	0
 1734 012b 11       		.uleb128 0x11
 1735 012c 01       		.uleb128 0x1
 1736 012d 31       		.uleb128 0x31
 1737 012e 13       		.uleb128 0x13
 1738 012f 00       		.byte	0
 1739 0130 00       		.byte	0
 1740 0131 1A       		.uleb128 0x1a
 1741 0132 898201   		.uleb128 0x4109
 1742 0135 01       		.byte	0x1
 1743 0136 11       		.uleb128 0x11
 1744 0137 01       		.uleb128 0x1
 1745 0138 31       		.uleb128 0x31
 1746 0139 13       		.uleb128 0x13
 1747 013a 00       		.byte	0
 1748 013b 00       		.byte	0
 1749 013c 1B       		.uleb128 0x1b
 1750 013d 0B       		.uleb128 0xb
 1751 013e 01       		.byte	0x1
 1752 013f 11       		.uleb128 0x11
 1753 0140 01       		.uleb128 0x1
ARM GAS  /var/folders/qh/xwg3v3kj02qbxczjpdb8lzfr0000gn/T//cc6YcsW6.s 			page 32


 1754 0141 12       		.uleb128 0x12
 1755 0142 06       		.uleb128 0x6
 1756 0143 00       		.byte	0
 1757 0144 00       		.byte	0
 1758 0145 1C       		.uleb128 0x1c
 1759 0146 34       		.uleb128 0x34
 1760 0147 00       		.byte	0
 1761 0148 03       		.uleb128 0x3
 1762 0149 08       		.uleb128 0x8
 1763 014a 3A       		.uleb128 0x3a
 1764 014b 0B       		.uleb128 0xb
 1765 014c 3B       		.uleb128 0x3b
 1766 014d 0B       		.uleb128 0xb
 1767 014e 49       		.uleb128 0x49
 1768 014f 13       		.uleb128 0x13
 1769 0150 02       		.uleb128 0x2
 1770 0151 17       		.uleb128 0x17
 1771 0152 00       		.byte	0
 1772 0153 00       		.byte	0
 1773 0154 1D       		.uleb128 0x1d
 1774 0155 0B       		.uleb128 0xb
 1775 0156 01       		.byte	0x1
 1776 0157 55       		.uleb128 0x55
 1777 0158 17       		.uleb128 0x17
 1778 0159 00       		.byte	0
 1779 015a 00       		.byte	0
 1780 015b 1E       		.uleb128 0x1e
 1781 015c 898201   		.uleb128 0x4109
 1782 015f 00       		.byte	0
 1783 0160 11       		.uleb128 0x11
 1784 0161 01       		.uleb128 0x1
 1785 0162 9342     		.uleb128 0x2113
 1786 0164 18       		.uleb128 0x18
 1787 0165 00       		.byte	0
 1788 0166 00       		.byte	0
 1789 0167 1F       		.uleb128 0x1f
 1790 0168 34       		.uleb128 0x34
 1791 0169 00       		.byte	0
 1792 016a 03       		.uleb128 0x3
 1793 016b 0E       		.uleb128 0xe
 1794 016c 3A       		.uleb128 0x3a
 1795 016d 0B       		.uleb128 0xb
 1796 016e 3B       		.uleb128 0x3b
 1797 016f 0B       		.uleb128 0xb
 1798 0170 49       		.uleb128 0x49
 1799 0171 13       		.uleb128 0x13
 1800 0172 3F       		.uleb128 0x3f
 1801 0173 19       		.uleb128 0x19
 1802 0174 3C       		.uleb128 0x3c
 1803 0175 19       		.uleb128 0x19
 1804 0176 00       		.byte	0
 1805 0177 00       		.byte	0
 1806 0178 20       		.uleb128 0x20
 1807 0179 34       		.uleb128 0x34
 1808 017a 00       		.byte	0
 1809 017b 03       		.uleb128 0x3
 1810 017c 0E       		.uleb128 0xe
ARM GAS  /var/folders/qh/xwg3v3kj02qbxczjpdb8lzfr0000gn/T//cc6YcsW6.s 			page 33


 1811 017d 3A       		.uleb128 0x3a
 1812 017e 0B       		.uleb128 0xb
 1813 017f 3B       		.uleb128 0x3b
 1814 0180 0B       		.uleb128 0xb
 1815 0181 49       		.uleb128 0x49
 1816 0182 13       		.uleb128 0x13
 1817 0183 3F       		.uleb128 0x3f
 1818 0184 19       		.uleb128 0x19
 1819 0185 02       		.uleb128 0x2
 1820 0186 18       		.uleb128 0x18
 1821 0187 00       		.byte	0
 1822 0188 00       		.byte	0
 1823 0189 21       		.uleb128 0x21
 1824 018a 2E       		.uleb128 0x2e
 1825 018b 01       		.byte	0x1
 1826 018c 3F       		.uleb128 0x3f
 1827 018d 19       		.uleb128 0x19
 1828 018e 03       		.uleb128 0x3
 1829 018f 0E       		.uleb128 0xe
 1830 0190 3A       		.uleb128 0x3a
 1831 0191 0B       		.uleb128 0xb
 1832 0192 3B       		.uleb128 0x3b
 1833 0193 05       		.uleb128 0x5
 1834 0194 27       		.uleb128 0x27
 1835 0195 19       		.uleb128 0x19
 1836 0196 3C       		.uleb128 0x3c
 1837 0197 19       		.uleb128 0x19
 1838 0198 01       		.uleb128 0x1
 1839 0199 13       		.uleb128 0x13
 1840 019a 00       		.byte	0
 1841 019b 00       		.byte	0
 1842 019c 22       		.uleb128 0x22
 1843 019d 2E       		.uleb128 0x2e
 1844 019e 00       		.byte	0
 1845 019f 3F       		.uleb128 0x3f
 1846 01a0 19       		.uleb128 0x19
 1847 01a1 03       		.uleb128 0x3
 1848 01a2 0E       		.uleb128 0xe
 1849 01a3 3A       		.uleb128 0x3a
 1850 01a4 0B       		.uleb128 0xb
 1851 01a5 3B       		.uleb128 0x3b
 1852 01a6 0B       		.uleb128 0xb
 1853 01a7 27       		.uleb128 0x27
 1854 01a8 19       		.uleb128 0x19
 1855 01a9 3C       		.uleb128 0x3c
 1856 01aa 19       		.uleb128 0x19
 1857 01ab 00       		.byte	0
 1858 01ac 00       		.byte	0
 1859 01ad 23       		.uleb128 0x23
 1860 01ae 2E       		.uleb128 0x2e
 1861 01af 01       		.byte	0x1
 1862 01b0 3F       		.uleb128 0x3f
 1863 01b1 19       		.uleb128 0x19
 1864 01b2 03       		.uleb128 0x3
 1865 01b3 0E       		.uleb128 0xe
 1866 01b4 3A       		.uleb128 0x3a
 1867 01b5 0B       		.uleb128 0xb
ARM GAS  /var/folders/qh/xwg3v3kj02qbxczjpdb8lzfr0000gn/T//cc6YcsW6.s 			page 34


 1868 01b6 3B       		.uleb128 0x3b
 1869 01b7 05       		.uleb128 0x5
 1870 01b8 27       		.uleb128 0x27
 1871 01b9 19       		.uleb128 0x19
 1872 01ba 49       		.uleb128 0x49
 1873 01bb 13       		.uleb128 0x13
 1874 01bc 3C       		.uleb128 0x3c
 1875 01bd 19       		.uleb128 0x19
 1876 01be 01       		.uleb128 0x1
 1877 01bf 13       		.uleb128 0x13
 1878 01c0 00       		.byte	0
 1879 01c1 00       		.byte	0
 1880 01c2 24       		.uleb128 0x24
 1881 01c3 2E       		.uleb128 0x2e
 1882 01c4 01       		.byte	0x1
 1883 01c5 3F       		.uleb128 0x3f
 1884 01c6 19       		.uleb128 0x19
 1885 01c7 03       		.uleb128 0x3
 1886 01c8 0E       		.uleb128 0xe
 1887 01c9 3A       		.uleb128 0x3a
 1888 01ca 0B       		.uleb128 0xb
 1889 01cb 3B       		.uleb128 0x3b
 1890 01cc 05       		.uleb128 0x5
 1891 01cd 27       		.uleb128 0x27
 1892 01ce 19       		.uleb128 0x19
 1893 01cf 49       		.uleb128 0x49
 1894 01d0 13       		.uleb128 0x13
 1895 01d1 3C       		.uleb128 0x3c
 1896 01d2 19       		.uleb128 0x19
 1897 01d3 00       		.byte	0
 1898 01d4 00       		.byte	0
 1899 01d5 00       		.byte	0
 1900              		.section	.debug_loc,"",%progbits
 1901              	.Ldebug_loc0:
 1902              	.LLST0:
 1903 0000 2A000000 		.4byte	.LVL9
 1904 0004 41000000 		.4byte	.LVL11-1
 1905 0008 0100     		.2byte	0x1
 1906 000a 53       		.byte	0x53
 1907 000b 46000000 		.4byte	.LVL12
 1908 000f 4E000000 		.4byte	.LVL13
 1909 0013 0100     		.2byte	0x1
 1910 0015 53       		.byte	0x53
 1911 0016 00000000 		.4byte	0
 1912 001a 00000000 		.4byte	0
 1913              	.LLST1:
 1914 001e 36000000 		.4byte	.LVL10
 1915 0022 4E000000 		.4byte	.LVL13
 1916 0026 0100     		.2byte	0x1
 1917 0028 55       		.byte	0x55
 1918 0029 00000000 		.4byte	0
 1919 002d 00000000 		.4byte	0
 1920              		.section	.debug_aranges,"",%progbits
 1921 0000 2C000000 		.4byte	0x2c
 1922 0004 0200     		.2byte	0x2
 1923 0006 00000000 		.4byte	.Ldebug_info0
 1924 000a 04       		.byte	0x4
ARM GAS  /var/folders/qh/xwg3v3kj02qbxczjpdb8lzfr0000gn/T//cc6YcsW6.s 			page 35


 1925 000b 00       		.byte	0
 1926 000c 0000     		.2byte	0
 1927 000e 0000     		.2byte	0
 1928 0010 00000000 		.4byte	.LFB7
 1929 0014 14000000 		.4byte	.LFE7-.LFB7
 1930 0018 00000000 		.4byte	.LFB8
 1931 001c 74000000 		.4byte	.LFE8-.LFB8
 1932 0020 00000000 		.4byte	.LFB9
 1933 0024 58000000 		.4byte	.LFE9-.LFB9
 1934 0028 00000000 		.4byte	0
 1935 002c 00000000 		.4byte	0
 1936              		.section	.debug_ranges,"",%progbits
 1937              	.Ldebug_ranges0:
 1938 0000 2E000000 		.4byte	.LBB3
 1939 0004 30000000 		.4byte	.LBE3
 1940 0008 32000000 		.4byte	.LBB4
 1941 000c 44000000 		.4byte	.LBE4
 1942 0010 00000000 		.4byte	0
 1943 0014 00000000 		.4byte	0
 1944 0018 00000000 		.4byte	.LFB7
 1945 001c 14000000 		.4byte	.LFE7
 1946 0020 00000000 		.4byte	.LFB8
 1947 0024 74000000 		.4byte	.LFE8
 1948 0028 00000000 		.4byte	.LFB9
 1949 002c 58000000 		.4byte	.LFE9
 1950 0030 00000000 		.4byte	0
 1951 0034 00000000 		.4byte	0
 1952              		.section	.debug_line,"",%progbits
 1953              	.Ldebug_line0:
 1954 0000 1D020000 		.section	.debug_str,"MS",%progbits,1
 1954      0200C201 
 1954      00000201 
 1954      FB0E0D00 
 1954      01010101 
 1955              	.LASF93:
 1956 0000 7466756E 		.ascii	"tfunc_t\000"
 1956      635F7400 
 1957              	.LASF104:
 1958 0008 63665F6F 		.ascii	"cf_off_older\000"
 1958      66665F6F 
 1958      6C646572 
 1958      00
 1959              	.LASF39:
 1960 0015 705F6D73 		.ascii	"p_msg\000"
 1960      6700
 1961              	.LASF2:
 1962 001b 73697A65 		.ascii	"size_t\000"
 1962      5F7400
 1963              	.LASF88:
 1964 0022 7264796D 		.ascii	"rdymsg\000"
 1964      736700
 1965              	.LASF13:
 1966 0029 75696E74 		.ascii	"uint64_t\000"
 1966      36345F74 
 1966      00
 1967              	.LASF67:
 1968 0032 434D785F 		.ascii	"CMx_SCB\000"
ARM GAS  /var/folders/qh/xwg3v3kj02qbxczjpdb8lzfr0000gn/T//cc6YcsW6.s 			page 36


 1968      53434200 
 1969              	.LASF117:
 1970 003a 76746C69 		.ascii	"vtlist\000"
 1970      737400
 1971              	.LASF115:
 1972 0041 63685379 		.ascii	"chSysTimerHandlerI\000"
 1972      7354696D 
 1972      65724861 
 1972      6E646C65 
 1972      724900
 1973              	.LASF14:
 1974 0054 6C6F6E67 		.ascii	"long long unsigned int\000"
 1974      206C6F6E 
 1974      6720756E 
 1974      7369676E 
 1974      65642069 
 1975              	.LASF100:
 1976 006b 63685F74 		.ascii	"ch_threadsize\000"
 1976      68726561 
 1976      6473697A 
 1976      6500
 1977              	.LASF89:
 1978 0079 65786974 		.ascii	"exitcode\000"
 1978      636F6465 
 1978      00
 1979              	.LASF116:
 1980 0082 6D61696E 		.ascii	"mainthread\000"
 1980      74687265 
 1980      616400
 1981              	.LASF52:
 1982 008d 43505549 		.ascii	"CPUID\000"
 1982      4400
 1983              	.LASF27:
 1984 0093 705F7072 		.ascii	"p_prio\000"
 1984      696F00
 1985              	.LASF107:
 1986 009a 63665F6F 		.ascii	"cf_off_state\000"
 1986      66665F73 
 1986      74617465 
 1986      00
 1987              	.LASF75:
 1988 00a7 76745F73 		.ascii	"vt_systime\000"
 1988      79737469 
 1988      6D6500
 1989              	.LASF129:
 1990 00b2 2F557365 		.ascii	"/Users/John/Development/embedded/ChibiOs-Rt/BluC/ST"
 1990      72732F4A 
 1990      6F686E2F 
 1990      44657665 
 1990      6C6F706D 
 1991 00e5 4D333246 		.ascii	"M32F051\000"
 1991      30353100 
 1992              	.LASF1:
 1993 00ed 7369676E 		.ascii	"signed char\000"
 1993      65642063 
 1993      68617200 
 1994              	.LASF106:
ARM GAS  /var/folders/qh/xwg3v3kj02qbxczjpdb8lzfr0000gn/T//cc6YcsW6.s 			page 37


 1995 00f9 63665F6F 		.ascii	"cf_off_stklimit\000"
 1995      66665F73 
 1995      746B6C69 
 1995      6D697400 
 1996              	.LASF108:
 1997 0109 63665F6F 		.ascii	"cf_off_flags\000"
 1997      66665F66 
 1997      6C616773 
 1997      00
 1998              	.LASF43:
 1999 0116 705F6D70 		.ascii	"p_mpool\000"
 1999      6F6F6C00 
 2000              	.LASF85:
 2001 011e 6D5F7175 		.ascii	"m_queue\000"
 2001      65756500 
 2002              	.LASF19:
 2003 0126 74736C69 		.ascii	"tslices_t\000"
 2003      6365735F 
 2003      7400
 2004              	.LASF9:
 2005 0130 6C6F6E67 		.ascii	"long int\000"
 2005      20696E74 
 2005      00
 2006              	.LASF17:
 2007 0139 74737461 		.ascii	"tstate_t\000"
 2007      74655F74 
 2007      00
 2008              	.LASF12:
 2009 0142 6C6F6E67 		.ascii	"long long int\000"
 2009      206C6F6E 
 2009      6720696E 
 2009      7400
 2010              	.LASF6:
 2011 0150 75696E74 		.ascii	"uint16_t\000"
 2011      31365F74 
 2011      00
 2012              	.LASF112:
 2013 0159 63686465 		.ascii	"chdebug_t\000"
 2013      6275675F 
 2013      7400
 2014              	.LASF29:
 2015 0163 705F6E65 		.ascii	"p_newer\000"
 2015      77657200 
 2016              	.LASF120:
 2017 016b 5F69646C 		.ascii	"_idle_thread_wa\000"
 2017      655F7468 
 2017      72656164 
 2017      5F776100 
 2018              	.LASF62:
 2019 017b 42464152 		.ascii	"BFAR\000"
 2019      00
 2020              	.LASF80:
 2021 0180 725F6E65 		.ascii	"r_newer\000"
 2021      77657200 
 2022              	.LASF46:
 2023 0188 72656761 		.ascii	"regarm_t\000"
 2023      726D5F74 
ARM GAS  /var/folders/qh/xwg3v3kj02qbxczjpdb8lzfr0000gn/T//cc6YcsW6.s 			page 38


 2023      00
 2024              	.LASF71:
 2025 0191 76745F70 		.ascii	"vt_prev\000"
 2025      72657600 
 2026              	.LASF114:
 2027 0199 63685379 		.ascii	"chSysInit\000"
 2027      73496E69 
 2027      7400
 2028              	.LASF124:
 2029 01a3 5F686561 		.ascii	"_heap_init\000"
 2029      705F696E 
 2029      697400
 2030              	.LASF0:
 2031 01ae 756E7369 		.ascii	"unsigned int\000"
 2031      676E6564 
 2031      20696E74 
 2031      00
 2032              	.LASF130:
 2033 01bb 5F746872 		.ascii	"_thread_init\000"
 2033      6561645F 
 2033      696E6974 
 2033      00
 2034              	.LASF70:
 2035 01c8 76745F6E 		.ascii	"vt_next\000"
 2035      65787400 
 2036              	.LASF11:
 2037 01d0 6C6F6E67 		.ascii	"long unsigned int\000"
 2037      20756E73 
 2037      69676E65 
 2037      6420696E 
 2037      7400
 2038              	.LASF119:
 2039 01e2 63685F64 		.ascii	"ch_debug\000"
 2039      65627567 
 2039      00
 2040              	.LASF99:
 2041 01eb 63685F74 		.ascii	"ch_timesize\000"
 2041      696D6573 
 2041      697A6500 
 2042              	.LASF54:
 2043 01f7 56544F52 		.ascii	"VTOR\000"
 2043      00
 2044              	.LASF69:
 2045 01fc 56697274 		.ascii	"VirtualTimer\000"
 2045      75616C54 
 2045      696D6572 
 2045      00
 2046              	.LASF49:
 2047 0209 636F6E74 		.ascii	"context\000"
 2047      65787400 
 2048              	.LASF7:
 2049 0211 73686F72 		.ascii	"short unsigned int\000"
 2049      7420756E 
 2049      7369676E 
 2049      65642069 
 2049      6E7400
 2050              	.LASF53:
ARM GAS  /var/folders/qh/xwg3v3kj02qbxczjpdb8lzfr0000gn/T//cc6YcsW6.s 			page 39


 2051 0224 49435352 		.ascii	"ICSR\000"
 2051      00
 2052              	.LASF21:
 2053 0229 6D73675F 		.ascii	"msg_t\000"
 2053      7400
 2054              	.LASF55:
 2055 022f 41495243 		.ascii	"AIRCR\000"
 2055      5200
 2056              	.LASF60:
 2057 0235 44465352 		.ascii	"DFSR\000"
 2057      00
 2058              	.LASF61:
 2059 023a 4D4D4641 		.ascii	"MMFAR\000"
 2059      5200
 2060              	.LASF16:
 2061 0240 746D6F64 		.ascii	"tmode_t\000"
 2061      655F7400 
 2062              	.LASF45:
 2063 0248 54687265 		.ascii	"ThreadsList\000"
 2063      6164734C 
 2063      69737400 
 2064              	.LASF22:
 2065 0254 6576656E 		.ascii	"eventmask_t\000"
 2065      746D6173 
 2065      6B5F7400 
 2066              	.LASF84:
 2067 0260 4D757465 		.ascii	"Mutex\000"
 2067      7800
 2068              	.LASF47:
 2069 0266 73746B61 		.ascii	"stkalign_t\000"
 2069      6C69676E 
 2069      5F7400
 2070              	.LASF126:
 2071 0271 63685468 		.ascii	"chThdCreateStatic\000"
 2071      64437265 
 2071      61746553 
 2071      74617469 
 2071      6300
 2072              	.LASF121:
 2073 0283 5F736368 		.ascii	"_scheduler_init\000"
 2073      6564756C 
 2073      65725F69 
 2073      6E697400 
 2074              	.LASF95:
 2075 0293 63685F7A 		.ascii	"ch_zero\000"
 2075      65726F00 
 2076              	.LASF109:
 2077 029b 63665F6F 		.ascii	"cf_off_refs\000"
 2077      66665F72 
 2077      65667300 
 2078              	.LASF72:
 2079 02a7 76745F74 		.ascii	"vt_time\000"
 2079      696D6500 
 2080              	.LASF58:
 2081 02af 43465352 		.ascii	"CFSR\000"
 2081      00
 2082              	.LASF51:
ARM GAS  /var/folders/qh/xwg3v3kj02qbxczjpdb8lzfr0000gn/T//cc6YcsW6.s 			page 40


 2083 02b4 73697A65 		.ascii	"sizetype\000"
 2083      74797065 
 2083      00
 2084              	.LASF73:
 2085 02bd 76745F66 		.ascii	"vt_func\000"
 2085      756E6300 
 2086              	.LASF127:
 2087 02c5 474E5520 		.ascii	"GNU C 4.8.3 20131129 (release) [ARM/embedded-4_8-br"
 2087      4320342E 
 2087      382E3320 
 2087      32303133 
 2087      31313239 
 2088 02f8 616E6368 		.ascii	"anch revision 205641] -mcpu=cortex-m0 -mno-thumb-in"
 2088      20726576 
 2088      6973696F 
 2088      6E203230 
 2088      35363431 
 2089 032b 74657277 		.ascii	"terwork -mthumb -ggdb -O2 -fomit-frame-pointer -fal"
 2089      6F726B20 
 2089      2D6D7468 
 2089      756D6220 
 2089      2D676764 
 2090 035e 69676E2D 		.ascii	"ign-functions=16 -ffunction-sections -fdata-section"
 2090      66756E63 
 2090      74696F6E 
 2090      733D3136 
 2090      202D6666 
 2091 0391 73202D66 		.ascii	"s -fno-common\000"
 2091      6E6F2D63 
 2091      6F6D6D6F 
 2091      6E00
 2092              	.LASF105:
 2093 039f 63665F6F 		.ascii	"cf_off_name\000"
 2093      66665F6E 
 2093      616D6500 
 2094              	.LASF30:
 2095 03ab 705F6F6C 		.ascii	"p_older\000"
 2095      64657200 
 2096              	.LASF79:
 2097 03b3 725F6374 		.ascii	"r_ctx\000"
 2097      7800
 2098              	.LASF44:
 2099 03b9 54687265 		.ascii	"ThreadsQueue\000"
 2099      61647351 
 2099      75657565 
 2099      00
 2100              	.LASF96:
 2101 03c6 63685F73 		.ascii	"ch_size\000"
 2101      697A6500 
 2102              	.LASF94:
 2103 03ce 63685F69 		.ascii	"ch_identifier\000"
 2103      64656E74 
 2103      69666965 
 2103      7200
 2104              	.LASF82:
 2105 03dc 725F6375 		.ascii	"r_current\000"
 2105      7272656E 
ARM GAS  /var/folders/qh/xwg3v3kj02qbxczjpdb8lzfr0000gn/T//cc6YcsW6.s 			page 41


 2105      7400
 2106              	.LASF81:
 2107 03e6 725F6F6C 		.ascii	"r_older\000"
 2107      64657200 
 2108              	.LASF113:
 2109 03ee 5F69646C 		.ascii	"_idle_thread\000"
 2109      655F7468 
 2109      72656164 
 2109      00
 2110              	.LASF18:
 2111 03fb 74726566 		.ascii	"trefs_t\000"
 2111      735F7400 
 2112              	.LASF98:
 2113 0403 63685F70 		.ascii	"ch_ptrsize\000"
 2113      74727369 
 2113      7A6500
 2114              	.LASF26:
 2115 040e 705F7072 		.ascii	"p_prev\000"
 2115      657600
 2116              	.LASF20:
 2117 0415 74707269 		.ascii	"tprio_t\000"
 2117      6F5F7400 
 2118              	.LASF15:
 2119 041d 5F426F6F 		.ascii	"_Bool\000"
 2119      6C00
 2120              	.LASF8:
 2121 0423 696E7433 		.ascii	"int32_t\000"
 2121      325F7400 
 2122              	.LASF4:
 2123 042b 756E7369 		.ascii	"unsigned char\000"
 2123      676E6564 
 2123      20636861 
 2123      7200
 2124              	.LASF123:
 2125 0439 5F636F72 		.ascii	"_core_init\000"
 2125      655F696E 
 2125      697400
 2126              	.LASF57:
 2127 0444 53484353 		.ascii	"SHCSR\000"
 2127      5200
 2128              	.LASF41:
 2129 044a 705F6D74 		.ascii	"p_mtxlist\000"
 2129      786C6973 
 2129      7400
 2130              	.LASF5:
 2131 0454 73686F72 		.ascii	"short int\000"
 2131      7420696E 
 2131      7400
 2132              	.LASF32:
 2133 045e 705F7374 		.ascii	"p_state\000"
 2133      61746500 
 2134              	.LASF35:
 2135 0466 705F7072 		.ascii	"p_preempt\000"
 2135      65656D70 
 2135      7400
 2136              	.LASF111:
 2137 0470 63665F6F 		.ascii	"cf_off_time\000"
ARM GAS  /var/folders/qh/xwg3v3kj02qbxczjpdb8lzfr0000gn/T//cc6YcsW6.s 			page 42


 2137      66665F74 
 2137      696D6500 
 2138              	.LASF125:
 2139 047c 6E766963 		.ascii	"nvicSetSystemHandlerPriority\000"
 2139      53657453 
 2139      79737465 
 2139      6D48616E 
 2139      646C6572 
 2140              	.LASF78:
 2141 0499 725F7072 		.ascii	"r_prio\000"
 2141      696F00
 2142              	.LASF91:
 2143 04a0 65776D61 		.ascii	"ewmask\000"
 2143      736B00
 2144              	.LASF25:
 2145 04a7 705F6E65 		.ascii	"p_next\000"
 2145      787400
 2146              	.LASF110:
 2147 04ae 63665F6F 		.ascii	"cf_off_preempt\000"
 2147      66665F70 
 2147      7265656D 
 2147      707400
 2148              	.LASF33:
 2149 04bd 705F666C 		.ascii	"p_flags\000"
 2149      61677300 
 2150              	.LASF24:
 2151 04c5 54687265 		.ascii	"Thread\000"
 2151      616400
 2152              	.LASF103:
 2153 04cc 63665F6F 		.ascii	"cf_off_newer\000"
 2153      66665F6E 
 2153      65776572 
 2153      00
 2154              	.LASF40:
 2155 04d9 705F6570 		.ascii	"p_epending\000"
 2155      656E6469 
 2155      6E6700
 2156              	.LASF10:
 2157 04e4 75696E74 		.ascii	"uint32_t\000"
 2157      33325F74 
 2157      00
 2158              	.LASF101:
 2159 04ed 63665F6F 		.ascii	"cf_off_prio\000"
 2159      66665F70 
 2159      72696F00 
 2160              	.LASF77:
 2161 04f9 725F7175 		.ascii	"r_queue\000"
 2161      65756500 
 2162              	.LASF63:
 2163 0501 41465352 		.ascii	"AFSR\000"
 2163      00
 2164              	.LASF65:
 2165 0506 756E7573 		.ascii	"unused1\000"
 2165      65643100 
 2166              	.LASF92:
 2167 050e 63686172 		.ascii	"char\000"
 2167      00
ARM GAS  /var/folders/qh/xwg3v3kj02qbxczjpdb8lzfr0000gn/T//cc6YcsW6.s 			page 43


 2168              	.LASF50:
 2169 0513 494F5245 		.ascii	"IOREG32\000"
 2169      47333200 
 2170              	.LASF87:
 2171 051b 6D5F6E65 		.ascii	"m_next\000"
 2171      787400
 2172              	.LASF23:
 2173 0522 73797374 		.ascii	"systime_t\000"
 2173      696D655F 
 2173      7400
 2174              	.LASF42:
 2175 052c 705F7265 		.ascii	"p_realprio\000"
 2175      616C7072 
 2175      696F00
 2176              	.LASF68:
 2177 0537 76746675 		.ascii	"vtfunc_t\000"
 2177      6E635F74 
 2177      00
 2178              	.LASF122:
 2179 0540 5F76745F 		.ascii	"_vt_init\000"
 2179      696E6974 
 2179      00
 2180              	.LASF36:
 2181 0549 705F7469 		.ascii	"p_time\000"
 2181      6D6500
 2182              	.LASF56:
 2183 0550 53485052 		.ascii	"SHPR\000"
 2183      00
 2184              	.LASF48:
 2185 0555 696E7463 		.ascii	"intctx\000"
 2185      747800
 2186              	.LASF38:
 2187 055c 705F6D73 		.ascii	"p_msgqueue\000"
 2187      67717565 
 2187      756500
 2188              	.LASF74:
 2189 0567 76745F70 		.ascii	"vt_par\000"
 2189      617200
 2190              	.LASF102:
 2191 056e 63665F6F 		.ascii	"cf_off_ctx\000"
 2191      66665F63 
 2191      747800
 2192              	.LASF34:
 2193 0579 705F7265 		.ascii	"p_refs\000"
 2193      667300
 2194              	.LASF83:
 2195 0580 52656164 		.ascii	"ReadyList\000"
 2195      794C6973 
 2195      7400
 2196              	.LASF64:
 2197 058a 4D4D4652 		.ascii	"MMFR\000"
 2197      00
 2198              	.LASF118:
 2199 058f 726C6973 		.ascii	"rlist\000"
 2199      7400
 2200              	.LASF128:
 2201 0595 2E2E2F2E 		.ascii	"../../os/kernel/src/chsys.c\000"
ARM GAS  /var/folders/qh/xwg3v3kj02qbxczjpdb8lzfr0000gn/T//cc6YcsW6.s 			page 44


 2201      2E2F6F73 
 2201      2F6B6572 
 2201      6E656C2F 
 2201      7372632F 
 2202              	.LASF3:
 2203 05b1 75696E74 		.ascii	"uint8_t\000"
 2203      385F7400 
 2204              	.LASF90:
 2205 05b9 77746F62 		.ascii	"wtobjp\000"
 2205      6A7000
 2206              	.LASF31:
 2207 05c0 705F6E61 		.ascii	"p_name\000"
 2207      6D6500
 2208              	.LASF97:
 2209 05c7 63685F76 		.ascii	"ch_version\000"
 2209      65727369 
 2209      6F6E00
 2210              	.LASF76:
 2211 05d2 56544C69 		.ascii	"VTList\000"
 2211      737400
 2212              	.LASF66:
 2213 05d9 43504143 		.ascii	"CPACR\000"
 2213      5200
 2214              	.LASF59:
 2215 05df 48465352 		.ascii	"HFSR\000"
 2215      00
 2216              	.LASF86:
 2217 05e4 6D5F6F77 		.ascii	"m_owner\000"
 2217      6E657200 
 2218              	.LASF28:
 2219 05ec 705F6374 		.ascii	"p_ctx\000"
 2219      7800
 2220              	.LASF37:
 2221 05f2 705F7761 		.ascii	"p_waiting\000"
 2221      6974696E 
 2221      6700
 2222              		.ident	"GCC: (GNU Tools for ARM Embedded Processors) 4.8.3 20131129 (release) [ARM/embedded-4_8-br
ARM GAS  /var/folders/qh/xwg3v3kj02qbxczjpdb8lzfr0000gn/T//cc6YcsW6.s 			page 45


DEFINED SYMBOLS
                            *ABS*:0000000000000000 chsys.c
/var/folders/qh/xwg3v3kj02qbxczjpdb8lzfr0000gn/T//cc6YcsW6.s:18     .text._idle_thread:0000000000000000 $t
/var/folders/qh/xwg3v3kj02qbxczjpdb8lzfr0000gn/T//cc6YcsW6.s:24     .text._idle_thread:0000000000000000 _idle_thread
/var/folders/qh/xwg3v3kj02qbxczjpdb8lzfr0000gn/T//cc6YcsW6.s:40     .text._idle_thread:000000000000000c $d
/var/folders/qh/xwg3v3kj02qbxczjpdb8lzfr0000gn/T//cc6YcsW6.s:46     .text.chSysInit:0000000000000000 $t
/var/folders/qh/xwg3v3kj02qbxczjpdb8lzfr0000gn/T//cc6YcsW6.s:52     .text.chSysInit:0000000000000000 chSysInit
/var/folders/qh/xwg3v3kj02qbxczjpdb8lzfr0000gn/T//cc6YcsW6.s:125    .text.chSysInit:0000000000000058 $d
/var/folders/qh/xwg3v3kj02qbxczjpdb8lzfr0000gn/T//cc6YcsW6.s:136    .text.chSysTimerHandlerI:0000000000000000 $t
/var/folders/qh/xwg3v3kj02qbxczjpdb8lzfr0000gn/T//cc6YcsW6.s:142    .text.chSysTimerHandlerI:0000000000000000 chSysTimerHandlerI
/var/folders/qh/xwg3v3kj02qbxczjpdb8lzfr0000gn/T//cc6YcsW6.s:223    .text.chSysTimerHandlerI:0000000000000050 $d
/var/folders/qh/xwg3v3kj02qbxczjpdb8lzfr0000gn/T//cc6YcsW6.s:245    .bss._idle_thread_wa:0000000000000000 _idle_thread_wa
/var/folders/qh/xwg3v3kj02qbxczjpdb8lzfr0000gn/T//cc6YcsW6.s:230    .bss.mainthread.4774:0000000000000000 $d
/var/folders/qh/xwg3v3kj02qbxczjpdb8lzfr0000gn/T//cc6YcsW6.s:234    .bss.mainthread.4774:0000000000000000 mainthread.4774
/var/folders/qh/xwg3v3kj02qbxczjpdb8lzfr0000gn/T//cc6YcsW6.s:237    .rodata.str1.4:0000000000000000 $d
/var/folders/qh/xwg3v3kj02qbxczjpdb8lzfr0000gn/T//cc6YcsW6.s:241    .bss._idle_thread_wa:0000000000000000 $d
                     .debug_frame:0000000000000010 $d
/var/folders/qh/xwg3v3kj02qbxczjpdb8lzfr0000gn/T//cc6YcsW6.s:45     .text._idle_thread:0000000000000014 $t
/var/folders/qh/xwg3v3kj02qbxczjpdb8lzfr0000gn/T//cc6YcsW6.s:135    .text.chSysInit:0000000000000074 $t
/var/folders/qh/xwg3v3kj02qbxczjpdb8lzfr0000gn/T//cc6YcsW6.s:229    .text.chSysTimerHandlerI:0000000000000058 $t

UNDEFINED SYMBOLS
rlist
nvicSetSystemHandlerPriority
_scheduler_init
_vt_init
_core_init
_heap_init
_thread_init
chThdCreateStatic
ch_debug
vtlist
