ARM GAS  /var/folders/qh/xwg3v3kj02qbxczjpdb8lzfr0000gn/T//ccH7Wflv.s 			page 1


   1              		.cpu cortex-m0
   2              		.fpu softvfp
   3              		.eabi_attribute 20, 1
   4              		.eabi_attribute 21, 1
   5              		.eabi_attribute 23, 3
   6              		.eabi_attribute 24, 1
   7              		.eabi_attribute 25, 1
   8              		.eabi_attribute 26, 1
   9              		.eabi_attribute 30, 2
  10              		.eabi_attribute 34, 0
  11              		.eabi_attribute 18, 4
  12              		.code	16
  13              		.file	"crt0.c"
  14              		.text
  15              	.Ltext0:
  16              		.cfi_sections	.debug_frame
  17              		.section	.text.__early_init,"ax",%progbits
  18              		.align	2
  19              		.p2align 4,,15
  20              		.weak	__early_init
  21              		.code	16
  22              		.thumb_func
  23              		.type	__early_init, %function
  24              	__early_init:
  25              	.LFB0:
  26              		.file 1 "../../os/ports/GCC/ARMCMx/crt0.c"
  27              		.loc 1 227 0
  28              		.cfi_startproc
  29              		.loc 1 227 0
  30              		@ sp needed
  31 0000 7047     		bx	lr
  32              		.cfi_endproc
  33              	.LFE0:
  34              		.size	__early_init, .-__early_init
  35 0002 C046C046 		.section	.text.__late_init,"ax",%progbits
  35      C046C046 
  35      C046C046 
  35      C046
  36              		.align	2
  37              		.p2align 4,,15
  38              		.weak	__late_init
  39              		.code	16
  40              		.thumb_func
  41              		.type	__late_init, %function
  42              	__late_init:
  43              	.LFB1:
  44              		.loc 1 239 0
  45              		.cfi_startproc
  46              		.loc 1 239 0
  47              		@ sp needed
  48 0000 7047     		bx	lr
  49              		.cfi_endproc
  50              	.LFE1:
  51              		.size	__late_init, .-__late_init
  52 0002 C046C046 		.section	.text._default_exit,"ax",%progbits
  52      C046C046 
  52      C046C046 
ARM GAS  /var/folders/qh/xwg3v3kj02qbxczjpdb8lzfr0000gn/T//ccH7Wflv.s 			page 2


  52      C046
  53              		.align	2
  54              		.p2align 4,,15
  55              		.weak	_default_exit
  56              		.code	16
  57              		.thumb_func
  58              		.type	_default_exit, %function
  59              	_default_exit:
  60              	.LFB2:
  61              		.loc 1 250 0
  62              		.cfi_startproc
  63              	.L4:
  64 0000 FEE7     		b	.L4
  65              		.cfi_endproc
  66              	.LFE2:
  67              		.size	_default_exit, .-_default_exit
  68 0002 C046C046 		.section	.text.ResetHandler,"ax",%progbits
  68      C046C046 
  68      C046C046 
  68      C046
  69              		.align	2
  70              		.p2align 4,,15
  71              		.global	ResetHandler
  72              		.code	16
  73              		.thumb_func
  74              		.type	ResetHandler, %function
  75              	ResetHandler:
  76              	.LFB3:
  77              		.loc 1 261 0
  78              		.cfi_startproc
  79              		.loc 1 267 0
  80              	@ 267 "../../os/ports/GCC/ARMCMx/crt0.c" 1
  81 0000 72B6     		cpsid   i
  82              	@ 0 "" 2
  83              		.loc 1 268 0
  84              		.code	16
  85 0002 3448     		ldr	r0, .L26
  86 0004 051C     		mov	r5, r0
  87              	.LVL0:
  88              		.loc 1 269 0
  89              	@ 269 "../../os/ports/GCC/ARMCMx/crt0.c" 1
  90 0006 80F30988 		msr     PSP, r0
  91              	@ 0 "" 2
  92              	.LVL1:
  93              		.loc 1 289 0
  94              		.code	16
  95 000a 0223     		mov	r3, #2
  96              	@ 289 "../../os/ports/GCC/ARMCMx/crt0.c" 1
  97 000c 83F31488 		msr     CONTROL, r3
  98              	@ 0 "" 2
  99              		.loc 1 290 0
 100              	@ 290 "../../os/ports/GCC/ARMCMx/crt0.c" 1
 101 0010 BFF36F8F 		isb
 102              	@ 0 "" 2
 103              	.LVL2:
 104              		.code	16
 105              	.LBB2:
ARM GAS  /var/folders/qh/xwg3v3kj02qbxczjpdb8lzfr0000gn/T//ccH7Wflv.s 			page 3


 106              		.loc 1 294 0
 107 0014 304B     		ldr	r3, .L26+4
 108 0016 314A     		ldr	r2, .L26+8
 109 0018 9342     		cmp	r3, r2
 110 001a 09D2     		bcs	.L9
 111 001c 1C1D     		add	r4, r3, #4
 112 001e D11C     		add	r1, r2, #3
 113 0020 091B     		sub	r1, r1, r4
 114 0022 8908     		lsr	r1, r1, #2
 115 0024 8900     		lsl	r1, r1, #2
 116 0026 2E4A     		ldr	r2, .L26+12
 117 0028 6118     		add	r1, r4, r1
 118              	.LVL3:
 119              	.L10:
 120              		.loc 1 294 0 is_stmt 0 discriminator 2
 121 002a 04C3     		stmia	r3!, {r2}
 122              	.LVL4:
 123 002c 8B42     		cmp	r3, r1
 124 002e FCD1     		bne	.L10
 125              	.LVL5:
 126              	.L9:
 127              	.LBE2:
 128              	.LBB3:
 129              		.loc 1 297 0 is_stmt 1
 130 0030 2C4B     		ldr	r3, .L26+16
 131 0032 8342     		cmp	r3, r0
 132 0034 09D2     		bcs	.L8
 133 0036 1A1D     		add	r2, r3, #4
 134 0038 E91C     		add	r1, r5, #3
 135 003a 891A     		sub	r1, r1, r2
 136 003c 8908     		lsr	r1, r1, #2
 137 003e 8900     		lsl	r1, r1, #2
 138 0040 5118     		add	r1, r2, r1
 139 0042 274A     		ldr	r2, .L26+12
 140              	.LVL6:
 141              	.L13:
 142              		.loc 1 297 0 is_stmt 0 discriminator 2
 143 0044 04C3     		stmia	r3!, {r2}
 144              	.LVL7:
 145 0046 8B42     		cmp	r3, r1
 146 0048 FCD1     		bne	.L13
 147              	.LVL8:
 148              	.L8:
 149              	.LBE3:
 150              		.loc 1 303 0 is_stmt 1
 151 004a FFF7FEFF 		bl	__early_init
 152              	.LVL9:
 153              	.LBB4:
 154              		.loc 1 312 0
 155 004e 264A     		ldr	r2, .L26+20
 156 0050 264B     		ldr	r3, .L26+24
 157 0052 9A42     		cmp	r2, r3
 158 0054 0BD2     		bcs	.L12
 159 0056 D043     		mvn	r0, r2
 160 0058 C018     		add	r0, r0, r3
 161 005a 8008     		lsr	r0, r0, #2
 162 005c 0130     		add	r0, r0, #1
ARM GAS  /var/folders/qh/xwg3v3kj02qbxczjpdb8lzfr0000gn/T//ccH7Wflv.s 			page 4


 163 005e 2449     		ldr	r1, .L26+28
 164 0060 8000     		lsl	r0, r0, #2
 165 0062 0023     		mov	r3, #0
 166              	.LVL10:
 167              	.L16:
 168              		.loc 1 313 0
 169 0064 CC58     		ldr	r4, [r1, r3]
 170 0066 D450     		str	r4, [r2, r3]
 171 0068 0433     		add	r3, r3, #4
 172              	.LVL11:
 173              		.loc 1 312 0
 174 006a 8342     		cmp	r3, r0
 175 006c FAD1     		bne	.L16
 176              	.LVL12:
 177              	.L12:
 178              	.LBE4:
 179              	.LBB5:
 180              		.loc 1 319 0
 181 006e 214B     		ldr	r3, .L26+32
 182 0070 214A     		ldr	r2, .L26+36
 183 0072 9342     		cmp	r3, r2
 184 0074 09D2     		bcs	.L15
 185 0076 181D     		add	r0, r3, #4
 186 0078 D11C     		add	r1, r2, #3
 187 007a 091A     		sub	r1, r1, r0
 188 007c 8908     		lsr	r1, r1, #2
 189 007e 8900     		lsl	r1, r1, #2
 190 0080 4118     		add	r1, r0, r1
 191 0082 0022     		mov	r2, #0
 192              	.LVL13:
 193              	.L19:
 194              		.loc 1 319 0 is_stmt 0 discriminator 2
 195 0084 04C3     		stmia	r3!, {r2}
 196              	.LVL14:
 197 0086 8B42     		cmp	r3, r1
 198 0088 FCD1     		bne	.L19
 199              	.LVL15:
 200              	.L15:
 201              	.LBE5:
 202              		.loc 1 323 0 is_stmt 1
 203 008a FFF7FEFF 		bl	__late_init
 204              	.LVL16:
 205              	.LBB6:
 206              		.loc 1 329 0
 207 008e 1B4D     		ldr	r5, .L26+40
 208              	.LVL17:
 209 0090 1B4B     		ldr	r3, .L26+44
 210 0092 9D42     		cmp	r5, r3
 211 0094 0AD2     		bcs	.L18
 212 0096 EE43     		mvn	r6, r5
 213 0098 F618     		add	r6, r6, r3
 214 009a B608     		lsr	r6, r6, #2
 215 009c 0136     		add	r6, r6, #1
 216 009e 0024     		mov	r4, #0
 217              	.LVL18:
 218              	.L22:
 219 00a0 A300     		lsl	r3, r4, #2
ARM GAS  /var/folders/qh/xwg3v3kj02qbxczjpdb8lzfr0000gn/T//ccH7Wflv.s 			page 5


 220              		.loc 1 330 0
 221 00a2 EB58     		ldr	r3, [r5, r3]
 222 00a4 0134     		add	r4, r4, #1
 223              	.LVL19:
 224 00a6 9847     		blx	r3
 225              	.LVL20:
 226              		.loc 1 329 0
 227 00a8 B442     		cmp	r4, r6
 228 00aa F9D1     		bne	.L22
 229              	.L18:
 230              	.LBE6:
 231              		.loc 1 337 0
 232 00ac FFF7FEFF 		bl	main
 233              	.LVL21:
 234              	.LBB7:
 235              		.loc 1 343 0
 236 00b0 144D     		ldr	r5, .L26+48
 237 00b2 154B     		ldr	r3, .L26+52
 238 00b4 9D42     		cmp	r5, r3
 239 00b6 0AD2     		bcs	.L21
 240 00b8 EE43     		mvn	r6, r5
 241 00ba F618     		add	r6, r6, r3
 242 00bc B608     		lsr	r6, r6, #2
 243 00be 0136     		add	r6, r6, #1
 244 00c0 0024     		mov	r4, #0
 245              	.LVL22:
 246              	.L23:
 247 00c2 A300     		lsl	r3, r4, #2
 248              		.loc 1 344 0
 249 00c4 EB58     		ldr	r3, [r5, r3]
 250 00c6 0134     		add	r4, r4, #1
 251              	.LVL23:
 252 00c8 9847     		blx	r3
 253              	.LVL24:
 254              		.loc 1 343 0
 255 00ca B442     		cmp	r4, r6
 256 00cc F9D1     		bne	.L23
 257              	.L21:
 258              	.LBE7:
 259              		.loc 1 351 0
 260 00ce FFF7FEFF 		bl	_default_exit
 261              	.LVL25:
 262              		.loc 1 352 0
 263              	.L27:
 264 00d2 C046     		.align	2
 265              	.L26:
 266 00d4 00000000 		.word	__process_stack_end__
 267 00d8 00000000 		.word	__main_stack_base__
 268 00dc 00000000 		.word	__main_stack_end__
 269 00e0 55555555 		.word	1431655765
 270 00e4 00000000 		.word	__process_stack_base__
 271 00e8 00000000 		.word	_data
 272 00ec 00000000 		.word	_edata
 273 00f0 00000000 		.word	_textdata
 274 00f4 00000000 		.word	_bss_start
 275 00f8 00000000 		.word	_bss_end
 276 00fc 00000000 		.word	__init_array_start
ARM GAS  /var/folders/qh/xwg3v3kj02qbxczjpdb8lzfr0000gn/T//ccH7Wflv.s 			page 6


 277 0100 00000000 		.word	__init_array_end
 278 0104 00000000 		.word	__fini_array_start
 279 0108 00000000 		.word	__fini_array_end
 280              		.cfi_endproc
 281              	.LFE3:
 282              		.size	ResetHandler, .-ResetHandler
 283 010c C046C046 		.text
 284              	.Letext0:
 285              		.file 2 "/usr/local/Cellar/gcc-arm-none-eabi-48/20131218/arm-none-eabi/include/stdint.h"
 286              		.section	.debug_info,"",%progbits
 287              	.Ldebug_info0:
 288 0000 A8020000 		.4byte	0x2a8
 289 0004 0400     		.2byte	0x4
 290 0006 00000000 		.4byte	.Ldebug_abbrev0
 291 000a 04       		.byte	0x4
 292 000b 01       		.uleb128 0x1
 293 000c 4D000000 		.4byte	.LASF29
 294 0010 01       		.byte	0x1
 295 0011 80010000 		.4byte	.LASF30
 296 0015 12000000 		.4byte	.LASF31
 297 0019 00000000 		.4byte	.Ldebug_ranges0+0
 298 001d 00000000 		.4byte	0
 299 0021 00000000 		.4byte	.Ldebug_line0
 300 0025 02       		.uleb128 0x2
 301 0026 01       		.byte	0x1
 302 0027 06       		.byte	0x6
 303 0028 94020000 		.4byte	.LASF0
 304 002c 03       		.uleb128 0x3
 305 002d 29020000 		.4byte	.LASF5
 306 0031 02       		.byte	0x2
 307 0032 2A       		.byte	0x2a
 308 0033 37000000 		.4byte	0x37
 309 0037 02       		.uleb128 0x2
 310 0038 01       		.byte	0x1
 311 0039 08       		.byte	0x8
 312 003a 66010000 		.4byte	.LASF1
 313 003e 02       		.uleb128 0x2
 314 003f 02       		.byte	0x2
 315 0040 05       		.byte	0x5
 316 0041 6A020000 		.4byte	.LASF2
 317 0045 02       		.uleb128 0x2
 318 0046 02       		.byte	0x2
 319 0047 07       		.byte	0x7
 320 0048 AE010000 		.4byte	.LASF3
 321 004c 02       		.uleb128 0x2
 322 004d 04       		.byte	0x4
 323 004e 05       		.byte	0x5
 324 004f 85020000 		.4byte	.LASF4
 325 0053 03       		.uleb128 0x3
 326 0054 7C020000 		.4byte	.LASF6
 327 0058 02       		.byte	0x2
 328 0059 50       		.byte	0x50
 329 005a 5E000000 		.4byte	0x5e
 330 005e 02       		.uleb128 0x2
 331 005f 04       		.byte	0x4
 332 0060 07       		.byte	0x7
 333 0061 EE010000 		.4byte	.LASF7
ARM GAS  /var/folders/qh/xwg3v3kj02qbxczjpdb8lzfr0000gn/T//ccH7Wflv.s 			page 7


 334 0065 02       		.uleb128 0x2
 335 0066 08       		.byte	0x8
 336 0067 05       		.byte	0x5
 337 0068 48020000 		.4byte	.LASF8
 338 006c 02       		.uleb128 0x2
 339 006d 08       		.byte	0x8
 340 006e 07       		.byte	0x7
 341 006f 12020000 		.4byte	.LASF9
 342 0073 04       		.uleb128 0x4
 343 0074 04       		.byte	0x4
 344 0075 05       		.byte	0x5
 345 0076 696E7400 		.ascii	"int\000"
 346 007a 02       		.uleb128 0x2
 347 007b 04       		.byte	0x4
 348 007c 07       		.byte	0x7
 349 007d 05020000 		.4byte	.LASF10
 350 0081 03       		.uleb128 0x3
 351 0082 74020000 		.4byte	.LASF11
 352 0086 01       		.byte	0x1
 353 0087 2D       		.byte	0x2d
 354 0088 8C000000 		.4byte	0x8c
 355 008c 05       		.uleb128 0x5
 356 008d 04       		.byte	0x4
 357 008e 92000000 		.4byte	0x92
 358 0092 06       		.uleb128 0x6
 359 0093 03       		.uleb128 0x3
 360 0094 4F010000 		.4byte	.LASF12
 361 0098 01       		.byte	0x1
 362 0099 2E       		.byte	0x2e
 363 009a 9E000000 		.4byte	0x9e
 364 009e 05       		.uleb128 0x5
 365 009f 04       		.byte	0x4
 366 00a0 81000000 		.4byte	0x81
 367 00a4 07       		.uleb128 0x7
 368 00a5 3B020000 		.4byte	.LASF13
 369 00a9 01       		.byte	0x1
 370 00aa E3       		.byte	0xe3
 371 00ab 00000000 		.4byte	.LFB0
 372 00af 02000000 		.4byte	.LFE0-.LFB0
 373 00b3 01       		.uleb128 0x1
 374 00b4 9C       		.byte	0x9c
 375 00b5 07       		.uleb128 0x7
 376 00b6 74010000 		.4byte	.LASF14
 377 00ba 01       		.byte	0x1
 378 00bb EF       		.byte	0xef
 379 00bc 00000000 		.4byte	.LFB1
 380 00c0 02000000 		.4byte	.LFE1-.LFB1
 381 00c4 01       		.uleb128 0x1
 382 00c5 9C       		.byte	0x9c
 383 00c6 07       		.uleb128 0x7
 384 00c7 58010000 		.4byte	.LASF15
 385 00cb 01       		.byte	0x1
 386 00cc FA       		.byte	0xfa
 387 00cd 00000000 		.4byte	.LFB2
 388 00d1 02000000 		.4byte	.LFE2-.LFB2
 389 00d5 01       		.uleb128 0x1
 390 00d6 9C       		.byte	0x9c
ARM GAS  /var/folders/qh/xwg3v3kj02qbxczjpdb8lzfr0000gn/T//ccH7Wflv.s 			page 8


 391 00d7 08       		.uleb128 0x8
 392 00d8 A1010000 		.4byte	.LASF32
 393 00dc 01       		.byte	0x1
 394 00dd 0501     		.2byte	0x105
 395 00df 00000000 		.4byte	.LFB3
 396 00e3 0C010000 		.4byte	.LFE3-.LFB3
 397 00e7 01       		.uleb128 0x1
 398 00e8 9C       		.byte	0x9c
 399 00e9 0F020000 		.4byte	0x20f
 400 00ed 09       		.uleb128 0x9
 401 00ee 70737000 		.ascii	"psp\000"
 402 00f2 01       		.byte	0x1
 403 00f3 0601     		.2byte	0x106
 404 00f5 53000000 		.4byte	0x53
 405 00f9 00000000 		.4byte	.LLST0
 406 00fd 0A       		.uleb128 0xa
 407 00fe 72656700 		.ascii	"reg\000"
 408 0102 01       		.byte	0x1
 409 0103 0601     		.2byte	0x106
 410 0105 53000000 		.4byte	0x53
 411 0109 02       		.byte	0x2
 412 010a 0B       		.uleb128 0xb
 413 010b 14000000 		.4byte	.LBB2
 414 010f 1C000000 		.4byte	.LBE2-.LBB2
 415 0113 32010000 		.4byte	0x132
 416 0117 09       		.uleb128 0x9
 417 0118 703100   		.ascii	"p1\000"
 418 011b 01       		.byte	0x1
 419 011c 2601     		.2byte	0x126
 420 011e 0F020000 		.4byte	0x20f
 421 0122 1E000000 		.4byte	.LLST1
 422 0126 0C       		.uleb128 0xc
 423 0127 703200   		.ascii	"p2\000"
 424 012a 01       		.byte	0x1
 425 012b 2601     		.2byte	0x126
 426 012d 0F020000 		.4byte	0x20f
 427 0131 00       		.byte	0
 428 0132 0B       		.uleb128 0xb
 429 0133 30000000 		.4byte	.LBB3
 430 0137 1A000000 		.4byte	.LBE3-.LBB3
 431 013b 5A010000 		.4byte	0x15a
 432 013f 09       		.uleb128 0x9
 433 0140 703100   		.ascii	"p1\000"
 434 0143 01       		.byte	0x1
 435 0144 2901     		.2byte	0x129
 436 0146 0F020000 		.4byte	0x20f
 437 014a 3E000000 		.4byte	.LLST2
 438 014e 0C       		.uleb128 0xc
 439 014f 703200   		.ascii	"p2\000"
 440 0152 01       		.byte	0x1
 441 0153 2901     		.2byte	0x129
 442 0155 0F020000 		.4byte	0x20f
 443 0159 00       		.byte	0
 444 015a 0B       		.uleb128 0xb
 445 015b 4E000000 		.4byte	.LBB4
 446 015f 20000000 		.4byte	.LBE4-.LBB4
 447 0163 86010000 		.4byte	0x186
ARM GAS  /var/folders/qh/xwg3v3kj02qbxczjpdb8lzfr0000gn/T//ccH7Wflv.s 			page 9


 448 0167 09       		.uleb128 0x9
 449 0168 747000   		.ascii	"tp\000"
 450 016b 01       		.byte	0x1
 451 016c 3401     		.2byte	0x134
 452 016e 0F020000 		.4byte	0x20f
 453 0172 5E000000 		.4byte	.LLST3
 454 0176 09       		.uleb128 0x9
 455 0177 647000   		.ascii	"dp\000"
 456 017a 01       		.byte	0x1
 457 017b 3401     		.2byte	0x134
 458 017d 0F020000 		.4byte	0x20f
 459 0181 5E000000 		.4byte	.LLST3
 460 0185 00       		.byte	0
 461 0186 0B       		.uleb128 0xb
 462 0187 6E000000 		.4byte	.LBB5
 463 018b 1C000000 		.4byte	.LBE5-.LBB5
 464 018f AE010000 		.4byte	0x1ae
 465 0193 09       		.uleb128 0x9
 466 0194 703100   		.ascii	"p1\000"
 467 0197 01       		.byte	0x1
 468 0198 3F01     		.2byte	0x13f
 469 019a 0F020000 		.4byte	0x20f
 470 019e 80000000 		.4byte	.LLST5
 471 01a2 0C       		.uleb128 0xc
 472 01a3 703200   		.ascii	"p2\000"
 473 01a6 01       		.byte	0x1
 474 01a7 3F01     		.2byte	0x13f
 475 01a9 0F020000 		.4byte	0x20f
 476 01ad 00       		.byte	0
 477 01ae 0B       		.uleb128 0xb
 478 01af 8E000000 		.4byte	.LBB6
 479 01b3 1E000000 		.4byte	.LBE6-.LBB6
 480 01b7 CC010000 		.4byte	0x1cc
 481 01bb 09       		.uleb128 0x9
 482 01bc 66707000 		.ascii	"fpp\000"
 483 01c0 01       		.byte	0x1
 484 01c1 4801     		.2byte	0x148
 485 01c3 93000000 		.4byte	0x93
 486 01c7 A0000000 		.4byte	.LLST6
 487 01cb 00       		.byte	0
 488 01cc 0B       		.uleb128 0xb
 489 01cd B0000000 		.4byte	.LBB7
 490 01d1 1E000000 		.4byte	.LBE7-.LBB7
 491 01d5 EA010000 		.4byte	0x1ea
 492 01d9 09       		.uleb128 0x9
 493 01da 66707000 		.ascii	"fpp\000"
 494 01de 01       		.byte	0x1
 495 01df 5601     		.2byte	0x156
 496 01e1 93000000 		.4byte	0x93
 497 01e5 C6000000 		.4byte	.LLST7
 498 01e9 00       		.byte	0
 499 01ea 0D       		.uleb128 0xd
 500 01eb 4E000000 		.4byte	.LVL9
 501 01ef A4000000 		.4byte	0xa4
 502 01f3 0D       		.uleb128 0xd
 503 01f4 8E000000 		.4byte	.LVL16
 504 01f8 B5000000 		.4byte	0xb5
ARM GAS  /var/folders/qh/xwg3v3kj02qbxczjpdb8lzfr0000gn/T//ccH7Wflv.s 			page 10


 505 01fc 0D       		.uleb128 0xd
 506 01fd B0000000 		.4byte	.LVL21
 507 0201 A4020000 		.4byte	0x2a4
 508 0205 0D       		.uleb128 0xd
 509 0206 D2000000 		.4byte	.LVL25
 510 020a C6000000 		.4byte	0xc6
 511 020e 00       		.byte	0
 512 020f 05       		.uleb128 0x5
 513 0210 04       		.byte	0x4
 514 0211 53000000 		.4byte	0x53
 515 0215 0E       		.uleb128 0xe
 516 0216 56020000 		.4byte	.LASF16
 517 021a 01       		.byte	0x1
 518 021b 84       		.byte	0x84
 519 021c 53000000 		.4byte	0x53
 520 0220 0E       		.uleb128 0xe
 521 0221 C9020000 		.4byte	.LASF17
 522 0225 01       		.byte	0x1
 523 0226 8C       		.byte	0x8c
 524 0227 53000000 		.4byte	0x53
 525 022b 0E       		.uleb128 0xe
 526 022c 38010000 		.4byte	.LASF18
 527 0230 01       		.byte	0x1
 528 0231 93       		.byte	0x93
 529 0232 53000000 		.4byte	0x53
 530 0236 0E       		.uleb128 0xe
 531 0237 A0020000 		.4byte	.LASF19
 532 023b 01       		.byte	0x1
 533 023c 9A       		.byte	0x9a
 534 023d 53000000 		.4byte	0x53
 535 0241 0E       		.uleb128 0xe
 536 0242 31020000 		.4byte	.LASF20
 537 0246 01       		.byte	0x1
 538 0247 A0       		.byte	0xa0
 539 0248 53000000 		.4byte	0x53
 540 024c 0E       		.uleb128 0xe
 541 024d 8E020000 		.4byte	.LASF21
 542 0251 01       		.byte	0x1
 543 0252 A6       		.byte	0xa6
 544 0253 53000000 		.4byte	0x53
 545 0257 0E       		.uleb128 0xe
 546 0258 0B000000 		.4byte	.LASF22
 547 025c 01       		.byte	0x1
 548 025d AC       		.byte	0xac
 549 025e 53000000 		.4byte	0x53
 550 0262 0E       		.uleb128 0xe
 551 0263 00000000 		.4byte	.LASF23
 552 0267 01       		.byte	0x1
 553 0268 B2       		.byte	0xb2
 554 0269 53000000 		.4byte	0x53
 555 026d 0E       		.uleb128 0xe
 556 026e D4010000 		.4byte	.LASF24
 557 0272 01       		.byte	0x1
 558 0273 B8       		.byte	0xb8
 559 0274 53000000 		.4byte	0x53
 560 0278 0E       		.uleb128 0xe
 561 0279 B6020000 		.4byte	.LASF25
ARM GAS  /var/folders/qh/xwg3v3kj02qbxczjpdb8lzfr0000gn/T//ccH7Wflv.s 			page 11


 562 027d 01       		.byte	0x1
 563 027e BE       		.byte	0xbe
 564 027f 81000000 		.4byte	0x81
 565 0283 0E       		.uleb128 0xe
 566 0284 DD010000 		.4byte	.LASF26
 567 0288 01       		.byte	0x1
 568 0289 C4       		.byte	0xc4
 569 028a 81000000 		.4byte	0x81
 570 028e 0E       		.uleb128 0xe
 571 028f C1010000 		.4byte	.LASF27
 572 0293 01       		.byte	0x1
 573 0294 CA       		.byte	0xca
 574 0295 81000000 		.4byte	0x81
 575 0299 0E       		.uleb128 0xe
 576 029a 27010000 		.4byte	.LASF28
 577 029e 01       		.byte	0x1
 578 029f D0       		.byte	0xd0
 579 02a0 81000000 		.4byte	0x81
 580 02a4 0F       		.uleb128 0xf
 581 02a5 00020000 		.4byte	.LASF33
 582 02a9 01       		.byte	0x1
 583 02aa D7       		.byte	0xd7
 584 02ab 00       		.byte	0
 585              		.section	.debug_abbrev,"",%progbits
 586              	.Ldebug_abbrev0:
 587 0000 01       		.uleb128 0x1
 588 0001 11       		.uleb128 0x11
 589 0002 01       		.byte	0x1
 590 0003 25       		.uleb128 0x25
 591 0004 0E       		.uleb128 0xe
 592 0005 13       		.uleb128 0x13
 593 0006 0B       		.uleb128 0xb
 594 0007 03       		.uleb128 0x3
 595 0008 0E       		.uleb128 0xe
 596 0009 1B       		.uleb128 0x1b
 597 000a 0E       		.uleb128 0xe
 598 000b 55       		.uleb128 0x55
 599 000c 17       		.uleb128 0x17
 600 000d 11       		.uleb128 0x11
 601 000e 01       		.uleb128 0x1
 602 000f 10       		.uleb128 0x10
 603 0010 17       		.uleb128 0x17
 604 0011 00       		.byte	0
 605 0012 00       		.byte	0
 606 0013 02       		.uleb128 0x2
 607 0014 24       		.uleb128 0x24
 608 0015 00       		.byte	0
 609 0016 0B       		.uleb128 0xb
 610 0017 0B       		.uleb128 0xb
 611 0018 3E       		.uleb128 0x3e
 612 0019 0B       		.uleb128 0xb
 613 001a 03       		.uleb128 0x3
 614 001b 0E       		.uleb128 0xe
 615 001c 00       		.byte	0
 616 001d 00       		.byte	0
 617 001e 03       		.uleb128 0x3
 618 001f 16       		.uleb128 0x16
ARM GAS  /var/folders/qh/xwg3v3kj02qbxczjpdb8lzfr0000gn/T//ccH7Wflv.s 			page 12


 619 0020 00       		.byte	0
 620 0021 03       		.uleb128 0x3
 621 0022 0E       		.uleb128 0xe
 622 0023 3A       		.uleb128 0x3a
 623 0024 0B       		.uleb128 0xb
 624 0025 3B       		.uleb128 0x3b
 625 0026 0B       		.uleb128 0xb
 626 0027 49       		.uleb128 0x49
 627 0028 13       		.uleb128 0x13
 628 0029 00       		.byte	0
 629 002a 00       		.byte	0
 630 002b 04       		.uleb128 0x4
 631 002c 24       		.uleb128 0x24
 632 002d 00       		.byte	0
 633 002e 0B       		.uleb128 0xb
 634 002f 0B       		.uleb128 0xb
 635 0030 3E       		.uleb128 0x3e
 636 0031 0B       		.uleb128 0xb
 637 0032 03       		.uleb128 0x3
 638 0033 08       		.uleb128 0x8
 639 0034 00       		.byte	0
 640 0035 00       		.byte	0
 641 0036 05       		.uleb128 0x5
 642 0037 0F       		.uleb128 0xf
 643 0038 00       		.byte	0
 644 0039 0B       		.uleb128 0xb
 645 003a 0B       		.uleb128 0xb
 646 003b 49       		.uleb128 0x49
 647 003c 13       		.uleb128 0x13
 648 003d 00       		.byte	0
 649 003e 00       		.byte	0
 650 003f 06       		.uleb128 0x6
 651 0040 15       		.uleb128 0x15
 652 0041 00       		.byte	0
 653 0042 27       		.uleb128 0x27
 654 0043 19       		.uleb128 0x19
 655 0044 00       		.byte	0
 656 0045 00       		.byte	0
 657 0046 07       		.uleb128 0x7
 658 0047 2E       		.uleb128 0x2e
 659 0048 00       		.byte	0
 660 0049 3F       		.uleb128 0x3f
 661 004a 19       		.uleb128 0x19
 662 004b 03       		.uleb128 0x3
 663 004c 0E       		.uleb128 0xe
 664 004d 3A       		.uleb128 0x3a
 665 004e 0B       		.uleb128 0xb
 666 004f 3B       		.uleb128 0x3b
 667 0050 0B       		.uleb128 0xb
 668 0051 27       		.uleb128 0x27
 669 0052 19       		.uleb128 0x19
 670 0053 11       		.uleb128 0x11
 671 0054 01       		.uleb128 0x1
 672 0055 12       		.uleb128 0x12
 673 0056 06       		.uleb128 0x6
 674 0057 40       		.uleb128 0x40
 675 0058 18       		.uleb128 0x18
ARM GAS  /var/folders/qh/xwg3v3kj02qbxczjpdb8lzfr0000gn/T//ccH7Wflv.s 			page 13


 676 0059 9742     		.uleb128 0x2117
 677 005b 19       		.uleb128 0x19
 678 005c 00       		.byte	0
 679 005d 00       		.byte	0
 680 005e 08       		.uleb128 0x8
 681 005f 2E       		.uleb128 0x2e
 682 0060 01       		.byte	0x1
 683 0061 3F       		.uleb128 0x3f
 684 0062 19       		.uleb128 0x19
 685 0063 03       		.uleb128 0x3
 686 0064 0E       		.uleb128 0xe
 687 0065 3A       		.uleb128 0x3a
 688 0066 0B       		.uleb128 0xb
 689 0067 3B       		.uleb128 0x3b
 690 0068 05       		.uleb128 0x5
 691 0069 27       		.uleb128 0x27
 692 006a 19       		.uleb128 0x19
 693 006b 11       		.uleb128 0x11
 694 006c 01       		.uleb128 0x1
 695 006d 12       		.uleb128 0x12
 696 006e 06       		.uleb128 0x6
 697 006f 40       		.uleb128 0x40
 698 0070 18       		.uleb128 0x18
 699 0071 9642     		.uleb128 0x2116
 700 0073 19       		.uleb128 0x19
 701 0074 01       		.uleb128 0x1
 702 0075 13       		.uleb128 0x13
 703 0076 00       		.byte	0
 704 0077 00       		.byte	0
 705 0078 09       		.uleb128 0x9
 706 0079 34       		.uleb128 0x34
 707 007a 00       		.byte	0
 708 007b 03       		.uleb128 0x3
 709 007c 08       		.uleb128 0x8
 710 007d 3A       		.uleb128 0x3a
 711 007e 0B       		.uleb128 0xb
 712 007f 3B       		.uleb128 0x3b
 713 0080 05       		.uleb128 0x5
 714 0081 49       		.uleb128 0x49
 715 0082 13       		.uleb128 0x13
 716 0083 02       		.uleb128 0x2
 717 0084 17       		.uleb128 0x17
 718 0085 00       		.byte	0
 719 0086 00       		.byte	0
 720 0087 0A       		.uleb128 0xa
 721 0088 34       		.uleb128 0x34
 722 0089 00       		.byte	0
 723 008a 03       		.uleb128 0x3
 724 008b 08       		.uleb128 0x8
 725 008c 3A       		.uleb128 0x3a
 726 008d 0B       		.uleb128 0xb
 727 008e 3B       		.uleb128 0x3b
 728 008f 05       		.uleb128 0x5
 729 0090 49       		.uleb128 0x49
 730 0091 13       		.uleb128 0x13
 731 0092 1C       		.uleb128 0x1c
 732 0093 0B       		.uleb128 0xb
ARM GAS  /var/folders/qh/xwg3v3kj02qbxczjpdb8lzfr0000gn/T//ccH7Wflv.s 			page 14


 733 0094 00       		.byte	0
 734 0095 00       		.byte	0
 735 0096 0B       		.uleb128 0xb
 736 0097 0B       		.uleb128 0xb
 737 0098 01       		.byte	0x1
 738 0099 11       		.uleb128 0x11
 739 009a 01       		.uleb128 0x1
 740 009b 12       		.uleb128 0x12
 741 009c 06       		.uleb128 0x6
 742 009d 01       		.uleb128 0x1
 743 009e 13       		.uleb128 0x13
 744 009f 00       		.byte	0
 745 00a0 00       		.byte	0
 746 00a1 0C       		.uleb128 0xc
 747 00a2 34       		.uleb128 0x34
 748 00a3 00       		.byte	0
 749 00a4 03       		.uleb128 0x3
 750 00a5 08       		.uleb128 0x8
 751 00a6 3A       		.uleb128 0x3a
 752 00a7 0B       		.uleb128 0xb
 753 00a8 3B       		.uleb128 0x3b
 754 00a9 05       		.uleb128 0x5
 755 00aa 49       		.uleb128 0x49
 756 00ab 13       		.uleb128 0x13
 757 00ac 00       		.byte	0
 758 00ad 00       		.byte	0
 759 00ae 0D       		.uleb128 0xd
 760 00af 898201   		.uleb128 0x4109
 761 00b2 00       		.byte	0
 762 00b3 11       		.uleb128 0x11
 763 00b4 01       		.uleb128 0x1
 764 00b5 31       		.uleb128 0x31
 765 00b6 13       		.uleb128 0x13
 766 00b7 00       		.byte	0
 767 00b8 00       		.byte	0
 768 00b9 0E       		.uleb128 0xe
 769 00ba 34       		.uleb128 0x34
 770 00bb 00       		.byte	0
 771 00bc 03       		.uleb128 0x3
 772 00bd 0E       		.uleb128 0xe
 773 00be 3A       		.uleb128 0x3a
 774 00bf 0B       		.uleb128 0xb
 775 00c0 3B       		.uleb128 0x3b
 776 00c1 0B       		.uleb128 0xb
 777 00c2 49       		.uleb128 0x49
 778 00c3 13       		.uleb128 0x13
 779 00c4 3F       		.uleb128 0x3f
 780 00c5 19       		.uleb128 0x19
 781 00c6 3C       		.uleb128 0x3c
 782 00c7 19       		.uleb128 0x19
 783 00c8 00       		.byte	0
 784 00c9 00       		.byte	0
 785 00ca 0F       		.uleb128 0xf
 786 00cb 2E       		.uleb128 0x2e
 787 00cc 00       		.byte	0
 788 00cd 3F       		.uleb128 0x3f
 789 00ce 19       		.uleb128 0x19
ARM GAS  /var/folders/qh/xwg3v3kj02qbxczjpdb8lzfr0000gn/T//ccH7Wflv.s 			page 15


 790 00cf 03       		.uleb128 0x3
 791 00d0 0E       		.uleb128 0xe
 792 00d1 3A       		.uleb128 0x3a
 793 00d2 0B       		.uleb128 0xb
 794 00d3 3B       		.uleb128 0x3b
 795 00d4 0B       		.uleb128 0xb
 796 00d5 27       		.uleb128 0x27
 797 00d6 19       		.uleb128 0x19
 798 00d7 3C       		.uleb128 0x3c
 799 00d8 19       		.uleb128 0x19
 800 00d9 00       		.byte	0
 801 00da 00       		.byte	0
 802 00db 00       		.byte	0
 803              		.section	.debug_loc,"",%progbits
 804              	.Ldebug_loc0:
 805              	.LLST0:
 806 0000 06000000 		.4byte	.LVL0
 807 0004 4D000000 		.4byte	.LVL9-1
 808 0008 0100     		.2byte	0x1
 809 000a 50       		.byte	0x50
 810 000b 4D000000 		.4byte	.LVL9-1
 811 000f 90000000 		.4byte	.LVL17
 812 0013 0100     		.2byte	0x1
 813 0015 55       		.byte	0x55
 814 0016 00000000 		.4byte	0
 815 001a 00000000 		.4byte	0
 816              	.LLST1:
 817 001e 2A000000 		.4byte	.LVL3
 818 0022 2C000000 		.4byte	.LVL4
 819 0026 0300     		.2byte	0x3
 820 0028 73       		.byte	0x73
 821 0029 04       		.sleb128 4
 822 002a 9F       		.byte	0x9f
 823 002b 2C000000 		.4byte	.LVL4
 824 002f 30000000 		.4byte	.LVL5
 825 0033 0100     		.2byte	0x1
 826 0035 53       		.byte	0x53
 827 0036 00000000 		.4byte	0
 828 003a 00000000 		.4byte	0
 829              	.LLST2:
 830 003e 44000000 		.4byte	.LVL6
 831 0042 46000000 		.4byte	.LVL7
 832 0046 0300     		.2byte	0x3
 833 0048 73       		.byte	0x73
 834 0049 04       		.sleb128 4
 835 004a 9F       		.byte	0x9f
 836 004b 46000000 		.4byte	.LVL7
 837 004f 4A000000 		.4byte	.LVL8
 838 0053 0100     		.2byte	0x1
 839 0055 53       		.byte	0x53
 840 0056 00000000 		.4byte	0
 841 005a 00000000 		.4byte	0
 842              	.LLST3:
 843 005e 64000000 		.4byte	.LVL10
 844 0062 6A000000 		.4byte	.LVL11
 845 0066 0300     		.2byte	0x3
 846 0068 73       		.byte	0x73
ARM GAS  /var/folders/qh/xwg3v3kj02qbxczjpdb8lzfr0000gn/T//ccH7Wflv.s 			page 16


 847 0069 00       		.sleb128 0
 848 006a 9F       		.byte	0x9f
 849 006b 6A000000 		.4byte	.LVL11
 850 006f 6E000000 		.4byte	.LVL12
 851 0073 0300     		.2byte	0x3
 852 0075 73       		.byte	0x73
 853 0076 00       		.sleb128 0
 854 0077 9F       		.byte	0x9f
 855 0078 00000000 		.4byte	0
 856 007c 00000000 		.4byte	0
 857              	.LLST5:
 858 0080 84000000 		.4byte	.LVL13
 859 0084 86000000 		.4byte	.LVL14
 860 0088 0300     		.2byte	0x3
 861 008a 73       		.byte	0x73
 862 008b 04       		.sleb128 4
 863 008c 9F       		.byte	0x9f
 864 008d 86000000 		.4byte	.LVL14
 865 0091 8A000000 		.4byte	.LVL15
 866 0095 0100     		.2byte	0x1
 867 0097 53       		.byte	0x53
 868 0098 00000000 		.4byte	0
 869 009c 00000000 		.4byte	0
 870              	.LLST6:
 871 00a0 A0000000 		.4byte	.LVL18
 872 00a4 A6000000 		.4byte	.LVL19
 873 00a8 0500     		.2byte	0x5
 874 00aa 74       		.byte	0x74
 875 00ab 00       		.sleb128 0
 876 00ac 32       		.byte	0x32
 877 00ad 24       		.byte	0x24
 878 00ae 9F       		.byte	0x9f
 879 00af A6000000 		.4byte	.LVL19
 880 00b3 A8000000 		.4byte	.LVL20
 881 00b7 0500     		.2byte	0x5
 882 00b9 74       		.byte	0x74
 883 00ba 7F       		.sleb128 -1
 884 00bb 32       		.byte	0x32
 885 00bc 24       		.byte	0x24
 886 00bd 9F       		.byte	0x9f
 887 00be 00000000 		.4byte	0
 888 00c2 00000000 		.4byte	0
 889              	.LLST7:
 890 00c6 C2000000 		.4byte	.LVL22
 891 00ca C8000000 		.4byte	.LVL23
 892 00ce 0500     		.2byte	0x5
 893 00d0 74       		.byte	0x74
 894 00d1 00       		.sleb128 0
 895 00d2 32       		.byte	0x32
 896 00d3 24       		.byte	0x24
 897 00d4 9F       		.byte	0x9f
 898 00d5 C8000000 		.4byte	.LVL23
 899 00d9 CA000000 		.4byte	.LVL24
 900 00dd 0500     		.2byte	0x5
 901 00df 74       		.byte	0x74
 902 00e0 7F       		.sleb128 -1
 903 00e1 32       		.byte	0x32
ARM GAS  /var/folders/qh/xwg3v3kj02qbxczjpdb8lzfr0000gn/T//ccH7Wflv.s 			page 17


 904 00e2 24       		.byte	0x24
 905 00e3 9F       		.byte	0x9f
 906 00e4 00000000 		.4byte	0
 907 00e8 00000000 		.4byte	0
 908              		.section	.debug_aranges,"",%progbits
 909 0000 34000000 		.4byte	0x34
 910 0004 0200     		.2byte	0x2
 911 0006 00000000 		.4byte	.Ldebug_info0
 912 000a 04       		.byte	0x4
 913 000b 00       		.byte	0
 914 000c 0000     		.2byte	0
 915 000e 0000     		.2byte	0
 916 0010 00000000 		.4byte	.LFB0
 917 0014 02000000 		.4byte	.LFE0-.LFB0
 918 0018 00000000 		.4byte	.LFB1
 919 001c 02000000 		.4byte	.LFE1-.LFB1
 920 0020 00000000 		.4byte	.LFB2
 921 0024 02000000 		.4byte	.LFE2-.LFB2
 922 0028 00000000 		.4byte	.LFB3
 923 002c 0C010000 		.4byte	.LFE3-.LFB3
 924 0030 00000000 		.4byte	0
 925 0034 00000000 		.4byte	0
 926              		.section	.debug_ranges,"",%progbits
 927              	.Ldebug_ranges0:
 928 0000 00000000 		.4byte	.LFB0
 929 0004 02000000 		.4byte	.LFE0
 930 0008 00000000 		.4byte	.LFB1
 931 000c 02000000 		.4byte	.LFE1
 932 0010 00000000 		.4byte	.LFB2
 933 0014 02000000 		.4byte	.LFE2
 934 0018 00000000 		.4byte	.LFB3
 935 001c 0C010000 		.4byte	.LFE3
 936 0020 00000000 		.4byte	0
 937 0024 00000000 		.4byte	0
 938              		.section	.debug_line,"",%progbits
 939              	.Ldebug_line0:
 940 0000 FF000000 		.section	.debug_str,"MS",%progbits,1
 940      02008900 
 940      00000201 
 940      FB0E0D00 
 940      01010101 
 941              	.LASF23:
 942 0000 5F627373 		.ascii	"_bss_start\000"
 942      5F737461 
 942      727400
 943              	.LASF22:
 944 000b 5F656461 		.ascii	"_edata\000"
 944      746100
 945              	.LASF31:
 946 0012 2F557365 		.ascii	"/Users/John/Development/embedded/ChibiOS-RT/BluC/ST"
 946      72732F4A 
 946      6F686E2F 
 946      44657665 
 946      6C6F706D 
 947 0045 4D333246 		.ascii	"M32F051\000"
 947      30353100 
 948              	.LASF29:
ARM GAS  /var/folders/qh/xwg3v3kj02qbxczjpdb8lzfr0000gn/T//ccH7Wflv.s 			page 18


 949 004d 474E5520 		.ascii	"GNU C 4.8.3 20131129 (release) [ARM/embedded-4_8-br"
 949      4320342E 
 949      382E3320 
 949      32303133 
 949      31313239 
 950 0080 616E6368 		.ascii	"anch revision 205641] -mcpu=cortex-m0 -mno-thumb-in"
 950      20726576 
 950      6973696F 
 950      6E203230 
 950      35363431 
 951 00b3 74657277 		.ascii	"terwork -mthumb -ggdb -O2 -fomit-frame-pointer -fal"
 951      6F726B20 
 951      2D6D7468 
 951      756D6220 
 951      2D676764 
 952 00e6 69676E2D 		.ascii	"ign-functions=16 -ffunction-sections -fdata-section"
 952      66756E63 
 952      74696F6E 
 952      733D3136 
 952      202D6666 
 953 0119 73202D66 		.ascii	"s -fno-common\000"
 953      6E6F2D63 
 953      6F6D6D6F 
 953      6E00
 954              	.LASF28:
 955 0127 5F5F6669 		.ascii	"__fini_array_end\000"
 955      6E695F61 
 955      72726179 
 955      5F656E64 
 955      00
 956              	.LASF18:
 957 0138 5F5F7072 		.ascii	"__process_stack_base__\000"
 957      6F636573 
 957      735F7374 
 957      61636B5F 
 957      62617365 
 958              	.LASF12:
 959 014f 66756E63 		.ascii	"funcpp_t\000"
 959      70705F74 
 959      00
 960              	.LASF15:
 961 0158 5F646566 		.ascii	"_default_exit\000"
 961      61756C74 
 961      5F657869 
 961      7400
 962              	.LASF1:
 963 0166 756E7369 		.ascii	"unsigned char\000"
 963      676E6564 
 963      20636861 
 963      7200
 964              	.LASF14:
 965 0174 5F5F6C61 		.ascii	"__late_init\000"
 965      74655F69 
 965      6E697400 
 966              	.LASF30:
 967 0180 2E2E2F2E 		.ascii	"../../os/ports/GCC/ARMCMx/crt0.c\000"
 967      2E2F6F73 
ARM GAS  /var/folders/qh/xwg3v3kj02qbxczjpdb8lzfr0000gn/T//ccH7Wflv.s 			page 19


 967      2F706F72 
 967      74732F47 
 967      43432F41 
 968              	.LASF32:
 969 01a1 52657365 		.ascii	"ResetHandler\000"
 969      7448616E 
 969      646C6572 
 969      00
 970              	.LASF3:
 971 01ae 73686F72 		.ascii	"short unsigned int\000"
 971      7420756E 
 971      7369676E 
 971      65642069 
 971      6E7400
 972              	.LASF27:
 973 01c1 5F5F6669 		.ascii	"__fini_array_start\000"
 973      6E695F61 
 973      72726179 
 973      5F737461 
 973      727400
 974              	.LASF24:
 975 01d4 5F627373 		.ascii	"_bss_end\000"
 975      5F656E64 
 975      00
 976              	.LASF26:
 977 01dd 5F5F696E 		.ascii	"__init_array_end\000"
 977      69745F61 
 977      72726179 
 977      5F656E64 
 977      00
 978              	.LASF7:
 979 01ee 6C6F6E67 		.ascii	"long unsigned int\000"
 979      20756E73 
 979      69676E65 
 979      6420696E 
 979      7400
 980              	.LASF33:
 981 0200 6D61696E 		.ascii	"main\000"
 981      00
 982              	.LASF10:
 983 0205 756E7369 		.ascii	"unsigned int\000"
 983      676E6564 
 983      20696E74 
 983      00
 984              	.LASF9:
 985 0212 6C6F6E67 		.ascii	"long long unsigned int\000"
 985      206C6F6E 
 985      6720756E 
 985      7369676E 
 985      65642069 
 986              	.LASF5:
 987 0229 75696E74 		.ascii	"uint8_t\000"
 987      385F7400 
 988              	.LASF20:
 989 0231 5F746578 		.ascii	"_textdata\000"
 989      74646174 
 989      6100
ARM GAS  /var/folders/qh/xwg3v3kj02qbxczjpdb8lzfr0000gn/T//ccH7Wflv.s 			page 20


 990              	.LASF13:
 991 023b 5F5F6561 		.ascii	"__early_init\000"
 991      726C795F 
 991      696E6974 
 991      00
 992              	.LASF8:
 993 0248 6C6F6E67 		.ascii	"long long int\000"
 993      206C6F6E 
 993      6720696E 
 993      7400
 994              	.LASF16:
 995 0256 5F5F6D61 		.ascii	"__main_stack_base__\000"
 995      696E5F73 
 995      7461636B 
 995      5F626173 
 995      655F5F00 
 996              	.LASF2:
 997 026a 73686F72 		.ascii	"short int\000"
 997      7420696E 
 997      7400
 998              	.LASF11:
 999 0274 66756E63 		.ascii	"funcp_t\000"
 999      705F7400 
 1000              	.LASF6:
 1001 027c 75696E74 		.ascii	"uint32_t\000"
 1001      33325F74 
 1001      00
 1002              	.LASF4:
 1003 0285 6C6F6E67 		.ascii	"long int\000"
 1003      20696E74 
 1003      00
 1004              	.LASF21:
 1005 028e 5F646174 		.ascii	"_data\000"
 1005      6100
 1006              	.LASF0:
 1007 0294 7369676E 		.ascii	"signed char\000"
 1007      65642063 
 1007      68617200 
 1008              	.LASF19:
 1009 02a0 5F5F7072 		.ascii	"__process_stack_end__\000"
 1009      6F636573 
 1009      735F7374 
 1009      61636B5F 
 1009      656E645F 
 1010              	.LASF25:
 1011 02b6 5F5F696E 		.ascii	"__init_array_start\000"
 1011      69745F61 
 1011      72726179 
 1011      5F737461 
 1011      727400
 1012              	.LASF17:
 1013 02c9 5F5F6D61 		.ascii	"__main_stack_end__\000"
 1013      696E5F73 
 1013      7461636B 
 1013      5F656E64 
 1013      5F5F00
 1014              		.ident	"GCC: (GNU Tools for ARM Embedded Processors) 4.8.3 20131129 (release) [ARM/embedded-4_8-br
ARM GAS  /var/folders/qh/xwg3v3kj02qbxczjpdb8lzfr0000gn/T//ccH7Wflv.s 			page 21


ARM GAS  /var/folders/qh/xwg3v3kj02qbxczjpdb8lzfr0000gn/T//ccH7Wflv.s 			page 22


DEFINED SYMBOLS
                            *ABS*:0000000000000000 crt0.c
/var/folders/qh/xwg3v3kj02qbxczjpdb8lzfr0000gn/T//ccH7Wflv.s:18     .text.__early_init:0000000000000000 $t
/var/folders/qh/xwg3v3kj02qbxczjpdb8lzfr0000gn/T//ccH7Wflv.s:24     .text.__early_init:0000000000000000 __early_init
/var/folders/qh/xwg3v3kj02qbxczjpdb8lzfr0000gn/T//ccH7Wflv.s:36     .text.__late_init:0000000000000000 $t
/var/folders/qh/xwg3v3kj02qbxczjpdb8lzfr0000gn/T//ccH7Wflv.s:42     .text.__late_init:0000000000000000 __late_init
/var/folders/qh/xwg3v3kj02qbxczjpdb8lzfr0000gn/T//ccH7Wflv.s:53     .text._default_exit:0000000000000000 $t
/var/folders/qh/xwg3v3kj02qbxczjpdb8lzfr0000gn/T//ccH7Wflv.s:59     .text._default_exit:0000000000000000 _default_exit
/var/folders/qh/xwg3v3kj02qbxczjpdb8lzfr0000gn/T//ccH7Wflv.s:69     .text.ResetHandler:0000000000000000 $t
/var/folders/qh/xwg3v3kj02qbxczjpdb8lzfr0000gn/T//ccH7Wflv.s:75     .text.ResetHandler:0000000000000000 ResetHandler
/var/folders/qh/xwg3v3kj02qbxczjpdb8lzfr0000gn/T//ccH7Wflv.s:266    .text.ResetHandler:00000000000000d4 $d
                     .debug_frame:0000000000000010 $d
/var/folders/qh/xwg3v3kj02qbxczjpdb8lzfr0000gn/T//ccH7Wflv.s:283    .text.ResetHandler:000000000000010c $t

UNDEFINED SYMBOLS
main
__process_stack_end__
__main_stack_base__
__main_stack_end__
__process_stack_base__
_data
_edata
_textdata
_bss_start
_bss_end
__init_array_start
__init_array_end
__fini_array_start
__fini_array_end
