ARM GAS  /var/folders/qh/xwg3v3kj02qbxczjpdb8lzfr0000gn/T//ccIzXn6j.s 			page 1


   1              		.cpu cortex-m0
   2              		.fpu softvfp
   3              		.eabi_attribute 20, 1
   4              		.eabi_attribute 21, 1
   5              		.eabi_attribute 23, 3
   6              		.eabi_attribute 24, 1
   7              		.eabi_attribute 25, 1
   8              		.eabi_attribute 26, 1
   9              		.eabi_attribute 30, 2
  10              		.eabi_attribute 34, 0
  11              		.eabi_attribute 18, 4
  12              		.code	16
  13              		.file	"evtimer.c"
  14              		.text
  15              	.Ltext0:
  16              		.cfi_sections	.debug_frame
  17              		.section	.text.tmrcb,"ax",%progbits
  18              		.align	2
  19              		.p2align 4,,15
  20              		.code	16
  21              		.thumb_func
  22              		.type	tmrcb, %function
  23              	tmrcb:
  24              	.LFB7:
  25              		.file 1 "../../os/various/evtimer.c"
  26              		.loc 1 28 0
  27              		.cfi_startproc
  28              	.LVL0:
  29 0000 10B5     		push	{r4, lr}
  30              		.cfi_def_cfa_offset 8
  31              		.cfi_offset 4, -8
  32              		.cfi_offset 14, -4
  33              		.loc 1 28 0
  34 0002 041C     		mov	r4, r0
  35              		.loc 1 31 0
  36              	@ 31 "../../os/various/evtimer.c" 1
  37 0004 72B6     		cpsid   i
  38              	@ 0 "" 2
  39              		.loc 1 32 0
  40              		.code	16
  41 0006 0021     		mov	r1, #0
  42 0008 1430     		add	r0, r0, #20
  43              	.LVL1:
  44 000a FFF7FEFF 		bl	chEvtBroadcastFlagsI
  45              	.LVL2:
  46              		.loc 1 33 0
  47 000e 201C     		mov	r0, r4
  48 0010 A169     		ldr	r1, [r4, #24]
  49 0012 034A     		ldr	r2, .L2
  50 0014 231C     		mov	r3, r4
  51 0016 FFF7FEFF 		bl	chVTSetI
  52              	.LVL3:
  53              		.loc 1 34 0
  54              	@ 34 "../../os/various/evtimer.c" 1
  55 001a 62B6     		cpsie   i
  56              	@ 0 "" 2
  57              		.loc 1 35 0
ARM GAS  /var/folders/qh/xwg3v3kj02qbxczjpdb8lzfr0000gn/T//ccIzXn6j.s 			page 2


  58              		.code	16
  59              		@ sp needed
  60              	.LVL4:
  61 001c 10BD     		pop	{r4, pc}
  62              	.L3:
  63 001e C046     		.align	2
  64              	.L2:
  65 0020 00000000 		.word	tmrcb
  66              		.cfi_endproc
  67              	.LFE7:
  68              		.size	tmrcb, .-tmrcb
  69 0024 C046C046 		.section	.text.evtStart,"ax",%progbits
  69      C046C046 
  69      C046C046 
  70              		.align	2
  71              		.p2align 4,,15
  72              		.global	evtStart
  73              		.code	16
  74              		.thumb_func
  75              		.type	evtStart, %function
  76              	evtStart:
  77              	.LFB8:
  78              		.loc 1 43 0
  79              		.cfi_startproc
  80              	.LVL5:
  81 0000 08B5     		push	{r3, lr}
  82              		.cfi_def_cfa_offset 8
  83              		.cfi_offset 3, -8
  84              		.cfi_offset 14, -4
  85              		.loc 1 43 0
  86 0002 031C     		mov	r3, r0
  87              		.loc 1 45 0
  88              	@ 45 "../../os/various/evtimer.c" 1
  89 0004 72B6     		cpsid   i
  90              	@ 0 "" 2
  91              		.loc 1 47 0
  92              		.code	16
  93 0006 C268     		ldr	r2, [r0, #12]
  94 0008 002A     		cmp	r2, #0
  95 000a 01D0     		beq	.L7
  96              	.LVL6:
  97              	.L5:
  98              		.loc 1 50 0
  99              	@ 50 "../../os/various/evtimer.c" 1
 100 000c 62B6     		cpsie   i
 101              	@ 0 "" 2
 102              		.loc 1 51 0
 103              		.code	16
 104              		@ sp needed
 105 000e 08BD     		pop	{r3, pc}
 106              	.LVL7:
 107              	.L7:
 108              		.loc 1 48 0
 109 0010 9969     		ldr	r1, [r3, #24]
 110 0012 024A     		ldr	r2, .L8
 111 0014 FFF7FEFF 		bl	chVTSetI
 112              	.LVL8:
ARM GAS  /var/folders/qh/xwg3v3kj02qbxczjpdb8lzfr0000gn/T//ccIzXn6j.s 			page 3


 113 0018 F8E7     		b	.L5
 114              	.L9:
 115 001a C046     		.align	2
 116              	.L8:
 117 001c 00000000 		.word	tmrcb
 118              		.cfi_endproc
 119              	.LFE8:
 120              		.size	evtStart, .-evtStart
 121              		.section	.text.evtStop,"ax",%progbits
 122              		.align	2
 123              		.p2align 4,,15
 124              		.global	evtStop
 125              		.code	16
 126              		.thumb_func
 127              		.type	evtStop, %function
 128              	evtStop:
 129              	.LFB9:
 130              		.loc 1 59 0
 131              		.cfi_startproc
 132              	.LVL9:
 133 0000 08B5     		push	{r3, lr}
 134              		.cfi_def_cfa_offset 8
 135              		.cfi_offset 3, -8
 136              		.cfi_offset 14, -4
 137              		.loc 1 61 0
 138              	@ 61 "../../os/various/evtimer.c" 1
 139 0002 72B6     		cpsid   i
 140              	@ 0 "" 2
 141              		.code	16
 142 0004 C368     		ldr	r3, [r0, #12]
 143 0006 002B     		cmp	r3, #0
 144 0008 01D0     		beq	.L11
 145              		.loc 1 61 0 is_stmt 0 discriminator 1
 146 000a FFF7FEFF 		bl	chVTResetI
 147              	.LVL10:
 148              	.L11:
 149              		.loc 1 61 0 discriminator 2
 150              	@ 61 "../../os/various/evtimer.c" 1
 151 000e 62B6     		cpsie   i
 152              	@ 0 "" 2
 153              		.loc 1 62 0 is_stmt 1 discriminator 2
 154              		.code	16
 155              		@ sp needed
 156 0010 08BD     		pop	{r3, pc}
 157              		.cfi_endproc
 158              	.LFE9:
 159              		.size	evtStop, .-evtStop
 160 0012 C046C046 		.text
 160      C046C046 
 160      C046C046 
 160      C046
 161              	.Letext0:
 162              		.file 2 "/usr/local/Cellar/gcc-arm-none-eabi-48/20131218/arm-none-eabi/include/stdint.h"
 163              		.file 3 "../../os/ports/GCC/ARMCMx/chtypes.h"
 164              		.file 4 "../../os/kernel/include/chlists.h"
 165              		.file 5 "../../os/kernel/include/chthreads.h"
 166              		.file 6 "../../os/ports/GCC/ARMCMx/chcore_v6m.h"
ARM GAS  /var/folders/qh/xwg3v3kj02qbxczjpdb8lzfr0000gn/T//ccIzXn6j.s 			page 4


 167              		.file 7 "../../os/kernel/include/chvt.h"
 168              		.file 8 "../../os/kernel/include/chmtx.h"
 169              		.file 9 "../../os/kernel/include/chevents.h"
 170              		.file 10 "../../os/various/evtimer.h"
 171              		.section	.debug_info,"",%progbits
 172              	.Ldebug_info0:
 173 0000 D4050000 		.4byte	0x5d4
 174 0004 0400     		.2byte	0x4
 175 0006 00000000 		.4byte	.Ldebug_abbrev0
 176 000a 04       		.byte	0x4
 177 000b 01       		.uleb128 0x1
 178 000c A1010000 		.4byte	.LASF79
 179 0010 01       		.byte	0x1
 180 0011 0D040000 		.4byte	.LASF80
 181 0015 F8000000 		.4byte	.LASF81
 182 0019 00000000 		.4byte	.Ldebug_ranges0+0
 183 001d 00000000 		.4byte	0
 184 0021 00000000 		.4byte	.Ldebug_line0
 185 0025 02       		.uleb128 0x2
 186 0026 04       		.byte	0x4
 187 0027 05       		.byte	0x5
 188 0028 696E7400 		.ascii	"int\000"
 189 002c 03       		.uleb128 0x3
 190 002d 04       		.byte	0x4
 191 002e 07       		.byte	0x7
 192 002f D1000000 		.4byte	.LASF0
 193 0033 03       		.uleb128 0x3
 194 0034 01       		.byte	0x1
 195 0035 06       		.byte	0x6
 196 0036 57000000 		.4byte	.LASF1
 197 003a 04       		.uleb128 0x4
 198 003b C3030000 		.4byte	.LASF5
 199 003f 02       		.byte	0x2
 200 0040 2A       		.byte	0x2a
 201 0041 45000000 		.4byte	0x45
 202 0045 03       		.uleb128 0x3
 203 0046 01       		.byte	0x1
 204 0047 08       		.byte	0x8
 205 0048 C6020000 		.4byte	.LASF2
 206 004c 03       		.uleb128 0x3
 207 004d 02       		.byte	0x2
 208 004e 05       		.byte	0x5
 209 004f F3020000 		.4byte	.LASF3
 210 0053 03       		.uleb128 0x3
 211 0054 02       		.byte	0x2
 212 0055 07       		.byte	0x7
 213 0056 3B010000 		.4byte	.LASF4
 214 005a 04       		.uleb128 0x4
 215 005b BE020000 		.4byte	.LASF6
 216 005f 02       		.byte	0x2
 217 0060 4F       		.byte	0x4f
 218 0061 65000000 		.4byte	0x65
 219 0065 03       		.uleb128 0x3
 220 0066 04       		.byte	0x4
 221 0067 05       		.byte	0x5
 222 0068 85000000 		.4byte	.LASF7
 223 006c 04       		.uleb128 0x4
ARM GAS  /var/folders/qh/xwg3v3kj02qbxczjpdb8lzfr0000gn/T//ccIzXn6j.s 			page 5


 224 006d 42030000 		.4byte	.LASF8
 225 0071 02       		.byte	0x2
 226 0072 50       		.byte	0x50
 227 0073 77000000 		.4byte	0x77
 228 0077 03       		.uleb128 0x3
 229 0078 04       		.byte	0x4
 230 0079 07       		.byte	0x7
 231 007a E6000000 		.4byte	.LASF9
 232 007e 03       		.uleb128 0x3
 233 007f 08       		.byte	0x8
 234 0080 05       		.byte	0x5
 235 0081 49000000 		.4byte	.LASF10
 236 0085 03       		.uleb128 0x3
 237 0086 08       		.byte	0x8
 238 0087 07       		.byte	0x7
 239 0088 19000000 		.4byte	.LASF11
 240 008c 03       		.uleb128 0x3
 241 008d 01       		.byte	0x1
 242 008e 02       		.byte	0x2
 243 008f B8020000 		.4byte	.LASF12
 244 0093 04       		.uleb128 0x4
 245 0094 5C010000 		.4byte	.LASF13
 246 0098 03       		.byte	0x3
 247 0099 25       		.byte	0x25
 248 009a 3A000000 		.4byte	0x3a
 249 009e 04       		.uleb128 0x4
 250 009f 8E000000 		.4byte	.LASF14
 251 00a3 03       		.byte	0x3
 252 00a4 26       		.byte	0x26
 253 00a5 3A000000 		.4byte	0x3a
 254 00a9 04       		.uleb128 0x4
 255 00aa A1020000 		.4byte	.LASF15
 256 00ae 03       		.byte	0x3
 257 00af 27       		.byte	0x27
 258 00b0 3A000000 		.4byte	0x3a
 259 00b4 04       		.uleb128 0x4
 260 00b5 7B000000 		.4byte	.LASF16
 261 00b9 03       		.byte	0x3
 262 00ba 28       		.byte	0x28
 263 00bb 3A000000 		.4byte	0x3a
 264 00bf 04       		.uleb128 0x4
 265 00c0 B0020000 		.4byte	.LASF17
 266 00c4 03       		.byte	0x3
 267 00c5 29       		.byte	0x29
 268 00c6 6C000000 		.4byte	0x6c
 269 00ca 04       		.uleb128 0x4
 270 00cb 4E010000 		.4byte	.LASF18
 271 00cf 03       		.byte	0x3
 272 00d0 2A       		.byte	0x2a
 273 00d1 5A000000 		.4byte	0x5a
 274 00d5 04       		.uleb128 0x4
 275 00d6 70010000 		.4byte	.LASF19
 276 00da 03       		.byte	0x3
 277 00db 2C       		.byte	0x2c
 278 00dc 6C000000 		.4byte	0x6c
 279 00e0 04       		.uleb128 0x4
 280 00e1 B0030000 		.4byte	.LASF20
ARM GAS  /var/folders/qh/xwg3v3kj02qbxczjpdb8lzfr0000gn/T//ccIzXn6j.s 			page 6


 281 00e5 03       		.byte	0x3
 282 00e6 2D       		.byte	0x2d
 283 00e7 6C000000 		.4byte	0x6c
 284 00eb 04       		.uleb128 0x4
 285 00ec 6A030000 		.4byte	.LASF21
 286 00f0 03       		.byte	0x3
 287 00f1 2E       		.byte	0x2e
 288 00f2 6C000000 		.4byte	0x6c
 289 00f6 04       		.uleb128 0x4
 290 00f7 25030000 		.4byte	.LASF22
 291 00fb 04       		.byte	0x4
 292 00fc 23       		.byte	0x23
 293 00fd 01010000 		.4byte	0x101
 294 0101 05       		.uleb128 0x5
 295 0102 25030000 		.4byte	.LASF22
 296 0106 48       		.byte	0x48
 297 0107 05       		.byte	0x5
 298 0108 57       		.byte	0x57
 299 0109 FE010000 		.4byte	0x1fe
 300 010d 06       		.uleb128 0x6
 301 010e 16030000 		.4byte	.LASF23
 302 0112 05       		.byte	0x5
 303 0113 58       		.byte	0x58
 304 0114 1F020000 		.4byte	0x21f
 305 0118 00       		.byte	0
 306 0119 06       		.uleb128 0x6
 307 011a A9020000 		.4byte	.LASF24
 308 011e 05       		.byte	0x5
 309 011f 5A       		.byte	0x5a
 310 0120 1F020000 		.4byte	0x21f
 311 0124 04       		.byte	0x4
 312 0125 06       		.uleb128 0x6
 313 0126 42000000 		.4byte	.LASF25
 314 012a 05       		.byte	0x5
 315 012b 5C       		.byte	0x5c
 316 012c BF000000 		.4byte	0xbf
 317 0130 08       		.byte	0x8
 318 0131 06       		.uleb128 0x6
 319 0132 FD030000 		.4byte	.LASF26
 320 0136 05       		.byte	0x5
 321 0137 5D       		.byte	0x5d
 322 0138 CF020000 		.4byte	0x2cf
 323 013c 0C       		.byte	0xc
 324 013d 06       		.uleb128 0x6
 325 013e AC000000 		.4byte	.LASF27
 326 0142 05       		.byte	0x5
 327 0143 5F       		.byte	0x5f
 328 0144 1F020000 		.4byte	0x21f
 329 0148 10       		.byte	0x10
 330 0149 06       		.uleb128 0x6
 331 014a 84020000 		.4byte	.LASF28
 332 014e 05       		.byte	0x5
 333 014f 60       		.byte	0x60
 334 0150 1F020000 		.4byte	0x21f
 335 0154 14       		.byte	0x14
 336 0155 06       		.uleb128 0x6
 337 0156 E0030000 		.4byte	.LASF29
ARM GAS  /var/folders/qh/xwg3v3kj02qbxczjpdb8lzfr0000gn/T//ccIzXn6j.s 			page 7


 338 015a 05       		.byte	0x5
 339 015b 67       		.byte	0x67
 340 015c 59040000 		.4byte	0x459
 341 0160 18       		.byte	0x18
 342 0161 06       		.uleb128 0x6
 343 0162 FD020000 		.4byte	.LASF30
 344 0166 05       		.byte	0x5
 345 0167 72       		.byte	0x72
 346 0168 9E000000 		.4byte	0x9e
 347 016c 1C       		.byte	0x1c
 348 016d 06       		.uleb128 0x6
 349 016e 1D030000 		.4byte	.LASF31
 350 0172 05       		.byte	0x5
 351 0173 76       		.byte	0x76
 352 0174 93000000 		.4byte	0x93
 353 0178 1D       		.byte	0x1d
 354 0179 06       		.uleb128 0x6
 355 017a BC030000 		.4byte	.LASF32
 356 017e 05       		.byte	0x5
 357 017f 7B       		.byte	0x7b
 358 0180 A9000000 		.4byte	0xa9
 359 0184 1E       		.byte	0x1e
 360 0185 06       		.uleb128 0x6
 361 0186 05030000 		.4byte	.LASF33
 362 018a 05       		.byte	0x5
 363 018b 81       		.byte	0x81
 364 018c B4000000 		.4byte	0xb4
 365 0190 1F       		.byte	0x1f
 366 0191 06       		.uleb128 0x6
 367 0192 90030000 		.4byte	.LASF34
 368 0196 05       		.byte	0x5
 369 0197 88       		.byte	0x88
 370 0198 6B030000 		.4byte	0x36b
 371 019c 20       		.byte	0x20
 372 019d 07       		.uleb128 0x7
 373 019e 705F7500 		.ascii	"p_u\000"
 374 01a2 05       		.byte	0x5
 375 01a3 AD       		.byte	0xad
 376 01a4 24040000 		.4byte	0x424
 377 01a8 24       		.byte	0x24
 378 01a9 06       		.uleb128 0x6
 379 01aa 03040000 		.4byte	.LASF35
 380 01ae 05       		.byte	0x5
 381 01af B2       		.byte	0xb2
 382 01b0 45020000 		.4byte	0x245
 383 01b4 28       		.byte	0x28
 384 01b5 06       		.uleb128 0x6
 385 01b6 9E030000 		.4byte	.LASF36
 386 01ba 05       		.byte	0x5
 387 01bb B8       		.byte	0xb8
 388 01bc 25020000 		.4byte	0x225
 389 01c0 2C       		.byte	0x2c
 390 01c1 06       		.uleb128 0x6
 391 01c2 0C000000 		.4byte	.LASF37
 392 01c6 05       		.byte	0x5
 393 01c7 BC       		.byte	0xbc
 394 01c8 CA000000 		.4byte	0xca
ARM GAS  /var/folders/qh/xwg3v3kj02qbxczjpdb8lzfr0000gn/T//ccIzXn6j.s 			page 8


 395 01cc 34       		.byte	0x34
 396 01cd 06       		.uleb128 0x6
 397 01ce 37030000 		.4byte	.LASF38
 398 01d2 05       		.byte	0x5
 399 01d3 C2       		.byte	0xc2
 400 01d4 D5000000 		.4byte	0xd5
 401 01d8 38       		.byte	0x38
 402 01d9 06       		.uleb128 0x6
 403 01da E9020000 		.4byte	.LASF39
 404 01de 05       		.byte	0x5
 405 01df C9       		.byte	0xc9
 406 01e0 6B040000 		.4byte	0x46b
 407 01e4 3C       		.byte	0x3c
 408 01e5 06       		.uleb128 0x6
 409 01e6 74030000 		.4byte	.LASF40
 410 01ea 05       		.byte	0x5
 411 01eb CD       		.byte	0xcd
 412 01ec BF000000 		.4byte	0xbf
 413 01f0 40       		.byte	0x40
 414 01f1 06       		.uleb128 0x6
 415 01f2 6B000000 		.4byte	.LASF41
 416 01f6 05       		.byte	0x5
 417 01f7 D3       		.byte	0xd3
 418 01f8 5B020000 		.4byte	0x25b
 419 01fc 44       		.byte	0x44
 420 01fd 00       		.byte	0
 421 01fe 08       		.uleb128 0x8
 422 01ff 08       		.byte	0x8
 423 0200 04       		.byte	0x4
 424 0201 5A       		.byte	0x5a
 425 0202 1F020000 		.4byte	0x21f
 426 0206 06       		.uleb128 0x6
 427 0207 16030000 		.4byte	.LASF23
 428 020b 04       		.byte	0x4
 429 020c 5B       		.byte	0x5b
 430 020d 1F020000 		.4byte	0x21f
 431 0211 00       		.byte	0
 432 0212 06       		.uleb128 0x6
 433 0213 A9020000 		.4byte	.LASF24
 434 0217 04       		.byte	0x4
 435 0218 5D       		.byte	0x5d
 436 0219 1F020000 		.4byte	0x21f
 437 021d 04       		.byte	0x4
 438 021e 00       		.byte	0
 439 021f 09       		.uleb128 0x9
 440 0220 04       		.byte	0x4
 441 0221 F6000000 		.4byte	0xf6
 442 0225 04       		.uleb128 0x4
 443 0226 8C020000 		.4byte	.LASF42
 444 022a 04       		.byte	0x4
 445 022b 5F       		.byte	0x5f
 446 022c FE010000 		.4byte	0x1fe
 447 0230 08       		.uleb128 0x8
 448 0231 04       		.byte	0x4
 449 0232 04       		.byte	0x4
 450 0233 64       		.byte	0x64
 451 0234 45020000 		.4byte	0x245
ARM GAS  /var/folders/qh/xwg3v3kj02qbxczjpdb8lzfr0000gn/T//ccIzXn6j.s 			page 9


 452 0238 06       		.uleb128 0x6
 453 0239 16030000 		.4byte	.LASF23
 454 023d 04       		.byte	0x4
 455 023e 66       		.byte	0x66
 456 023f 1F020000 		.4byte	0x21f
 457 0243 00       		.byte	0
 458 0244 00       		.byte	0
 459 0245 04       		.uleb128 0x4
 460 0246 64010000 		.4byte	.LASF43
 461 024a 04       		.byte	0x4
 462 024b 69       		.byte	0x69
 463 024c 30020000 		.4byte	0x230
 464 0250 04       		.uleb128 0x4
 465 0251 B4000000 		.4byte	.LASF44
 466 0255 06       		.byte	0x6
 467 0256 A0       		.byte	0xa0
 468 0257 5B020000 		.4byte	0x25b
 469 025b 0A       		.uleb128 0xa
 470 025c 04       		.byte	0x4
 471 025d 05       		.uleb128 0x5
 472 025e 97030000 		.4byte	.LASF45
 473 0262 24       		.byte	0x24
 474 0263 06       		.byte	0x6
 475 0264 B3       		.byte	0xb3
 476 0265 CF020000 		.4byte	0x2cf
 477 0269 07       		.uleb128 0x7
 478 026a 723800   		.ascii	"r8\000"
 479 026d 06       		.byte	0x6
 480 026e B4       		.byte	0xb4
 481 026f 50020000 		.4byte	0x250
 482 0273 00       		.byte	0
 483 0274 07       		.uleb128 0x7
 484 0275 723900   		.ascii	"r9\000"
 485 0278 06       		.byte	0x6
 486 0279 B5       		.byte	0xb5
 487 027a 50020000 		.4byte	0x250
 488 027e 04       		.byte	0x4
 489 027f 07       		.uleb128 0x7
 490 0280 72313000 		.ascii	"r10\000"
 491 0284 06       		.byte	0x6
 492 0285 B6       		.byte	0xb6
 493 0286 50020000 		.4byte	0x250
 494 028a 08       		.byte	0x8
 495 028b 07       		.uleb128 0x7
 496 028c 72313100 		.ascii	"r11\000"
 497 0290 06       		.byte	0x6
 498 0291 B7       		.byte	0xb7
 499 0292 50020000 		.4byte	0x250
 500 0296 0C       		.byte	0xc
 501 0297 07       		.uleb128 0x7
 502 0298 723400   		.ascii	"r4\000"
 503 029b 06       		.byte	0x6
 504 029c B8       		.byte	0xb8
 505 029d 50020000 		.4byte	0x250
 506 02a1 10       		.byte	0x10
 507 02a2 07       		.uleb128 0x7
 508 02a3 723500   		.ascii	"r5\000"
ARM GAS  /var/folders/qh/xwg3v3kj02qbxczjpdb8lzfr0000gn/T//ccIzXn6j.s 			page 10


 509 02a6 06       		.byte	0x6
 510 02a7 B9       		.byte	0xb9
 511 02a8 50020000 		.4byte	0x250
 512 02ac 14       		.byte	0x14
 513 02ad 07       		.uleb128 0x7
 514 02ae 723600   		.ascii	"r6\000"
 515 02b1 06       		.byte	0x6
 516 02b2 BA       		.byte	0xba
 517 02b3 50020000 		.4byte	0x250
 518 02b7 18       		.byte	0x18
 519 02b8 07       		.uleb128 0x7
 520 02b9 723700   		.ascii	"r7\000"
 521 02bc 06       		.byte	0x6
 522 02bd BB       		.byte	0xbb
 523 02be 50020000 		.4byte	0x250
 524 02c2 1C       		.byte	0x1c
 525 02c3 07       		.uleb128 0x7
 526 02c4 6C7200   		.ascii	"lr\000"
 527 02c7 06       		.byte	0x6
 528 02c8 BC       		.byte	0xbc
 529 02c9 50020000 		.4byte	0x250
 530 02cd 20       		.byte	0x20
 531 02ce 00       		.byte	0
 532 02cf 05       		.uleb128 0x5
 533 02d0 33010000 		.4byte	.LASF46
 534 02d4 04       		.byte	0x4
 535 02d5 06       		.byte	0x6
 536 02d6 C6       		.byte	0xc6
 537 02d7 E8020000 		.4byte	0x2e8
 538 02db 07       		.uleb128 0x7
 539 02dc 72313300 		.ascii	"r13\000"
 540 02e0 06       		.byte	0x6
 541 02e1 C7       		.byte	0xc7
 542 02e2 E8020000 		.4byte	0x2e8
 543 02e6 00       		.byte	0
 544 02e7 00       		.byte	0
 545 02e8 09       		.uleb128 0x9
 546 02e9 04       		.byte	0x4
 547 02ea 5D020000 		.4byte	0x25d
 548 02ee 03       		.uleb128 0x3
 549 02ef 04       		.byte	0x4
 550 02f0 07       		.byte	0x7
 551 02f1 90010000 		.4byte	.LASF47
 552 02f5 04       		.uleb128 0x4
 553 02f6 7F030000 		.4byte	.LASF48
 554 02fa 07       		.byte	0x7
 555 02fb 51       		.byte	0x51
 556 02fc 00030000 		.4byte	0x300
 557 0300 09       		.uleb128 0x9
 558 0301 04       		.byte	0x4
 559 0302 06030000 		.4byte	0x306
 560 0306 0B       		.uleb128 0xb
 561 0307 11030000 		.4byte	0x311
 562 030b 0C       		.uleb128 0xc
 563 030c 5B020000 		.4byte	0x25b
 564 0310 00       		.byte	0
 565 0311 04       		.uleb128 0x4
ARM GAS  /var/folders/qh/xwg3v3kj02qbxczjpdb8lzfr0000gn/T//ccIzXn6j.s 			page 11


 566 0312 4B030000 		.4byte	.LASF49
 567 0316 07       		.byte	0x7
 568 0317 56       		.byte	0x56
 569 0318 1C030000 		.4byte	0x31c
 570 031c 05       		.uleb128 0x5
 571 031d 4B030000 		.4byte	.LASF49
 572 0321 14       		.byte	0x14
 573 0322 07       		.byte	0x7
 574 0323 5D       		.byte	0x5d
 575 0324 65030000 		.4byte	0x365
 576 0328 06       		.uleb128 0x6
 577 0329 DE000000 		.4byte	.LASF50
 578 032d 07       		.byte	0x7
 579 032e 5E       		.byte	0x5e
 580 032f 65030000 		.4byte	0x365
 581 0333 00       		.byte	0
 582 0334 06       		.uleb128 0x6
 583 0335 BD000000 		.4byte	.LASF51
 584 0339 07       		.byte	0x7
 585 033a 60       		.byte	0x60
 586 033b 65030000 		.4byte	0x365
 587 033f 04       		.byte	0x4
 588 0340 06       		.uleb128 0x6
 589 0341 82010000 		.4byte	.LASF52
 590 0345 07       		.byte	0x7
 591 0346 62       		.byte	0x62
 592 0347 EB000000 		.4byte	0xeb
 593 034b 08       		.byte	0x8
 594 034c 06       		.uleb128 0x6
 595 034d 99010000 		.4byte	.LASF53
 596 0351 07       		.byte	0x7
 597 0352 63       		.byte	0x63
 598 0353 F5020000 		.4byte	0x2f5
 599 0357 0C       		.byte	0xc
 600 0358 06       		.uleb128 0x6
 601 0359 A9030000 		.4byte	.LASF54
 602 035d 07       		.byte	0x7
 603 035e 65       		.byte	0x65
 604 035f 5B020000 		.4byte	0x25b
 605 0363 10       		.byte	0x10
 606 0364 00       		.byte	0
 607 0365 09       		.uleb128 0x9
 608 0366 04       		.byte	0x4
 609 0367 11030000 		.4byte	0x311
 610 036b 0D       		.uleb128 0xd
 611 036c EB000000 		.4byte	0xeb
 612 0370 05       		.uleb128 0x5
 613 0371 7C010000 		.4byte	.LASF55
 614 0375 10       		.byte	0x10
 615 0376 08       		.byte	0x8
 616 0377 25       		.byte	0x25
 617 0378 A1030000 		.4byte	0x3a1
 618 037c 06       		.uleb128 0x6
 619 037d 73000000 		.4byte	.LASF56
 620 0381 08       		.byte	0x8
 621 0382 26       		.byte	0x26
 622 0383 25020000 		.4byte	0x225
ARM GAS  /var/folders/qh/xwg3v3kj02qbxczjpdb8lzfr0000gn/T//ccIzXn6j.s 			page 12


 623 0387 00       		.byte	0
 624 0388 06       		.uleb128 0x6
 625 0389 F5030000 		.4byte	.LASF57
 626 038d 08       		.byte	0x8
 627 038e 28       		.byte	0x28
 628 038f 1F020000 		.4byte	0x21f
 629 0393 08       		.byte	0x8
 630 0394 06       		.uleb128 0x6
 631 0395 63030000 		.4byte	.LASF58
 632 0399 08       		.byte	0x8
 633 039a 2A       		.byte	0x2a
 634 039b A1030000 		.4byte	0x3a1
 635 039f 0C       		.byte	0xc
 636 03a0 00       		.byte	0
 637 03a1 09       		.uleb128 0x9
 638 03a2 04       		.byte	0x4
 639 03a3 70030000 		.4byte	0x370
 640 03a7 04       		.uleb128 0x4
 641 03a8 7C010000 		.4byte	.LASF55
 642 03ac 08       		.byte	0x8
 643 03ad 2C       		.byte	0x2c
 644 03ae 70030000 		.4byte	0x370
 645 03b2 04       		.uleb128 0x4
 646 03b3 CB030000 		.4byte	.LASF59
 647 03b7 09       		.byte	0x9
 648 03b8 25       		.byte	0x25
 649 03b9 BD030000 		.4byte	0x3bd
 650 03bd 05       		.uleb128 0x5
 651 03be CB030000 		.4byte	.LASF59
 652 03c2 10       		.byte	0x10
 653 03c3 09       		.byte	0x9
 654 03c4 2A       		.byte	0x2a
 655 03c5 FA030000 		.4byte	0x3fa
 656 03c9 06       		.uleb128 0x6
 657 03ca 54010000 		.4byte	.LASF60
 658 03ce 09       		.byte	0x9
 659 03cf 2B       		.byte	0x2b
 660 03d0 FA030000 		.4byte	0x3fa
 661 03d4 00       		.byte	0
 662 03d5 06       		.uleb128 0x6
 663 03d6 D4020000 		.4byte	.LASF61
 664 03da 09       		.byte	0x9
 665 03db 2E       		.byte	0x2e
 666 03dc 1F020000 		.4byte	0x21f
 667 03e0 04       		.byte	0x4
 668 03e1 06       		.uleb128 0x6
 669 03e2 99020000 		.4byte	.LASF62
 670 03e6 09       		.byte	0x9
 671 03e7 30       		.byte	0x30
 672 03e8 D5000000 		.4byte	0xd5
 673 03ec 08       		.byte	0x8
 674 03ed 06       		.uleb128 0x6
 675 03ee E0020000 		.4byte	.LASF63
 676 03f2 09       		.byte	0x9
 677 03f3 33       		.byte	0x33
 678 03f4 E0000000 		.4byte	0xe0
 679 03f8 0C       		.byte	0xc
ARM GAS  /var/folders/qh/xwg3v3kj02qbxczjpdb8lzfr0000gn/T//ccIzXn6j.s 			page 13


 680 03f9 00       		.byte	0
 681 03fa 09       		.uleb128 0x9
 682 03fb 04       		.byte	0x4
 683 03fc B2030000 		.4byte	0x3b2
 684 0400 05       		.uleb128 0x5
 685 0401 C5000000 		.4byte	.LASF64
 686 0405 04       		.byte	0x4
 687 0406 09       		.byte	0x9
 688 0407 3A       		.byte	0x3a
 689 0408 19040000 		.4byte	0x419
 690 040c 06       		.uleb128 0x6
 691 040d E7030000 		.4byte	.LASF65
 692 0411 09       		.byte	0x9
 693 0412 3B       		.byte	0x3b
 694 0413 FA030000 		.4byte	0x3fa
 695 0417 00       		.byte	0
 696 0418 00       		.byte	0
 697 0419 04       		.uleb128 0x4
 698 041a C5000000 		.4byte	.LASF64
 699 041e 09       		.byte	0x9
 700 041f 3E       		.byte	0x3e
 701 0420 00040000 		.4byte	0x400
 702 0424 0E       		.uleb128 0xe
 703 0425 04       		.byte	0x4
 704 0426 05       		.byte	0x5
 705 0427 8F       		.byte	0x8f
 706 0428 59040000 		.4byte	0x459
 707 042c 0F       		.uleb128 0xf
 708 042d 12000000 		.4byte	.LASF66
 709 0431 05       		.byte	0x5
 710 0432 96       		.byte	0x96
 711 0433 CA000000 		.4byte	0xca
 712 0437 0F       		.uleb128 0xf
 713 0438 30000000 		.4byte	.LASF67
 714 043c 05       		.byte	0x5
 715 043d 9D       		.byte	0x9d
 716 043e CA000000 		.4byte	0xca
 717 0442 0F       		.uleb128 0xf
 718 0443 D9030000 		.4byte	.LASF68
 719 0447 05       		.byte	0x5
 720 0448 A4       		.byte	0xa4
 721 0449 5B020000 		.4byte	0x25b
 722 044d 0F       		.uleb128 0xf
 723 044e 0F030000 		.4byte	.LASF69
 724 0452 05       		.byte	0x5
 725 0453 AB       		.byte	0xab
 726 0454 D5000000 		.4byte	0xd5
 727 0458 00       		.byte	0
 728 0459 09       		.uleb128 0x9
 729 045a 04       		.byte	0x4
 730 045b 5F040000 		.4byte	0x45f
 731 045f 10       		.uleb128 0x10
 732 0460 64040000 		.4byte	0x464
 733 0464 03       		.uleb128 0x3
 734 0465 01       		.byte	0x1
 735 0466 08       		.byte	0x8
 736 0467 58030000 		.4byte	.LASF70
ARM GAS  /var/folders/qh/xwg3v3kj02qbxczjpdb8lzfr0000gn/T//ccIzXn6j.s 			page 14


 737 046b 09       		.uleb128 0x9
 738 046c 04       		.byte	0x4
 739 046d A7030000 		.4byte	0x3a7
 740 0471 08       		.uleb128 0x8
 741 0472 1C       		.byte	0x1c
 742 0473 0A       		.byte	0xa
 743 0474 27       		.byte	0x27
 744 0475 9E040000 		.4byte	0x49e
 745 0479 06       		.uleb128 0x6
 746 047a EF030000 		.4byte	.LASF71
 747 047e 0A       		.byte	0xa
 748 047f 28       		.byte	0x28
 749 0480 11030000 		.4byte	0x311
 750 0484 00       		.byte	0
 751 0485 06       		.uleb128 0x6
 752 0486 8A010000 		.4byte	.LASF72
 753 048a 0A       		.byte	0xa
 754 048b 29       		.byte	0x29
 755 048c 19040000 		.4byte	0x419
 756 0490 14       		.byte	0x14
 757 0491 06       		.uleb128 0x6
 758 0492 00000000 		.4byte	.LASF73
 759 0496 0A       		.byte	0xa
 760 0497 2A       		.byte	0x2a
 761 0498 EB000000 		.4byte	0xeb
 762 049c 18       		.byte	0x18
 763 049d 00       		.byte	0
 764 049e 04       		.uleb128 0x4
 765 049f 63000000 		.4byte	.LASF74
 766 04a3 0A       		.byte	0xa
 767 04a4 2B       		.byte	0x2b
 768 04a5 71040000 		.4byte	0x471
 769 04a9 11       		.uleb128 0x11
 770 04aa 5D030000 		.4byte	.LASF82
 771 04ae 01       		.byte	0x1
 772 04af 1C       		.byte	0x1c
 773 04b0 00000000 		.4byte	.LFB7
 774 04b4 24000000 		.4byte	.LFE7-.LFB7
 775 04b8 01       		.uleb128 0x1
 776 04b9 9C       		.byte	0x9c
 777 04ba 13050000 		.4byte	0x513
 778 04be 12       		.uleb128 0x12
 779 04bf 7000     		.ascii	"p\000"
 780 04c1 01       		.byte	0x1
 781 04c2 1C       		.byte	0x1c
 782 04c3 5B020000 		.4byte	0x25b
 783 04c7 00000000 		.4byte	.LLST0
 784 04cb 13       		.uleb128 0x13
 785 04cc 65747000 		.ascii	"etp\000"
 786 04d0 01       		.byte	0x1
 787 04d1 1D       		.byte	0x1d
 788 04d2 13050000 		.4byte	0x513
 789 04d6 00000000 		.4byte	.LLST0
 790 04da 14       		.uleb128 0x14
 791 04db 0E000000 		.4byte	.LVL2
 792 04df 8E050000 		.4byte	0x58e
 793 04e3 F3040000 		.4byte	0x4f3
ARM GAS  /var/folders/qh/xwg3v3kj02qbxczjpdb8lzfr0000gn/T//ccIzXn6j.s 			page 15


 794 04e7 15       		.uleb128 0x15
 795 04e8 01       		.uleb128 0x1
 796 04e9 51       		.byte	0x51
 797 04ea 01       		.uleb128 0x1
 798 04eb 30       		.byte	0x30
 799 04ec 15       		.uleb128 0x15
 800 04ed 01       		.uleb128 0x1
 801 04ee 50       		.byte	0x50
 802 04ef 02       		.uleb128 0x2
 803 04f0 74       		.byte	0x74
 804 04f1 14       		.sleb128 20
 805 04f2 00       		.byte	0
 806 04f3 16       		.uleb128 0x16
 807 04f4 1A000000 		.4byte	.LVL3
 808 04f8 AA050000 		.4byte	0x5aa
 809 04fc 15       		.uleb128 0x15
 810 04fd 01       		.uleb128 0x1
 811 04fe 53       		.byte	0x53
 812 04ff 02       		.uleb128 0x2
 813 0500 74       		.byte	0x74
 814 0501 00       		.sleb128 0
 815 0502 15       		.uleb128 0x15
 816 0503 01       		.uleb128 0x1
 817 0504 52       		.byte	0x52
 818 0505 05       		.uleb128 0x5
 819 0506 03       		.byte	0x3
 820 0507 00000000 		.4byte	tmrcb
 821 050b 15       		.uleb128 0x15
 822 050c 01       		.uleb128 0x1
 823 050d 50       		.byte	0x50
 824 050e 02       		.uleb128 0x2
 825 050f 74       		.byte	0x74
 826 0510 00       		.sleb128 0
 827 0511 00       		.byte	0
 828 0512 00       		.byte	0
 829 0513 09       		.uleb128 0x9
 830 0514 04       		.byte	0x4
 831 0515 9E040000 		.4byte	0x49e
 832 0519 17       		.uleb128 0x17
 833 051a 39000000 		.4byte	.LASF75
 834 051e 01       		.byte	0x1
 835 051f 2B       		.byte	0x2b
 836 0520 00000000 		.4byte	.LFB8
 837 0524 20000000 		.4byte	.LFE8-.LFB8
 838 0528 01       		.uleb128 0x1
 839 0529 9C       		.byte	0x9c
 840 052a 58050000 		.4byte	0x558
 841 052e 12       		.uleb128 0x12
 842 052f 65747000 		.ascii	"etp\000"
 843 0533 01       		.byte	0x1
 844 0534 2B       		.byte	0x2b
 845 0535 13050000 		.4byte	0x513
 846 0539 2C000000 		.4byte	.LLST2
 847 053d 16       		.uleb128 0x16
 848 053e 18000000 		.4byte	.LVL8
 849 0542 AA050000 		.4byte	0x5aa
 850 0546 15       		.uleb128 0x15
ARM GAS  /var/folders/qh/xwg3v3kj02qbxczjpdb8lzfr0000gn/T//ccIzXn6j.s 			page 16


 851 0547 01       		.uleb128 0x1
 852 0548 53       		.byte	0x53
 853 0549 03       		.uleb128 0x3
 854 054a F3       		.byte	0xf3
 855 054b 01       		.uleb128 0x1
 856 054c 50       		.byte	0x50
 857 054d 15       		.uleb128 0x15
 858 054e 01       		.uleb128 0x1
 859 054f 52       		.byte	0x52
 860 0550 05       		.uleb128 0x5
 861 0551 03       		.byte	0x3
 862 0552 00000000 		.4byte	tmrcb
 863 0556 00       		.byte	0
 864 0557 00       		.byte	0
 865 0558 17       		.uleb128 0x17
 866 0559 88030000 		.4byte	.LASF76
 867 055d 01       		.byte	0x1
 868 055e 3B       		.byte	0x3b
 869 055f 00000000 		.4byte	.LFB9
 870 0563 12000000 		.4byte	.LFE9-.LFB9
 871 0567 01       		.uleb128 0x1
 872 0568 9C       		.byte	0x9c
 873 0569 8E050000 		.4byte	0x58e
 874 056d 12       		.uleb128 0x12
 875 056e 65747000 		.ascii	"etp\000"
 876 0572 01       		.byte	0x1
 877 0573 3B       		.byte	0x3b
 878 0574 13050000 		.4byte	0x513
 879 0578 66000000 		.4byte	.LLST3
 880 057c 16       		.uleb128 0x16
 881 057d 0E000000 		.4byte	.LVL10
 882 0581 CA050000 		.4byte	0x5ca
 883 0585 15       		.uleb128 0x15
 884 0586 01       		.uleb128 0x1
 885 0587 50       		.byte	0x50
 886 0588 03       		.uleb128 0x3
 887 0589 F3       		.byte	0xf3
 888 058a 01       		.uleb128 0x1
 889 058b 50       		.byte	0x50
 890 058c 00       		.byte	0
 891 058d 00       		.byte	0
 892 058e 18       		.uleb128 0x18
 893 058f 97000000 		.4byte	.LASF77
 894 0593 09       		.byte	0x9
 895 0594 B3       		.byte	0xb3
 896 0595 A4050000 		.4byte	0x5a4
 897 0599 0C       		.uleb128 0xc
 898 059a A4050000 		.4byte	0x5a4
 899 059e 0C       		.uleb128 0xc
 900 059f E0000000 		.4byte	0xe0
 901 05a3 00       		.byte	0
 902 05a4 09       		.uleb128 0x9
 903 05a5 04       		.byte	0x4
 904 05a6 19040000 		.4byte	0x419
 905 05aa 18       		.uleb128 0x18
 906 05ab 7B020000 		.4byte	.LASF78
 907 05af 07       		.byte	0x7
ARM GAS  /var/folders/qh/xwg3v3kj02qbxczjpdb8lzfr0000gn/T//ccIzXn6j.s 			page 17


 908 05b0 F7       		.byte	0xf7
 909 05b1 CA050000 		.4byte	0x5ca
 910 05b5 0C       		.uleb128 0xc
 911 05b6 65030000 		.4byte	0x365
 912 05ba 0C       		.uleb128 0xc
 913 05bb EB000000 		.4byte	0xeb
 914 05bf 0C       		.uleb128 0xc
 915 05c0 F5020000 		.4byte	0x2f5
 916 05c4 0C       		.uleb128 0xc
 917 05c5 5B020000 		.4byte	0x25b
 918 05c9 00       		.byte	0
 919 05ca 19       		.uleb128 0x19
 920 05cb 2C030000 		.4byte	.LASF83
 921 05cf 07       		.byte	0x7
 922 05d0 F8       		.byte	0xf8
 923 05d1 0C       		.uleb128 0xc
 924 05d2 65030000 		.4byte	0x365
 925 05d6 00       		.byte	0
 926 05d7 00       		.byte	0
 927              		.section	.debug_abbrev,"",%progbits
 928              	.Ldebug_abbrev0:
 929 0000 01       		.uleb128 0x1
 930 0001 11       		.uleb128 0x11
 931 0002 01       		.byte	0x1
 932 0003 25       		.uleb128 0x25
 933 0004 0E       		.uleb128 0xe
 934 0005 13       		.uleb128 0x13
 935 0006 0B       		.uleb128 0xb
 936 0007 03       		.uleb128 0x3
 937 0008 0E       		.uleb128 0xe
 938 0009 1B       		.uleb128 0x1b
 939 000a 0E       		.uleb128 0xe
 940 000b 55       		.uleb128 0x55
 941 000c 17       		.uleb128 0x17
 942 000d 11       		.uleb128 0x11
 943 000e 01       		.uleb128 0x1
 944 000f 10       		.uleb128 0x10
 945 0010 17       		.uleb128 0x17
 946 0011 00       		.byte	0
 947 0012 00       		.byte	0
 948 0013 02       		.uleb128 0x2
 949 0014 24       		.uleb128 0x24
 950 0015 00       		.byte	0
 951 0016 0B       		.uleb128 0xb
 952 0017 0B       		.uleb128 0xb
 953 0018 3E       		.uleb128 0x3e
 954 0019 0B       		.uleb128 0xb
 955 001a 03       		.uleb128 0x3
 956 001b 08       		.uleb128 0x8
 957 001c 00       		.byte	0
 958 001d 00       		.byte	0
 959 001e 03       		.uleb128 0x3
 960 001f 24       		.uleb128 0x24
 961 0020 00       		.byte	0
 962 0021 0B       		.uleb128 0xb
 963 0022 0B       		.uleb128 0xb
 964 0023 3E       		.uleb128 0x3e
ARM GAS  /var/folders/qh/xwg3v3kj02qbxczjpdb8lzfr0000gn/T//ccIzXn6j.s 			page 18


 965 0024 0B       		.uleb128 0xb
 966 0025 03       		.uleb128 0x3
 967 0026 0E       		.uleb128 0xe
 968 0027 00       		.byte	0
 969 0028 00       		.byte	0
 970 0029 04       		.uleb128 0x4
 971 002a 16       		.uleb128 0x16
 972 002b 00       		.byte	0
 973 002c 03       		.uleb128 0x3
 974 002d 0E       		.uleb128 0xe
 975 002e 3A       		.uleb128 0x3a
 976 002f 0B       		.uleb128 0xb
 977 0030 3B       		.uleb128 0x3b
 978 0031 0B       		.uleb128 0xb
 979 0032 49       		.uleb128 0x49
 980 0033 13       		.uleb128 0x13
 981 0034 00       		.byte	0
 982 0035 00       		.byte	0
 983 0036 05       		.uleb128 0x5
 984 0037 13       		.uleb128 0x13
 985 0038 01       		.byte	0x1
 986 0039 03       		.uleb128 0x3
 987 003a 0E       		.uleb128 0xe
 988 003b 0B       		.uleb128 0xb
 989 003c 0B       		.uleb128 0xb
 990 003d 3A       		.uleb128 0x3a
 991 003e 0B       		.uleb128 0xb
 992 003f 3B       		.uleb128 0x3b
 993 0040 0B       		.uleb128 0xb
 994 0041 01       		.uleb128 0x1
 995 0042 13       		.uleb128 0x13
 996 0043 00       		.byte	0
 997 0044 00       		.byte	0
 998 0045 06       		.uleb128 0x6
 999 0046 0D       		.uleb128 0xd
 1000 0047 00       		.byte	0
 1001 0048 03       		.uleb128 0x3
 1002 0049 0E       		.uleb128 0xe
 1003 004a 3A       		.uleb128 0x3a
 1004 004b 0B       		.uleb128 0xb
 1005 004c 3B       		.uleb128 0x3b
 1006 004d 0B       		.uleb128 0xb
 1007 004e 49       		.uleb128 0x49
 1008 004f 13       		.uleb128 0x13
 1009 0050 38       		.uleb128 0x38
 1010 0051 0B       		.uleb128 0xb
 1011 0052 00       		.byte	0
 1012 0053 00       		.byte	0
 1013 0054 07       		.uleb128 0x7
 1014 0055 0D       		.uleb128 0xd
 1015 0056 00       		.byte	0
 1016 0057 03       		.uleb128 0x3
 1017 0058 08       		.uleb128 0x8
 1018 0059 3A       		.uleb128 0x3a
 1019 005a 0B       		.uleb128 0xb
 1020 005b 3B       		.uleb128 0x3b
 1021 005c 0B       		.uleb128 0xb
ARM GAS  /var/folders/qh/xwg3v3kj02qbxczjpdb8lzfr0000gn/T//ccIzXn6j.s 			page 19


 1022 005d 49       		.uleb128 0x49
 1023 005e 13       		.uleb128 0x13
 1024 005f 38       		.uleb128 0x38
 1025 0060 0B       		.uleb128 0xb
 1026 0061 00       		.byte	0
 1027 0062 00       		.byte	0
 1028 0063 08       		.uleb128 0x8
 1029 0064 13       		.uleb128 0x13
 1030 0065 01       		.byte	0x1
 1031 0066 0B       		.uleb128 0xb
 1032 0067 0B       		.uleb128 0xb
 1033 0068 3A       		.uleb128 0x3a
 1034 0069 0B       		.uleb128 0xb
 1035 006a 3B       		.uleb128 0x3b
 1036 006b 0B       		.uleb128 0xb
 1037 006c 01       		.uleb128 0x1
 1038 006d 13       		.uleb128 0x13
 1039 006e 00       		.byte	0
 1040 006f 00       		.byte	0
 1041 0070 09       		.uleb128 0x9
 1042 0071 0F       		.uleb128 0xf
 1043 0072 00       		.byte	0
 1044 0073 0B       		.uleb128 0xb
 1045 0074 0B       		.uleb128 0xb
 1046 0075 49       		.uleb128 0x49
 1047 0076 13       		.uleb128 0x13
 1048 0077 00       		.byte	0
 1049 0078 00       		.byte	0
 1050 0079 0A       		.uleb128 0xa
 1051 007a 0F       		.uleb128 0xf
 1052 007b 00       		.byte	0
 1053 007c 0B       		.uleb128 0xb
 1054 007d 0B       		.uleb128 0xb
 1055 007e 00       		.byte	0
 1056 007f 00       		.byte	0
 1057 0080 0B       		.uleb128 0xb
 1058 0081 15       		.uleb128 0x15
 1059 0082 01       		.byte	0x1
 1060 0083 27       		.uleb128 0x27
 1061 0084 19       		.uleb128 0x19
 1062 0085 01       		.uleb128 0x1
 1063 0086 13       		.uleb128 0x13
 1064 0087 00       		.byte	0
 1065 0088 00       		.byte	0
 1066 0089 0C       		.uleb128 0xc
 1067 008a 05       		.uleb128 0x5
 1068 008b 00       		.byte	0
 1069 008c 49       		.uleb128 0x49
 1070 008d 13       		.uleb128 0x13
 1071 008e 00       		.byte	0
 1072 008f 00       		.byte	0
 1073 0090 0D       		.uleb128 0xd
 1074 0091 35       		.uleb128 0x35
 1075 0092 00       		.byte	0
 1076 0093 49       		.uleb128 0x49
 1077 0094 13       		.uleb128 0x13
 1078 0095 00       		.byte	0
ARM GAS  /var/folders/qh/xwg3v3kj02qbxczjpdb8lzfr0000gn/T//ccIzXn6j.s 			page 20


 1079 0096 00       		.byte	0
 1080 0097 0E       		.uleb128 0xe
 1081 0098 17       		.uleb128 0x17
 1082 0099 01       		.byte	0x1
 1083 009a 0B       		.uleb128 0xb
 1084 009b 0B       		.uleb128 0xb
 1085 009c 3A       		.uleb128 0x3a
 1086 009d 0B       		.uleb128 0xb
 1087 009e 3B       		.uleb128 0x3b
 1088 009f 0B       		.uleb128 0xb
 1089 00a0 01       		.uleb128 0x1
 1090 00a1 13       		.uleb128 0x13
 1091 00a2 00       		.byte	0
 1092 00a3 00       		.byte	0
 1093 00a4 0F       		.uleb128 0xf
 1094 00a5 0D       		.uleb128 0xd
 1095 00a6 00       		.byte	0
 1096 00a7 03       		.uleb128 0x3
 1097 00a8 0E       		.uleb128 0xe
 1098 00a9 3A       		.uleb128 0x3a
 1099 00aa 0B       		.uleb128 0xb
 1100 00ab 3B       		.uleb128 0x3b
 1101 00ac 0B       		.uleb128 0xb
 1102 00ad 49       		.uleb128 0x49
 1103 00ae 13       		.uleb128 0x13
 1104 00af 00       		.byte	0
 1105 00b0 00       		.byte	0
 1106 00b1 10       		.uleb128 0x10
 1107 00b2 26       		.uleb128 0x26
 1108 00b3 00       		.byte	0
 1109 00b4 49       		.uleb128 0x49
 1110 00b5 13       		.uleb128 0x13
 1111 00b6 00       		.byte	0
 1112 00b7 00       		.byte	0
 1113 00b8 11       		.uleb128 0x11
 1114 00b9 2E       		.uleb128 0x2e
 1115 00ba 01       		.byte	0x1
 1116 00bb 03       		.uleb128 0x3
 1117 00bc 0E       		.uleb128 0xe
 1118 00bd 3A       		.uleb128 0x3a
 1119 00be 0B       		.uleb128 0xb
 1120 00bf 3B       		.uleb128 0x3b
 1121 00c0 0B       		.uleb128 0xb
 1122 00c1 27       		.uleb128 0x27
 1123 00c2 19       		.uleb128 0x19
 1124 00c3 11       		.uleb128 0x11
 1125 00c4 01       		.uleb128 0x1
 1126 00c5 12       		.uleb128 0x12
 1127 00c6 06       		.uleb128 0x6
 1128 00c7 40       		.uleb128 0x40
 1129 00c8 18       		.uleb128 0x18
 1130 00c9 9742     		.uleb128 0x2117
 1131 00cb 19       		.uleb128 0x19
 1132 00cc 01       		.uleb128 0x1
 1133 00cd 13       		.uleb128 0x13
 1134 00ce 00       		.byte	0
 1135 00cf 00       		.byte	0
ARM GAS  /var/folders/qh/xwg3v3kj02qbxczjpdb8lzfr0000gn/T//ccIzXn6j.s 			page 21


 1136 00d0 12       		.uleb128 0x12
 1137 00d1 05       		.uleb128 0x5
 1138 00d2 00       		.byte	0
 1139 00d3 03       		.uleb128 0x3
 1140 00d4 08       		.uleb128 0x8
 1141 00d5 3A       		.uleb128 0x3a
 1142 00d6 0B       		.uleb128 0xb
 1143 00d7 3B       		.uleb128 0x3b
 1144 00d8 0B       		.uleb128 0xb
 1145 00d9 49       		.uleb128 0x49
 1146 00da 13       		.uleb128 0x13
 1147 00db 02       		.uleb128 0x2
 1148 00dc 17       		.uleb128 0x17
 1149 00dd 00       		.byte	0
 1150 00de 00       		.byte	0
 1151 00df 13       		.uleb128 0x13
 1152 00e0 34       		.uleb128 0x34
 1153 00e1 00       		.byte	0
 1154 00e2 03       		.uleb128 0x3
 1155 00e3 08       		.uleb128 0x8
 1156 00e4 3A       		.uleb128 0x3a
 1157 00e5 0B       		.uleb128 0xb
 1158 00e6 3B       		.uleb128 0x3b
 1159 00e7 0B       		.uleb128 0xb
 1160 00e8 49       		.uleb128 0x49
 1161 00e9 13       		.uleb128 0x13
 1162 00ea 02       		.uleb128 0x2
 1163 00eb 17       		.uleb128 0x17
 1164 00ec 00       		.byte	0
 1165 00ed 00       		.byte	0
 1166 00ee 14       		.uleb128 0x14
 1167 00ef 898201   		.uleb128 0x4109
 1168 00f2 01       		.byte	0x1
 1169 00f3 11       		.uleb128 0x11
 1170 00f4 01       		.uleb128 0x1
 1171 00f5 31       		.uleb128 0x31
 1172 00f6 13       		.uleb128 0x13
 1173 00f7 01       		.uleb128 0x1
 1174 00f8 13       		.uleb128 0x13
 1175 00f9 00       		.byte	0
 1176 00fa 00       		.byte	0
 1177 00fb 15       		.uleb128 0x15
 1178 00fc 8A8201   		.uleb128 0x410a
 1179 00ff 00       		.byte	0
 1180 0100 02       		.uleb128 0x2
 1181 0101 18       		.uleb128 0x18
 1182 0102 9142     		.uleb128 0x2111
 1183 0104 18       		.uleb128 0x18
 1184 0105 00       		.byte	0
 1185 0106 00       		.byte	0
 1186 0107 16       		.uleb128 0x16
 1187 0108 898201   		.uleb128 0x4109
 1188 010b 01       		.byte	0x1
 1189 010c 11       		.uleb128 0x11
 1190 010d 01       		.uleb128 0x1
 1191 010e 31       		.uleb128 0x31
 1192 010f 13       		.uleb128 0x13
ARM GAS  /var/folders/qh/xwg3v3kj02qbxczjpdb8lzfr0000gn/T//ccIzXn6j.s 			page 22


 1193 0110 00       		.byte	0
 1194 0111 00       		.byte	0
 1195 0112 17       		.uleb128 0x17
 1196 0113 2E       		.uleb128 0x2e
 1197 0114 01       		.byte	0x1
 1198 0115 3F       		.uleb128 0x3f
 1199 0116 19       		.uleb128 0x19
 1200 0117 03       		.uleb128 0x3
 1201 0118 0E       		.uleb128 0xe
 1202 0119 3A       		.uleb128 0x3a
 1203 011a 0B       		.uleb128 0xb
 1204 011b 3B       		.uleb128 0x3b
 1205 011c 0B       		.uleb128 0xb
 1206 011d 27       		.uleb128 0x27
 1207 011e 19       		.uleb128 0x19
 1208 011f 11       		.uleb128 0x11
 1209 0120 01       		.uleb128 0x1
 1210 0121 12       		.uleb128 0x12
 1211 0122 06       		.uleb128 0x6
 1212 0123 40       		.uleb128 0x40
 1213 0124 18       		.uleb128 0x18
 1214 0125 9742     		.uleb128 0x2117
 1215 0127 19       		.uleb128 0x19
 1216 0128 01       		.uleb128 0x1
 1217 0129 13       		.uleb128 0x13
 1218 012a 00       		.byte	0
 1219 012b 00       		.byte	0
 1220 012c 18       		.uleb128 0x18
 1221 012d 2E       		.uleb128 0x2e
 1222 012e 01       		.byte	0x1
 1223 012f 3F       		.uleb128 0x3f
 1224 0130 19       		.uleb128 0x19
 1225 0131 03       		.uleb128 0x3
 1226 0132 0E       		.uleb128 0xe
 1227 0133 3A       		.uleb128 0x3a
 1228 0134 0B       		.uleb128 0xb
 1229 0135 3B       		.uleb128 0x3b
 1230 0136 0B       		.uleb128 0xb
 1231 0137 27       		.uleb128 0x27
 1232 0138 19       		.uleb128 0x19
 1233 0139 3C       		.uleb128 0x3c
 1234 013a 19       		.uleb128 0x19
 1235 013b 01       		.uleb128 0x1
 1236 013c 13       		.uleb128 0x13
 1237 013d 00       		.byte	0
 1238 013e 00       		.byte	0
 1239 013f 19       		.uleb128 0x19
 1240 0140 2E       		.uleb128 0x2e
 1241 0141 01       		.byte	0x1
 1242 0142 3F       		.uleb128 0x3f
 1243 0143 19       		.uleb128 0x19
 1244 0144 03       		.uleb128 0x3
 1245 0145 0E       		.uleb128 0xe
 1246 0146 3A       		.uleb128 0x3a
 1247 0147 0B       		.uleb128 0xb
 1248 0148 3B       		.uleb128 0x3b
 1249 0149 0B       		.uleb128 0xb
ARM GAS  /var/folders/qh/xwg3v3kj02qbxczjpdb8lzfr0000gn/T//ccIzXn6j.s 			page 23


 1250 014a 27       		.uleb128 0x27
 1251 014b 19       		.uleb128 0x19
 1252 014c 3C       		.uleb128 0x3c
 1253 014d 19       		.uleb128 0x19
 1254 014e 00       		.byte	0
 1255 014f 00       		.byte	0
 1256 0150 00       		.byte	0
 1257              		.section	.debug_loc,"",%progbits
 1258              	.Ldebug_loc0:
 1259              	.LLST0:
 1260 0000 00000000 		.4byte	.LVL0
 1261 0004 0A000000 		.4byte	.LVL1
 1262 0008 0100     		.2byte	0x1
 1263 000a 50       		.byte	0x50
 1264 000b 0A000000 		.4byte	.LVL1
 1265 000f 1C000000 		.4byte	.LVL4
 1266 0013 0100     		.2byte	0x1
 1267 0015 54       		.byte	0x54
 1268 0016 1C000000 		.4byte	.LVL4
 1269 001a 24000000 		.4byte	.LFE7
 1270 001e 0400     		.2byte	0x4
 1271 0020 F3       		.byte	0xf3
 1272 0021 01       		.uleb128 0x1
 1273 0022 50       		.byte	0x50
 1274 0023 9F       		.byte	0x9f
 1275 0024 00000000 		.4byte	0
 1276 0028 00000000 		.4byte	0
 1277              	.LLST2:
 1278 002c 00000000 		.4byte	.LVL5
 1279 0030 0C000000 		.4byte	.LVL6
 1280 0034 0100     		.2byte	0x1
 1281 0036 50       		.byte	0x50
 1282 0037 0C000000 		.4byte	.LVL6
 1283 003b 10000000 		.4byte	.LVL7
 1284 003f 0400     		.2byte	0x4
 1285 0041 F3       		.byte	0xf3
 1286 0042 01       		.uleb128 0x1
 1287 0043 50       		.byte	0x50
 1288 0044 9F       		.byte	0x9f
 1289 0045 10000000 		.4byte	.LVL7
 1290 0049 17000000 		.4byte	.LVL8-1
 1291 004d 0100     		.2byte	0x1
 1292 004f 50       		.byte	0x50
 1293 0050 17000000 		.4byte	.LVL8-1
 1294 0054 20000000 		.4byte	.LFE8
 1295 0058 0400     		.2byte	0x4
 1296 005a F3       		.byte	0xf3
 1297 005b 01       		.uleb128 0x1
 1298 005c 50       		.byte	0x50
 1299 005d 9F       		.byte	0x9f
 1300 005e 00000000 		.4byte	0
 1301 0062 00000000 		.4byte	0
 1302              	.LLST3:
 1303 0066 00000000 		.4byte	.LVL9
 1304 006a 0D000000 		.4byte	.LVL10-1
 1305 006e 0100     		.2byte	0x1
 1306 0070 50       		.byte	0x50
ARM GAS  /var/folders/qh/xwg3v3kj02qbxczjpdb8lzfr0000gn/T//ccIzXn6j.s 			page 24


 1307 0071 0D000000 		.4byte	.LVL10-1
 1308 0075 12000000 		.4byte	.LFE9
 1309 0079 0400     		.2byte	0x4
 1310 007b F3       		.byte	0xf3
 1311 007c 01       		.uleb128 0x1
 1312 007d 50       		.byte	0x50
 1313 007e 9F       		.byte	0x9f
 1314 007f 00000000 		.4byte	0
 1315 0083 00000000 		.4byte	0
 1316              		.section	.debug_aranges,"",%progbits
 1317 0000 2C000000 		.4byte	0x2c
 1318 0004 0200     		.2byte	0x2
 1319 0006 00000000 		.4byte	.Ldebug_info0
 1320 000a 04       		.byte	0x4
 1321 000b 00       		.byte	0
 1322 000c 0000     		.2byte	0
 1323 000e 0000     		.2byte	0
 1324 0010 00000000 		.4byte	.LFB7
 1325 0014 24000000 		.4byte	.LFE7-.LFB7
 1326 0018 00000000 		.4byte	.LFB8
 1327 001c 20000000 		.4byte	.LFE8-.LFB8
 1328 0020 00000000 		.4byte	.LFB9
 1329 0024 12000000 		.4byte	.LFE9-.LFB9
 1330 0028 00000000 		.4byte	0
 1331 002c 00000000 		.4byte	0
 1332              		.section	.debug_ranges,"",%progbits
 1333              	.Ldebug_ranges0:
 1334 0000 00000000 		.4byte	.LFB7
 1335 0004 24000000 		.4byte	.LFE7
 1336 0008 00000000 		.4byte	.LFB8
 1337 000c 20000000 		.4byte	.LFE8
 1338 0010 00000000 		.4byte	.LFB9
 1339 0014 12000000 		.4byte	.LFE9
 1340 0018 00000000 		.4byte	0
 1341 001c 00000000 		.4byte	0
 1342              		.section	.debug_line,"",%progbits
 1343              	.Ldebug_line0:
 1344 0000 6F010000 		.section	.debug_str,"MS",%progbits,1
 1344      02001E01 
 1344      00000201 
 1344      FB0E0D00 
 1344      01010101 
 1345              	.LASF73:
 1346 0000 65745F69 		.ascii	"et_interval\000"
 1346      6E746572 
 1346      76616C00 
 1347              	.LASF37:
 1348 000c 705F6D73 		.ascii	"p_msg\000"
 1348      6700
 1349              	.LASF66:
 1350 0012 7264796D 		.ascii	"rdymsg\000"
 1350      736700
 1351              	.LASF11:
 1352 0019 6C6F6E67 		.ascii	"long long unsigned int\000"
 1352      206C6F6E 
 1352      6720756E 
 1352      7369676E 
ARM GAS  /var/folders/qh/xwg3v3kj02qbxczjpdb8lzfr0000gn/T//ccIzXn6j.s 			page 25


 1352      65642069 
 1353              	.LASF67:
 1354 0030 65786974 		.ascii	"exitcode\000"
 1354      636F6465 
 1354      00
 1355              	.LASF75:
 1356 0039 65767453 		.ascii	"evtStart\000"
 1356      74617274 
 1356      00
 1357              	.LASF25:
 1358 0042 705F7072 		.ascii	"p_prio\000"
 1358      696F00
 1359              	.LASF10:
 1360 0049 6C6F6E67 		.ascii	"long long int\000"
 1360      206C6F6E 
 1360      6720696E 
 1360      7400
 1361              	.LASF1:
 1362 0057 7369676E 		.ascii	"signed char\000"
 1362      65642063 
 1362      68617200 
 1363              	.LASF74:
 1364 0063 45765469 		.ascii	"EvTimer\000"
 1364      6D657200 
 1365              	.LASF41:
 1366 006b 705F6D70 		.ascii	"p_mpool\000"
 1366      6F6F6C00 
 1367              	.LASF56:
 1368 0073 6D5F7175 		.ascii	"m_queue\000"
 1368      65756500 
 1369              	.LASF16:
 1370 007b 74736C69 		.ascii	"tslices_t\000"
 1370      6365735F 
 1370      7400
 1371              	.LASF7:
 1372 0085 6C6F6E67 		.ascii	"long int\000"
 1372      20696E74 
 1372      00
 1373              	.LASF14:
 1374 008e 74737461 		.ascii	"tstate_t\000"
 1374      74655F74 
 1374      00
 1375              	.LASF77:
 1376 0097 63684576 		.ascii	"chEvtBroadcastFlagsI\000"
 1376      7442726F 
 1376      61646361 
 1376      7374466C 
 1376      61677349 
 1377              	.LASF27:
 1378 00ac 705F6E65 		.ascii	"p_newer\000"
 1378      77657200 
 1379              	.LASF44:
 1380 00b4 72656761 		.ascii	"regarm_t\000"
 1380      726D5F74 
 1380      00
 1381              	.LASF51:
 1382 00bd 76745F70 		.ascii	"vt_prev\000"
ARM GAS  /var/folders/qh/xwg3v3kj02qbxczjpdb8lzfr0000gn/T//ccIzXn6j.s 			page 26


 1382      72657600 
 1383              	.LASF64:
 1384 00c5 4576656E 		.ascii	"EventSource\000"
 1384      74536F75 
 1384      72636500 
 1385              	.LASF0:
 1386 00d1 756E7369 		.ascii	"unsigned int\000"
 1386      676E6564 
 1386      20696E74 
 1386      00
 1387              	.LASF50:
 1388 00de 76745F6E 		.ascii	"vt_next\000"
 1388      65787400 
 1389              	.LASF9:
 1390 00e6 6C6F6E67 		.ascii	"long unsigned int\000"
 1390      20756E73 
 1390      69676E65 
 1390      6420696E 
 1390      7400
 1391              	.LASF81:
 1392 00f8 2F557365 		.ascii	"/Users/John/Development/embedded/ChibiOS-RT/BluC/ST"
 1392      72732F4A 
 1392      6F686E2F 
 1392      44657665 
 1392      6C6F706D 
 1393 012b 4D333246 		.ascii	"M32F051\000"
 1393      30353100 
 1394              	.LASF46:
 1395 0133 636F6E74 		.ascii	"context\000"
 1395      65787400 
 1396              	.LASF4:
 1397 013b 73686F72 		.ascii	"short unsigned int\000"
 1397      7420756E 
 1397      7369676E 
 1397      65642069 
 1397      6E7400
 1398              	.LASF18:
 1399 014e 6D73675F 		.ascii	"msg_t\000"
 1399      7400
 1400              	.LASF60:
 1401 0154 656C5F6E 		.ascii	"el_next\000"
 1401      65787400 
 1402              	.LASF13:
 1403 015c 746D6F64 		.ascii	"tmode_t\000"
 1403      655F7400 
 1404              	.LASF43:
 1405 0164 54687265 		.ascii	"ThreadsList\000"
 1405      6164734C 
 1405      69737400 
 1406              	.LASF19:
 1407 0170 6576656E 		.ascii	"eventmask_t\000"
 1407      746D6173 
 1407      6B5F7400 
 1408              	.LASF55:
 1409 017c 4D757465 		.ascii	"Mutex\000"
 1409      7800
 1410              	.LASF52:
ARM GAS  /var/folders/qh/xwg3v3kj02qbxczjpdb8lzfr0000gn/T//ccIzXn6j.s 			page 27


 1411 0182 76745F74 		.ascii	"vt_time\000"
 1411      696D6500 
 1412              	.LASF72:
 1413 018a 65745F65 		.ascii	"et_es\000"
 1413      7300
 1414              	.LASF47:
 1415 0190 73697A65 		.ascii	"sizetype\000"
 1415      74797065 
 1415      00
 1416              	.LASF53:
 1417 0199 76745F66 		.ascii	"vt_func\000"
 1417      756E6300 
 1418              	.LASF79:
 1419 01a1 474E5520 		.ascii	"GNU C 4.8.3 20131129 (release) [ARM/embedded-4_8-br"
 1419      4320342E 
 1419      382E3320 
 1419      32303133 
 1419      31313239 
 1420 01d4 616E6368 		.ascii	"anch revision 205641] -mcpu=cortex-m0 -mno-thumb-in"
 1420      20726576 
 1420      6973696F 
 1420      6E203230 
 1420      35363431 
 1421 0207 74657277 		.ascii	"terwork -mthumb -ggdb -O2 -fomit-frame-pointer -fal"
 1421      6F726B20 
 1421      2D6D7468 
 1421      756D6220 
 1421      2D676764 
 1422 023a 69676E2D 		.ascii	"ign-functions=16 -ffunction-sections -fdata-section"
 1422      66756E63 
 1422      74696F6E 
 1422      733D3136 
 1422      202D6666 
 1423 026d 73202D66 		.ascii	"s -fno-common\000"
 1423      6E6F2D63 
 1423      6F6D6D6F 
 1423      6E00
 1424              	.LASF78:
 1425 027b 63685654 		.ascii	"chVTSetI\000"
 1425      53657449 
 1425      00
 1426              	.LASF28:
 1427 0284 705F6F6C 		.ascii	"p_older\000"
 1427      64657200 
 1428              	.LASF42:
 1429 028c 54687265 		.ascii	"ThreadsQueue\000"
 1429      61647351 
 1429      75657565 
 1429      00
 1430              	.LASF62:
 1431 0299 656C5F6D 		.ascii	"el_mask\000"
 1431      61736B00 
 1432              	.LASF15:
 1433 02a1 74726566 		.ascii	"trefs_t\000"
 1433      735F7400 
 1434              	.LASF24:
 1435 02a9 705F7072 		.ascii	"p_prev\000"
ARM GAS  /var/folders/qh/xwg3v3kj02qbxczjpdb8lzfr0000gn/T//ccIzXn6j.s 			page 28


 1435      657600
 1436              	.LASF17:
 1437 02b0 74707269 		.ascii	"tprio_t\000"
 1437      6F5F7400 
 1438              	.LASF12:
 1439 02b8 5F426F6F 		.ascii	"_Bool\000"
 1439      6C00
 1440              	.LASF6:
 1441 02be 696E7433 		.ascii	"int32_t\000"
 1441      325F7400 
 1442              	.LASF2:
 1443 02c6 756E7369 		.ascii	"unsigned char\000"
 1443      676E6564 
 1443      20636861 
 1443      7200
 1444              	.LASF61:
 1445 02d4 656C5F6C 		.ascii	"el_listener\000"
 1445      69737465 
 1445      6E657200 
 1446              	.LASF63:
 1447 02e0 656C5F66 		.ascii	"el_flags\000"
 1447      6C616773 
 1447      00
 1448              	.LASF39:
 1449 02e9 705F6D74 		.ascii	"p_mtxlist\000"
 1449      786C6973 
 1449      7400
 1450              	.LASF3:
 1451 02f3 73686F72 		.ascii	"short int\000"
 1451      7420696E 
 1451      7400
 1452              	.LASF30:
 1453 02fd 705F7374 		.ascii	"p_state\000"
 1453      61746500 
 1454              	.LASF33:
 1455 0305 705F7072 		.ascii	"p_preempt\000"
 1455      65656D70 
 1455      7400
 1456              	.LASF69:
 1457 030f 65776D61 		.ascii	"ewmask\000"
 1457      736B00
 1458              	.LASF23:
 1459 0316 705F6E65 		.ascii	"p_next\000"
 1459      787400
 1460              	.LASF31:
 1461 031d 705F666C 		.ascii	"p_flags\000"
 1461      61677300 
 1462              	.LASF22:
 1463 0325 54687265 		.ascii	"Thread\000"
 1463      616400
 1464              	.LASF83:
 1465 032c 63685654 		.ascii	"chVTResetI\000"
 1465      52657365 
 1465      744900
 1466              	.LASF38:
 1467 0337 705F6570 		.ascii	"p_epending\000"
 1467      656E6469 
ARM GAS  /var/folders/qh/xwg3v3kj02qbxczjpdb8lzfr0000gn/T//ccIzXn6j.s 			page 29


 1467      6E6700
 1468              	.LASF8:
 1469 0342 75696E74 		.ascii	"uint32_t\000"
 1469      33325F74 
 1469      00
 1470              	.LASF49:
 1471 034b 56697274 		.ascii	"VirtualTimer\000"
 1471      75616C54 
 1471      696D6572 
 1471      00
 1472              	.LASF70:
 1473 0358 63686172 		.ascii	"char\000"
 1473      00
 1474              	.LASF82:
 1475 035d 746D7263 		.ascii	"tmrcb\000"
 1475      6200
 1476              	.LASF58:
 1477 0363 6D5F6E65 		.ascii	"m_next\000"
 1477      787400
 1478              	.LASF21:
 1479 036a 73797374 		.ascii	"systime_t\000"
 1479      696D655F 
 1479      7400
 1480              	.LASF40:
 1481 0374 705F7265 		.ascii	"p_realprio\000"
 1481      616C7072 
 1481      696F00
 1482              	.LASF48:
 1483 037f 76746675 		.ascii	"vtfunc_t\000"
 1483      6E635F74 
 1483      00
 1484              	.LASF76:
 1485 0388 65767453 		.ascii	"evtStop\000"
 1485      746F7000 
 1486              	.LASF34:
 1487 0390 705F7469 		.ascii	"p_time\000"
 1487      6D6500
 1488              	.LASF45:
 1489 0397 696E7463 		.ascii	"intctx\000"
 1489      747800
 1490              	.LASF36:
 1491 039e 705F6D73 		.ascii	"p_msgqueue\000"
 1491      67717565 
 1491      756500
 1492              	.LASF54:
 1493 03a9 76745F70 		.ascii	"vt_par\000"
 1493      617200
 1494              	.LASF20:
 1495 03b0 666C6167 		.ascii	"flagsmask_t\000"
 1495      736D6173 
 1495      6B5F7400 
 1496              	.LASF32:
 1497 03bc 705F7265 		.ascii	"p_refs\000"
 1497      667300
 1498              	.LASF5:
 1499 03c3 75696E74 		.ascii	"uint8_t\000"
 1499      385F7400 
ARM GAS  /var/folders/qh/xwg3v3kj02qbxczjpdb8lzfr0000gn/T//ccIzXn6j.s 			page 30


 1500              	.LASF59:
 1501 03cb 4576656E 		.ascii	"EventListener\000"
 1501      744C6973 
 1501      74656E65 
 1501      7200
 1502              	.LASF68:
 1503 03d9 77746F62 		.ascii	"wtobjp\000"
 1503      6A7000
 1504              	.LASF29:
 1505 03e0 705F6E61 		.ascii	"p_name\000"
 1505      6D6500
 1506              	.LASF65:
 1507 03e7 65735F6E 		.ascii	"es_next\000"
 1507      65787400 
 1508              	.LASF71:
 1509 03ef 65745F76 		.ascii	"et_vt\000"
 1509      7400
 1510              	.LASF57:
 1511 03f5 6D5F6F77 		.ascii	"m_owner\000"
 1511      6E657200 
 1512              	.LASF26:
 1513 03fd 705F6374 		.ascii	"p_ctx\000"
 1513      7800
 1514              	.LASF35:
 1515 0403 705F7761 		.ascii	"p_waiting\000"
 1515      6974696E 
 1515      6700
 1516              	.LASF80:
 1517 040d 2E2E2F2E 		.ascii	"../../os/various/evtimer.c\000"
 1517      2E2F6F73 
 1517      2F766172 
 1517      696F7573 
 1517      2F657674 
 1518              		.ident	"GCC: (GNU Tools for ARM Embedded Processors) 4.8.3 20131129 (release) [ARM/embedded-4_8-br
ARM GAS  /var/folders/qh/xwg3v3kj02qbxczjpdb8lzfr0000gn/T//ccIzXn6j.s 			page 31


DEFINED SYMBOLS
                            *ABS*:0000000000000000 evtimer.c
/var/folders/qh/xwg3v3kj02qbxczjpdb8lzfr0000gn/T//ccIzXn6j.s:18     .text.tmrcb:0000000000000000 $t
/var/folders/qh/xwg3v3kj02qbxczjpdb8lzfr0000gn/T//ccIzXn6j.s:23     .text.tmrcb:0000000000000000 tmrcb
/var/folders/qh/xwg3v3kj02qbxczjpdb8lzfr0000gn/T//ccIzXn6j.s:65     .text.tmrcb:0000000000000020 $d
/var/folders/qh/xwg3v3kj02qbxczjpdb8lzfr0000gn/T//ccIzXn6j.s:70     .text.evtStart:0000000000000000 $t
/var/folders/qh/xwg3v3kj02qbxczjpdb8lzfr0000gn/T//ccIzXn6j.s:76     .text.evtStart:0000000000000000 evtStart
/var/folders/qh/xwg3v3kj02qbxczjpdb8lzfr0000gn/T//ccIzXn6j.s:117    .text.evtStart:000000000000001c $d
/var/folders/qh/xwg3v3kj02qbxczjpdb8lzfr0000gn/T//ccIzXn6j.s:122    .text.evtStop:0000000000000000 $t
/var/folders/qh/xwg3v3kj02qbxczjpdb8lzfr0000gn/T//ccIzXn6j.s:128    .text.evtStop:0000000000000000 evtStop
                     .debug_frame:0000000000000010 $d
/var/folders/qh/xwg3v3kj02qbxczjpdb8lzfr0000gn/T//ccIzXn6j.s:69     .text.tmrcb:0000000000000024 $t

UNDEFINED SYMBOLS
chEvtBroadcastFlagsI
chVTSetI
chVTResetI
