ARM GAS  /var/folders/qh/xwg3v3kj02qbxczjpdb8lzfr0000gn/T//ccuHxkIY.s 			page 1


   1              		.cpu cortex-m0
   2              		.fpu softvfp
   3              		.eabi_attribute 20, 1
   4              		.eabi_attribute 21, 1
   5              		.eabi_attribute 23, 3
   6              		.eabi_attribute 24, 1
   7              		.eabi_attribute 25, 1
   8              		.eabi_attribute 26, 1
   9              		.eabi_attribute 30, 2
  10              		.eabi_attribute 34, 0
  11              		.eabi_attribute 18, 4
  12              		.code	16
  13              		.file	"hal.c"
  14              		.text
  15              	.Ltext0:
  16              		.cfi_sections	.debug_frame
  17              		.section	.text.halInit,"ax",%progbits
  18              		.align	2
  19              		.p2align 4,,15
  20              		.global	halInit
  21              		.code	16
  22              		.thumb_func
  23              		.type	halInit, %function
  24              	halInit:
  25              	.LFB40:
  26              		.file 1 "../../os/hal/src/hal.c"
  27              		.loc 1 61 0
  28              		.cfi_startproc
  29 0000 08B5     		push	{r3, lr}
  30              		.cfi_def_cfa_offset 8
  31              		.cfi_offset 3, -8
  32              		.cfi_offset 14, -4
  33              		.loc 1 63 0
  34 0002 FFF7FEFF 		bl	hal_lld_init
  35              	.LVL0:
  36              		.loc 1 69 0
  37 0006 0548     		ldr	r0, .L2
  38 0008 FFF7FEFF 		bl	_pal_lld_init
  39              	.LVL1:
  40              		.loc 1 121 0
  41              		@ sp needed
  42              		.loc 1 72 0
  43 000c FFF7FEFF 		bl	adcInit
  44              	.LVL2:
  45              		.loc 1 96 0
  46 0010 FFF7FEFF 		bl	sdInit
  47              	.LVL3:
  48              		.loc 1 120 0
  49 0014 FFF7FEFF 		bl	boardInit
  50              	.LVL4:
  51              		.loc 1 121 0
  52 0018 08BD     		pop	{r3, pc}
  53              	.L3:
  54 001a C046     		.align	2
  55              	.L2:
  56 001c 00000000 		.word	pal_default_config
  57              		.cfi_endproc
ARM GAS  /var/folders/qh/xwg3v3kj02qbxczjpdb8lzfr0000gn/T//ccuHxkIY.s 			page 2


  58              	.LFE40:
  59              		.size	halInit, .-halInit
  60              		.text
  61              	.Letext0:
  62              		.file 2 "../../os/hal/platforms/STM32/GPIOv2/pal_lld.h"
  63              		.file 3 "/usr/local/Cellar/gcc-arm-none-eabi-48/20131218/arm-none-eabi/include/stdint.h"
  64              		.file 4 "../../os/hal/platforms/STM32F0xx/hal_lld.h"
  65              		.file 5 "../../os/hal/include/adc.h"
  66              		.file 6 "../../os/hal/include/serial.h"
  67              		.file 7 "../../boards/ST_STM32F0_DISCOVERY/board.h"
  68              		.section	.debug_info,"",%progbits
  69              	.Ldebug_info0:
  70 0000 CC010000 		.4byte	0x1cc
  71 0004 0400     		.2byte	0x4
  72 0006 00000000 		.4byte	.Ldebug_abbrev0
  73 000a 04       		.byte	0x4
  74 000b 01       		.uleb128 0x1
  75 000c 3B000000 		.4byte	.LASF30
  76 0010 01       		.byte	0x1
  77 0011 0C020000 		.4byte	.LASF31
  78 0015 00000000 		.4byte	.LASF32
  79 0019 00000000 		.4byte	.Ldebug_ranges0+0
  80 001d 00000000 		.4byte	0
  81 0021 00000000 		.4byte	.Ldebug_line0
  82 0025 02       		.uleb128 0x2
  83 0026 04       		.byte	0x4
  84 0027 05       		.byte	0x5
  85 0028 696E7400 		.ascii	"int\000"
  86 002c 03       		.uleb128 0x3
  87 002d 04       		.byte	0x4
  88 002e 07       		.byte	0x7
  89 002f DE010000 		.4byte	.LASF0
  90 0033 03       		.uleb128 0x3
  91 0034 01       		.byte	0x1
  92 0035 06       		.byte	0x6
  93 0036 6F020000 		.4byte	.LASF1
  94 003a 03       		.uleb128 0x3
  95 003b 01       		.byte	0x1
  96 003c 08       		.byte	0x8
  97 003d 5B010000 		.4byte	.LASF2
  98 0041 03       		.uleb128 0x3
  99 0042 02       		.byte	0x2
 100 0043 05       		.byte	0x5
 101 0044 46020000 		.4byte	.LASF3
 102 0048 03       		.uleb128 0x3
 103 0049 02       		.byte	0x2
 104 004a 07       		.byte	0x7
 105 004b 39010000 		.4byte	.LASF4
 106 004f 03       		.uleb128 0x3
 107 0050 04       		.byte	0x4
 108 0051 05       		.byte	0x5
 109 0052 60020000 		.4byte	.LASF5
 110 0056 04       		.uleb128 0x4
 111 0057 57020000 		.4byte	.LASF18
 112 005b 03       		.byte	0x3
 113 005c 50       		.byte	0x50
 114 005d 61000000 		.4byte	0x61
ARM GAS  /var/folders/qh/xwg3v3kj02qbxczjpdb8lzfr0000gn/T//ccuHxkIY.s 			page 3


 115 0061 03       		.uleb128 0x3
 116 0062 04       		.byte	0x4
 117 0063 07       		.byte	0x7
 118 0064 83010000 		.4byte	.LASF6
 119 0068 03       		.uleb128 0x3
 120 0069 08       		.byte	0x8
 121 006a 05       		.byte	0x5
 122 006b 2C020000 		.4byte	.LASF7
 123 006f 03       		.uleb128 0x3
 124 0070 08       		.byte	0x8
 125 0071 07       		.byte	0x7
 126 0072 EB010000 		.4byte	.LASF8
 127 0076 03       		.uleb128 0x3
 128 0077 01       		.byte	0x1
 129 0078 02       		.byte	0x2
 130 0079 7B020000 		.4byte	.LASF9
 131 007d 03       		.uleb128 0x3
 132 007e 04       		.byte	0x4
 133 007f 07       		.byte	0x7
 134 0080 23020000 		.4byte	.LASF10
 135 0084 03       		.uleb128 0x3
 136 0085 01       		.byte	0x1
 137 0086 08       		.byte	0x8
 138 0087 3A020000 		.4byte	.LASF11
 139 008b 05       		.uleb128 0x5
 140 008c 1C       		.byte	0x1c
 141 008d 02       		.byte	0x2
 142 008e A3       		.byte	0xa3
 143 008f E8000000 		.4byte	0xe8
 144 0093 06       		.uleb128 0x6
 145 0094 69020000 		.4byte	.LASF12
 146 0098 02       		.byte	0x2
 147 0099 A5       		.byte	0xa5
 148 009a 56000000 		.4byte	0x56
 149 009e 00       		.byte	0
 150 009f 06       		.uleb128 0x6
 151 00a0 4C010000 		.4byte	.LASF13
 152 00a4 02       		.byte	0x2
 153 00a5 A7       		.byte	0xa7
 154 00a6 56000000 		.4byte	0x56
 155 00aa 04       		.byte	0x4
 156 00ab 06       		.uleb128 0x6
 157 00ac 1C010000 		.4byte	.LASF14
 158 00b0 02       		.byte	0x2
 159 00b1 A9       		.byte	0xa9
 160 00b2 56000000 		.4byte	0x56
 161 00b6 08       		.byte	0x8
 162 00b7 06       		.uleb128 0x6
 163 00b8 D1010000 		.4byte	.LASF15
 164 00bc 02       		.byte	0x2
 165 00bd AB       		.byte	0xab
 166 00be 56000000 		.4byte	0x56
 167 00c2 0C       		.byte	0xc
 168 00c3 07       		.uleb128 0x7
 169 00c4 6F647200 		.ascii	"odr\000"
 170 00c8 02       		.byte	0x2
 171 00c9 AD       		.byte	0xad
ARM GAS  /var/folders/qh/xwg3v3kj02qbxczjpdb8lzfr0000gn/T//ccuHxkIY.s 			page 4


 172 00ca 56000000 		.4byte	0x56
 173 00ce 10       		.byte	0x10
 174 00cf 06       		.uleb128 0x6
 175 00d0 A7010000 		.4byte	.LASF16
 176 00d4 02       		.byte	0x2
 177 00d5 AF       		.byte	0xaf
 178 00d6 56000000 		.4byte	0x56
 179 00da 14       		.byte	0x14
 180 00db 06       		.uleb128 0x6
 181 00dc A2010000 		.4byte	.LASF17
 182 00e0 02       		.byte	0x2
 183 00e1 B1       		.byte	0xb1
 184 00e2 56000000 		.4byte	0x56
 185 00e6 18       		.byte	0x18
 186 00e7 00       		.byte	0
 187 00e8 04       		.uleb128 0x4
 188 00e9 69010000 		.4byte	.LASF19
 189 00ed 02       		.byte	0x2
 190 00ee B2       		.byte	0xb2
 191 00ef 8B000000 		.4byte	0x8b
 192 00f3 05       		.uleb128 0x5
 193 00f4 8C       		.byte	0x8c
 194 00f5 02       		.byte	0x2
 195 00f6 BB       		.byte	0xbb
 196 00f7 38010000 		.4byte	0x138
 197 00fb 06       		.uleb128 0x6
 198 00fc 7C010000 		.4byte	.LASF20
 199 0100 02       		.byte	0x2
 200 0101 BE       		.byte	0xbe
 201 0102 E8000000 		.4byte	0xe8
 202 0106 00       		.byte	0
 203 0107 06       		.uleb128 0x6
 204 0108 24010000 		.4byte	.LASF21
 205 010c 02       		.byte	0x2
 206 010d C2       		.byte	0xc2
 207 010e E8000000 		.4byte	0xe8
 208 0112 1C       		.byte	0x1c
 209 0113 06       		.uleb128 0x6
 210 0114 50020000 		.4byte	.LASF22
 211 0118 02       		.byte	0x2
 212 0119 C6       		.byte	0xc6
 213 011a E8000000 		.4byte	0xe8
 214 011e 38       		.byte	0x38
 215 011f 06       		.uleb128 0x6
 216 0120 15010000 		.4byte	.LASF23
 217 0124 02       		.byte	0x2
 218 0125 CA       		.byte	0xca
 219 0126 E8000000 		.4byte	0xe8
 220 012a 54       		.byte	0x54
 221 012b 06       		.uleb128 0x6
 222 012c D7010000 		.4byte	.LASF24
 223 0130 02       		.byte	0x2
 224 0131 D2       		.byte	0xd2
 225 0132 E8000000 		.4byte	0xe8
 226 0136 70       		.byte	0x70
 227 0137 00       		.byte	0
 228 0138 04       		.uleb128 0x4
ARM GAS  /var/folders/qh/xwg3v3kj02qbxczjpdb8lzfr0000gn/T//ccuHxkIY.s 			page 5


 229 0139 AC010000 		.4byte	.LASF25
 230 013d 02       		.byte	0x2
 231 013e E0       		.byte	0xe0
 232 013f F3000000 		.4byte	0xf3
 233 0143 08       		.uleb128 0x8
 234 0144 53010000 		.4byte	.LASF33
 235 0148 01       		.byte	0x1
 236 0149 3D       		.byte	0x3d
 237 014a 00000000 		.4byte	.LFB40
 238 014e 20000000 		.4byte	.LFE40-.LFB40
 239 0152 01       		.uleb128 0x1
 240 0153 9C       		.byte	0x9c
 241 0154 86010000 		.4byte	0x186
 242 0158 09       		.uleb128 0x9
 243 0159 06000000 		.4byte	.LVL0
 244 015d 97010000 		.4byte	0x197
 245 0161 09       		.uleb128 0x9
 246 0162 0C000000 		.4byte	.LVL1
 247 0166 9F010000 		.4byte	0x19f
 248 016a 09       		.uleb128 0x9
 249 016b 10000000 		.4byte	.LVL2
 250 016f B7010000 		.4byte	0x1b7
 251 0173 09       		.uleb128 0x9
 252 0174 14000000 		.4byte	.LVL3
 253 0178 BF010000 		.4byte	0x1bf
 254 017c 09       		.uleb128 0x9
 255 017d 18000000 		.4byte	.LVL4
 256 0181 C7010000 		.4byte	0x1c7
 257 0185 00       		.byte	0
 258 0186 0A       		.uleb128 0xa
 259 0187 B6010000 		.4byte	.LASF34
 260 018b 02       		.byte	0x2
 261 018c BC01     		.2byte	0x1bc
 262 018e 92010000 		.4byte	0x192
 263 0192 0B       		.uleb128 0xb
 264 0193 38010000 		.4byte	0x138
 265 0197 0C       		.uleb128 0xc
 266 0198 95010000 		.4byte	.LASF26
 267 019c 04       		.byte	0x4
 268 019d 1403     		.2byte	0x314
 269 019f 0D       		.uleb128 0xd
 270 01a0 2B010000 		.4byte	.LASF35
 271 01a4 02       		.byte	0x2
 272 01a5 C101     		.2byte	0x1c1
 273 01a7 B1010000 		.4byte	0x1b1
 274 01ab 0E       		.uleb128 0xe
 275 01ac B1010000 		.4byte	0x1b1
 276 01b0 00       		.byte	0
 277 01b1 0F       		.uleb128 0xf
 278 01b2 04       		.byte	0x4
 279 01b3 92010000 		.4byte	0x192
 280 01b7 0C       		.uleb128 0xc
 281 01b8 C9010000 		.4byte	.LASF27
 282 01bc 05       		.byte	0x5
 283 01bd 1501     		.2byte	0x115
 284 01bf 0C       		.uleb128 0xc
 285 01c0 3F020000 		.4byte	.LASF28
ARM GAS  /var/folders/qh/xwg3v3kj02qbxczjpdb8lzfr0000gn/T//ccuHxkIY.s 			page 6


 286 01c4 06       		.byte	0x6
 287 01c5 2E01     		.2byte	0x12e
 288 01c7 0C       		.uleb128 0xc
 289 01c8 02020000 		.4byte	.LASF29
 290 01cc 07       		.byte	0x7
 291 01cd EF02     		.2byte	0x2ef
 292 01cf 00       		.byte	0
 293              		.section	.debug_abbrev,"",%progbits
 294              	.Ldebug_abbrev0:
 295 0000 01       		.uleb128 0x1
 296 0001 11       		.uleb128 0x11
 297 0002 01       		.byte	0x1
 298 0003 25       		.uleb128 0x25
 299 0004 0E       		.uleb128 0xe
 300 0005 13       		.uleb128 0x13
 301 0006 0B       		.uleb128 0xb
 302 0007 03       		.uleb128 0x3
 303 0008 0E       		.uleb128 0xe
 304 0009 1B       		.uleb128 0x1b
 305 000a 0E       		.uleb128 0xe
 306 000b 55       		.uleb128 0x55
 307 000c 17       		.uleb128 0x17
 308 000d 11       		.uleb128 0x11
 309 000e 01       		.uleb128 0x1
 310 000f 10       		.uleb128 0x10
 311 0010 17       		.uleb128 0x17
 312 0011 00       		.byte	0
 313 0012 00       		.byte	0
 314 0013 02       		.uleb128 0x2
 315 0014 24       		.uleb128 0x24
 316 0015 00       		.byte	0
 317 0016 0B       		.uleb128 0xb
 318 0017 0B       		.uleb128 0xb
 319 0018 3E       		.uleb128 0x3e
 320 0019 0B       		.uleb128 0xb
 321 001a 03       		.uleb128 0x3
 322 001b 08       		.uleb128 0x8
 323 001c 00       		.byte	0
 324 001d 00       		.byte	0
 325 001e 03       		.uleb128 0x3
 326 001f 24       		.uleb128 0x24
 327 0020 00       		.byte	0
 328 0021 0B       		.uleb128 0xb
 329 0022 0B       		.uleb128 0xb
 330 0023 3E       		.uleb128 0x3e
 331 0024 0B       		.uleb128 0xb
 332 0025 03       		.uleb128 0x3
 333 0026 0E       		.uleb128 0xe
 334 0027 00       		.byte	0
 335 0028 00       		.byte	0
 336 0029 04       		.uleb128 0x4
 337 002a 16       		.uleb128 0x16
 338 002b 00       		.byte	0
 339 002c 03       		.uleb128 0x3
 340 002d 0E       		.uleb128 0xe
 341 002e 3A       		.uleb128 0x3a
 342 002f 0B       		.uleb128 0xb
ARM GAS  /var/folders/qh/xwg3v3kj02qbxczjpdb8lzfr0000gn/T//ccuHxkIY.s 			page 7


 343 0030 3B       		.uleb128 0x3b
 344 0031 0B       		.uleb128 0xb
 345 0032 49       		.uleb128 0x49
 346 0033 13       		.uleb128 0x13
 347 0034 00       		.byte	0
 348 0035 00       		.byte	0
 349 0036 05       		.uleb128 0x5
 350 0037 13       		.uleb128 0x13
 351 0038 01       		.byte	0x1
 352 0039 0B       		.uleb128 0xb
 353 003a 0B       		.uleb128 0xb
 354 003b 3A       		.uleb128 0x3a
 355 003c 0B       		.uleb128 0xb
 356 003d 3B       		.uleb128 0x3b
 357 003e 0B       		.uleb128 0xb
 358 003f 01       		.uleb128 0x1
 359 0040 13       		.uleb128 0x13
 360 0041 00       		.byte	0
 361 0042 00       		.byte	0
 362 0043 06       		.uleb128 0x6
 363 0044 0D       		.uleb128 0xd
 364 0045 00       		.byte	0
 365 0046 03       		.uleb128 0x3
 366 0047 0E       		.uleb128 0xe
 367 0048 3A       		.uleb128 0x3a
 368 0049 0B       		.uleb128 0xb
 369 004a 3B       		.uleb128 0x3b
 370 004b 0B       		.uleb128 0xb
 371 004c 49       		.uleb128 0x49
 372 004d 13       		.uleb128 0x13
 373 004e 38       		.uleb128 0x38
 374 004f 0B       		.uleb128 0xb
 375 0050 00       		.byte	0
 376 0051 00       		.byte	0
 377 0052 07       		.uleb128 0x7
 378 0053 0D       		.uleb128 0xd
 379 0054 00       		.byte	0
 380 0055 03       		.uleb128 0x3
 381 0056 08       		.uleb128 0x8
 382 0057 3A       		.uleb128 0x3a
 383 0058 0B       		.uleb128 0xb
 384 0059 3B       		.uleb128 0x3b
 385 005a 0B       		.uleb128 0xb
 386 005b 49       		.uleb128 0x49
 387 005c 13       		.uleb128 0x13
 388 005d 38       		.uleb128 0x38
 389 005e 0B       		.uleb128 0xb
 390 005f 00       		.byte	0
 391 0060 00       		.byte	0
 392 0061 08       		.uleb128 0x8
 393 0062 2E       		.uleb128 0x2e
 394 0063 01       		.byte	0x1
 395 0064 3F       		.uleb128 0x3f
 396 0065 19       		.uleb128 0x19
 397 0066 03       		.uleb128 0x3
 398 0067 0E       		.uleb128 0xe
 399 0068 3A       		.uleb128 0x3a
ARM GAS  /var/folders/qh/xwg3v3kj02qbxczjpdb8lzfr0000gn/T//ccuHxkIY.s 			page 8


 400 0069 0B       		.uleb128 0xb
 401 006a 3B       		.uleb128 0x3b
 402 006b 0B       		.uleb128 0xb
 403 006c 27       		.uleb128 0x27
 404 006d 19       		.uleb128 0x19
 405 006e 11       		.uleb128 0x11
 406 006f 01       		.uleb128 0x1
 407 0070 12       		.uleb128 0x12
 408 0071 06       		.uleb128 0x6
 409 0072 40       		.uleb128 0x40
 410 0073 18       		.uleb128 0x18
 411 0074 9742     		.uleb128 0x2117
 412 0076 19       		.uleb128 0x19
 413 0077 01       		.uleb128 0x1
 414 0078 13       		.uleb128 0x13
 415 0079 00       		.byte	0
 416 007a 00       		.byte	0
 417 007b 09       		.uleb128 0x9
 418 007c 898201   		.uleb128 0x4109
 419 007f 00       		.byte	0
 420 0080 11       		.uleb128 0x11
 421 0081 01       		.uleb128 0x1
 422 0082 31       		.uleb128 0x31
 423 0083 13       		.uleb128 0x13
 424 0084 00       		.byte	0
 425 0085 00       		.byte	0
 426 0086 0A       		.uleb128 0xa
 427 0087 34       		.uleb128 0x34
 428 0088 00       		.byte	0
 429 0089 03       		.uleb128 0x3
 430 008a 0E       		.uleb128 0xe
 431 008b 3A       		.uleb128 0x3a
 432 008c 0B       		.uleb128 0xb
 433 008d 3B       		.uleb128 0x3b
 434 008e 05       		.uleb128 0x5
 435 008f 49       		.uleb128 0x49
 436 0090 13       		.uleb128 0x13
 437 0091 3F       		.uleb128 0x3f
 438 0092 19       		.uleb128 0x19
 439 0093 3C       		.uleb128 0x3c
 440 0094 19       		.uleb128 0x19
 441 0095 00       		.byte	0
 442 0096 00       		.byte	0
 443 0097 0B       		.uleb128 0xb
 444 0098 26       		.uleb128 0x26
 445 0099 00       		.byte	0
 446 009a 49       		.uleb128 0x49
 447 009b 13       		.uleb128 0x13
 448 009c 00       		.byte	0
 449 009d 00       		.byte	0
 450 009e 0C       		.uleb128 0xc
 451 009f 2E       		.uleb128 0x2e
 452 00a0 00       		.byte	0
 453 00a1 3F       		.uleb128 0x3f
 454 00a2 19       		.uleb128 0x19
 455 00a3 03       		.uleb128 0x3
 456 00a4 0E       		.uleb128 0xe
ARM GAS  /var/folders/qh/xwg3v3kj02qbxczjpdb8lzfr0000gn/T//ccuHxkIY.s 			page 9


 457 00a5 3A       		.uleb128 0x3a
 458 00a6 0B       		.uleb128 0xb
 459 00a7 3B       		.uleb128 0x3b
 460 00a8 05       		.uleb128 0x5
 461 00a9 27       		.uleb128 0x27
 462 00aa 19       		.uleb128 0x19
 463 00ab 3C       		.uleb128 0x3c
 464 00ac 19       		.uleb128 0x19
 465 00ad 00       		.byte	0
 466 00ae 00       		.byte	0
 467 00af 0D       		.uleb128 0xd
 468 00b0 2E       		.uleb128 0x2e
 469 00b1 01       		.byte	0x1
 470 00b2 3F       		.uleb128 0x3f
 471 00b3 19       		.uleb128 0x19
 472 00b4 03       		.uleb128 0x3
 473 00b5 0E       		.uleb128 0xe
 474 00b6 3A       		.uleb128 0x3a
 475 00b7 0B       		.uleb128 0xb
 476 00b8 3B       		.uleb128 0x3b
 477 00b9 05       		.uleb128 0x5
 478 00ba 27       		.uleb128 0x27
 479 00bb 19       		.uleb128 0x19
 480 00bc 3C       		.uleb128 0x3c
 481 00bd 19       		.uleb128 0x19
 482 00be 01       		.uleb128 0x1
 483 00bf 13       		.uleb128 0x13
 484 00c0 00       		.byte	0
 485 00c1 00       		.byte	0
 486 00c2 0E       		.uleb128 0xe
 487 00c3 05       		.uleb128 0x5
 488 00c4 00       		.byte	0
 489 00c5 49       		.uleb128 0x49
 490 00c6 13       		.uleb128 0x13
 491 00c7 00       		.byte	0
 492 00c8 00       		.byte	0
 493 00c9 0F       		.uleb128 0xf
 494 00ca 0F       		.uleb128 0xf
 495 00cb 00       		.byte	0
 496 00cc 0B       		.uleb128 0xb
 497 00cd 0B       		.uleb128 0xb
 498 00ce 49       		.uleb128 0x49
 499 00cf 13       		.uleb128 0x13
 500 00d0 00       		.byte	0
 501 00d1 00       		.byte	0
 502 00d2 00       		.byte	0
 503              		.section	.debug_aranges,"",%progbits
 504 0000 1C000000 		.4byte	0x1c
 505 0004 0200     		.2byte	0x2
 506 0006 00000000 		.4byte	.Ldebug_info0
 507 000a 04       		.byte	0x4
 508 000b 00       		.byte	0
 509 000c 0000     		.2byte	0
 510 000e 0000     		.2byte	0
 511 0010 00000000 		.4byte	.LFB40
 512 0014 20000000 		.4byte	.LFE40-.LFB40
 513 0018 00000000 		.4byte	0
ARM GAS  /var/folders/qh/xwg3v3kj02qbxczjpdb8lzfr0000gn/T//ccuHxkIY.s 			page 10


 514 001c 00000000 		.4byte	0
 515              		.section	.debug_ranges,"",%progbits
 516              	.Ldebug_ranges0:
 517 0000 00000000 		.4byte	.LFB40
 518 0004 20000000 		.4byte	.LFE40
 519 0008 00000000 		.4byte	0
 520 000c 00000000 		.4byte	0
 521              		.section	.debug_line,"",%progbits
 522              	.Ldebug_line0:
 523 0000 59010000 		.section	.debug_str,"MS",%progbits,1
 523      02003501 
 523      00000201 
 523      FB0E0D00 
 523      01010101 
 524              	.LASF32:
 525 0000 2F557365 		.ascii	"/Users/John/Development/embedded/ChibiOS-RT/BluC/ST"
 525      72732F4A 
 525      6F686E2F 
 525      44657665 
 525      6C6F706D 
 526 0033 4D333246 		.ascii	"M32F051\000"
 526      30353100 
 527              	.LASF30:
 528 003b 474E5520 		.ascii	"GNU C 4.8.3 20131129 (release) [ARM/embedded-4_8-br"
 528      4320342E 
 528      382E3320 
 528      32303133 
 528      31313239 
 529 006e 616E6368 		.ascii	"anch revision 205641] -mcpu=cortex-m0 -mno-thumb-in"
 529      20726576 
 529      6973696F 
 529      6E203230 
 529      35363431 
 530 00a1 74657277 		.ascii	"terwork -mthumb -ggdb -O2 -fomit-frame-pointer -fal"
 530      6F726B20 
 530      2D6D7468 
 530      756D6220 
 530      2D676764 
 531 00d4 69676E2D 		.ascii	"ign-functions=16 -ffunction-sections -fdata-section"
 531      66756E63 
 531      74696F6E 
 531      733D3136 
 531      202D6666 
 532 0107 73202D66 		.ascii	"s -fno-common\000"
 532      6E6F2D63 
 532      6F6D6D6F 
 532      6E00
 533              	.LASF23:
 534 0115 50444461 		.ascii	"PDData\000"
 534      746100
 535              	.LASF14:
 536 011c 6F737065 		.ascii	"ospeedr\000"
 536      65647200 
 537              	.LASF21:
 538 0124 50424461 		.ascii	"PBData\000"
 538      746100
 539              	.LASF35:
ARM GAS  /var/folders/qh/xwg3v3kj02qbxczjpdb8lzfr0000gn/T//ccuHxkIY.s 			page 11


 540 012b 5F70616C 		.ascii	"_pal_lld_init\000"
 540      5F6C6C64 
 540      5F696E69 
 540      7400
 541              	.LASF4:
 542 0139 73686F72 		.ascii	"short unsigned int\000"
 542      7420756E 
 542      7369676E 
 542      65642069 
 542      6E7400
 543              	.LASF13:
 544 014c 6F747970 		.ascii	"otyper\000"
 544      657200
 545              	.LASF33:
 546 0153 68616C49 		.ascii	"halInit\000"
 546      6E697400 
 547              	.LASF2:
 548 015b 756E7369 		.ascii	"unsigned char\000"
 548      676E6564 
 548      20636861 
 548      7200
 549              	.LASF19:
 550 0169 73746D33 		.ascii	"stm32_gpio_setup_t\000"
 550      325F6770 
 550      696F5F73 
 550      65747570 
 550      5F7400
 551              	.LASF20:
 552 017c 50414461 		.ascii	"PAData\000"
 552      746100
 553              	.LASF6:
 554 0183 6C6F6E67 		.ascii	"long unsigned int\000"
 554      20756E73 
 554      69676E65 
 554      6420696E 
 554      7400
 555              	.LASF26:
 556 0195 68616C5F 		.ascii	"hal_lld_init\000"
 556      6C6C645F 
 556      696E6974 
 556      00
 557              	.LASF17:
 558 01a2 61667268 		.ascii	"afrh\000"
 558      00
 559              	.LASF16:
 560 01a7 6166726C 		.ascii	"afrl\000"
 560      00
 561              	.LASF25:
 562 01ac 50414C43 		.ascii	"PALConfig\000"
 562      6F6E6669 
 562      6700
 563              	.LASF34:
 564 01b6 70616C5F 		.ascii	"pal_default_config\000"
 564      64656661 
 564      756C745F 
 564      636F6E66 
 564      696700
ARM GAS  /var/folders/qh/xwg3v3kj02qbxczjpdb8lzfr0000gn/T//ccuHxkIY.s 			page 12


 565              	.LASF27:
 566 01c9 61646349 		.ascii	"adcInit\000"
 566      6E697400 
 567              	.LASF15:
 568 01d1 70757064 		.ascii	"pupdr\000"
 568      7200
 569              	.LASF24:
 570 01d7 50464461 		.ascii	"PFData\000"
 570      746100
 571              	.LASF0:
 572 01de 756E7369 		.ascii	"unsigned int\000"
 572      676E6564 
 572      20696E74 
 572      00
 573              	.LASF8:
 574 01eb 6C6F6E67 		.ascii	"long long unsigned int\000"
 574      206C6F6E 
 574      6720756E 
 574      7369676E 
 574      65642069 
 575              	.LASF29:
 576 0202 626F6172 		.ascii	"boardInit\000"
 576      64496E69 
 576      7400
 577              	.LASF31:
 578 020c 2E2E2F2E 		.ascii	"../../os/hal/src/hal.c\000"
 578      2E2F6F73 
 578      2F68616C 
 578      2F737263 
 578      2F68616C 
 579              	.LASF10:
 580 0223 73697A65 		.ascii	"sizetype\000"
 580      74797065 
 580      00
 581              	.LASF7:
 582 022c 6C6F6E67 		.ascii	"long long int\000"
 582      206C6F6E 
 582      6720696E 
 582      7400
 583              	.LASF11:
 584 023a 63686172 		.ascii	"char\000"
 584      00
 585              	.LASF28:
 586 023f 7364496E 		.ascii	"sdInit\000"
 586      697400
 587              	.LASF3:
 588 0246 73686F72 		.ascii	"short int\000"
 588      7420696E 
 588      7400
 589              	.LASF22:
 590 0250 50434461 		.ascii	"PCData\000"
 590      746100
 591              	.LASF18:
 592 0257 75696E74 		.ascii	"uint32_t\000"
 592      33325F74 
 592      00
 593              	.LASF5:
ARM GAS  /var/folders/qh/xwg3v3kj02qbxczjpdb8lzfr0000gn/T//ccuHxkIY.s 			page 13


 594 0260 6C6F6E67 		.ascii	"long int\000"
 594      20696E74 
 594      00
 595              	.LASF12:
 596 0269 6D6F6465 		.ascii	"moder\000"
 596      7200
 597              	.LASF1:
 598 026f 7369676E 		.ascii	"signed char\000"
 598      65642063 
 598      68617200 
 599              	.LASF9:
 600 027b 5F426F6F 		.ascii	"_Bool\000"
 600      6C00
 601              		.ident	"GCC: (GNU Tools for ARM Embedded Processors) 4.8.3 20131129 (release) [ARM/embedded-4_8-br
ARM GAS  /var/folders/qh/xwg3v3kj02qbxczjpdb8lzfr0000gn/T//ccuHxkIY.s 			page 14


DEFINED SYMBOLS
                            *ABS*:0000000000000000 hal.c
/var/folders/qh/xwg3v3kj02qbxczjpdb8lzfr0000gn/T//ccuHxkIY.s:18     .text.halInit:0000000000000000 $t
/var/folders/qh/xwg3v3kj02qbxczjpdb8lzfr0000gn/T//ccuHxkIY.s:24     .text.halInit:0000000000000000 halInit
/var/folders/qh/xwg3v3kj02qbxczjpdb8lzfr0000gn/T//ccuHxkIY.s:56     .text.halInit:000000000000001c $d
                     .debug_frame:0000000000000010 $d

UNDEFINED SYMBOLS
hal_lld_init
_pal_lld_init
adcInit
sdInit
boardInit
pal_default_config
