ARM GAS  /var/folders/qh/xwg3v3kj02qbxczjpdb8lzfr0000gn/T//ccHZcWLY.s 			page 1


   1              		.cpu cortex-m0
   2              		.fpu softvfp
   3              		.eabi_attribute 20, 1
   4              		.eabi_attribute 21, 1
   5              		.eabi_attribute 23, 3
   6              		.eabi_attribute 24, 1
   7              		.eabi_attribute 25, 1
   8              		.eabi_attribute 26, 1
   9              		.eabi_attribute 30, 2
  10              		.eabi_attribute 34, 0
  11              		.eabi_attribute 18, 4
  12              		.code	16
  13              		.file	"hardware.c"
  14              		.text
  15              	.Ltext0:
  16              		.cfi_sections	.debug_frame
  17              		.section	.text.hardwareInitialise,"ax",%progbits
  18              		.align	2
  19              		.p2align 4,,15
  20              		.global	hardwareInitialise
  21              		.code	16
  22              		.thumb_func
  23              		.type	hardwareInitialise, %function
  24              	hardwareInitialise:
  25              	.LFB40:
  26              		.file 1 "hardware.c"
  27              		.loc 1 12 0
  28              		.cfi_startproc
  29              		.loc 1 13 0
  30 0000 284B     		ldr	r3, .L2
  31              		.loc 1 12 0
  32 0002 70B5     		push	{r4, r5, r6, lr}
  33              		.cfi_def_cfa_offset 16
  34              		.cfi_offset 4, -16
  35              		.cfi_offset 5, -12
  36              		.cfi_offset 6, -8
  37              		.cfi_offset 14, -4
  38              		.loc 1 16 0
  39 0004 0124     		mov	r4, #1
  40 0006 DC60     		str	r4, [r3, #12]
  41              		.loc 1 21 0
  42 0008 DC61     		str	r4, [r3, #28]
  43              		.loc 1 23 0
  44 000a 0224     		mov	r4, #2
  45 000c 5C62     		str	r4, [r3, #36]
  46              		.loc 1 28 0
  47 000e 5C63     		str	r4, [r3, #52]
  48              		.loc 1 35 0
  49 0010 0325     		mov	r5, #3
  50              		.loc 1 30 0
  51 0012 0424     		mov	r4, #4
  52 0014 DC63     		str	r4, [r3, #60]
  53              		.loc 1 35 0
  54 0016 DD64     		str	r5, [r3, #76]
  55              		.loc 1 42 0
  56 0018 5C66     		str	r4, [r3, #100]
  57              		.loc 1 37 0
ARM GAS  /var/folders/qh/xwg3v3kj02qbxczjpdb8lzfr0000gn/T//ccHZcWLY.s 			page 2


  58 001a 0825     		mov	r5, #8
  59              		.loc 1 44 0
  60 001c 1024     		mov	r4, #16
  61              		.loc 1 13 0
  62 001e 9020     		mov	r0, #144
  63              		.loc 1 14 0
  64 0020 0022     		mov	r2, #0
  65              		.loc 1 13 0
  66 0022 C005     		lsl	r0, r0, #23
  67              		.loc 1 15 0
  68 0024 1721     		mov	r1, #23
  69              		.loc 1 37 0
  70 0026 5D65     		str	r5, [r3, #84]
  71              		.loc 1 44 0
  72 0028 DC66     		str	r4, [r3, #108]
  73              		.loc 1 51 0
  74 002a 2026     		mov	r6, #32
  75              		.loc 1 49 0
  76 002c 0524     		mov	r4, #5
  77              		.loc 1 51 0
  78 002e 8425     		mov	r5, #132
  79              		.loc 1 13 0
  80 0030 1860     		str	r0, [r3]
  81              		.loc 1 15 0
  82 0032 9960     		str	r1, [r3, #8]
  83              		.loc 1 20 0
  84 0034 9861     		str	r0, [r3, #24]
  85              		.loc 1 22 0
  86 0036 1962     		str	r1, [r3, #32]
  87              		.loc 1 27 0
  88 0038 1863     		str	r0, [r3, #48]
  89              		.loc 1 29 0
  90 003a 9963     		str	r1, [r3, #56]
  91              		.loc 1 34 0
  92 003c 9864     		str	r0, [r3, #72]
  93              		.loc 1 36 0
  94 003e 1965     		str	r1, [r3, #80]
  95              		.loc 1 41 0
  96 0040 1866     		str	r0, [r3, #96]
  97              		.loc 1 43 0
  98 0042 9966     		str	r1, [r3, #104]
  99              		.loc 1 48 0
 100 0044 9867     		str	r0, [r3, #120]
 101              		.loc 1 14 0
 102 0046 5A60     		str	r2, [r3, #4]
 103              		.loc 1 17 0
 104 0048 1A61     		str	r2, [r3, #16]
 105              		.loc 1 18 0
 106 004a 5A61     		str	r2, [r3, #20]
 107              		.loc 1 24 0
 108 004c 9A62     		str	r2, [r3, #40]
 109              		.loc 1 25 0
 110 004e DA62     		str	r2, [r3, #44]
 111              		.loc 1 31 0
 112 0050 1A64     		str	r2, [r3, #64]
 113              		.loc 1 32 0
 114 0052 5A64     		str	r2, [r3, #68]
ARM GAS  /var/folders/qh/xwg3v3kj02qbxczjpdb8lzfr0000gn/T//ccHZcWLY.s 			page 3


 115              		.loc 1 38 0
 116 0054 9A65     		str	r2, [r3, #88]
 117              		.loc 1 39 0
 118 0056 DA65     		str	r2, [r3, #92]
 119              		.loc 1 45 0
 120 0058 1A67     		str	r2, [r3, #112]
 121              		.loc 1 46 0
 122 005a 5A67     		str	r2, [r3, #116]
 123              		.loc 1 49 0
 124 005c DC67     		str	r4, [r3, #124]
 125              		.loc 1 51 0
 126 005e 5E51     		str	r6, [r3, r5]
 127              		.loc 1 52 0
 128 0060 8825     		mov	r5, #136
 129 0062 5A51     		str	r2, [r3, r5]
 130              		.loc 1 53 0
 131 0064 8C25     		mov	r5, #140
 132 0066 5A51     		str	r2, [r3, r5]
 133              		.loc 1 55 0
 134 0068 9025     		mov	r5, #144
 135 006a 5851     		str	r0, [r3, r5]
 136              		.loc 1 56 0
 137 006c 0626     		mov	r6, #6
 138 006e 9425     		mov	r5, #148
 139 0070 5E51     		str	r6, [r3, r5]
 140              		.loc 1 57 0
 141 0072 9825     		mov	r5, #152
 142 0074 5951     		str	r1, [r3, r5]
 143              		.loc 1 58 0
 144 0076 4026     		mov	r6, #64
 145 0078 9C25     		mov	r5, #156
 146 007a 5E51     		str	r6, [r3, r5]
 147              		.loc 1 59 0
 148 007c A025     		mov	r5, #160
 149 007e 5A51     		str	r2, [r3, r5]
 150              		.loc 1 60 0
 151 0080 A425     		mov	r5, #164
 152 0082 5A51     		str	r2, [r3, r5]
 153              		.loc 1 62 0
 154 0084 A825     		mov	r5, #168
 155 0086 5851     		str	r0, [r3, r5]
 156              		.loc 1 63 0
 157 0088 0725     		mov	r5, #7
 158 008a AC20     		mov	r0, #172
 159 008c 1D50     		str	r5, [r3, r0]
 160              		.loc 1 50 0
 161 008e 8024     		mov	r4, #128
 162              		.loc 1 64 0
 163 0090 B020     		mov	r0, #176
 164              		.loc 1 50 0
 165 0092 1951     		str	r1, [r3, r4]
 166              		.loc 1 64 0
 167 0094 1950     		str	r1, [r3, r0]
 168              		.loc 1 65 0
 169 0096 B421     		mov	r1, #180
 170 0098 5C50     		str	r4, [r3, r1]
 171              		.loc 1 66 0
ARM GAS  /var/folders/qh/xwg3v3kj02qbxczjpdb8lzfr0000gn/T//ccHZcWLY.s 			page 4


 172 009a B821     		mov	r1, #184
 173 009c 5A50     		str	r2, [r3, r1]
 174              		.loc 1 67 0
 175 009e BC21     		mov	r1, #188
 176 00a0 5A50     		str	r2, [r3, r1]
 177              		.loc 1 69 0
 178              		@ sp needed
 179 00a2 70BD     		pop	{r4, r5, r6, pc}
 180              	.L3:
 181              		.align	2
 182              	.L2:
 183 00a4 00000000 		.word	.LANCHOR0
 184              		.cfi_endproc
 185              	.LFE40:
 186              		.size	hardwareInitialise, .-hardwareInitialise
 187 00a8 C046C046 		.section	.text.hardwareSetPins,"ax",%progbits
 187      C046C046 
 188              		.align	2
 189              		.p2align 4,,15
 190              		.global	hardwareSetPins
 191              		.code	16
 192              		.thumb_func
 193              		.type	hardwareSetPins, %function
 194              	hardwareSetPins:
 195              	.LFB41:
 196              		.loc 1 87 0
 197              		.cfi_startproc
 198              	.LVL0:
 199 0000 08B5     		push	{r3, lr}
 200              		.cfi_def_cfa_offset 8
 201              		.cfi_offset 3, -8
 202              		.cfi_offset 14, -4
 203 0002 0378     		ldrb	r3, [r0]
 204 0004 303B     		sub	r3, r3, #48
 205 0006 DBB2     		uxtb	r3, r3
 206 0008 072B     		cmp	r3, #7
 207 000a 0DD8     		bhi	.L5
 208 000c 0E4A     		ldr	r2, .L14
 209 000e 9B00     		lsl	r3, r3, #2
 210 0010 9B58     		ldr	r3, [r3, r2]
 211              		.loc 1 89 0
 212 0012 FF2B     		cmp	r3, #255
 213 0014 08D0     		beq	.L5
 214 0016 0429     		cmp	r1, #4
 215 0018 06D8     		bhi	.L5
 216 001a 0122     		mov	r2, #1
 217 001c 101C     		mov	r0, r2
 218              	.LVL1:
 219 001e 8840     		lsl	r0, r0, r1
 220 0020 011C     		mov	r1, r0
 221              	.LVL2:
 222 0022 1720     		mov	r0, #23
 223 0024 0842     		tst	r0, r1
 224 0026 01D1     		bne	.L13
 225              	.L5:
 226              		.loc 1 113 0
 227 0028 0020     		mov	r0, #0
ARM GAS  /var/folders/qh/xwg3v3kj02qbxczjpdb8lzfr0000gn/T//ccHZcWLY.s 			page 5


 228              		@ sp needed
 229 002a 08BD     		pop	{r3, pc}
 230              	.L13:
 231              		.loc 1 97 0
 232 002c 5800     		lsl	r0, r3, #1
 233 002e 0749     		ldr	r1, .L14+4
 234 0030 C318     		add	r3, r0, r3
 235 0032 DB00     		lsl	r3, r3, #3
 236 0034 5858     		ldr	r0, [r3, r1]
 237 0036 CB18     		add	r3, r1, r3
 238 0038 5968     		ldr	r1, [r3, #4]
 239 003a 8A40     		lsl	r2, r2, r1
 240 003c 111C     		mov	r1, r2
 241 003e 0322     		mov	r2, #3
 242 0040 FFF7FEFF 		bl	_pal_lld_setgroupmode
 243              	.LVL3:
 244 0044 F0E7     		b	.L5
 245              	.L15:
 246 0046 C046     		.align	2
 247              	.L14:
 248 0048 00000000 		.word	.LANCHOR1
 249 004c 00000000 		.word	.LANCHOR0
 250              		.cfi_endproc
 251              	.LFE41:
 252              		.size	hardwareSetPins, .-hardwareSetPins
 253              		.section	.text.hardwareCheckPins,"ax",%progbits
 254              		.align	2
 255              		.p2align 4,,15
 256              		.global	hardwareCheckPins
 257              		.code	16
 258              		.thumb_func
 259              		.type	hardwareCheckPins, %function
 260              	hardwareCheckPins:
 261              	.LFB42:
 262              		.loc 1 117 0
 263              		.cfi_startproc
 264              	.LVL4:
 265 0000 0378     		ldrb	r3, [r0]
 266              		.loc 1 122 0
 267 0002 0020     		mov	r0, #0
 268              	.LVL5:
 269 0004 303B     		sub	r3, r3, #48
 270 0006 DBB2     		uxtb	r3, r3
 271 0008 072B     		cmp	r3, #7
 272 000a 05D8     		bhi	.L17
 273              	.LVL6:
 274              		.loc 1 120 0
 275 000c 034A     		ldr	r2, .L19
 276 000e 9B00     		lsl	r3, r3, #2
 277 0010 9858     		ldr	r0, [r3, r2]
 278 0012 FF38     		sub	r0, r0, #255
 279              		.loc 1 122 0
 280 0014 431E     		sub	r3, r0, #1
 281 0016 9841     		sbc	r0, r0, r3
 282              	.L17:
 283              		.loc 1 136 0
 284              		@ sp needed
ARM GAS  /var/folders/qh/xwg3v3kj02qbxczjpdb8lzfr0000gn/T//ccHZcWLY.s 			page 6


 285 0018 7047     		bx	lr
 286              	.L20:
 287 001a C046     		.align	2
 288              	.L19:
 289 001c 00000000 		.word	.LANCHOR1
 290              		.cfi_endproc
 291              	.LFE42:
 292              		.size	hardwareCheckPins, .-hardwareCheckPins
 293              		.section	.text.hardwareCheckCurrentMode,"ax",%progbits
 294              		.align	2
 295              		.p2align 4,,15
 296              		.global	hardwareCheckCurrentMode
 297              		.code	16
 298              		.thumb_func
 299              		.type	hardwareCheckCurrentMode, %function
 300              	hardwareCheckCurrentMode:
 301              	.LFB43:
 302              		.loc 1 138 0
 303              		.cfi_startproc
 304              	.LVL7:
 305 0000 0378     		ldrb	r3, [r0]
 306              		.loc 1 143 0
 307 0002 0020     		mov	r0, #0
 308              	.LVL8:
 309 0004 303B     		sub	r3, r3, #48
 310 0006 DBB2     		uxtb	r3, r3
 311 0008 072B     		cmp	r3, #7
 312 000a 0AD8     		bhi	.L22
 313 000c 054A     		ldr	r2, .L26
 314 000e 9B00     		lsl	r3, r3, #2
 315 0010 9B58     		ldr	r3, [r3, r2]
 316              	.LVL9:
 317              		.loc 1 141 0
 318 0012 FF2B     		cmp	r3, #255
 319 0014 05D0     		beq	.L22
 320              		.loc 1 146 0
 321 0016 5A00     		lsl	r2, r3, #1
 322 0018 D318     		add	r3, r2, r3
 323 001a 034A     		ldr	r2, .L26+4
 324 001c DB00     		lsl	r3, r3, #3
 325 001e D318     		add	r3, r2, r3
 326 0020 5869     		ldr	r0, [r3, #20]
 327              	.L22:
 328              		.loc 1 147 0
 329              		@ sp needed
 330 0022 7047     		bx	lr
 331              	.L27:
 332              		.align	2
 333              	.L26:
 334 0024 00000000 		.word	.LANCHOR1
 335 0028 00000000 		.word	.LANCHOR0
 336              		.cfi_endproc
 337              	.LFE43:
 338              		.size	hardwareCheckCurrentMode, .-hardwareCheckCurrentMode
 339 002c C046C046 		.section	.text.hardwarePinParse,"ax",%progbits
 340              		.align	2
 341              		.p2align 4,,15
ARM GAS  /var/folders/qh/xwg3v3kj02qbxczjpdb8lzfr0000gn/T//ccHZcWLY.s 			page 7


 342              		.global	hardwarePinParse
 343              		.code	16
 344              		.thumb_func
 345              		.type	hardwarePinParse, %function
 346              	hardwarePinParse:
 347              	.LFB44:
 348              		.loc 1 151 0
 349              		.cfi_startproc
 350              	.LVL10:
 351 0000 0378     		ldrb	r3, [r0]
 352              		.loc 1 152 0
 353 0002 FF20     		mov	r0, #255
 354              	.LVL11:
 355 0004 303B     		sub	r3, r3, #48
 356 0006 DBB2     		uxtb	r3, r3
 357 0008 072B     		cmp	r3, #7
 358 000a 02D8     		bhi	.L29
 359 000c 014A     		ldr	r2, .L31
 360 000e 9B00     		lsl	r3, r3, #2
 361 0010 9858     		ldr	r0, [r3, r2]
 362              	.L29:
 363              		.loc 1 174 0
 364              		@ sp needed
 365 0012 7047     		bx	lr
 366              	.L32:
 367              		.align	2
 368              	.L31:
 369 0014 00000000 		.word	.LANCHOR1
 370              		.cfi_endproc
 371              	.LFE44:
 372              		.size	hardwarePinParse, .-hardwarePinParse
 373 0018 C046C046 		.section	.text.hardwareGetAdcAddress,"ax",%progbits
 373      C046C046 
 374              		.align	2
 375              		.p2align 4,,15
 376              		.global	hardwareGetAdcAddress
 377              		.code	16
 378              		.thumb_func
 379              		.type	hardwareGetAdcAddress, %function
 380              	hardwareGetAdcAddress:
 381              	.LFB45:
 382              		.loc 1 177 0
 383              		.cfi_startproc
 384              	.LVL12:
 385 0000 0278     		ldrb	r2, [r0]
 386              	.LBB10:
 387              	.LBB11:
 388              		.loc 1 152 0
 389 0002 FF23     		mov	r3, #255
 390 0004 303A     		sub	r2, r2, #48
 391 0006 D2B2     		uxtb	r2, r2
 392 0008 072A     		cmp	r2, #7
 393 000a 02D8     		bhi	.L34
 394 000c 044B     		ldr	r3, .L36
 395 000e 9200     		lsl	r2, r2, #2
 396 0010 D358     		ldr	r3, [r2, r3]
 397              	.L34:
ARM GAS  /var/folders/qh/xwg3v3kj02qbxczjpdb8lzfr0000gn/T//ccHZcWLY.s 			page 8


 398              	.LBE11:
 399              	.LBE10:
 400              		.loc 1 179 0
 401 0012 5A00     		lsl	r2, r3, #1
 402 0014 D318     		add	r3, r2, r3
 403 0016 034A     		ldr	r2, .L36+4
 404 0018 DB00     		lsl	r3, r3, #3
 405 001a D318     		add	r3, r2, r3
 406 001c D868     		ldr	r0, [r3, #12]
 407              	.LVL13:
 408              		.loc 1 181 0
 409              		@ sp needed
 410 001e 7047     		bx	lr
 411              	.L37:
 412              		.align	2
 413              	.L36:
 414 0020 00000000 		.word	.LANCHOR1
 415 0024 00000000 		.word	.LANCHOR0
 416              		.cfi_endproc
 417              	.LFE45:
 418              		.size	hardwareGetAdcAddress, .-hardwareGetAdcAddress
 419              		.global	adcSelectedChannels
 420              		.global	adcNumberOfSelectedChannel
 421              		.global	hwPin
 422 0028 C046C046 		.section	.bss.adcNumberOfSelectedChannel,"aw",%nobits
 422      C046C046 
 423              		.align	2
 424              		.type	adcNumberOfSelectedChannel, %object
 425              		.size	adcNumberOfSelectedChannel, 4
 426              	adcNumberOfSelectedChannel:
 427 0000 00000000 		.space	4
 428              		.section	.bss.hwPin,"aw",%nobits
 429              		.align	2
 430              		.set	.LANCHOR0,. + 0
 431              		.type	hwPin, %object
 432              		.size	hwPin, 192
 433              	hwPin:
 434 0000 00000000 		.space	192
 434      00000000 
 434      00000000 
 434      00000000 
 434      00000000 
 435              		.section	.bss.adcSelectedChannels,"aw",%nobits
 436              		.align	2
 437              		.type	adcSelectedChannels, %object
 438              		.size	adcSelectedChannels, 4
 439              	adcSelectedChannels:
 440 0000 00000000 		.space	4
 441              		.section	.rodata.CSWTCH.3,"a",%progbits
 442              		.align	2
 443              		.set	.LANCHOR1,. + 0
 444              		.type	CSWTCH.3, %object
 445              		.size	CSWTCH.3, 32
 446              	CSWTCH.3:
 447 0000 00000000 		.word	0
 448 0004 01000000 		.word	1
 449 0008 02000000 		.word	2
ARM GAS  /var/folders/qh/xwg3v3kj02qbxczjpdb8lzfr0000gn/T//ccHZcWLY.s 			page 9


 450 000c 03000000 		.word	3
 451 0010 04000000 		.word	4
 452 0014 05000000 		.word	5
 453 0018 06000000 		.word	6
 454 001c 07000000 		.word	7
 455              		.text
 456              	.Letext0:
 457              		.file 2 "/usr/local/Cellar/gcc-arm-none-eabi-48/20131218/arm-none-eabi/include/stdint.h"
 458              		.file 3 "../../os/hal/platforms/STM32/GPIOv2/pal_lld.h"
 459              		.file 4 "hardware.h"
 460              		.section	.debug_info,"",%progbits
 461              	.Ldebug_info0:
 462 0000 AF030000 		.4byte	0x3af
 463 0004 0400     		.2byte	0x4
 464 0006 00000000 		.4byte	.Ldebug_abbrev0
 465 000a 04       		.byte	0x4
 466 000b 01       		.uleb128 0x1
 467 000c 43000000 		.4byte	.LASF46
 468 0010 01       		.byte	0x1
 469 0011 16020000 		.4byte	.LASF47
 470 0015 08000000 		.4byte	.LASF48
 471 0019 00000000 		.4byte	.Ldebug_ranges0+0
 472 001d 00000000 		.4byte	0
 473 0021 00000000 		.4byte	.Ldebug_line0
 474 0025 02       		.uleb128 0x2
 475 0026 04       		.byte	0x4
 476 0027 05       		.byte	0x5
 477 0028 696E7400 		.ascii	"int\000"
 478 002c 03       		.uleb128 0x3
 479 002d 04       		.byte	0x4
 480 002e 07       		.byte	0x7
 481 002f 73020000 		.4byte	.LASF0
 482 0033 03       		.uleb128 0x3
 483 0034 01       		.byte	0x1
 484 0035 06       		.byte	0x6
 485 0036 5E030000 		.4byte	.LASF1
 486 003a 03       		.uleb128 0x3
 487 003b 01       		.byte	0x1
 488 003c 08       		.byte	0x8
 489 003d A1010000 		.4byte	.LASF2
 490 0041 03       		.uleb128 0x3
 491 0042 02       		.byte	0x2
 492 0043 05       		.byte	0x5
 493 0044 4F010000 		.4byte	.LASF3
 494 0048 04       		.uleb128 0x4
 495 0049 16030000 		.4byte	.LASF6
 496 004d 02       		.byte	0x2
 497 004e 36       		.byte	0x36
 498 004f 53000000 		.4byte	0x53
 499 0053 03       		.uleb128 0x3
 500 0054 02       		.byte	0x2
 501 0055 07       		.byte	0x7
 502 0056 DC010000 		.4byte	.LASF4
 503 005a 03       		.uleb128 0x3
 504 005b 04       		.byte	0x4
 505 005c 05       		.byte	0x5
 506 005d 29010000 		.4byte	.LASF5
ARM GAS  /var/folders/qh/xwg3v3kj02qbxczjpdb8lzfr0000gn/T//ccHZcWLY.s 			page 10


 507 0061 04       		.uleb128 0x4
 508 0062 2E030000 		.4byte	.LASF7
 509 0066 02       		.byte	0x2
 510 0067 50       		.byte	0x50
 511 0068 6C000000 		.4byte	0x6c
 512 006c 03       		.uleb128 0x3
 513 006d 04       		.byte	0x4
 514 006e 07       		.byte	0x7
 515 006f CA010000 		.4byte	.LASF8
 516 0073 03       		.uleb128 0x3
 517 0074 08       		.byte	0x8
 518 0075 05       		.byte	0x5
 519 0076 DA020000 		.4byte	.LASF9
 520 007a 03       		.uleb128 0x3
 521 007b 08       		.byte	0x8
 522 007c 07       		.byte	0x7
 523 007d 8C020000 		.4byte	.LASF10
 524 0081 03       		.uleb128 0x3
 525 0082 01       		.byte	0x1
 526 0083 02       		.byte	0x2
 527 0084 6A030000 		.4byte	.LASF11
 528 0088 05       		.uleb128 0x5
 529 0089 61000000 		.4byte	0x61
 530 008d 03       		.uleb128 0x3
 531 008e 04       		.byte	0x4
 532 008f 07       		.byte	0x7
 533 0090 CB020000 		.4byte	.LASF12
 534 0094 03       		.uleb128 0x3
 535 0095 01       		.byte	0x1
 536 0096 08       		.byte	0x8
 537 0097 F8020000 		.4byte	.LASF13
 538 009b 06       		.uleb128 0x6
 539 009c 04       		.byte	0x4
 540 009d 03       		.byte	0x3
 541 009e 96       		.byte	0x96
 542 009f BC000000 		.4byte	0xbc
 543 00a3 07       		.uleb128 0x7
 544 00a4 73657400 		.ascii	"set\000"
 545 00a8 03       		.byte	0x3
 546 00a9 97       		.byte	0x97
 547 00aa 48000000 		.4byte	0x48
 548 00ae 00       		.byte	0
 549 00af 08       		.uleb128 0x8
 550 00b0 1D010000 		.4byte	.LASF14
 551 00b4 03       		.byte	0x3
 552 00b5 98       		.byte	0x98
 553 00b6 48000000 		.4byte	0x48
 554 00ba 02       		.byte	0x2
 555 00bb 00       		.byte	0
 556 00bc 09       		.uleb128 0x9
 557 00bd 04       		.byte	0x4
 558 00be 03       		.byte	0x3
 559 00bf 94       		.byte	0x94
 560 00c0 D7000000 		.4byte	0xd7
 561 00c4 0A       		.uleb128 0xa
 562 00c5 5700     		.ascii	"W\000"
 563 00c7 03       		.byte	0x3
ARM GAS  /var/folders/qh/xwg3v3kj02qbxczjpdb8lzfr0000gn/T//ccHZcWLY.s 			page 11


 564 00c8 95       		.byte	0x95
 565 00c9 61000000 		.4byte	0x61
 566 00cd 0A       		.uleb128 0xa
 567 00ce 4800     		.ascii	"H\000"
 568 00d0 03       		.byte	0x3
 569 00d1 99       		.byte	0x99
 570 00d2 9B000000 		.4byte	0x9b
 571 00d6 00       		.byte	0
 572 00d7 06       		.uleb128 0x6
 573 00d8 28       		.byte	0x28
 574 00d9 03       		.byte	0x3
 575 00da 8C       		.byte	0x8c
 576 00db 58010000 		.4byte	0x158
 577 00df 08       		.uleb128 0x8
 578 00e0 23010000 		.4byte	.LASF15
 579 00e4 03       		.byte	0x3
 580 00e5 8E       		.byte	0x8e
 581 00e6 88000000 		.4byte	0x88
 582 00ea 00       		.byte	0
 583 00eb 08       		.uleb128 0x8
 584 00ec 7D010000 		.4byte	.LASF16
 585 00f0 03       		.byte	0x3
 586 00f1 8F       		.byte	0x8f
 587 00f2 88000000 		.4byte	0x88
 588 00f6 04       		.byte	0x4
 589 00f7 08       		.uleb128 0x8
 590 00f8 00000000 		.4byte	.LASF17
 591 00fc 03       		.byte	0x3
 592 00fd 90       		.byte	0x90
 593 00fe 88000000 		.4byte	0x88
 594 0102 08       		.byte	0x8
 595 0103 08       		.uleb128 0x8
 596 0104 D4020000 		.4byte	.LASF18
 597 0108 03       		.byte	0x3
 598 0109 91       		.byte	0x91
 599 010a 88000000 		.4byte	0x88
 600 010e 0C       		.byte	0xc
 601 010f 07       		.uleb128 0x7
 602 0110 49445200 		.ascii	"IDR\000"
 603 0114 03       		.byte	0x3
 604 0115 92       		.byte	0x92
 605 0116 88000000 		.4byte	0x88
 606 011a 10       		.byte	0x10
 607 011b 07       		.uleb128 0x7
 608 011c 4F445200 		.ascii	"ODR\000"
 609 0120 03       		.byte	0x3
 610 0121 93       		.byte	0x93
 611 0122 88000000 		.4byte	0x88
 612 0126 14       		.byte	0x14
 613 0127 08       		.uleb128 0x8
 614 0128 32010000 		.4byte	.LASF19
 615 012c 03       		.byte	0x3
 616 012d 9A       		.byte	0x9a
 617 012e 58010000 		.4byte	0x158
 618 0132 18       		.byte	0x18
 619 0133 08       		.uleb128 0x8
 620 0134 70030000 		.4byte	.LASF20
ARM GAS  /var/folders/qh/xwg3v3kj02qbxczjpdb8lzfr0000gn/T//ccHZcWLY.s 			page 12


 621 0138 03       		.byte	0x3
 622 0139 9B       		.byte	0x9b
 623 013a 88000000 		.4byte	0x88
 624 013e 1C       		.byte	0x1c
 625 013f 08       		.uleb128 0x8
 626 0140 EF010000 		.4byte	.LASF21
 627 0144 03       		.byte	0x3
 628 0145 9C       		.byte	0x9c
 629 0146 88000000 		.4byte	0x88
 630 014a 20       		.byte	0x20
 631 014b 08       		.uleb128 0x8
 632 014c C5010000 		.4byte	.LASF22
 633 0150 03       		.byte	0x3
 634 0151 9D       		.byte	0x9d
 635 0152 88000000 		.4byte	0x88
 636 0156 24       		.byte	0x24
 637 0157 00       		.byte	0
 638 0158 05       		.uleb128 0x5
 639 0159 BC000000 		.4byte	0xbc
 640 015d 04       		.uleb128 0x4
 641 015e 48030000 		.4byte	.LASF23
 642 0162 03       		.byte	0x3
 643 0163 9E       		.byte	0x9e
 644 0164 D7000000 		.4byte	0xd7
 645 0168 04       		.uleb128 0x4
 646 0169 64010000 		.4byte	.LASF24
 647 016d 03       		.byte	0x3
 648 016e F0       		.byte	0xf0
 649 016f 61000000 		.4byte	0x61
 650 0173 04       		.uleb128 0x4
 651 0174 84010000 		.4byte	.LASF25
 652 0178 03       		.byte	0x3
 653 0179 F5       		.byte	0xf5
 654 017a 61000000 		.4byte	0x61
 655 017e 04       		.uleb128 0x4
 656 017f 0B030000 		.4byte	.LASF26
 657 0183 03       		.byte	0x3
 658 0184 FD       		.byte	0xfd
 659 0185 89010000 		.4byte	0x189
 660 0189 0B       		.uleb128 0xb
 661 018a 04       		.byte	0x4
 662 018b 5D010000 		.4byte	0x15d
 663 018f 06       		.uleb128 0x6
 664 0190 18       		.byte	0x18
 665 0191 04       		.byte	0x4
 666 0192 1D       		.byte	0x1d
 667 0193 E0010000 		.4byte	0x1e0
 668 0197 08       		.uleb128 0x8
 669 0198 C3020000 		.4byte	.LASF27
 670 019c 04       		.byte	0x4
 671 019d 1E       		.byte	0x1e
 672 019e 89010000 		.4byte	0x189
 673 01a2 00       		.byte	0
 674 01a3 08       		.uleb128 0x8
 675 01a4 69020000 		.4byte	.LASF28
 676 01a8 04       		.byte	0x4
 677 01a9 1F       		.byte	0x1f
ARM GAS  /var/folders/qh/xwg3v3kj02qbxczjpdb8lzfr0000gn/T//ccHZcWLY.s 			page 13


 678 01aa 25000000 		.4byte	0x25
 679 01ae 04       		.byte	0x4
 680 01af 08       		.uleb128 0x8
 681 01b0 44010000 		.4byte	.LASF29
 682 01b4 04       		.byte	0x4
 683 01b5 20       		.byte	0x20
 684 01b6 25000000 		.4byte	0x25
 685 01ba 08       		.byte	0x8
 686 01bb 08       		.uleb128 0x8
 687 01bc FD020000 		.4byte	.LASF30
 688 01c0 04       		.byte	0x4
 689 01c1 21       		.byte	0x21
 690 01c2 25000000 		.4byte	0x25
 691 01c6 0C       		.byte	0xc
 692 01c7 08       		.uleb128 0x8
 693 01c8 E8020000 		.4byte	.LASF31
 694 01cc 04       		.byte	0x4
 695 01cd 22       		.byte	0x22
 696 01ce 25000000 		.4byte	0x25
 697 01d2 10       		.byte	0x10
 698 01d3 08       		.uleb128 0x8
 699 01d4 1F030000 		.4byte	.LASF32
 700 01d8 04       		.byte	0x4
 701 01d9 23       		.byte	0x23
 702 01da 25000000 		.4byte	0x25
 703 01de 14       		.byte	0x14
 704 01df 00       		.byte	0
 705 01e0 04       		.uleb128 0x4
 706 01e1 59010000 		.4byte	.LASF33
 707 01e5 04       		.byte	0x4
 708 01e6 24       		.byte	0x24
 709 01e7 8F010000 		.4byte	0x18f
 710 01eb 0C       		.uleb128 0xc
 711 01ec 37030000 		.4byte	.LASF49
 712 01f0 01       		.byte	0x1
 713 01f1 96       		.byte	0x96
 714 01f2 25000000 		.4byte	0x25
 715 01f6 01       		.byte	0x1
 716 01f7 07020000 		.4byte	0x207
 717 01fb 0D       		.uleb128 0xd
 718 01fc 71010000 		.4byte	.LASF38
 719 0200 01       		.byte	0x1
 720 0201 96       		.byte	0x96
 721 0202 07020000 		.4byte	0x207
 722 0206 00       		.byte	0
 723 0207 0B       		.uleb128 0xb
 724 0208 04       		.byte	0x4
 725 0209 94000000 		.4byte	0x94
 726 020d 0E       		.uleb128 0xe
 727 020e 3A020000 		.4byte	.LASF50
 728 0212 01       		.byte	0x1
 729 0213 0B       		.byte	0xb
 730 0214 00000000 		.4byte	.LFB40
 731 0218 A8000000 		.4byte	.LFE40-.LFB40
 732 021c 01       		.uleb128 0x1
 733 021d 9C       		.byte	0x9c
 734 021e 0F       		.uleb128 0xf
ARM GAS  /var/folders/qh/xwg3v3kj02qbxczjpdb8lzfr0000gn/T//ccHZcWLY.s 			page 14


 735 021f F4010000 		.4byte	.LASF36
 736 0223 01       		.byte	0x1
 737 0224 56       		.byte	0x56
 738 0225 25000000 		.4byte	0x25
 739 0229 00000000 		.4byte	.LFB41
 740 022d 50000000 		.4byte	.LFE41-.LFB41
 741 0231 01       		.uleb128 0x1
 742 0232 9C       		.byte	0x9c
 743 0233 70020000 		.4byte	0x270
 744 0237 10       		.uleb128 0x10
 745 0238 37010000 		.4byte	.LASF34
 746 023c 01       		.byte	0x1
 747 023d 56       		.byte	0x56
 748 023e 07020000 		.4byte	0x207
 749 0242 00000000 		.4byte	.LLST0
 750 0246 10       		.uleb128 0x10
 751 0247 BE020000 		.4byte	.LASF35
 752 024b 01       		.byte	0x1
 753 024c 56       		.byte	0x56
 754 024d 25000000 		.4byte	0x25
 755 0251 21000000 		.4byte	.LLST1
 756 0255 11       		.uleb128 0x11
 757 0256 80020000 		.4byte	.LASF42
 758 025a 01       		.byte	0x1
 759 025b 58       		.byte	0x58
 760 025c 25000000 		.4byte	0x25
 761 0260 12       		.uleb128 0x12
 762 0261 44000000 		.4byte	.LVL3
 763 0265 9A030000 		.4byte	0x39a
 764 0269 13       		.uleb128 0x13
 765 026a 01       		.uleb128 0x1
 766 026b 52       		.byte	0x52
 767 026c 01       		.uleb128 0x1
 768 026d 33       		.byte	0x33
 769 026e 00       		.byte	0
 770 026f 00       		.byte	0
 771 0270 0F       		.uleb128 0xf
 772 0271 04020000 		.4byte	.LASF37
 773 0275 01       		.byte	0x1
 774 0276 74       		.byte	0x74
 775 0277 25000000 		.4byte	0x25
 776 027b 00000000 		.4byte	.LFB42
 777 027f 20000000 		.4byte	.LFE42-.LFB42
 778 0283 01       		.uleb128 0x1
 779 0284 9C       		.byte	0x9c
 780 0285 B5020000 		.4byte	0x2b5
 781 0289 10       		.uleb128 0x10
 782 028a 71010000 		.4byte	.LASF38
 783 028e 01       		.byte	0x1
 784 028f 74       		.byte	0x74
 785 0290 07020000 		.4byte	0x207
 786 0294 42000000 		.4byte	.LLST2
 787 0298 14       		.uleb128 0x14
 788 0299 BE020000 		.4byte	.LASF35
 789 029d 01       		.byte	0x1
 790 029e 74       		.byte	0x74
 791 029f 25000000 		.4byte	0x25
ARM GAS  /var/folders/qh/xwg3v3kj02qbxczjpdb8lzfr0000gn/T//ccHZcWLY.s 			page 15


 792 02a3 01       		.uleb128 0x1
 793 02a4 51       		.byte	0x51
 794 02a5 15       		.uleb128 0x15
 795 02a6 55030000 		.4byte	.LASF40
 796 02aa 01       		.byte	0x1
 797 02ab 76       		.byte	0x76
 798 02ac 25000000 		.4byte	0x25
 799 02b0 63000000 		.4byte	.LLST3
 800 02b4 00       		.byte	0
 801 02b5 0F       		.uleb128 0xf
 802 02b6 21020000 		.4byte	.LASF39
 803 02ba 01       		.byte	0x1
 804 02bb 89       		.byte	0x89
 805 02bc 25000000 		.4byte	0x25
 806 02c0 00000000 		.4byte	.LFB43
 807 02c4 2C000000 		.4byte	.LFE43-.LFB43
 808 02c8 01       		.uleb128 0x1
 809 02c9 9C       		.byte	0x9c
 810 02ca ED020000 		.4byte	0x2ed
 811 02ce 10       		.uleb128 0x10
 812 02cf 71010000 		.4byte	.LASF38
 813 02d3 01       		.byte	0x1
 814 02d4 89       		.byte	0x89
 815 02d5 07020000 		.4byte	0x207
 816 02d9 77000000 		.4byte	.LLST4
 817 02dd 15       		.uleb128 0x15
 818 02de 55030000 		.4byte	.LASF40
 819 02e2 01       		.byte	0x1
 820 02e3 8B       		.byte	0x8b
 821 02e4 25000000 		.4byte	0x25
 822 02e8 98000000 		.4byte	.LLST5
 823 02ec 00       		.byte	0
 824 02ed 16       		.uleb128 0x16
 825 02ee EB010000 		.4byte	0x1eb
 826 02f2 00000000 		.4byte	.LFB44
 827 02f6 18000000 		.4byte	.LFE44-.LFB44
 828 02fa 01       		.uleb128 0x1
 829 02fb 9C       		.byte	0x9c
 830 02fc 0A030000 		.4byte	0x30a
 831 0300 17       		.uleb128 0x17
 832 0301 FB010000 		.4byte	0x1fb
 833 0305 AC000000 		.4byte	.LLST6
 834 0309 00       		.byte	0
 835 030a 0F       		.uleb128 0xf
 836 030b AF010000 		.4byte	.LASF41
 837 030f 01       		.byte	0x1
 838 0310 B0       		.byte	0xb0
 839 0311 25000000 		.4byte	0x25
 840 0315 00000000 		.4byte	.LFB45
 841 0319 28000000 		.4byte	.LFE45-.LFB45
 842 031d 01       		.uleb128 0x1
 843 031e 9C       		.byte	0x9c
 844 031f 57030000 		.4byte	0x357
 845 0323 10       		.uleb128 0x10
 846 0324 71010000 		.4byte	.LASF38
 847 0328 01       		.byte	0x1
 848 0329 B0       		.byte	0xb0
ARM GAS  /var/folders/qh/xwg3v3kj02qbxczjpdb8lzfr0000gn/T//ccHZcWLY.s 			page 16


 849 032a 07020000 		.4byte	0x207
 850 032e CD000000 		.4byte	.LLST7
 851 0332 11       		.uleb128 0x11
 852 0333 80020000 		.4byte	.LASF42
 853 0337 01       		.byte	0x1
 854 0338 B2       		.byte	0xb2
 855 0339 25000000 		.4byte	0x25
 856 033d 18       		.uleb128 0x18
 857 033e EB010000 		.4byte	0x1eb
 858 0342 02000000 		.4byte	.LBB10
 859 0346 10000000 		.4byte	.LBE10-.LBB10
 860 034a 01       		.byte	0x1
 861 034b B2       		.byte	0xb2
 862 034c 17       		.uleb128 0x17
 863 034d FB010000 		.4byte	0x1fb
 864 0351 CD000000 		.4byte	.LLST7
 865 0355 00       		.byte	0
 866 0356 00       		.byte	0
 867 0357 19       		.uleb128 0x19
 868 0358 E0010000 		.4byte	0x1e0
 869 035c 67030000 		.4byte	0x367
 870 0360 1A       		.uleb128 0x1a
 871 0361 8D000000 		.4byte	0x8d
 872 0365 07       		.byte	0x7
 873 0366 00       		.byte	0
 874 0367 1B       		.uleb128 0x1b
 875 0368 4D020000 		.4byte	.LASF43
 876 036c 01       		.byte	0x1
 877 036d 03       		.byte	0x3
 878 036e 57030000 		.4byte	0x357
 879 0372 05       		.uleb128 0x5
 880 0373 03       		.byte	0x3
 881 0374 00000000 		.4byte	hwPin
 882 0378 1B       		.uleb128 0x1b
 883 0379 A3020000 		.4byte	.LASF44
 884 037d 01       		.byte	0x1
 885 037e 04       		.byte	0x4
 886 037f 25000000 		.4byte	0x25
 887 0383 05       		.uleb128 0x5
 888 0384 03       		.byte	0x3
 889 0385 00000000 		.4byte	adcNumberOfSelectedChannel
 890 0389 1B       		.uleb128 0x1b
 891 038a 8D010000 		.4byte	.LASF45
 892 038e 01       		.byte	0x1
 893 038f 05       		.byte	0x5
 894 0390 25000000 		.4byte	0x25
 895 0394 05       		.uleb128 0x5
 896 0395 03       		.byte	0x3
 897 0396 00000000 		.4byte	adcSelectedChannels
 898 039a 1C       		.uleb128 0x1c
 899 039b 53020000 		.4byte	.LASF51
 900 039f 03       		.byte	0x3
 901 03a0 C201     		.2byte	0x1c2
 902 03a2 1D       		.uleb128 0x1d
 903 03a3 7E010000 		.4byte	0x17e
 904 03a7 1D       		.uleb128 0x1d
 905 03a8 68010000 		.4byte	0x168
ARM GAS  /var/folders/qh/xwg3v3kj02qbxczjpdb8lzfr0000gn/T//ccHZcWLY.s 			page 17


 906 03ac 1D       		.uleb128 0x1d
 907 03ad 73010000 		.4byte	0x173
 908 03b1 00       		.byte	0
 909 03b2 00       		.byte	0
 910              		.section	.debug_abbrev,"",%progbits
 911              	.Ldebug_abbrev0:
 912 0000 01       		.uleb128 0x1
 913 0001 11       		.uleb128 0x11
 914 0002 01       		.byte	0x1
 915 0003 25       		.uleb128 0x25
 916 0004 0E       		.uleb128 0xe
 917 0005 13       		.uleb128 0x13
 918 0006 0B       		.uleb128 0xb
 919 0007 03       		.uleb128 0x3
 920 0008 0E       		.uleb128 0xe
 921 0009 1B       		.uleb128 0x1b
 922 000a 0E       		.uleb128 0xe
 923 000b 55       		.uleb128 0x55
 924 000c 17       		.uleb128 0x17
 925 000d 11       		.uleb128 0x11
 926 000e 01       		.uleb128 0x1
 927 000f 10       		.uleb128 0x10
 928 0010 17       		.uleb128 0x17
 929 0011 00       		.byte	0
 930 0012 00       		.byte	0
 931 0013 02       		.uleb128 0x2
 932 0014 24       		.uleb128 0x24
 933 0015 00       		.byte	0
 934 0016 0B       		.uleb128 0xb
 935 0017 0B       		.uleb128 0xb
 936 0018 3E       		.uleb128 0x3e
 937 0019 0B       		.uleb128 0xb
 938 001a 03       		.uleb128 0x3
 939 001b 08       		.uleb128 0x8
 940 001c 00       		.byte	0
 941 001d 00       		.byte	0
 942 001e 03       		.uleb128 0x3
 943 001f 24       		.uleb128 0x24
 944 0020 00       		.byte	0
 945 0021 0B       		.uleb128 0xb
 946 0022 0B       		.uleb128 0xb
 947 0023 3E       		.uleb128 0x3e
 948 0024 0B       		.uleb128 0xb
 949 0025 03       		.uleb128 0x3
 950 0026 0E       		.uleb128 0xe
 951 0027 00       		.byte	0
 952 0028 00       		.byte	0
 953 0029 04       		.uleb128 0x4
 954 002a 16       		.uleb128 0x16
 955 002b 00       		.byte	0
 956 002c 03       		.uleb128 0x3
 957 002d 0E       		.uleb128 0xe
 958 002e 3A       		.uleb128 0x3a
 959 002f 0B       		.uleb128 0xb
 960 0030 3B       		.uleb128 0x3b
 961 0031 0B       		.uleb128 0xb
 962 0032 49       		.uleb128 0x49
ARM GAS  /var/folders/qh/xwg3v3kj02qbxczjpdb8lzfr0000gn/T//ccHZcWLY.s 			page 18


 963 0033 13       		.uleb128 0x13
 964 0034 00       		.byte	0
 965 0035 00       		.byte	0
 966 0036 05       		.uleb128 0x5
 967 0037 35       		.uleb128 0x35
 968 0038 00       		.byte	0
 969 0039 49       		.uleb128 0x49
 970 003a 13       		.uleb128 0x13
 971 003b 00       		.byte	0
 972 003c 00       		.byte	0
 973 003d 06       		.uleb128 0x6
 974 003e 13       		.uleb128 0x13
 975 003f 01       		.byte	0x1
 976 0040 0B       		.uleb128 0xb
 977 0041 0B       		.uleb128 0xb
 978 0042 3A       		.uleb128 0x3a
 979 0043 0B       		.uleb128 0xb
 980 0044 3B       		.uleb128 0x3b
 981 0045 0B       		.uleb128 0xb
 982 0046 01       		.uleb128 0x1
 983 0047 13       		.uleb128 0x13
 984 0048 00       		.byte	0
 985 0049 00       		.byte	0
 986 004a 07       		.uleb128 0x7
 987 004b 0D       		.uleb128 0xd
 988 004c 00       		.byte	0
 989 004d 03       		.uleb128 0x3
 990 004e 08       		.uleb128 0x8
 991 004f 3A       		.uleb128 0x3a
 992 0050 0B       		.uleb128 0xb
 993 0051 3B       		.uleb128 0x3b
 994 0052 0B       		.uleb128 0xb
 995 0053 49       		.uleb128 0x49
 996 0054 13       		.uleb128 0x13
 997 0055 38       		.uleb128 0x38
 998 0056 0B       		.uleb128 0xb
 999 0057 00       		.byte	0
 1000 0058 00       		.byte	0
 1001 0059 08       		.uleb128 0x8
 1002 005a 0D       		.uleb128 0xd
 1003 005b 00       		.byte	0
 1004 005c 03       		.uleb128 0x3
 1005 005d 0E       		.uleb128 0xe
 1006 005e 3A       		.uleb128 0x3a
 1007 005f 0B       		.uleb128 0xb
 1008 0060 3B       		.uleb128 0x3b
 1009 0061 0B       		.uleb128 0xb
 1010 0062 49       		.uleb128 0x49
 1011 0063 13       		.uleb128 0x13
 1012 0064 38       		.uleb128 0x38
 1013 0065 0B       		.uleb128 0xb
 1014 0066 00       		.byte	0
 1015 0067 00       		.byte	0
 1016 0068 09       		.uleb128 0x9
 1017 0069 17       		.uleb128 0x17
 1018 006a 01       		.byte	0x1
 1019 006b 0B       		.uleb128 0xb
ARM GAS  /var/folders/qh/xwg3v3kj02qbxczjpdb8lzfr0000gn/T//ccHZcWLY.s 			page 19


 1020 006c 0B       		.uleb128 0xb
 1021 006d 3A       		.uleb128 0x3a
 1022 006e 0B       		.uleb128 0xb
 1023 006f 3B       		.uleb128 0x3b
 1024 0070 0B       		.uleb128 0xb
 1025 0071 01       		.uleb128 0x1
 1026 0072 13       		.uleb128 0x13
 1027 0073 00       		.byte	0
 1028 0074 00       		.byte	0
 1029 0075 0A       		.uleb128 0xa
 1030 0076 0D       		.uleb128 0xd
 1031 0077 00       		.byte	0
 1032 0078 03       		.uleb128 0x3
 1033 0079 08       		.uleb128 0x8
 1034 007a 3A       		.uleb128 0x3a
 1035 007b 0B       		.uleb128 0xb
 1036 007c 3B       		.uleb128 0x3b
 1037 007d 0B       		.uleb128 0xb
 1038 007e 49       		.uleb128 0x49
 1039 007f 13       		.uleb128 0x13
 1040 0080 00       		.byte	0
 1041 0081 00       		.byte	0
 1042 0082 0B       		.uleb128 0xb
 1043 0083 0F       		.uleb128 0xf
 1044 0084 00       		.byte	0
 1045 0085 0B       		.uleb128 0xb
 1046 0086 0B       		.uleb128 0xb
 1047 0087 49       		.uleb128 0x49
 1048 0088 13       		.uleb128 0x13
 1049 0089 00       		.byte	0
 1050 008a 00       		.byte	0
 1051 008b 0C       		.uleb128 0xc
 1052 008c 2E       		.uleb128 0x2e
 1053 008d 01       		.byte	0x1
 1054 008e 3F       		.uleb128 0x3f
 1055 008f 19       		.uleb128 0x19
 1056 0090 03       		.uleb128 0x3
 1057 0091 0E       		.uleb128 0xe
 1058 0092 3A       		.uleb128 0x3a
 1059 0093 0B       		.uleb128 0xb
 1060 0094 3B       		.uleb128 0x3b
 1061 0095 0B       		.uleb128 0xb
 1062 0096 27       		.uleb128 0x27
 1063 0097 19       		.uleb128 0x19
 1064 0098 49       		.uleb128 0x49
 1065 0099 13       		.uleb128 0x13
 1066 009a 20       		.uleb128 0x20
 1067 009b 0B       		.uleb128 0xb
 1068 009c 01       		.uleb128 0x1
 1069 009d 13       		.uleb128 0x13
 1070 009e 00       		.byte	0
 1071 009f 00       		.byte	0
 1072 00a0 0D       		.uleb128 0xd
 1073 00a1 05       		.uleb128 0x5
 1074 00a2 00       		.byte	0
 1075 00a3 03       		.uleb128 0x3
 1076 00a4 0E       		.uleb128 0xe
ARM GAS  /var/folders/qh/xwg3v3kj02qbxczjpdb8lzfr0000gn/T//ccHZcWLY.s 			page 20


 1077 00a5 3A       		.uleb128 0x3a
 1078 00a6 0B       		.uleb128 0xb
 1079 00a7 3B       		.uleb128 0x3b
 1080 00a8 0B       		.uleb128 0xb
 1081 00a9 49       		.uleb128 0x49
 1082 00aa 13       		.uleb128 0x13
 1083 00ab 00       		.byte	0
 1084 00ac 00       		.byte	0
 1085 00ad 0E       		.uleb128 0xe
 1086 00ae 2E       		.uleb128 0x2e
 1087 00af 00       		.byte	0
 1088 00b0 3F       		.uleb128 0x3f
 1089 00b1 19       		.uleb128 0x19
 1090 00b2 03       		.uleb128 0x3
 1091 00b3 0E       		.uleb128 0xe
 1092 00b4 3A       		.uleb128 0x3a
 1093 00b5 0B       		.uleb128 0xb
 1094 00b6 3B       		.uleb128 0x3b
 1095 00b7 0B       		.uleb128 0xb
 1096 00b8 27       		.uleb128 0x27
 1097 00b9 19       		.uleb128 0x19
 1098 00ba 11       		.uleb128 0x11
 1099 00bb 01       		.uleb128 0x1
 1100 00bc 12       		.uleb128 0x12
 1101 00bd 06       		.uleb128 0x6
 1102 00be 40       		.uleb128 0x40
 1103 00bf 18       		.uleb128 0x18
 1104 00c0 9742     		.uleb128 0x2117
 1105 00c2 19       		.uleb128 0x19
 1106 00c3 00       		.byte	0
 1107 00c4 00       		.byte	0
 1108 00c5 0F       		.uleb128 0xf
 1109 00c6 2E       		.uleb128 0x2e
 1110 00c7 01       		.byte	0x1
 1111 00c8 3F       		.uleb128 0x3f
 1112 00c9 19       		.uleb128 0x19
 1113 00ca 03       		.uleb128 0x3
 1114 00cb 0E       		.uleb128 0xe
 1115 00cc 3A       		.uleb128 0x3a
 1116 00cd 0B       		.uleb128 0xb
 1117 00ce 3B       		.uleb128 0x3b
 1118 00cf 0B       		.uleb128 0xb
 1119 00d0 27       		.uleb128 0x27
 1120 00d1 19       		.uleb128 0x19
 1121 00d2 49       		.uleb128 0x49
 1122 00d3 13       		.uleb128 0x13
 1123 00d4 11       		.uleb128 0x11
 1124 00d5 01       		.uleb128 0x1
 1125 00d6 12       		.uleb128 0x12
 1126 00d7 06       		.uleb128 0x6
 1127 00d8 40       		.uleb128 0x40
 1128 00d9 18       		.uleb128 0x18
 1129 00da 9742     		.uleb128 0x2117
 1130 00dc 19       		.uleb128 0x19
 1131 00dd 01       		.uleb128 0x1
 1132 00de 13       		.uleb128 0x13
 1133 00df 00       		.byte	0
ARM GAS  /var/folders/qh/xwg3v3kj02qbxczjpdb8lzfr0000gn/T//ccHZcWLY.s 			page 21


 1134 00e0 00       		.byte	0
 1135 00e1 10       		.uleb128 0x10
 1136 00e2 05       		.uleb128 0x5
 1137 00e3 00       		.byte	0
 1138 00e4 03       		.uleb128 0x3
 1139 00e5 0E       		.uleb128 0xe
 1140 00e6 3A       		.uleb128 0x3a
 1141 00e7 0B       		.uleb128 0xb
 1142 00e8 3B       		.uleb128 0x3b
 1143 00e9 0B       		.uleb128 0xb
 1144 00ea 49       		.uleb128 0x49
 1145 00eb 13       		.uleb128 0x13
 1146 00ec 02       		.uleb128 0x2
 1147 00ed 17       		.uleb128 0x17
 1148 00ee 00       		.byte	0
 1149 00ef 00       		.byte	0
 1150 00f0 11       		.uleb128 0x11
 1151 00f1 34       		.uleb128 0x34
 1152 00f2 00       		.byte	0
 1153 00f3 03       		.uleb128 0x3
 1154 00f4 0E       		.uleb128 0xe
 1155 00f5 3A       		.uleb128 0x3a
 1156 00f6 0B       		.uleb128 0xb
 1157 00f7 3B       		.uleb128 0x3b
 1158 00f8 0B       		.uleb128 0xb
 1159 00f9 49       		.uleb128 0x49
 1160 00fa 13       		.uleb128 0x13
 1161 00fb 00       		.byte	0
 1162 00fc 00       		.byte	0
 1163 00fd 12       		.uleb128 0x12
 1164 00fe 898201   		.uleb128 0x4109
 1165 0101 01       		.byte	0x1
 1166 0102 11       		.uleb128 0x11
 1167 0103 01       		.uleb128 0x1
 1168 0104 31       		.uleb128 0x31
 1169 0105 13       		.uleb128 0x13
 1170 0106 00       		.byte	0
 1171 0107 00       		.byte	0
 1172 0108 13       		.uleb128 0x13
 1173 0109 8A8201   		.uleb128 0x410a
 1174 010c 00       		.byte	0
 1175 010d 02       		.uleb128 0x2
 1176 010e 18       		.uleb128 0x18
 1177 010f 9142     		.uleb128 0x2111
 1178 0111 18       		.uleb128 0x18
 1179 0112 00       		.byte	0
 1180 0113 00       		.byte	0
 1181 0114 14       		.uleb128 0x14
 1182 0115 05       		.uleb128 0x5
 1183 0116 00       		.byte	0
 1184 0117 03       		.uleb128 0x3
 1185 0118 0E       		.uleb128 0xe
 1186 0119 3A       		.uleb128 0x3a
 1187 011a 0B       		.uleb128 0xb
 1188 011b 3B       		.uleb128 0x3b
 1189 011c 0B       		.uleb128 0xb
 1190 011d 49       		.uleb128 0x49
ARM GAS  /var/folders/qh/xwg3v3kj02qbxczjpdb8lzfr0000gn/T//ccHZcWLY.s 			page 22


 1191 011e 13       		.uleb128 0x13
 1192 011f 02       		.uleb128 0x2
 1193 0120 18       		.uleb128 0x18
 1194 0121 00       		.byte	0
 1195 0122 00       		.byte	0
 1196 0123 15       		.uleb128 0x15
 1197 0124 34       		.uleb128 0x34
 1198 0125 00       		.byte	0
 1199 0126 03       		.uleb128 0x3
 1200 0127 0E       		.uleb128 0xe
 1201 0128 3A       		.uleb128 0x3a
 1202 0129 0B       		.uleb128 0xb
 1203 012a 3B       		.uleb128 0x3b
 1204 012b 0B       		.uleb128 0xb
 1205 012c 49       		.uleb128 0x49
 1206 012d 13       		.uleb128 0x13
 1207 012e 02       		.uleb128 0x2
 1208 012f 17       		.uleb128 0x17
 1209 0130 00       		.byte	0
 1210 0131 00       		.byte	0
 1211 0132 16       		.uleb128 0x16
 1212 0133 2E       		.uleb128 0x2e
 1213 0134 01       		.byte	0x1
 1214 0135 31       		.uleb128 0x31
 1215 0136 13       		.uleb128 0x13
 1216 0137 11       		.uleb128 0x11
 1217 0138 01       		.uleb128 0x1
 1218 0139 12       		.uleb128 0x12
 1219 013a 06       		.uleb128 0x6
 1220 013b 40       		.uleb128 0x40
 1221 013c 18       		.uleb128 0x18
 1222 013d 9742     		.uleb128 0x2117
 1223 013f 19       		.uleb128 0x19
 1224 0140 01       		.uleb128 0x1
 1225 0141 13       		.uleb128 0x13
 1226 0142 00       		.byte	0
 1227 0143 00       		.byte	0
 1228 0144 17       		.uleb128 0x17
 1229 0145 05       		.uleb128 0x5
 1230 0146 00       		.byte	0
 1231 0147 31       		.uleb128 0x31
 1232 0148 13       		.uleb128 0x13
 1233 0149 02       		.uleb128 0x2
 1234 014a 17       		.uleb128 0x17
 1235 014b 00       		.byte	0
 1236 014c 00       		.byte	0
 1237 014d 18       		.uleb128 0x18
 1238 014e 1D       		.uleb128 0x1d
 1239 014f 01       		.byte	0x1
 1240 0150 31       		.uleb128 0x31
 1241 0151 13       		.uleb128 0x13
 1242 0152 11       		.uleb128 0x11
 1243 0153 01       		.uleb128 0x1
 1244 0154 12       		.uleb128 0x12
 1245 0155 06       		.uleb128 0x6
 1246 0156 58       		.uleb128 0x58
 1247 0157 0B       		.uleb128 0xb
ARM GAS  /var/folders/qh/xwg3v3kj02qbxczjpdb8lzfr0000gn/T//ccHZcWLY.s 			page 23


 1248 0158 59       		.uleb128 0x59
 1249 0159 0B       		.uleb128 0xb
 1250 015a 00       		.byte	0
 1251 015b 00       		.byte	0
 1252 015c 19       		.uleb128 0x19
 1253 015d 01       		.uleb128 0x1
 1254 015e 01       		.byte	0x1
 1255 015f 49       		.uleb128 0x49
 1256 0160 13       		.uleb128 0x13
 1257 0161 01       		.uleb128 0x1
 1258 0162 13       		.uleb128 0x13
 1259 0163 00       		.byte	0
 1260 0164 00       		.byte	0
 1261 0165 1A       		.uleb128 0x1a
 1262 0166 21       		.uleb128 0x21
 1263 0167 00       		.byte	0
 1264 0168 49       		.uleb128 0x49
 1265 0169 13       		.uleb128 0x13
 1266 016a 2F       		.uleb128 0x2f
 1267 016b 0B       		.uleb128 0xb
 1268 016c 00       		.byte	0
 1269 016d 00       		.byte	0
 1270 016e 1B       		.uleb128 0x1b
 1271 016f 34       		.uleb128 0x34
 1272 0170 00       		.byte	0
 1273 0171 03       		.uleb128 0x3
 1274 0172 0E       		.uleb128 0xe
 1275 0173 3A       		.uleb128 0x3a
 1276 0174 0B       		.uleb128 0xb
 1277 0175 3B       		.uleb128 0x3b
 1278 0176 0B       		.uleb128 0xb
 1279 0177 49       		.uleb128 0x49
 1280 0178 13       		.uleb128 0x13
 1281 0179 3F       		.uleb128 0x3f
 1282 017a 19       		.uleb128 0x19
 1283 017b 02       		.uleb128 0x2
 1284 017c 18       		.uleb128 0x18
 1285 017d 00       		.byte	0
 1286 017e 00       		.byte	0
 1287 017f 1C       		.uleb128 0x1c
 1288 0180 2E       		.uleb128 0x2e
 1289 0181 01       		.byte	0x1
 1290 0182 3F       		.uleb128 0x3f
 1291 0183 19       		.uleb128 0x19
 1292 0184 03       		.uleb128 0x3
 1293 0185 0E       		.uleb128 0xe
 1294 0186 3A       		.uleb128 0x3a
 1295 0187 0B       		.uleb128 0xb
 1296 0188 3B       		.uleb128 0x3b
 1297 0189 05       		.uleb128 0x5
 1298 018a 27       		.uleb128 0x27
 1299 018b 19       		.uleb128 0x19
 1300 018c 3C       		.uleb128 0x3c
 1301 018d 19       		.uleb128 0x19
 1302 018e 00       		.byte	0
 1303 018f 00       		.byte	0
 1304 0190 1D       		.uleb128 0x1d
ARM GAS  /var/folders/qh/xwg3v3kj02qbxczjpdb8lzfr0000gn/T//ccHZcWLY.s 			page 24


 1305 0191 05       		.uleb128 0x5
 1306 0192 00       		.byte	0
 1307 0193 49       		.uleb128 0x49
 1308 0194 13       		.uleb128 0x13
 1309 0195 00       		.byte	0
 1310 0196 00       		.byte	0
 1311 0197 00       		.byte	0
 1312              		.section	.debug_loc,"",%progbits
 1313              	.Ldebug_loc0:
 1314              	.LLST0:
 1315 0000 00000000 		.4byte	.LVL0
 1316 0004 1E000000 		.4byte	.LVL1
 1317 0008 0100     		.2byte	0x1
 1318 000a 50       		.byte	0x50
 1319 000b 1E000000 		.4byte	.LVL1
 1320 000f 50000000 		.4byte	.LFE41
 1321 0013 0400     		.2byte	0x4
 1322 0015 F3       		.byte	0xf3
 1323 0016 01       		.uleb128 0x1
 1324 0017 50       		.byte	0x50
 1325 0018 9F       		.byte	0x9f
 1326 0019 00000000 		.4byte	0
 1327 001d 00000000 		.4byte	0
 1328              	.LLST1:
 1329 0021 00000000 		.4byte	.LVL0
 1330 0025 22000000 		.4byte	.LVL2
 1331 0029 0100     		.2byte	0x1
 1332 002b 51       		.byte	0x51
 1333 002c 22000000 		.4byte	.LVL2
 1334 0030 50000000 		.4byte	.LFE41
 1335 0034 0400     		.2byte	0x4
 1336 0036 F3       		.byte	0xf3
 1337 0037 01       		.uleb128 0x1
 1338 0038 51       		.byte	0x51
 1339 0039 9F       		.byte	0x9f
 1340 003a 00000000 		.4byte	0
 1341 003e 00000000 		.4byte	0
 1342              	.LLST2:
 1343 0042 00000000 		.4byte	.LVL4
 1344 0046 04000000 		.4byte	.LVL5
 1345 004a 0100     		.2byte	0x1
 1346 004c 50       		.byte	0x50
 1347 004d 04000000 		.4byte	.LVL5
 1348 0051 20000000 		.4byte	.LFE42
 1349 0055 0400     		.2byte	0x4
 1350 0057 F3       		.byte	0xf3
 1351 0058 01       		.uleb128 0x1
 1352 0059 50       		.byte	0x50
 1353 005a 9F       		.byte	0x9f
 1354 005b 00000000 		.4byte	0
 1355 005f 00000000 		.4byte	0
 1356              	.LLST3:
 1357 0063 00000000 		.4byte	.LVL4
 1358 0067 0C000000 		.4byte	.LVL6
 1359 006b 0200     		.2byte	0x2
 1360 006d 30       		.byte	0x30
 1361 006e 9F       		.byte	0x9f
ARM GAS  /var/folders/qh/xwg3v3kj02qbxczjpdb8lzfr0000gn/T//ccHZcWLY.s 			page 25


 1362 006f 00000000 		.4byte	0
 1363 0073 00000000 		.4byte	0
 1364              	.LLST4:
 1365 0077 00000000 		.4byte	.LVL7
 1366 007b 04000000 		.4byte	.LVL8
 1367 007f 0100     		.2byte	0x1
 1368 0081 50       		.byte	0x50
 1369 0082 04000000 		.4byte	.LVL8
 1370 0086 2C000000 		.4byte	.LFE43
 1371 008a 0400     		.2byte	0x4
 1372 008c F3       		.byte	0xf3
 1373 008d 01       		.uleb128 0x1
 1374 008e 50       		.byte	0x50
 1375 008f 9F       		.byte	0x9f
 1376 0090 00000000 		.4byte	0
 1377 0094 00000000 		.4byte	0
 1378              	.LLST5:
 1379 0098 00000000 		.4byte	.LVL7
 1380 009c 12000000 		.4byte	.LVL9
 1381 00a0 0200     		.2byte	0x2
 1382 00a2 30       		.byte	0x30
 1383 00a3 9F       		.byte	0x9f
 1384 00a4 00000000 		.4byte	0
 1385 00a8 00000000 		.4byte	0
 1386              	.LLST6:
 1387 00ac 00000000 		.4byte	.LVL10
 1388 00b0 04000000 		.4byte	.LVL11
 1389 00b4 0100     		.2byte	0x1
 1390 00b6 50       		.byte	0x50
 1391 00b7 04000000 		.4byte	.LVL11
 1392 00bb 18000000 		.4byte	.LFE44
 1393 00bf 0400     		.2byte	0x4
 1394 00c1 F3       		.byte	0xf3
 1395 00c2 01       		.uleb128 0x1
 1396 00c3 50       		.byte	0x50
 1397 00c4 9F       		.byte	0x9f
 1398 00c5 00000000 		.4byte	0
 1399 00c9 00000000 		.4byte	0
 1400              	.LLST7:
 1401 00cd 00000000 		.4byte	.LVL12
 1402 00d1 1E000000 		.4byte	.LVL13
 1403 00d5 0100     		.2byte	0x1
 1404 00d7 50       		.byte	0x50
 1405 00d8 1E000000 		.4byte	.LVL13
 1406 00dc 28000000 		.4byte	.LFE45
 1407 00e0 0400     		.2byte	0x4
 1408 00e2 F3       		.byte	0xf3
 1409 00e3 01       		.uleb128 0x1
 1410 00e4 50       		.byte	0x50
 1411 00e5 9F       		.byte	0x9f
 1412 00e6 00000000 		.4byte	0
 1413 00ea 00000000 		.4byte	0
 1414              		.section	.debug_aranges,"",%progbits
 1415 0000 44000000 		.4byte	0x44
 1416 0004 0200     		.2byte	0x2
 1417 0006 00000000 		.4byte	.Ldebug_info0
 1418 000a 04       		.byte	0x4
ARM GAS  /var/folders/qh/xwg3v3kj02qbxczjpdb8lzfr0000gn/T//ccHZcWLY.s 			page 26


 1419 000b 00       		.byte	0
 1420 000c 0000     		.2byte	0
 1421 000e 0000     		.2byte	0
 1422 0010 00000000 		.4byte	.LFB40
 1423 0014 A8000000 		.4byte	.LFE40-.LFB40
 1424 0018 00000000 		.4byte	.LFB41
 1425 001c 50000000 		.4byte	.LFE41-.LFB41
 1426 0020 00000000 		.4byte	.LFB42
 1427 0024 20000000 		.4byte	.LFE42-.LFB42
 1428 0028 00000000 		.4byte	.LFB43
 1429 002c 2C000000 		.4byte	.LFE43-.LFB43
 1430 0030 00000000 		.4byte	.LFB44
 1431 0034 18000000 		.4byte	.LFE44-.LFB44
 1432 0038 00000000 		.4byte	.LFB45
 1433 003c 28000000 		.4byte	.LFE45-.LFB45
 1434 0040 00000000 		.4byte	0
 1435 0044 00000000 		.4byte	0
 1436              		.section	.debug_ranges,"",%progbits
 1437              	.Ldebug_ranges0:
 1438 0000 00000000 		.4byte	.LFB40
 1439 0004 A8000000 		.4byte	.LFE40
 1440 0008 00000000 		.4byte	.LFB41
 1441 000c 50000000 		.4byte	.LFE41
 1442 0010 00000000 		.4byte	.LFB42
 1443 0014 20000000 		.4byte	.LFE42
 1444 0018 00000000 		.4byte	.LFB43
 1445 001c 2C000000 		.4byte	.LFE43
 1446 0020 00000000 		.4byte	.LFB44
 1447 0024 18000000 		.4byte	.LFE44
 1448 0028 00000000 		.4byte	.LFB45
 1449 002c 28000000 		.4byte	.LFE45
 1450 0030 00000000 		.4byte	0
 1451 0034 00000000 		.4byte	0
 1452              		.section	.debug_line,"",%progbits
 1453              	.Ldebug_line0:
 1454 0000 82010000 		.section	.debug_str,"MS",%progbits,1
 1454      0200B200 
 1454      00000201 
 1454      FB0E0D00 
 1454      01010101 
 1455              	.LASF17:
 1456 0000 4F535045 		.ascii	"OSPEEDR\000"
 1456      45445200 
 1457              	.LASF48:
 1458 0008 2F557365 		.ascii	"/Users/John/Development/embedded/ChibiOS-RT/BluC/ST"
 1458      72732F4A 
 1458      6F686E2F 
 1458      44657665 
 1458      6C6F706D 
 1459 003b 4D333246 		.ascii	"M32F051\000"
 1459      30353100 
 1460              	.LASF46:
 1461 0043 474E5520 		.ascii	"GNU C 4.8.3 20131129 (release) [ARM/embedded-4_8-br"
 1461      4320342E 
 1461      382E3320 
 1461      32303133 
 1461      31313239 
ARM GAS  /var/folders/qh/xwg3v3kj02qbxczjpdb8lzfr0000gn/T//ccHZcWLY.s 			page 27


 1462 0076 616E6368 		.ascii	"anch revision 205641] -mcpu=cortex-m0 -mno-thumb-in"
 1462      20726576 
 1462      6973696F 
 1462      6E203230 
 1462      35363431 
 1463 00a9 74657277 		.ascii	"terwork -mthumb -ggdb -O2 -fomit-frame-pointer -fal"
 1463      6F726B20 
 1463      2D6D7468 
 1463      756D6220 
 1463      2D676764 
 1464 00dc 69676E2D 		.ascii	"ign-functions=16 -ffunction-sections -fdata-section"
 1464      66756E63 
 1464      74696F6E 
 1464      733D3136 
 1464      202D6666 
 1465 010f 73202D66 		.ascii	"s -fno-common\000"
 1465      6E6F2D63 
 1465      6F6D6D6F 
 1465      6E00
 1466              	.LASF14:
 1467 011d 636C6561 		.ascii	"clear\000"
 1467      7200
 1468              	.LASF15:
 1469 0123 4D4F4445 		.ascii	"MODER\000"
 1469      5200
 1470              	.LASF5:
 1471 0129 6C6F6E67 		.ascii	"long int\000"
 1471      20696E74 
 1471      00
 1472              	.LASF19:
 1473 0132 42535252 		.ascii	"BSRR\000"
 1473      00
 1474              	.LASF34:
 1475 0137 70696E73 		.ascii	"pinsToBeUsed\000"
 1475      546F4265 
 1475      55736564 
 1475      00
 1476              	.LASF29:
 1477 0144 70696E4F 		.ascii	"pinOptions\000"
 1477      7074696F 
 1477      6E7300
 1478              	.LASF3:
 1479 014f 73686F72 		.ascii	"short int\000"
 1479      7420696E 
 1479      7400
 1480              	.LASF33:
 1481 0159 70696E53 		.ascii	"pinSetting\000"
 1481      65747469 
 1481      6E6700
 1482              	.LASF24:
 1483 0164 696F706F 		.ascii	"ioportmask_t\000"
 1483      72746D61 
 1483      736B5F74 
 1483      00
 1484              	.LASF38:
 1485 0171 70696E54 		.ascii	"pinToBeUsed\000"
 1485      6F426555 
ARM GAS  /var/folders/qh/xwg3v3kj02qbxczjpdb8lzfr0000gn/T//ccHZcWLY.s 			page 28


 1485      73656400 
 1486              	.LASF16:
 1487 017d 4F545950 		.ascii	"OTYPER\000"
 1487      455200
 1488              	.LASF25:
 1489 0184 696F6D6F 		.ascii	"iomode_t\000"
 1489      64655F74 
 1489      00
 1490              	.LASF45:
 1491 018d 61646353 		.ascii	"adcSelectedChannels\000"
 1491      656C6563 
 1491      74656443 
 1491      68616E6E 
 1491      656C7300 
 1492              	.LASF2:
 1493 01a1 756E7369 		.ascii	"unsigned char\000"
 1493      676E6564 
 1493      20636861 
 1493      7200
 1494              	.LASF41:
 1495 01af 68617264 		.ascii	"hardwareGetAdcAddress\000"
 1495      77617265 
 1495      47657441 
 1495      64634164 
 1495      64726573 
 1496              	.LASF22:
 1497 01c5 41465248 		.ascii	"AFRH\000"
 1497      00
 1498              	.LASF8:
 1499 01ca 6C6F6E67 		.ascii	"long unsigned int\000"
 1499      20756E73 
 1499      69676E65 
 1499      6420696E 
 1499      7400
 1500              	.LASF4:
 1501 01dc 73686F72 		.ascii	"short unsigned int\000"
 1501      7420756E 
 1501      7369676E 
 1501      65642069 
 1501      6E7400
 1502              	.LASF21:
 1503 01ef 4146524C 		.ascii	"AFRL\000"
 1503      00
 1504              	.LASF36:
 1505 01f4 68617264 		.ascii	"hardwareSetPins\000"
 1505      77617265 
 1505      53657450 
 1505      696E7300 
 1506              	.LASF37:
 1507 0204 68617264 		.ascii	"hardwareCheckPins\000"
 1507      77617265 
 1507      43686563 
 1507      6B50696E 
 1507      7300
 1508              	.LASF47:
 1509 0216 68617264 		.ascii	"hardware.c\000"
 1509      77617265 
ARM GAS  /var/folders/qh/xwg3v3kj02qbxczjpdb8lzfr0000gn/T//ccHZcWLY.s 			page 29


 1509      2E6300
 1510              	.LASF39:
 1511 0221 68617264 		.ascii	"hardwareCheckCurrentMode\000"
 1511      77617265 
 1511      43686563 
 1511      6B437572 
 1511      72656E74 
 1512              	.LASF50:
 1513 023a 68617264 		.ascii	"hardwareInitialise\000"
 1513      77617265 
 1513      496E6974 
 1513      69616C69 
 1513      736500
 1514              	.LASF43:
 1515 024d 68775069 		.ascii	"hwPin\000"
 1515      6E00
 1516              	.LASF51:
 1517 0253 5F70616C 		.ascii	"_pal_lld_setgroupmode\000"
 1517      5F6C6C64 
 1517      5F736574 
 1517      67726F75 
 1517      706D6F64 
 1518              	.LASF28:
 1519 0269 70696E4E 		.ascii	"pinNumber\000"
 1519      756D6265 
 1519      7200
 1520              	.LASF0:
 1521 0273 756E7369 		.ascii	"unsigned int\000"
 1521      676E6564 
 1521      20696E74 
 1521      00
 1522              	.LASF42:
 1523 0280 70696E4C 		.ascii	"pinLocation\000"
 1523      6F636174 
 1523      696F6E00 
 1524              	.LASF10:
 1525 028c 6C6F6E67 		.ascii	"long long unsigned int\000"
 1525      206C6F6E 
 1525      6720756E 
 1525      7369676E 
 1525      65642069 
 1526              	.LASF44:
 1527 02a3 6164634E 		.ascii	"adcNumberOfSelectedChannel\000"
 1527      756D6265 
 1527      724F6653 
 1527      656C6563 
 1527      74656443 
 1528              	.LASF35:
 1529 02be 6D6F6465 		.ascii	"mode\000"
 1529      00
 1530              	.LASF27:
 1531 02c3 70696E50 		.ascii	"pinPort\000"
 1531      6F727400 
 1532              	.LASF12:
 1533 02cb 73697A65 		.ascii	"sizetype\000"
 1533      74797065 
 1533      00
ARM GAS  /var/folders/qh/xwg3v3kj02qbxczjpdb8lzfr0000gn/T//ccHZcWLY.s 			page 30


 1534              	.LASF18:
 1535 02d4 50555044 		.ascii	"PUPDR\000"
 1535      5200
 1536              	.LASF9:
 1537 02da 6C6F6E67 		.ascii	"long long int\000"
 1537      206C6F6E 
 1537      6720696E 
 1537      7400
 1538              	.LASF31:
 1539 02e8 70696E54 		.ascii	"pinTimerAddress\000"
 1539      696D6572 
 1539      41646472 
 1539      65737300 
 1540              	.LASF13:
 1541 02f8 63686172 		.ascii	"char\000"
 1541      00
 1542              	.LASF30:
 1543 02fd 70696E41 		.ascii	"pinAdcAddress\000"
 1543      64634164 
 1543      64726573 
 1543      7300
 1544              	.LASF26:
 1545 030b 696F706F 		.ascii	"ioportid_t\000"
 1545      72746964 
 1545      5F7400
 1546              	.LASF6:
 1547 0316 75696E74 		.ascii	"uint16_t\000"
 1547      31365F74 
 1547      00
 1548              	.LASF32:
 1549 031f 63757272 		.ascii	"currentSetting\000"
 1549      656E7453 
 1549      65747469 
 1549      6E6700
 1550              	.LASF7:
 1551 032e 75696E74 		.ascii	"uint32_t\000"
 1551      33325F74 
 1551      00
 1552              	.LASF49:
 1553 0337 68617264 		.ascii	"hardwarePinParse\000"
 1553      77617265 
 1553      50696E50 
 1553      61727365 
 1553      00
 1554              	.LASF23:
 1555 0348 4750494F 		.ascii	"GPIO_TypeDef\000"
 1555      5F547970 
 1555      65446566 
 1555      00
 1556              	.LASF40:
 1557 0355 70696E56 		.ascii	"pinValue\000"
 1557      616C7565 
 1557      00
 1558              	.LASF1:
 1559 035e 7369676E 		.ascii	"signed char\000"
 1559      65642063 
 1559      68617200 
ARM GAS  /var/folders/qh/xwg3v3kj02qbxczjpdb8lzfr0000gn/T//ccHZcWLY.s 			page 31


 1560              	.LASF11:
 1561 036a 5F426F6F 		.ascii	"_Bool\000"
 1561      6C00
 1562              	.LASF20:
 1563 0370 4C434B52 		.ascii	"LCKR\000"
 1563      00
 1564              		.ident	"GCC: (GNU Tools for ARM Embedded Processors) 4.8.3 20131129 (release) [ARM/embedded-4_8-br
ARM GAS  /var/folders/qh/xwg3v3kj02qbxczjpdb8lzfr0000gn/T//ccHZcWLY.s 			page 32


DEFINED SYMBOLS
                            *ABS*:0000000000000000 hardware.c
/var/folders/qh/xwg3v3kj02qbxczjpdb8lzfr0000gn/T//ccHZcWLY.s:18     .text.hardwareInitialise:0000000000000000 $t
/var/folders/qh/xwg3v3kj02qbxczjpdb8lzfr0000gn/T//ccHZcWLY.s:24     .text.hardwareInitialise:0000000000000000 hardwareInitialise
/var/folders/qh/xwg3v3kj02qbxczjpdb8lzfr0000gn/T//ccHZcWLY.s:183    .text.hardwareInitialise:00000000000000a4 $d
/var/folders/qh/xwg3v3kj02qbxczjpdb8lzfr0000gn/T//ccHZcWLY.s:188    .text.hardwareSetPins:0000000000000000 $t
/var/folders/qh/xwg3v3kj02qbxczjpdb8lzfr0000gn/T//ccHZcWLY.s:194    .text.hardwareSetPins:0000000000000000 hardwareSetPins
/var/folders/qh/xwg3v3kj02qbxczjpdb8lzfr0000gn/T//ccHZcWLY.s:248    .text.hardwareSetPins:0000000000000048 $d
/var/folders/qh/xwg3v3kj02qbxczjpdb8lzfr0000gn/T//ccHZcWLY.s:254    .text.hardwareCheckPins:0000000000000000 $t
/var/folders/qh/xwg3v3kj02qbxczjpdb8lzfr0000gn/T//ccHZcWLY.s:260    .text.hardwareCheckPins:0000000000000000 hardwareCheckPins
/var/folders/qh/xwg3v3kj02qbxczjpdb8lzfr0000gn/T//ccHZcWLY.s:289    .text.hardwareCheckPins:000000000000001c $d
/var/folders/qh/xwg3v3kj02qbxczjpdb8lzfr0000gn/T//ccHZcWLY.s:294    .text.hardwareCheckCurrentMode:0000000000000000 $t
/var/folders/qh/xwg3v3kj02qbxczjpdb8lzfr0000gn/T//ccHZcWLY.s:300    .text.hardwareCheckCurrentMode:0000000000000000 hardwareCheckCurrentMode
/var/folders/qh/xwg3v3kj02qbxczjpdb8lzfr0000gn/T//ccHZcWLY.s:334    .text.hardwareCheckCurrentMode:0000000000000024 $d
/var/folders/qh/xwg3v3kj02qbxczjpdb8lzfr0000gn/T//ccHZcWLY.s:340    .text.hardwarePinParse:0000000000000000 $t
/var/folders/qh/xwg3v3kj02qbxczjpdb8lzfr0000gn/T//ccHZcWLY.s:346    .text.hardwarePinParse:0000000000000000 hardwarePinParse
/var/folders/qh/xwg3v3kj02qbxczjpdb8lzfr0000gn/T//ccHZcWLY.s:369    .text.hardwarePinParse:0000000000000014 $d
/var/folders/qh/xwg3v3kj02qbxczjpdb8lzfr0000gn/T//ccHZcWLY.s:374    .text.hardwareGetAdcAddress:0000000000000000 $t
/var/folders/qh/xwg3v3kj02qbxczjpdb8lzfr0000gn/T//ccHZcWLY.s:380    .text.hardwareGetAdcAddress:0000000000000000 hardwareGetAdcAddress
/var/folders/qh/xwg3v3kj02qbxczjpdb8lzfr0000gn/T//ccHZcWLY.s:414    .text.hardwareGetAdcAddress:0000000000000020 $d
/var/folders/qh/xwg3v3kj02qbxczjpdb8lzfr0000gn/T//ccHZcWLY.s:439    .bss.adcSelectedChannels:0000000000000000 adcSelectedChannels
/var/folders/qh/xwg3v3kj02qbxczjpdb8lzfr0000gn/T//ccHZcWLY.s:426    .bss.adcNumberOfSelectedChannel:0000000000000000 adcNumberOfSelectedChannel
/var/folders/qh/xwg3v3kj02qbxczjpdb8lzfr0000gn/T//ccHZcWLY.s:433    .bss.hwPin:0000000000000000 hwPin
/var/folders/qh/xwg3v3kj02qbxczjpdb8lzfr0000gn/T//ccHZcWLY.s:423    .bss.adcNumberOfSelectedChannel:0000000000000000 $d
/var/folders/qh/xwg3v3kj02qbxczjpdb8lzfr0000gn/T//ccHZcWLY.s:429    .bss.hwPin:0000000000000000 $d
/var/folders/qh/xwg3v3kj02qbxczjpdb8lzfr0000gn/T//ccHZcWLY.s:436    .bss.adcSelectedChannels:0000000000000000 $d
/var/folders/qh/xwg3v3kj02qbxczjpdb8lzfr0000gn/T//ccHZcWLY.s:442    .rodata.CSWTCH.3:0000000000000000 $d
/var/folders/qh/xwg3v3kj02qbxczjpdb8lzfr0000gn/T//ccHZcWLY.s:446    .rodata.CSWTCH.3:0000000000000000 CSWTCH.3
                     .debug_frame:0000000000000010 $d
/var/folders/qh/xwg3v3kj02qbxczjpdb8lzfr0000gn/T//ccHZcWLY.s:187    .text.hardwareInitialise:00000000000000a8 $t
/var/folders/qh/xwg3v3kj02qbxczjpdb8lzfr0000gn/T//ccHZcWLY.s:339    .text.hardwareCheckCurrentMode:000000000000002c $t
/var/folders/qh/xwg3v3kj02qbxczjpdb8lzfr0000gn/T//ccHZcWLY.s:373    .text.hardwarePinParse:0000000000000018 $t
/var/folders/qh/xwg3v3kj02qbxczjpdb8lzfr0000gn/T//ccHZcWLY.s:422    .text.hardwareGetAdcAddress:0000000000000028 $t

UNDEFINED SYMBOLS
_pal_lld_setgroupmode
