ARM GAS  /var/folders/qh/xwg3v3kj02qbxczjpdb8lzfr0000gn/T//ccASNYDK.s 			page 1


   1              		.cpu cortex-m0
   2              		.fpu softvfp
   3              		.eabi_attribute 20, 1
   4              		.eabi_attribute 21, 1
   5              		.eabi_attribute 23, 3
   6              		.eabi_attribute 24, 1
   7              		.eabi_attribute 25, 1
   8              		.eabi_attribute 26, 1
   9              		.eabi_attribute 30, 2
  10              		.eabi_attribute 34, 0
  11              		.eabi_attribute 18, 4
  12              		.code	16
  13              		.file	"nvic.c"
  14              		.text
  15              	.Ltext0:
  16              		.cfi_sections	.debug_frame
  17              		.section	.text.nvicEnableVector,"ax",%progbits
  18              		.align	2
  19              		.p2align 4,,15
  20              		.global	nvicEnableVector
  21              		.code	16
  22              		.thumb_func
  23              		.type	nvicEnableVector, %function
  24              	nvicEnableVector:
  25              	.LFB7:
  26              		.file 1 "../../os/ports/common/ARMCMx/nvic.c"
  27              		.loc 1 39 0
  28              		.cfi_startproc
  29              	.LVL0:
  30              		.loc 1 42 0
  31 0000 8208     		lsr	r2, r0, #2
  32 0002 0F4B     		ldr	r3, .L2
  33 0004 9200     		lsl	r2, r2, #2
  34              		.loc 1 39 0
  35 0006 70B5     		push	{r4, r5, r6, lr}
  36              		.cfi_def_cfa_offset 16
  37              		.cfi_offset 4, -16
  38              		.cfi_offset 5, -12
  39              		.cfi_offset 6, -8
  40              		.cfi_offset 14, -4
  41 0008 D218     		add	r2, r2, r3
  42              		.loc 1 40 0
  43 000a 0324     		mov	r4, #3
  44              		.loc 1 42 0
  45 000c C023     		mov	r3, #192
  46 000e 9B00     		lsl	r3, r3, #2
  47              		.loc 1 40 0
  48 0010 0440     		and	r4, r0
  49              		.loc 1 42 0
  50 0012 D558     		ldr	r5, [r2, r3]
  51              		.loc 1 40 0
  52 0014 E400     		lsl	r4, r4, #3
  53              	.LVL1:
  54              		.loc 1 42 0
  55 0016 FF26     		mov	r6, #255
  56 0018 A640     		lsl	r6, r6, r4
  57 001a B543     		bic	r5, r6
ARM GAS  /var/folders/qh/xwg3v3kj02qbxczjpdb8lzfr0000gn/T//ccASNYDK.s 			page 2


  58 001c A140     		lsl	r1, r1, r4
  59              	.LVL2:
  60 001e 2C1C     		mov	r4, r5
  61              	.LVL3:
  62 0020 0C43     		orr	r4, r1
  63 0022 D450     		str	r4, [r2, r3]
  64              		.loc 1 43 0
  65 0024 1F23     		mov	r3, #31
  66 0026 0340     		and	r3, r0
  67 0028 0122     		mov	r2, #1
  68 002a 9A40     		lsl	r2, r2, r3
  69 002c 131C     		mov	r3, r2
  70 002e 4009     		lsr	r0, r0, #5
  71              	.LVL4:
  72 0030 034A     		ldr	r2, .L2
  73 0032 8000     		lsl	r0, r0, #2
  74 0034 8018     		add	r0, r0, r2
  75 0036 C022     		mov	r2, #192
  76 0038 5200     		lsl	r2, r2, #1
  77 003a 8350     		str	r3, [r0, r2]
  78              		.loc 1 45 0
  79              		@ sp needed
  80              		.loc 1 44 0
  81 003c 0360     		str	r3, [r0]
  82              		.loc 1 45 0
  83 003e 70BD     		pop	{r4, r5, r6, pc}
  84              	.L3:
  85              		.align	2
  86              	.L2:
  87 0040 00E100E0 		.word	-536813312
  88              		.cfi_endproc
  89              	.LFE7:
  90              		.size	nvicEnableVector, .-nvicEnableVector
  91 0044 C046C046 		.section	.text.nvicDisableVector,"ax",%progbits
  91      C046C046 
  91      C046C046 
  92              		.align	2
  93              		.p2align 4,,15
  94              		.global	nvicDisableVector
  95              		.code	16
  96              		.thumb_func
  97              		.type	nvicDisableVector, %function
  98              	nvicDisableVector:
  99              	.LFB8:
 100              		.loc 1 53 0
 101              		.cfi_startproc
 102              	.LVL5:
 103              		.loc 1 56 0
 104 0000 1F21     		mov	r1, #31
 105 0002 0140     		and	r1, r0
 106 0004 0123     		mov	r3, #1
 107 0006 4209     		lsr	r2, r0, #5
 108 0008 8B40     		lsl	r3, r3, r1
 109 000a 191C     		mov	r1, r3
 110 000c 2032     		add	r2, r2, #32
 111 000e 094B     		ldr	r3, .L5
 112 0010 9200     		lsl	r2, r2, #2
ARM GAS  /var/folders/qh/xwg3v3kj02qbxczjpdb8lzfr0000gn/T//ccASNYDK.s 			page 3


 113              		.loc 1 53 0
 114 0012 10B5     		push	{r4, lr}
 115              		.cfi_def_cfa_offset 8
 116              		.cfi_offset 4, -8
 117              		.cfi_offset 14, -4
 118              		.loc 1 56 0
 119 0014 D150     		str	r1, [r2, r3]
 120              		.loc 1 57 0
 121 0016 8208     		lsr	r2, r0, #2
 122 0018 9200     		lsl	r2, r2, #2
 123 001a D218     		add	r2, r2, r3
 124              		.loc 1 54 0
 125 001c 0324     		mov	r4, #3
 126              		.loc 1 57 0
 127 001e C023     		mov	r3, #192
 128 0020 9B00     		lsl	r3, r3, #2
 129              		.loc 1 54 0
 130 0022 2040     		and	r0, r4
 131              	.LVL6:
 132              		.loc 1 57 0
 133 0024 D158     		ldr	r1, [r2, r3]
 134              		.loc 1 54 0
 135 0026 C000     		lsl	r0, r0, #3
 136              	.LVL7:
 137              		.loc 1 57 0
 138 0028 FF24     		mov	r4, #255
 139 002a 8440     		lsl	r4, r4, r0
 140 002c A143     		bic	r1, r4
 141 002e D150     		str	r1, [r2, r3]
 142              		.loc 1 58 0
 143              		@ sp needed
 144 0030 10BD     		pop	{r4, pc}
 145              	.L6:
 146 0032 C046     		.align	2
 147              	.L5:
 148 0034 00E100E0 		.word	-536813312
 149              		.cfi_endproc
 150              	.LFE8:
 151              		.size	nvicDisableVector, .-nvicDisableVector
 152 0038 C046C046 		.section	.text.nvicSetSystemHandlerPriority,"ax",%progbits
 152      C046C046 
 153              		.align	2
 154              		.p2align 4,,15
 155              		.global	nvicSetSystemHandlerPriority
 156              		.code	16
 157              		.thumb_func
 158              		.type	nvicSetSystemHandlerPriority, %function
 159              	nvicSetSystemHandlerPriority:
 160              	.LFB9:
 161              		.loc 1 67 0
 162              		.cfi_startproc
 163              	.LVL8:
 164              		.loc 1 70 0
 165 0000 8308     		lsr	r3, r0, #2
 166 0002 084A     		ldr	r2, .L8
 167              		.loc 1 67 0
 168 0004 10B5     		push	{r4, lr}
ARM GAS  /var/folders/qh/xwg3v3kj02qbxczjpdb8lzfr0000gn/T//ccASNYDK.s 			page 4


 169              		.cfi_def_cfa_offset 8
 170              		.cfi_offset 4, -8
 171              		.cfi_offset 14, -4
 172 0006 9B00     		lsl	r3, r3, #2
 173              		.loc 1 68 0
 174 0008 0324     		mov	r4, #3
 175 000a 9B18     		add	r3, r3, r2
 176 000c 2040     		and	r0, r4
 177              	.LVL9:
 178              		.loc 1 70 0
 179 000e 9A69     		ldr	r2, [r3, #24]
 180              		.loc 1 68 0
 181 0010 C000     		lsl	r0, r0, #3
 182              	.LVL10:
 183              		.loc 1 71 0
 184 0012 FF24     		mov	r4, #255
 185 0014 8440     		lsl	r4, r4, r0
 186              		.loc 1 70 0
 187 0016 A243     		bic	r2, r4
 188              		.loc 1 71 0
 189 0018 8140     		lsl	r1, r1, r0
 190              	.LVL11:
 191 001a 101C     		mov	r0, r2
 192              	.LVL12:
 193 001c 0843     		orr	r0, r1
 194              		.loc 1 70 0
 195 001e 9861     		str	r0, [r3, #24]
 196              		.loc 1 72 0
 197              		@ sp needed
 198 0020 10BD     		pop	{r4, pc}
 199              	.L9:
 200 0022 C046     		.align	2
 201              	.L8:
 202 0024 00ED00E0 		.word	-536810240
 203              		.cfi_endproc
 204              	.LFE9:
 205              		.size	nvicSetSystemHandlerPriority, .-nvicSetSystemHandlerPriority
 206 0028 C046C046 		.text
 206      C046C046 
 207              	.Letext0:
 208              		.file 2 "/usr/local/Cellar/gcc-arm-none-eabi-48/20131218/arm-none-eabi/include/stdint.h"
 209              		.file 3 "../../os/ports/common/ARMCMx/nvic.h"
 210              		.section	.debug_info,"",%progbits
 211              	.Ldebug_info0:
 212 0000 F7030000 		.4byte	0x3f7
 213 0004 0400     		.2byte	0x4
 214 0006 00000000 		.4byte	.Ldebug_abbrev0
 215 000a 04       		.byte	0x4
 216 000b 01       		.uleb128 0x1
 217 000c 45000000 		.4byte	.LASF46
 218 0010 01       		.byte	0x1
 219 0011 24010000 		.4byte	.LASF47
 220 0015 0A000000 		.4byte	.LASF48
 221 0019 00000000 		.4byte	.Ldebug_ranges0+0
 222 001d 00000000 		.4byte	0
 223 0021 00000000 		.4byte	.Ldebug_line0
 224 0025 02       		.uleb128 0x2
ARM GAS  /var/folders/qh/xwg3v3kj02qbxczjpdb8lzfr0000gn/T//ccASNYDK.s 			page 5


 225 0026 04       		.byte	0x4
 226 0027 05       		.byte	0x5
 227 0028 696E7400 		.ascii	"int\000"
 228 002c 03       		.uleb128 0x3
 229 002d 04       		.byte	0x4
 230 002e 07       		.byte	0x7
 231 002f FD010000 		.4byte	.LASF0
 232 0033 03       		.uleb128 0x3
 233 0034 01       		.byte	0x1
 234 0035 06       		.byte	0x6
 235 0036 9A020000 		.4byte	.LASF1
 236 003a 03       		.uleb128 0x3
 237 003b 01       		.byte	0x1
 238 003c 08       		.byte	0x8
 239 003d 7B010000 		.4byte	.LASF2
 240 0041 03       		.uleb128 0x3
 241 0042 02       		.byte	0x2
 242 0043 05       		.byte	0x5
 243 0044 F3010000 		.4byte	.LASF3
 244 0048 03       		.uleb128 0x3
 245 0049 02       		.byte	0x2
 246 004a 07       		.byte	0x7
 247 004b B9010000 		.4byte	.LASF4
 248 004f 03       		.uleb128 0x3
 249 0050 04       		.byte	0x4
 250 0051 05       		.byte	0x5
 251 0052 8C020000 		.4byte	.LASF5
 252 0056 04       		.uleb128 0x4
 253 0057 83020000 		.4byte	.LASF10
 254 005b 02       		.byte	0x2
 255 005c 50       		.byte	0x50
 256 005d 61000000 		.4byte	0x61
 257 0061 03       		.uleb128 0x3
 258 0062 04       		.byte	0x4
 259 0063 07       		.byte	0x7
 260 0064 D6010000 		.4byte	.LASF6
 261 0068 03       		.uleb128 0x3
 262 0069 08       		.byte	0x8
 263 006a 05       		.byte	0x5
 264 006b 54020000 		.4byte	.LASF7
 265 006f 03       		.uleb128 0x3
 266 0070 08       		.byte	0x8
 267 0071 07       		.byte	0x7
 268 0072 14020000 		.4byte	.LASF8
 269 0076 03       		.uleb128 0x3
 270 0077 01       		.byte	0x1
 271 0078 02       		.byte	0x2
 272 0079 68010000 		.4byte	.LASF9
 273 007d 04       		.uleb128 0x4
 274 007e 73010000 		.4byte	.LASF11
 275 0082 03       		.byte	0x3
 276 0083 33       		.byte	0x33
 277 0084 88000000 		.4byte	0x88
 278 0088 05       		.uleb128 0x5
 279 0089 56000000 		.4byte	0x56
 280 008d 06       		.uleb128 0x6
 281 008e 040E     		.2byte	0xe04
ARM GAS  /var/folders/qh/xwg3v3kj02qbxczjpdb8lzfr0000gn/T//ccASNYDK.s 			page 6


 282 0090 03       		.byte	0x3
 283 0091 63       		.byte	0x63
 284 0092 3C010000 		.4byte	0x13c
 285 0096 07       		.uleb128 0x7
 286 0097 6D020000 		.4byte	.LASF12
 287 009b 03       		.byte	0x3
 288 009c 64       		.byte	0x64
 289 009d 53010000 		.4byte	0x153
 290 00a1 00       		.byte	0
 291 00a2 07       		.uleb128 0x7
 292 00a3 89010000 		.4byte	.LASF13
 293 00a7 03       		.byte	0x3
 294 00a8 65       		.byte	0x65
 295 00a9 68010000 		.4byte	0x168
 296 00ad 20       		.byte	0x20
 297 00ae 07       		.uleb128 0x7
 298 00af 6E010000 		.4byte	.LASF14
 299 00b3 03       		.byte	0x3
 300 00b4 66       		.byte	0x66
 301 00b5 6D010000 		.4byte	0x16d
 302 00b9 80       		.byte	0x80
 303 00ba 07       		.uleb128 0x7
 304 00bb 91010000 		.4byte	.LASF15
 305 00bf 03       		.byte	0x3
 306 00c0 67       		.byte	0x67
 307 00c1 72010000 		.4byte	0x172
 308 00c5 A0       		.byte	0xa0
 309 00c6 08       		.uleb128 0x8
 310 00c7 0A020000 		.4byte	.LASF16
 311 00cb 03       		.byte	0x3
 312 00cc 68       		.byte	0x68
 313 00cd 77010000 		.4byte	0x177
 314 00d1 0001     		.2byte	0x100
 315 00d3 08       		.uleb128 0x8
 316 00d4 99010000 		.4byte	.LASF17
 317 00d8 03       		.byte	0x3
 318 00d9 69       		.byte	0x69
 319 00da 7C010000 		.4byte	0x17c
 320 00de 2001     		.2byte	0x120
 321 00e0 08       		.uleb128 0x8
 322 00e1 05000000 		.4byte	.LASF18
 323 00e5 03       		.byte	0x3
 324 00e6 6A       		.byte	0x6a
 325 00e7 81010000 		.4byte	0x181
 326 00eb 8001     		.2byte	0x180
 327 00ed 08       		.uleb128 0x8
 328 00ee A1010000 		.4byte	.LASF19
 329 00f2 03       		.byte	0x3
 330 00f3 6B       		.byte	0x6b
 331 00f4 86010000 		.4byte	0x186
 332 00f8 A001     		.2byte	0x1a0
 333 00fa 08       		.uleb128 0x8
 334 00fb C3020000 		.4byte	.LASF20
 335 00ff 03       		.byte	0x3
 336 0100 6C       		.byte	0x6c
 337 0101 8B010000 		.4byte	0x18b
 338 0105 0002     		.2byte	0x200
ARM GAS  /var/folders/qh/xwg3v3kj02qbxczjpdb8lzfr0000gn/T//ccASNYDK.s 			page 7


 339 0107 08       		.uleb128 0x8
 340 0108 A9010000 		.4byte	.LASF21
 341 010c 03       		.byte	0x3
 342 010d 6D       		.byte	0x6d
 343 010e A0010000 		.4byte	0x1a0
 344 0112 2002     		.2byte	0x220
 345 0114 09       		.uleb128 0x9
 346 0115 49505200 		.ascii	"IPR\000"
 347 0119 03       		.byte	0x3
 348 011a 6E       		.byte	0x6e
 349 011b B5010000 		.4byte	0x1b5
 350 011f 0003     		.2byte	0x300
 351 0121 08       		.uleb128 0x8
 352 0122 B1010000 		.4byte	.LASF22
 353 0126 03       		.byte	0x3
 354 0127 6F       		.byte	0x6f
 355 0128 CB010000 		.4byte	0x1cb
 356 012c F003     		.2byte	0x3f0
 357 012e 08       		.uleb128 0x8
 358 012f EE010000 		.4byte	.LASF23
 359 0133 03       		.byte	0x3
 360 0134 70       		.byte	0x70
 361 0135 7D000000 		.4byte	0x7d
 362 0139 000E     		.2byte	0xe00
 363 013b 00       		.byte	0
 364 013c 0A       		.uleb128 0xa
 365 013d 7D000000 		.4byte	0x7d
 366 0141 4C010000 		.4byte	0x14c
 367 0145 0B       		.uleb128 0xb
 368 0146 4C010000 		.4byte	0x14c
 369 014a 07       		.byte	0x7
 370 014b 00       		.byte	0
 371 014c 03       		.uleb128 0x3
 372 014d 04       		.byte	0x4
 373 014e 07       		.byte	0x7
 374 014f 4B020000 		.4byte	.LASF24
 375 0153 05       		.uleb128 0x5
 376 0154 3C010000 		.4byte	0x13c
 377 0158 0A       		.uleb128 0xa
 378 0159 7D000000 		.4byte	0x7d
 379 015d 68010000 		.4byte	0x168
 380 0161 0B       		.uleb128 0xb
 381 0162 4C010000 		.4byte	0x14c
 382 0166 17       		.byte	0x17
 383 0167 00       		.byte	0
 384 0168 05       		.uleb128 0x5
 385 0169 58010000 		.4byte	0x158
 386 016d 05       		.uleb128 0x5
 387 016e 3C010000 		.4byte	0x13c
 388 0172 05       		.uleb128 0x5
 389 0173 58010000 		.4byte	0x158
 390 0177 05       		.uleb128 0x5
 391 0178 3C010000 		.4byte	0x13c
 392 017c 05       		.uleb128 0x5
 393 017d 58010000 		.4byte	0x158
 394 0181 05       		.uleb128 0x5
 395 0182 3C010000 		.4byte	0x13c
ARM GAS  /var/folders/qh/xwg3v3kj02qbxczjpdb8lzfr0000gn/T//ccASNYDK.s 			page 8


 396 0186 05       		.uleb128 0x5
 397 0187 58010000 		.4byte	0x158
 398 018b 05       		.uleb128 0x5
 399 018c 3C010000 		.4byte	0x13c
 400 0190 0A       		.uleb128 0xa
 401 0191 7D000000 		.4byte	0x7d
 402 0195 A0010000 		.4byte	0x1a0
 403 0199 0B       		.uleb128 0xb
 404 019a 4C010000 		.4byte	0x14c
 405 019e 37       		.byte	0x37
 406 019f 00       		.byte	0
 407 01a0 05       		.uleb128 0x5
 408 01a1 90010000 		.4byte	0x190
 409 01a5 0A       		.uleb128 0xa
 410 01a6 7D000000 		.4byte	0x7d
 411 01aa B5010000 		.4byte	0x1b5
 412 01ae 0B       		.uleb128 0xb
 413 01af 4C010000 		.4byte	0x14c
 414 01b3 3B       		.byte	0x3b
 415 01b4 00       		.byte	0
 416 01b5 05       		.uleb128 0x5
 417 01b6 A5010000 		.4byte	0x1a5
 418 01ba 0A       		.uleb128 0xa
 419 01bb 7D000000 		.4byte	0x7d
 420 01bf CB010000 		.4byte	0x1cb
 421 01c3 0C       		.uleb128 0xc
 422 01c4 4C010000 		.4byte	0x14c
 423 01c8 8302     		.2byte	0x283
 424 01ca 00       		.byte	0
 425 01cb 05       		.uleb128 0x5
 426 01cc BA010000 		.4byte	0x1ba
 427 01d0 04       		.uleb128 0x4
 428 01d1 5A010000 		.4byte	.LASF25
 429 01d5 03       		.byte	0x3
 430 01d6 71       		.byte	0x71
 431 01d7 8D000000 		.4byte	0x8d
 432 01db 0D       		.uleb128 0xd
 433 01dc 8C       		.byte	0x8c
 434 01dd 03       		.byte	0x3
 435 01de 82       		.byte	0x82
 436 01df E0020000 		.4byte	0x2e0
 437 01e3 07       		.uleb128 0x7
 438 01e4 62020000 		.4byte	.LASF26
 439 01e8 03       		.byte	0x3
 440 01e9 83       		.byte	0x83
 441 01ea 7D000000 		.4byte	0x7d
 442 01ee 00       		.byte	0
 443 01ef 07       		.uleb128 0x7
 444 01f0 2B020000 		.4byte	.LASF27
 445 01f4 03       		.byte	0x3
 446 01f5 84       		.byte	0x84
 447 01f6 7D000000 		.4byte	0x7d
 448 01fa 04       		.byte	0x4
 449 01fb 07       		.uleb128 0x7
 450 01fc 63010000 		.4byte	.LASF28
 451 0200 03       		.byte	0x3
 452 0201 85       		.byte	0x85
ARM GAS  /var/folders/qh/xwg3v3kj02qbxczjpdb8lzfr0000gn/T//ccASNYDK.s 			page 9


 453 0202 7D000000 		.4byte	0x7d
 454 0206 08       		.byte	0x8
 455 0207 07       		.uleb128 0x7
 456 0208 38020000 		.4byte	.LASF29
 457 020c 03       		.byte	0x3
 458 020d 86       		.byte	0x86
 459 020e 7D000000 		.4byte	0x7d
 460 0212 0C       		.byte	0xc
 461 0213 0E       		.uleb128 0xe
 462 0214 53435200 		.ascii	"SCR\000"
 463 0218 03       		.byte	0x3
 464 0219 87       		.byte	0x87
 465 021a 7D000000 		.4byte	0x7d
 466 021e 10       		.byte	0x10
 467 021f 0E       		.uleb128 0xe
 468 0220 43435200 		.ascii	"CCR\000"
 469 0224 03       		.byte	0x3
 470 0225 88       		.byte	0x88
 471 0226 7D000000 		.4byte	0x7d
 472 022a 14       		.byte	0x14
 473 022b 07       		.uleb128 0x7
 474 022c 95020000 		.4byte	.LASF30
 475 0230 03       		.byte	0x3
 476 0231 89       		.byte	0x89
 477 0232 F0020000 		.4byte	0x2f0
 478 0236 18       		.byte	0x18
 479 0237 07       		.uleb128 0x7
 480 0238 7D020000 		.4byte	.LASF31
 481 023c 03       		.byte	0x3
 482 023d 8A       		.byte	0x8a
 483 023e 7D000000 		.4byte	0x7d
 484 0242 24       		.byte	0x24
 485 0243 07       		.uleb128 0x7
 486 0244 CC010000 		.4byte	.LASF32
 487 0248 03       		.byte	0x3
 488 0249 8B       		.byte	0x8b
 489 024a 7D000000 		.4byte	0x7d
 490 024e 28       		.byte	0x28
 491 024f 07       		.uleb128 0x7
 492 0250 D1010000 		.4byte	.LASF33
 493 0254 03       		.byte	0x3
 494 0255 8C       		.byte	0x8c
 495 0256 7D000000 		.4byte	0x7d
 496 025a 2C       		.byte	0x2c
 497 025b 07       		.uleb128 0x7
 498 025c 0F020000 		.4byte	.LASF34
 499 0260 03       		.byte	0x3
 500 0261 8D       		.byte	0x8d
 501 0262 7D000000 		.4byte	0x7d
 502 0266 30       		.byte	0x30
 503 0267 07       		.uleb128 0x7
 504 0268 77020000 		.4byte	.LASF35
 505 026c 03       		.byte	0x3
 506 026d 8E       		.byte	0x8e
 507 026e 7D000000 		.4byte	0x7d
 508 0272 34       		.byte	0x34
 509 0273 07       		.uleb128 0x7
ARM GAS  /var/folders/qh/xwg3v3kj02qbxczjpdb8lzfr0000gn/T//ccASNYDK.s 			page 10


 510 0274 3E020000 		.4byte	.LASF36
 511 0278 03       		.byte	0x3
 512 0279 8F       		.byte	0x8f
 513 027a 7D000000 		.4byte	0x7d
 514 027e 38       		.byte	0x38
 515 027f 07       		.uleb128 0x7
 516 0280 72020000 		.4byte	.LASF37
 517 0284 03       		.byte	0x3
 518 0285 90       		.byte	0x90
 519 0286 7D000000 		.4byte	0x7d
 520 028a 3C       		.byte	0x3c
 521 028b 0E       		.uleb128 0xe
 522 028c 50465200 		.ascii	"PFR\000"
 523 0290 03       		.byte	0x3
 524 0291 91       		.byte	0x91
 525 0292 05030000 		.4byte	0x305
 526 0296 40       		.byte	0x40
 527 0297 0E       		.uleb128 0xe
 528 0298 44465200 		.ascii	"DFR\000"
 529 029c 03       		.byte	0x3
 530 029d 92       		.byte	0x92
 531 029e 7D000000 		.4byte	0x7d
 532 02a2 48       		.byte	0x48
 533 02a3 0E       		.uleb128 0xe
 534 02a4 41445200 		.ascii	"ADR\000"
 535 02a8 03       		.byte	0x3
 536 02a9 93       		.byte	0x93
 537 02aa 7D000000 		.4byte	0x7d
 538 02ae 4C       		.byte	0x4c
 539 02af 07       		.uleb128 0x7
 540 02b0 1F010000 		.4byte	.LASF38
 541 02b4 03       		.byte	0x3
 542 02b5 94       		.byte	0x94
 543 02b6 1A030000 		.4byte	0x31a
 544 02ba 50       		.byte	0x50
 545 02bb 0E       		.uleb128 0xe
 546 02bc 53415200 		.ascii	"SAR\000"
 547 02c0 03       		.byte	0x3
 548 02c1 95       		.byte	0x95
 549 02c2 2F030000 		.4byte	0x32f
 550 02c6 60       		.byte	0x60
 551 02c7 07       		.uleb128 0x7
 552 02c8 89010000 		.4byte	.LASF13
 553 02cc 03       		.byte	0x3
 554 02cd 96       		.byte	0x96
 555 02ce 34030000 		.4byte	0x334
 556 02d2 74       		.byte	0x74
 557 02d3 07       		.uleb128 0x7
 558 02d4 E8010000 		.4byte	.LASF39
 559 02d8 03       		.byte	0x3
 560 02d9 97       		.byte	0x97
 561 02da 7D000000 		.4byte	0x7d
 562 02de 88       		.byte	0x88
 563 02df 00       		.byte	0
 564 02e0 0A       		.uleb128 0xa
 565 02e1 7D000000 		.4byte	0x7d
 566 02e5 F0020000 		.4byte	0x2f0
ARM GAS  /var/folders/qh/xwg3v3kj02qbxczjpdb8lzfr0000gn/T//ccASNYDK.s 			page 11


 567 02e9 0B       		.uleb128 0xb
 568 02ea 4C010000 		.4byte	0x14c
 569 02ee 02       		.byte	0x2
 570 02ef 00       		.byte	0
 571 02f0 05       		.uleb128 0x5
 572 02f1 E0020000 		.4byte	0x2e0
 573 02f5 0A       		.uleb128 0xa
 574 02f6 7D000000 		.4byte	0x7d
 575 02fa 05030000 		.4byte	0x305
 576 02fe 0B       		.uleb128 0xb
 577 02ff 4C010000 		.4byte	0x14c
 578 0303 01       		.byte	0x1
 579 0304 00       		.byte	0
 580 0305 05       		.uleb128 0x5
 581 0306 F5020000 		.4byte	0x2f5
 582 030a 0A       		.uleb128 0xa
 583 030b 7D000000 		.4byte	0x7d
 584 030f 1A030000 		.4byte	0x31a
 585 0313 0B       		.uleb128 0xb
 586 0314 4C010000 		.4byte	0x14c
 587 0318 03       		.byte	0x3
 588 0319 00       		.byte	0
 589 031a 05       		.uleb128 0x5
 590 031b 0A030000 		.4byte	0x30a
 591 031f 0A       		.uleb128 0xa
 592 0320 7D000000 		.4byte	0x7d
 593 0324 2F030000 		.4byte	0x32f
 594 0328 0B       		.uleb128 0xb
 595 0329 4C010000 		.4byte	0x14c
 596 032d 04       		.byte	0x4
 597 032e 00       		.byte	0
 598 032f 05       		.uleb128 0x5
 599 0330 1F030000 		.4byte	0x31f
 600 0334 05       		.uleb128 0x5
 601 0335 1F030000 		.4byte	0x31f
 602 0339 04       		.uleb128 0x4
 603 033a 30020000 		.4byte	.LASF40
 604 033e 03       		.byte	0x3
 605 033f 98       		.byte	0x98
 606 0340 DB010000 		.4byte	0x1db
 607 0344 03       		.uleb128 0x3
 608 0345 01       		.byte	0x1
 609 0346 08       		.byte	0x8
 610 0347 68020000 		.4byte	.LASF41
 611 034b 0F       		.uleb128 0xf
 612 034c C8020000 		.4byte	.LASF43
 613 0350 01       		.byte	0x1
 614 0351 27       		.byte	0x27
 615 0352 00000000 		.4byte	.LFB7
 616 0356 44000000 		.4byte	.LFE7-.LFB7
 617 035a 01       		.uleb128 0x1
 618 035b 9C       		.byte	0x9c
 619 035c 8B030000 		.4byte	0x38b
 620 0360 10       		.uleb128 0x10
 621 0361 6E00     		.ascii	"n\000"
 622 0363 01       		.byte	0x1
 623 0364 27       		.byte	0x27
ARM GAS  /var/folders/qh/xwg3v3kj02qbxczjpdb8lzfr0000gn/T//ccASNYDK.s 			page 12


 624 0365 56000000 		.4byte	0x56
 625 0369 00000000 		.4byte	.LLST0
 626 036d 11       		.uleb128 0x11
 627 036e 00000000 		.4byte	.LASF42
 628 0372 01       		.byte	0x1
 629 0373 27       		.byte	0x27
 630 0374 56000000 		.4byte	0x56
 631 0378 21000000 		.4byte	.LLST1
 632 037c 12       		.uleb128 0x12
 633 037d 736800   		.ascii	"sh\000"
 634 0380 01       		.byte	0x1
 635 0381 28       		.byte	0x28
 636 0382 2C000000 		.4byte	0x2c
 637 0386 42000000 		.4byte	.LLST2
 638 038a 00       		.byte	0
 639 038b 0F       		.uleb128 0xf
 640 038c 48010000 		.4byte	.LASF44
 641 0390 01       		.byte	0x1
 642 0391 35       		.byte	0x35
 643 0392 00000000 		.4byte	.LFB8
 644 0396 38000000 		.4byte	.LFE8-.LFB8
 645 039a 01       		.uleb128 0x1
 646 039b 9C       		.byte	0x9c
 647 039c BC030000 		.4byte	0x3bc
 648 03a0 10       		.uleb128 0x10
 649 03a1 6E00     		.ascii	"n\000"
 650 03a3 01       		.byte	0x1
 651 03a4 35       		.byte	0x35
 652 03a5 56000000 		.4byte	0x56
 653 03a9 89000000 		.4byte	.LLST3
 654 03ad 12       		.uleb128 0x12
 655 03ae 736800   		.ascii	"sh\000"
 656 03b1 01       		.byte	0x1
 657 03b2 36       		.byte	0x36
 658 03b3 2C000000 		.4byte	0x2c
 659 03b7 AA000000 		.4byte	.LLST4
 660 03bb 00       		.byte	0
 661 03bc 13       		.uleb128 0x13
 662 03bd A6020000 		.4byte	.LASF49
 663 03c1 01       		.byte	0x1
 664 03c2 43       		.byte	0x43
 665 03c3 00000000 		.4byte	.LFB9
 666 03c7 28000000 		.4byte	.LFE9-.LFB9
 667 03cb 01       		.uleb128 0x1
 668 03cc 9C       		.byte	0x9c
 669 03cd 11       		.uleb128 0x11
 670 03ce 43020000 		.4byte	.LASF45
 671 03d2 01       		.byte	0x1
 672 03d3 43       		.byte	0x43
 673 03d4 56000000 		.4byte	0x56
 674 03d8 E0000000 		.4byte	.LLST5
 675 03dc 11       		.uleb128 0x11
 676 03dd 00000000 		.4byte	.LASF42
 677 03e1 01       		.byte	0x1
 678 03e2 43       		.byte	0x43
 679 03e3 56000000 		.4byte	0x56
 680 03e7 01010000 		.4byte	.LLST6
ARM GAS  /var/folders/qh/xwg3v3kj02qbxczjpdb8lzfr0000gn/T//ccASNYDK.s 			page 13


 681 03eb 12       		.uleb128 0x12
 682 03ec 736800   		.ascii	"sh\000"
 683 03ef 01       		.byte	0x1
 684 03f0 44       		.byte	0x44
 685 03f1 2C000000 		.4byte	0x2c
 686 03f5 22010000 		.4byte	.LLST7
 687 03f9 00       		.byte	0
 688 03fa 00       		.byte	0
 689              		.section	.debug_abbrev,"",%progbits
 690              	.Ldebug_abbrev0:
 691 0000 01       		.uleb128 0x1
 692 0001 11       		.uleb128 0x11
 693 0002 01       		.byte	0x1
 694 0003 25       		.uleb128 0x25
 695 0004 0E       		.uleb128 0xe
 696 0005 13       		.uleb128 0x13
 697 0006 0B       		.uleb128 0xb
 698 0007 03       		.uleb128 0x3
 699 0008 0E       		.uleb128 0xe
 700 0009 1B       		.uleb128 0x1b
 701 000a 0E       		.uleb128 0xe
 702 000b 55       		.uleb128 0x55
 703 000c 17       		.uleb128 0x17
 704 000d 11       		.uleb128 0x11
 705 000e 01       		.uleb128 0x1
 706 000f 10       		.uleb128 0x10
 707 0010 17       		.uleb128 0x17
 708 0011 00       		.byte	0
 709 0012 00       		.byte	0
 710 0013 02       		.uleb128 0x2
 711 0014 24       		.uleb128 0x24
 712 0015 00       		.byte	0
 713 0016 0B       		.uleb128 0xb
 714 0017 0B       		.uleb128 0xb
 715 0018 3E       		.uleb128 0x3e
 716 0019 0B       		.uleb128 0xb
 717 001a 03       		.uleb128 0x3
 718 001b 08       		.uleb128 0x8
 719 001c 00       		.byte	0
 720 001d 00       		.byte	0
 721 001e 03       		.uleb128 0x3
 722 001f 24       		.uleb128 0x24
 723 0020 00       		.byte	0
 724 0021 0B       		.uleb128 0xb
 725 0022 0B       		.uleb128 0xb
 726 0023 3E       		.uleb128 0x3e
 727 0024 0B       		.uleb128 0xb
 728 0025 03       		.uleb128 0x3
 729 0026 0E       		.uleb128 0xe
 730 0027 00       		.byte	0
 731 0028 00       		.byte	0
 732 0029 04       		.uleb128 0x4
 733 002a 16       		.uleb128 0x16
 734 002b 00       		.byte	0
 735 002c 03       		.uleb128 0x3
 736 002d 0E       		.uleb128 0xe
 737 002e 3A       		.uleb128 0x3a
ARM GAS  /var/folders/qh/xwg3v3kj02qbxczjpdb8lzfr0000gn/T//ccASNYDK.s 			page 14


 738 002f 0B       		.uleb128 0xb
 739 0030 3B       		.uleb128 0x3b
 740 0031 0B       		.uleb128 0xb
 741 0032 49       		.uleb128 0x49
 742 0033 13       		.uleb128 0x13
 743 0034 00       		.byte	0
 744 0035 00       		.byte	0
 745 0036 05       		.uleb128 0x5
 746 0037 35       		.uleb128 0x35
 747 0038 00       		.byte	0
 748 0039 49       		.uleb128 0x49
 749 003a 13       		.uleb128 0x13
 750 003b 00       		.byte	0
 751 003c 00       		.byte	0
 752 003d 06       		.uleb128 0x6
 753 003e 13       		.uleb128 0x13
 754 003f 01       		.byte	0x1
 755 0040 0B       		.uleb128 0xb
 756 0041 05       		.uleb128 0x5
 757 0042 3A       		.uleb128 0x3a
 758 0043 0B       		.uleb128 0xb
 759 0044 3B       		.uleb128 0x3b
 760 0045 0B       		.uleb128 0xb
 761 0046 01       		.uleb128 0x1
 762 0047 13       		.uleb128 0x13
 763 0048 00       		.byte	0
 764 0049 00       		.byte	0
 765 004a 07       		.uleb128 0x7
 766 004b 0D       		.uleb128 0xd
 767 004c 00       		.byte	0
 768 004d 03       		.uleb128 0x3
 769 004e 0E       		.uleb128 0xe
 770 004f 3A       		.uleb128 0x3a
 771 0050 0B       		.uleb128 0xb
 772 0051 3B       		.uleb128 0x3b
 773 0052 0B       		.uleb128 0xb
 774 0053 49       		.uleb128 0x49
 775 0054 13       		.uleb128 0x13
 776 0055 38       		.uleb128 0x38
 777 0056 0B       		.uleb128 0xb
 778 0057 00       		.byte	0
 779 0058 00       		.byte	0
 780 0059 08       		.uleb128 0x8
 781 005a 0D       		.uleb128 0xd
 782 005b 00       		.byte	0
 783 005c 03       		.uleb128 0x3
 784 005d 0E       		.uleb128 0xe
 785 005e 3A       		.uleb128 0x3a
 786 005f 0B       		.uleb128 0xb
 787 0060 3B       		.uleb128 0x3b
 788 0061 0B       		.uleb128 0xb
 789 0062 49       		.uleb128 0x49
 790 0063 13       		.uleb128 0x13
 791 0064 38       		.uleb128 0x38
 792 0065 05       		.uleb128 0x5
 793 0066 00       		.byte	0
 794 0067 00       		.byte	0
ARM GAS  /var/folders/qh/xwg3v3kj02qbxczjpdb8lzfr0000gn/T//ccASNYDK.s 			page 15


 795 0068 09       		.uleb128 0x9
 796 0069 0D       		.uleb128 0xd
 797 006a 00       		.byte	0
 798 006b 03       		.uleb128 0x3
 799 006c 08       		.uleb128 0x8
 800 006d 3A       		.uleb128 0x3a
 801 006e 0B       		.uleb128 0xb
 802 006f 3B       		.uleb128 0x3b
 803 0070 0B       		.uleb128 0xb
 804 0071 49       		.uleb128 0x49
 805 0072 13       		.uleb128 0x13
 806 0073 38       		.uleb128 0x38
 807 0074 05       		.uleb128 0x5
 808 0075 00       		.byte	0
 809 0076 00       		.byte	0
 810 0077 0A       		.uleb128 0xa
 811 0078 01       		.uleb128 0x1
 812 0079 01       		.byte	0x1
 813 007a 49       		.uleb128 0x49
 814 007b 13       		.uleb128 0x13
 815 007c 01       		.uleb128 0x1
 816 007d 13       		.uleb128 0x13
 817 007e 00       		.byte	0
 818 007f 00       		.byte	0
 819 0080 0B       		.uleb128 0xb
 820 0081 21       		.uleb128 0x21
 821 0082 00       		.byte	0
 822 0083 49       		.uleb128 0x49
 823 0084 13       		.uleb128 0x13
 824 0085 2F       		.uleb128 0x2f
 825 0086 0B       		.uleb128 0xb
 826 0087 00       		.byte	0
 827 0088 00       		.byte	0
 828 0089 0C       		.uleb128 0xc
 829 008a 21       		.uleb128 0x21
 830 008b 00       		.byte	0
 831 008c 49       		.uleb128 0x49
 832 008d 13       		.uleb128 0x13
 833 008e 2F       		.uleb128 0x2f
 834 008f 05       		.uleb128 0x5
 835 0090 00       		.byte	0
 836 0091 00       		.byte	0
 837 0092 0D       		.uleb128 0xd
 838 0093 13       		.uleb128 0x13
 839 0094 01       		.byte	0x1
 840 0095 0B       		.uleb128 0xb
 841 0096 0B       		.uleb128 0xb
 842 0097 3A       		.uleb128 0x3a
 843 0098 0B       		.uleb128 0xb
 844 0099 3B       		.uleb128 0x3b
 845 009a 0B       		.uleb128 0xb
 846 009b 01       		.uleb128 0x1
 847 009c 13       		.uleb128 0x13
 848 009d 00       		.byte	0
 849 009e 00       		.byte	0
 850 009f 0E       		.uleb128 0xe
 851 00a0 0D       		.uleb128 0xd
ARM GAS  /var/folders/qh/xwg3v3kj02qbxczjpdb8lzfr0000gn/T//ccASNYDK.s 			page 16


 852 00a1 00       		.byte	0
 853 00a2 03       		.uleb128 0x3
 854 00a3 08       		.uleb128 0x8
 855 00a4 3A       		.uleb128 0x3a
 856 00a5 0B       		.uleb128 0xb
 857 00a6 3B       		.uleb128 0x3b
 858 00a7 0B       		.uleb128 0xb
 859 00a8 49       		.uleb128 0x49
 860 00a9 13       		.uleb128 0x13
 861 00aa 38       		.uleb128 0x38
 862 00ab 0B       		.uleb128 0xb
 863 00ac 00       		.byte	0
 864 00ad 00       		.byte	0
 865 00ae 0F       		.uleb128 0xf
 866 00af 2E       		.uleb128 0x2e
 867 00b0 01       		.byte	0x1
 868 00b1 3F       		.uleb128 0x3f
 869 00b2 19       		.uleb128 0x19
 870 00b3 03       		.uleb128 0x3
 871 00b4 0E       		.uleb128 0xe
 872 00b5 3A       		.uleb128 0x3a
 873 00b6 0B       		.uleb128 0xb
 874 00b7 3B       		.uleb128 0x3b
 875 00b8 0B       		.uleb128 0xb
 876 00b9 27       		.uleb128 0x27
 877 00ba 19       		.uleb128 0x19
 878 00bb 11       		.uleb128 0x11
 879 00bc 01       		.uleb128 0x1
 880 00bd 12       		.uleb128 0x12
 881 00be 06       		.uleb128 0x6
 882 00bf 40       		.uleb128 0x40
 883 00c0 18       		.uleb128 0x18
 884 00c1 9742     		.uleb128 0x2117
 885 00c3 19       		.uleb128 0x19
 886 00c4 01       		.uleb128 0x1
 887 00c5 13       		.uleb128 0x13
 888 00c6 00       		.byte	0
 889 00c7 00       		.byte	0
 890 00c8 10       		.uleb128 0x10
 891 00c9 05       		.uleb128 0x5
 892 00ca 00       		.byte	0
 893 00cb 03       		.uleb128 0x3
 894 00cc 08       		.uleb128 0x8
 895 00cd 3A       		.uleb128 0x3a
 896 00ce 0B       		.uleb128 0xb
 897 00cf 3B       		.uleb128 0x3b
 898 00d0 0B       		.uleb128 0xb
 899 00d1 49       		.uleb128 0x49
 900 00d2 13       		.uleb128 0x13
 901 00d3 02       		.uleb128 0x2
 902 00d4 17       		.uleb128 0x17
 903 00d5 00       		.byte	0
 904 00d6 00       		.byte	0
 905 00d7 11       		.uleb128 0x11
 906 00d8 05       		.uleb128 0x5
 907 00d9 00       		.byte	0
 908 00da 03       		.uleb128 0x3
ARM GAS  /var/folders/qh/xwg3v3kj02qbxczjpdb8lzfr0000gn/T//ccASNYDK.s 			page 17


 909 00db 0E       		.uleb128 0xe
 910 00dc 3A       		.uleb128 0x3a
 911 00dd 0B       		.uleb128 0xb
 912 00de 3B       		.uleb128 0x3b
 913 00df 0B       		.uleb128 0xb
 914 00e0 49       		.uleb128 0x49
 915 00e1 13       		.uleb128 0x13
 916 00e2 02       		.uleb128 0x2
 917 00e3 17       		.uleb128 0x17
 918 00e4 00       		.byte	0
 919 00e5 00       		.byte	0
 920 00e6 12       		.uleb128 0x12
 921 00e7 34       		.uleb128 0x34
 922 00e8 00       		.byte	0
 923 00e9 03       		.uleb128 0x3
 924 00ea 08       		.uleb128 0x8
 925 00eb 3A       		.uleb128 0x3a
 926 00ec 0B       		.uleb128 0xb
 927 00ed 3B       		.uleb128 0x3b
 928 00ee 0B       		.uleb128 0xb
 929 00ef 49       		.uleb128 0x49
 930 00f0 13       		.uleb128 0x13
 931 00f1 02       		.uleb128 0x2
 932 00f2 17       		.uleb128 0x17
 933 00f3 00       		.byte	0
 934 00f4 00       		.byte	0
 935 00f5 13       		.uleb128 0x13
 936 00f6 2E       		.uleb128 0x2e
 937 00f7 01       		.byte	0x1
 938 00f8 3F       		.uleb128 0x3f
 939 00f9 19       		.uleb128 0x19
 940 00fa 03       		.uleb128 0x3
 941 00fb 0E       		.uleb128 0xe
 942 00fc 3A       		.uleb128 0x3a
 943 00fd 0B       		.uleb128 0xb
 944 00fe 3B       		.uleb128 0x3b
 945 00ff 0B       		.uleb128 0xb
 946 0100 27       		.uleb128 0x27
 947 0101 19       		.uleb128 0x19
 948 0102 11       		.uleb128 0x11
 949 0103 01       		.uleb128 0x1
 950 0104 12       		.uleb128 0x12
 951 0105 06       		.uleb128 0x6
 952 0106 40       		.uleb128 0x40
 953 0107 18       		.uleb128 0x18
 954 0108 9742     		.uleb128 0x2117
 955 010a 19       		.uleb128 0x19
 956 010b 00       		.byte	0
 957 010c 00       		.byte	0
 958 010d 00       		.byte	0
 959              		.section	.debug_loc,"",%progbits
 960              	.Ldebug_loc0:
 961              	.LLST0:
 962 0000 00000000 		.4byte	.LVL0
 963 0004 30000000 		.4byte	.LVL4
 964 0008 0100     		.2byte	0x1
 965 000a 50       		.byte	0x50
ARM GAS  /var/folders/qh/xwg3v3kj02qbxczjpdb8lzfr0000gn/T//ccASNYDK.s 			page 18


 966 000b 30000000 		.4byte	.LVL4
 967 000f 44000000 		.4byte	.LFE7
 968 0013 0400     		.2byte	0x4
 969 0015 F3       		.byte	0xf3
 970 0016 01       		.uleb128 0x1
 971 0017 50       		.byte	0x50
 972 0018 9F       		.byte	0x9f
 973 0019 00000000 		.4byte	0
 974 001d 00000000 		.4byte	0
 975              	.LLST1:
 976 0021 00000000 		.4byte	.LVL0
 977 0025 1E000000 		.4byte	.LVL2
 978 0029 0100     		.2byte	0x1
 979 002b 51       		.byte	0x51
 980 002c 1E000000 		.4byte	.LVL2
 981 0030 44000000 		.4byte	.LFE7
 982 0034 0400     		.2byte	0x4
 983 0036 F3       		.byte	0xf3
 984 0037 01       		.uleb128 0x1
 985 0038 51       		.byte	0x51
 986 0039 9F       		.byte	0x9f
 987 003a 00000000 		.4byte	0
 988 003e 00000000 		.4byte	0
 989              	.LLST2:
 990 0042 00000000 		.4byte	.LVL0
 991 0046 16000000 		.4byte	.LVL1
 992 004a 0700     		.2byte	0x7
 993 004c 70       		.byte	0x70
 994 004d 00       		.sleb128 0
 995 004e 33       		.byte	0x33
 996 004f 1A       		.byte	0x1a
 997 0050 33       		.byte	0x33
 998 0051 24       		.byte	0x24
 999 0052 9F       		.byte	0x9f
 1000 0053 16000000 		.4byte	.LVL1
 1001 0057 20000000 		.4byte	.LVL3
 1002 005b 0100     		.2byte	0x1
 1003 005d 54       		.byte	0x54
 1004 005e 20000000 		.4byte	.LVL3
 1005 0062 30000000 		.4byte	.LVL4
 1006 0066 0700     		.2byte	0x7
 1007 0068 70       		.byte	0x70
 1008 0069 00       		.sleb128 0
 1009 006a 33       		.byte	0x33
 1010 006b 1A       		.byte	0x1a
 1011 006c 33       		.byte	0x33
 1012 006d 24       		.byte	0x24
 1013 006e 9F       		.byte	0x9f
 1014 006f 30000000 		.4byte	.LVL4
 1015 0073 44000000 		.4byte	.LFE7
 1016 0077 0800     		.2byte	0x8
 1017 0079 F3       		.byte	0xf3
 1018 007a 01       		.uleb128 0x1
 1019 007b 50       		.byte	0x50
 1020 007c 33       		.byte	0x33
 1021 007d 1A       		.byte	0x1a
 1022 007e 33       		.byte	0x33
ARM GAS  /var/folders/qh/xwg3v3kj02qbxczjpdb8lzfr0000gn/T//ccASNYDK.s 			page 19


 1023 007f 24       		.byte	0x24
 1024 0080 9F       		.byte	0x9f
 1025 0081 00000000 		.4byte	0
 1026 0085 00000000 		.4byte	0
 1027              	.LLST3:
 1028 0089 00000000 		.4byte	.LVL5
 1029 008d 24000000 		.4byte	.LVL6
 1030 0091 0100     		.2byte	0x1
 1031 0093 50       		.byte	0x50
 1032 0094 24000000 		.4byte	.LVL6
 1033 0098 38000000 		.4byte	.LFE8
 1034 009c 0400     		.2byte	0x4
 1035 009e F3       		.byte	0xf3
 1036 009f 01       		.uleb128 0x1
 1037 00a0 50       		.byte	0x50
 1038 00a1 9F       		.byte	0x9f
 1039 00a2 00000000 		.4byte	0
 1040 00a6 00000000 		.4byte	0
 1041              	.LLST4:
 1042 00aa 00000000 		.4byte	.LVL5
 1043 00ae 24000000 		.4byte	.LVL6
 1044 00b2 0700     		.2byte	0x7
 1045 00b4 70       		.byte	0x70
 1046 00b5 00       		.sleb128 0
 1047 00b6 33       		.byte	0x33
 1048 00b7 1A       		.byte	0x1a
 1049 00b8 33       		.byte	0x33
 1050 00b9 24       		.byte	0x24
 1051 00ba 9F       		.byte	0x9f
 1052 00bb 24000000 		.4byte	.LVL6
 1053 00bf 28000000 		.4byte	.LVL7
 1054 00c3 0800     		.2byte	0x8
 1055 00c5 F3       		.byte	0xf3
 1056 00c6 01       		.uleb128 0x1
 1057 00c7 50       		.byte	0x50
 1058 00c8 33       		.byte	0x33
 1059 00c9 1A       		.byte	0x1a
 1060 00ca 33       		.byte	0x33
 1061 00cb 24       		.byte	0x24
 1062 00cc 9F       		.byte	0x9f
 1063 00cd 28000000 		.4byte	.LVL7
 1064 00d1 38000000 		.4byte	.LFE8
 1065 00d5 0100     		.2byte	0x1
 1066 00d7 50       		.byte	0x50
 1067 00d8 00000000 		.4byte	0
 1068 00dc 00000000 		.4byte	0
 1069              	.LLST5:
 1070 00e0 00000000 		.4byte	.LVL8
 1071 00e4 0E000000 		.4byte	.LVL9
 1072 00e8 0100     		.2byte	0x1
 1073 00ea 50       		.byte	0x50
 1074 00eb 0E000000 		.4byte	.LVL9
 1075 00ef 28000000 		.4byte	.LFE9
 1076 00f3 0400     		.2byte	0x4
 1077 00f5 F3       		.byte	0xf3
 1078 00f6 01       		.uleb128 0x1
 1079 00f7 50       		.byte	0x50
ARM GAS  /var/folders/qh/xwg3v3kj02qbxczjpdb8lzfr0000gn/T//ccASNYDK.s 			page 20


 1080 00f8 9F       		.byte	0x9f
 1081 00f9 00000000 		.4byte	0
 1082 00fd 00000000 		.4byte	0
 1083              	.LLST6:
 1084 0101 00000000 		.4byte	.LVL8
 1085 0105 1A000000 		.4byte	.LVL11
 1086 0109 0100     		.2byte	0x1
 1087 010b 51       		.byte	0x51
 1088 010c 1A000000 		.4byte	.LVL11
 1089 0110 28000000 		.4byte	.LFE9
 1090 0114 0400     		.2byte	0x4
 1091 0116 F3       		.byte	0xf3
 1092 0117 01       		.uleb128 0x1
 1093 0118 51       		.byte	0x51
 1094 0119 9F       		.byte	0x9f
 1095 011a 00000000 		.4byte	0
 1096 011e 00000000 		.4byte	0
 1097              	.LLST7:
 1098 0122 00000000 		.4byte	.LVL8
 1099 0126 0E000000 		.4byte	.LVL9
 1100 012a 0700     		.2byte	0x7
 1101 012c 70       		.byte	0x70
 1102 012d 00       		.sleb128 0
 1103 012e 33       		.byte	0x33
 1104 012f 1A       		.byte	0x1a
 1105 0130 33       		.byte	0x33
 1106 0131 24       		.byte	0x24
 1107 0132 9F       		.byte	0x9f
 1108 0133 0E000000 		.4byte	.LVL9
 1109 0137 12000000 		.4byte	.LVL10
 1110 013b 0800     		.2byte	0x8
 1111 013d F3       		.byte	0xf3
 1112 013e 01       		.uleb128 0x1
 1113 013f 50       		.byte	0x50
 1114 0140 33       		.byte	0x33
 1115 0141 1A       		.byte	0x1a
 1116 0142 33       		.byte	0x33
 1117 0143 24       		.byte	0x24
 1118 0144 9F       		.byte	0x9f
 1119 0145 12000000 		.4byte	.LVL10
 1120 0149 1C000000 		.4byte	.LVL12
 1121 014d 0100     		.2byte	0x1
 1122 014f 50       		.byte	0x50
 1123 0150 1C000000 		.4byte	.LVL12
 1124 0154 28000000 		.4byte	.LFE9
 1125 0158 0800     		.2byte	0x8
 1126 015a F3       		.byte	0xf3
 1127 015b 01       		.uleb128 0x1
 1128 015c 50       		.byte	0x50
 1129 015d 33       		.byte	0x33
 1130 015e 1A       		.byte	0x1a
 1131 015f 33       		.byte	0x33
 1132 0160 24       		.byte	0x24
 1133 0161 9F       		.byte	0x9f
 1134 0162 00000000 		.4byte	0
 1135 0166 00000000 		.4byte	0
 1136              		.section	.debug_aranges,"",%progbits
ARM GAS  /var/folders/qh/xwg3v3kj02qbxczjpdb8lzfr0000gn/T//ccASNYDK.s 			page 21


 1137 0000 2C000000 		.4byte	0x2c
 1138 0004 0200     		.2byte	0x2
 1139 0006 00000000 		.4byte	.Ldebug_info0
 1140 000a 04       		.byte	0x4
 1141 000b 00       		.byte	0
 1142 000c 0000     		.2byte	0
 1143 000e 0000     		.2byte	0
 1144 0010 00000000 		.4byte	.LFB7
 1145 0014 44000000 		.4byte	.LFE7-.LFB7
 1146 0018 00000000 		.4byte	.LFB8
 1147 001c 38000000 		.4byte	.LFE8-.LFB8
 1148 0020 00000000 		.4byte	.LFB9
 1149 0024 28000000 		.4byte	.LFE9-.LFB9
 1150 0028 00000000 		.4byte	0
 1151 002c 00000000 		.4byte	0
 1152              		.section	.debug_ranges,"",%progbits
 1153              	.Ldebug_ranges0:
 1154 0000 00000000 		.4byte	.LFB7
 1155 0004 44000000 		.4byte	.LFE7
 1156 0008 00000000 		.4byte	.LFB8
 1157 000c 38000000 		.4byte	.LFE8
 1158 0010 00000000 		.4byte	.LFB9
 1159 0014 28000000 		.4byte	.LFE9
 1160 0018 00000000 		.4byte	0
 1161 001c 00000000 		.4byte	0
 1162              		.section	.debug_line,"",%progbits
 1163              	.Ldebug_line0:
 1164 0000 EB000000 		.section	.debug_str,"MS",%progbits,1
 1164      02009600 
 1164      00000201 
 1164      FB0E0D00 
 1164      01010101 
 1165              	.LASF42:
 1166 0000 7072696F 		.ascii	"prio\000"
 1166      00
 1167              	.LASF18:
 1168 0005 49435052 		.ascii	"ICPR\000"
 1168      00
 1169              	.LASF48:
 1170 000a 2F557365 		.ascii	"/Users/John/Development/embedded/ChibiOS-RT/BluC/ST"
 1170      72732F4A 
 1170      6F686E2F 
 1170      44657665 
 1170      6C6F706D 
 1171 003d 4D333246 		.ascii	"M32F051\000"
 1171      30353100 
 1172              	.LASF46:
 1173 0045 474E5520 		.ascii	"GNU C 4.8.3 20131129 (release) [ARM/embedded-4_8-br"
 1173      4320342E 
 1173      382E3320 
 1173      32303133 
 1173      31313239 
 1174 0078 616E6368 		.ascii	"anch revision 205641] -mcpu=cortex-m0 -mno-thumb-in"
 1174      20726576 
 1174      6973696F 
 1174      6E203230 
 1174      35363431 
ARM GAS  /var/folders/qh/xwg3v3kj02qbxczjpdb8lzfr0000gn/T//ccASNYDK.s 			page 22


 1175 00ab 74657277 		.ascii	"terwork -mthumb -ggdb -O2 -fomit-frame-pointer -fal"
 1175      6F726B20 
 1175      2D6D7468 
 1175      756D6220 
 1175      2D676764 
 1176 00de 69676E2D 		.ascii	"ign-functions=16 -ffunction-sections -fdata-section"
 1176      66756E63 
 1176      74696F6E 
 1176      733D3136 
 1176      202D6666 
 1177 0111 73202D66 		.ascii	"s -fno-common\000"
 1177      6E6F2D63 
 1177      6F6D6D6F 
 1177      6E00
 1178              	.LASF38:
 1179 011f 4D4D4652 		.ascii	"MMFR\000"
 1179      00
 1180              	.LASF47:
 1181 0124 2E2E2F2E 		.ascii	"../../os/ports/common/ARMCMx/nvic.c\000"
 1181      2E2F6F73 
 1181      2F706F72 
 1181      74732F63 
 1181      6F6D6D6F 
 1182              	.LASF44:
 1183 0148 6E766963 		.ascii	"nvicDisableVector\000"
 1183      44697361 
 1183      626C6556 
 1183      6563746F 
 1183      7200
 1184              	.LASF25:
 1185 015a 434D785F 		.ascii	"CMx_NVIC\000"
 1185      4E564943 
 1185      00
 1186              	.LASF28:
 1187 0163 56544F52 		.ascii	"VTOR\000"
 1187      00
 1188              	.LASF9:
 1189 0168 5F426F6F 		.ascii	"_Bool\000"
 1189      6C00
 1190              	.LASF14:
 1191 016e 49434552 		.ascii	"ICER\000"
 1191      00
 1192              	.LASF11:
 1193 0173 494F5245 		.ascii	"IOREG32\000"
 1193      47333200 
 1194              	.LASF2:
 1195 017b 756E7369 		.ascii	"unsigned char\000"
 1195      676E6564 
 1195      20636861 
 1195      7200
 1196              	.LASF13:
 1197 0189 756E7573 		.ascii	"unused1\000"
 1197      65643100 
 1198              	.LASF15:
 1199 0191 756E7573 		.ascii	"unused2\000"
 1199      65643200 
 1200              	.LASF17:
ARM GAS  /var/folders/qh/xwg3v3kj02qbxczjpdb8lzfr0000gn/T//ccASNYDK.s 			page 23


 1201 0199 756E7573 		.ascii	"unused3\000"
 1201      65643300 
 1202              	.LASF19:
 1203 01a1 756E7573 		.ascii	"unused4\000"
 1203      65643400 
 1204              	.LASF21:
 1205 01a9 756E7573 		.ascii	"unused5\000"
 1205      65643500 
 1206              	.LASF22:
 1207 01b1 756E7573 		.ascii	"unused6\000"
 1207      65643600 
 1208              	.LASF4:
 1209 01b9 73686F72 		.ascii	"short unsigned int\000"
 1209      7420756E 
 1209      7369676E 
 1209      65642069 
 1209      6E7400
 1210              	.LASF32:
 1211 01cc 43465352 		.ascii	"CFSR\000"
 1211      00
 1212              	.LASF33:
 1213 01d1 48465352 		.ascii	"HFSR\000"
 1213      00
 1214              	.LASF6:
 1215 01d6 6C6F6E67 		.ascii	"long unsigned int\000"
 1215      20756E73 
 1215      69676E65 
 1215      6420696E 
 1215      7400
 1216              	.LASF39:
 1217 01e8 43504143 		.ascii	"CPACR\000"
 1217      5200
 1218              	.LASF23:
 1219 01ee 53544952 		.ascii	"STIR\000"
 1219      00
 1220              	.LASF3:
 1221 01f3 73686F72 		.ascii	"short int\000"
 1221      7420696E 
 1221      7400
 1222              	.LASF0:
 1223 01fd 756E7369 		.ascii	"unsigned int\000"
 1223      676E6564 
 1223      20696E74 
 1223      00
 1224              	.LASF16:
 1225 020a 49535052 		.ascii	"ISPR\000"
 1225      00
 1226              	.LASF34:
 1227 020f 44465352 		.ascii	"DFSR\000"
 1227      00
 1228              	.LASF8:
 1229 0214 6C6F6E67 		.ascii	"long long unsigned int\000"
 1229      206C6F6E 
 1229      6720756E 
 1229      7369676E 
 1229      65642069 
 1230              	.LASF27:
ARM GAS  /var/folders/qh/xwg3v3kj02qbxczjpdb8lzfr0000gn/T//ccASNYDK.s 			page 24


 1231 022b 49435352 		.ascii	"ICSR\000"
 1231      00
 1232              	.LASF40:
 1233 0230 434D785F 		.ascii	"CMx_SCB\000"
 1233      53434200 
 1234              	.LASF29:
 1235 0238 41495243 		.ascii	"AIRCR\000"
 1235      5200
 1236              	.LASF36:
 1237 023e 42464152 		.ascii	"BFAR\000"
 1237      00
 1238              	.LASF45:
 1239 0243 68616E64 		.ascii	"handler\000"
 1239      6C657200 
 1240              	.LASF24:
 1241 024b 73697A65 		.ascii	"sizetype\000"
 1241      74797065 
 1241      00
 1242              	.LASF7:
 1243 0254 6C6F6E67 		.ascii	"long long int\000"
 1243      206C6F6E 
 1243      6720696E 
 1243      7400
 1244              	.LASF26:
 1245 0262 43505549 		.ascii	"CPUID\000"
 1245      4400
 1246              	.LASF41:
 1247 0268 63686172 		.ascii	"char\000"
 1247      00
 1248              	.LASF12:
 1249 026d 49534552 		.ascii	"ISER\000"
 1249      00
 1250              	.LASF37:
 1251 0272 41465352 		.ascii	"AFSR\000"
 1251      00
 1252              	.LASF35:
 1253 0277 4D4D4641 		.ascii	"MMFAR\000"
 1253      5200
 1254              	.LASF31:
 1255 027d 53484353 		.ascii	"SHCSR\000"
 1255      5200
 1256              	.LASF10:
 1257 0283 75696E74 		.ascii	"uint32_t\000"
 1257      33325F74 
 1257      00
 1258              	.LASF5:
 1259 028c 6C6F6E67 		.ascii	"long int\000"
 1259      20696E74 
 1259      00
 1260              	.LASF30:
 1261 0295 53485052 		.ascii	"SHPR\000"
 1261      00
 1262              	.LASF1:
 1263 029a 7369676E 		.ascii	"signed char\000"
 1263      65642063 
 1263      68617200 
 1264              	.LASF49:
ARM GAS  /var/folders/qh/xwg3v3kj02qbxczjpdb8lzfr0000gn/T//ccASNYDK.s 			page 25


 1265 02a6 6E766963 		.ascii	"nvicSetSystemHandlerPriority\000"
 1265      53657453 
 1265      79737465 
 1265      6D48616E 
 1265      646C6572 
 1266              	.LASF20:
 1267 02c3 49414252 		.ascii	"IABR\000"
 1267      00
 1268              	.LASF43:
 1269 02c8 6E766963 		.ascii	"nvicEnableVector\000"
 1269      456E6162 
 1269      6C655665 
 1269      63746F72 
 1269      00
 1270              		.ident	"GCC: (GNU Tools for ARM Embedded Processors) 4.8.3 20131129 (release) [ARM/embedded-4_8-br
ARM GAS  /var/folders/qh/xwg3v3kj02qbxczjpdb8lzfr0000gn/T//ccASNYDK.s 			page 26


DEFINED SYMBOLS
                            *ABS*:0000000000000000 nvic.c
/var/folders/qh/xwg3v3kj02qbxczjpdb8lzfr0000gn/T//ccASNYDK.s:18     .text.nvicEnableVector:0000000000000000 $t
/var/folders/qh/xwg3v3kj02qbxczjpdb8lzfr0000gn/T//ccASNYDK.s:24     .text.nvicEnableVector:0000000000000000 nvicEnableVector
/var/folders/qh/xwg3v3kj02qbxczjpdb8lzfr0000gn/T//ccASNYDK.s:87     .text.nvicEnableVector:0000000000000040 $d
/var/folders/qh/xwg3v3kj02qbxczjpdb8lzfr0000gn/T//ccASNYDK.s:92     .text.nvicDisableVector:0000000000000000 $t
/var/folders/qh/xwg3v3kj02qbxczjpdb8lzfr0000gn/T//ccASNYDK.s:98     .text.nvicDisableVector:0000000000000000 nvicDisableVector
/var/folders/qh/xwg3v3kj02qbxczjpdb8lzfr0000gn/T//ccASNYDK.s:148    .text.nvicDisableVector:0000000000000034 $d
/var/folders/qh/xwg3v3kj02qbxczjpdb8lzfr0000gn/T//ccASNYDK.s:153    .text.nvicSetSystemHandlerPriority:0000000000000000 $t
/var/folders/qh/xwg3v3kj02qbxczjpdb8lzfr0000gn/T//ccASNYDK.s:159    .text.nvicSetSystemHandlerPriority:0000000000000000 nvicSetSystemHandlerPriority
/var/folders/qh/xwg3v3kj02qbxczjpdb8lzfr0000gn/T//ccASNYDK.s:202    .text.nvicSetSystemHandlerPriority:0000000000000024 $d
                     .debug_frame:0000000000000010 $d
/var/folders/qh/xwg3v3kj02qbxczjpdb8lzfr0000gn/T//ccASNYDK.s:91     .text.nvicEnableVector:0000000000000044 $t
/var/folders/qh/xwg3v3kj02qbxczjpdb8lzfr0000gn/T//ccASNYDK.s:152    .text.nvicDisableVector:0000000000000038 $t
/var/folders/qh/xwg3v3kj02qbxczjpdb8lzfr0000gn/T//ccASNYDK.s:206    .text.nvicSetSystemHandlerPriority:0000000000000028 $t

NO UNDEFINED SYMBOLS
