ARM GAS  /var/folders/qh/xwg3v3kj02qbxczjpdb8lzfr0000gn/T//ccWFpHtK.s 			page 1


   1              		.cpu cortex-m0
   2              		.fpu softvfp
   3              		.eabi_attribute 20, 1
   4              		.eabi_attribute 21, 1
   5              		.eabi_attribute 23, 3
   6              		.eabi_attribute 24, 1
   7              		.eabi_attribute 25, 1
   8              		.eabi_attribute 26, 1
   9              		.eabi_attribute 30, 2
  10              		.eabi_attribute 34, 0
  11              		.eabi_attribute 18, 4
  12              		.code	16
  13              		.file	"pal_lld.c"
  14              		.text
  15              	.Ltext0:
  16              		.cfi_sections	.debug_frame
  17              		.section	.text._pal_lld_init,"ax",%progbits
  18              		.align	2
  19              		.p2align 4,,15
  20              		.global	_pal_lld_init
  21              		.code	16
  22              		.thumb_func
  23              		.type	_pal_lld_init, %function
  24              	_pal_lld_init:
  25              	.LFB41:
  26              		.file 1 "../../os/hal/platforms/STM32/GPIOv2/pal_lld.c"
  27              		.loc 1 113 0
  28              		.cfi_startproc
  29              	.LVL0:
  30              		.loc 1 122 0
  31 0000 2A4B     		ldr	r3, .L2
  32 0002 BC22     		mov	r2, #188
  33 0004 5969     		ldr	r1, [r3, #20]
  34 0006 D203     		lsl	r2, r2, #15
  35 0008 0A43     		orr	r2, r1
  36 000a 5A61     		str	r2, [r3, #20]
  37              	.LVL1:
  38              	.LBB12:
  39              	.LBB13:
  40              		.loc 1 88 0
  41 000c 4268     		ldr	r2, [r0, #4]
  42 000e 9023     		mov	r3, #144
  43 0010 DB05     		lsl	r3, r3, #23
  44 0012 5A60     		str	r2, [r3, #4]
  45              		.loc 1 89 0
  46 0014 8268     		ldr	r2, [r0, #8]
  47              	.LBE13:
  48              	.LBE12:
  49              		.loc 1 160 0
  50              		@ sp needed
  51              	.LBB15:
  52              	.LBB14:
  53              		.loc 1 89 0
  54 0016 9A60     		str	r2, [r3, #8]
  55              		.loc 1 90 0
  56 0018 C268     		ldr	r2, [r0, #12]
  57 001a DA60     		str	r2, [r3, #12]
ARM GAS  /var/folders/qh/xwg3v3kj02qbxczjpdb8lzfr0000gn/T//ccWFpHtK.s 			page 2


  58              		.loc 1 91 0
  59 001c 0269     		ldr	r2, [r0, #16]
  60 001e 5A61     		str	r2, [r3, #20]
  61              		.loc 1 92 0
  62 0020 4269     		ldr	r2, [r0, #20]
  63 0022 1A62     		str	r2, [r3, #32]
  64              		.loc 1 93 0
  65 0024 8269     		ldr	r2, [r0, #24]
  66 0026 5A62     		str	r2, [r3, #36]
  67              		.loc 1 94 0
  68 0028 0268     		ldr	r2, [r0]
  69 002a 1A60     		str	r2, [r3]
  70              	.LVL2:
  71              	.LBE14:
  72              	.LBE15:
  73              	.LBB16:
  74              	.LBB17:
  75              		.loc 1 88 0
  76 002c 026A     		ldr	r2, [r0, #32]
  77 002e 204B     		ldr	r3, .L2+4
  78 0030 5A60     		str	r2, [r3, #4]
  79              		.loc 1 89 0
  80 0032 426A     		ldr	r2, [r0, #36]
  81 0034 9A60     		str	r2, [r3, #8]
  82              		.loc 1 90 0
  83 0036 826A     		ldr	r2, [r0, #40]
  84 0038 DA60     		str	r2, [r3, #12]
  85              		.loc 1 91 0
  86 003a C26A     		ldr	r2, [r0, #44]
  87 003c 5A61     		str	r2, [r3, #20]
  88              		.loc 1 92 0
  89 003e 026B     		ldr	r2, [r0, #48]
  90 0040 1A62     		str	r2, [r3, #32]
  91              		.loc 1 93 0
  92 0042 426B     		ldr	r2, [r0, #52]
  93 0044 5A62     		str	r2, [r3, #36]
  94              		.loc 1 94 0
  95 0046 C269     		ldr	r2, [r0, #28]
  96 0048 1A60     		str	r2, [r3]
  97              	.LVL3:
  98              	.LBE17:
  99              	.LBE16:
 100              	.LBB18:
 101              	.LBB19:
 102              		.loc 1 88 0
 103 004a C26B     		ldr	r2, [r0, #60]
 104 004c 194B     		ldr	r3, .L2+8
 105 004e 5A60     		str	r2, [r3, #4]
 106              		.loc 1 89 0
 107 0050 026C     		ldr	r2, [r0, #64]
 108 0052 9A60     		str	r2, [r3, #8]
 109              		.loc 1 90 0
 110 0054 426C     		ldr	r2, [r0, #68]
 111 0056 DA60     		str	r2, [r3, #12]
 112              		.loc 1 91 0
 113 0058 826C     		ldr	r2, [r0, #72]
 114 005a 5A61     		str	r2, [r3, #20]
ARM GAS  /var/folders/qh/xwg3v3kj02qbxczjpdb8lzfr0000gn/T//ccWFpHtK.s 			page 3


 115              		.loc 1 92 0
 116 005c C26C     		ldr	r2, [r0, #76]
 117 005e 1A62     		str	r2, [r3, #32]
 118              		.loc 1 93 0
 119 0060 026D     		ldr	r2, [r0, #80]
 120 0062 5A62     		str	r2, [r3, #36]
 121              		.loc 1 94 0
 122 0064 826B     		ldr	r2, [r0, #56]
 123 0066 1A60     		str	r2, [r3]
 124              	.LVL4:
 125              	.LBE19:
 126              	.LBE18:
 127              	.LBB20:
 128              	.LBB21:
 129              		.loc 1 88 0
 130 0068 826D     		ldr	r2, [r0, #88]
 131 006a 134B     		ldr	r3, .L2+12
 132 006c 5A60     		str	r2, [r3, #4]
 133              		.loc 1 89 0
 134 006e C26D     		ldr	r2, [r0, #92]
 135 0070 9A60     		str	r2, [r3, #8]
 136              		.loc 1 90 0
 137 0072 026E     		ldr	r2, [r0, #96]
 138 0074 DA60     		str	r2, [r3, #12]
 139              		.loc 1 91 0
 140 0076 426E     		ldr	r2, [r0, #100]
 141 0078 5A61     		str	r2, [r3, #20]
 142              		.loc 1 92 0
 143 007a 826E     		ldr	r2, [r0, #104]
 144 007c 1A62     		str	r2, [r3, #32]
 145              		.loc 1 93 0
 146 007e C26E     		ldr	r2, [r0, #108]
 147 0080 5A62     		str	r2, [r3, #36]
 148              		.loc 1 94 0
 149 0082 426D     		ldr	r2, [r0, #84]
 150 0084 1A60     		str	r2, [r3]
 151              	.LVL5:
 152              	.LBE21:
 153              	.LBE20:
 154              	.LBB22:
 155              	.LBB23:
 156              		.loc 1 88 0
 157 0086 426F     		ldr	r2, [r0, #116]
 158 0088 0C4B     		ldr	r3, .L2+16
 159 008a 5A60     		str	r2, [r3, #4]
 160              		.loc 1 89 0
 161 008c 826F     		ldr	r2, [r0, #120]
 162 008e 9A60     		str	r2, [r3, #8]
 163              		.loc 1 90 0
 164 0090 C26F     		ldr	r2, [r0, #124]
 165 0092 DA60     		str	r2, [r3, #12]
 166              		.loc 1 91 0
 167 0094 8022     		mov	r2, #128
 168 0096 8258     		ldr	r2, [r0, r2]
 169 0098 5A61     		str	r2, [r3, #20]
 170              		.loc 1 92 0
 171 009a 8422     		mov	r2, #132
ARM GAS  /var/folders/qh/xwg3v3kj02qbxczjpdb8lzfr0000gn/T//ccWFpHtK.s 			page 4


 172 009c 8258     		ldr	r2, [r0, r2]
 173 009e 1A62     		str	r2, [r3, #32]
 174              		.loc 1 93 0
 175 00a0 8822     		mov	r2, #136
 176 00a2 8258     		ldr	r2, [r0, r2]
 177 00a4 5A62     		str	r2, [r3, #36]
 178              		.loc 1 94 0
 179 00a6 026F     		ldr	r2, [r0, #112]
 180 00a8 1A60     		str	r2, [r3]
 181              	.LBE23:
 182              	.LBE22:
 183              		.loc 1 160 0
 184 00aa 7047     		bx	lr
 185              	.L3:
 186              		.align	2
 187              	.L2:
 188 00ac 00100240 		.word	1073876992
 189 00b0 00040048 		.word	1207960576
 190 00b4 00080048 		.word	1207961600
 191 00b8 000C0048 		.word	1207962624
 192 00bc 00140048 		.word	1207964672
 193              		.cfi_endproc
 194              	.LFE41:
 195              		.size	_pal_lld_init, .-_pal_lld_init
 196              		.section	.text._pal_lld_setgroupmode,"ax",%progbits
 197              		.align	2
 198              		.p2align 4,,15
 199              		.global	_pal_lld_setgroupmode
 200              		.code	16
 201              		.thumb_func
 202              		.type	_pal_lld_setgroupmode, %function
 203              	_pal_lld_setgroupmode:
 204              	.LFB42:
 205              		.loc 1 178 0
 206              		.cfi_startproc
 207              	.LVL6:
 208 0000 F0B5     		push	{r4, r5, r6, r7, lr}
 209              		.cfi_def_cfa_offset 20
 210              		.cfi_offset 4, -20
 211              		.cfi_offset 5, -16
 212              		.cfi_offset 6, -12
 213              		.cfi_offset 7, -8
 214              		.cfi_offset 14, -4
 215 0002 5646     		mov	r6, r10
 216 0004 4D46     		mov	r5, r9
 217 0006 5F46     		mov	r7, fp
 218 0008 4446     		mov	r4, r8
 219 000a F0B4     		push	{r4, r5, r6, r7}
 220              		.cfi_def_cfa_offset 36
 221              		.cfi_offset 8, -36
 222              		.cfi_offset 9, -32
 223              		.cfi_offset 10, -28
 224              		.cfi_offset 11, -24
 225              		.loc 1 180 0
 226 000c 0327     		mov	r7, #3
 227              		.loc 1 181 0
 228 000e 5607     		lsl	r6, r2, #29
ARM GAS  /var/folders/qh/xwg3v3kj02qbxczjpdb8lzfr0000gn/T//ccWFpHtK.s 			page 5


 229              		.loc 1 182 0
 230 0010 D506     		lsl	r5, r2, #27
 231              		.loc 1 183 0
 232 0012 5406     		lsl	r4, r2, #25
 233              		.loc 1 180 0
 234 0014 1740     		and	r7, r2
 235              	.LVL7:
 236              		.loc 1 184 0
 237 0016 5205     		lsl	r2, r2, #21
 238              	.LVL8:
 239 0018 120F     		lsr	r2, r2, #28
 240              	.LBB24:
 241              		.loc 1 190 0
 242 001a 0723     		mov	r3, #7
 243              	.LBE24:
 244              		.loc 1 178 0
 245 001c 83B0     		sub	sp, sp, #12
 246              		.cfi_def_cfa_offset 48
 247              		.loc 1 183 0
 248 001e A40F     		lsr	r4, r4, #30
 249              		.loc 1 184 0
 250 0020 9246     		mov	r10, r2
 251              		.loc 1 185 0
 252 0022 0022     		mov	r2, #0
 253              	.LBB25:
 254              		.loc 1 190 0
 255 0024 9946     		mov	r9, r3
 256              	.LBE25:
 257              		.loc 1 181 0
 258 0026 F60F     		lsr	r6, r6, #31
 259              	.LVL9:
 260              		.loc 1 182 0
 261 0028 AD0F     		lsr	r5, r5, #30
 262              	.LVL10:
 263              	.LBB26:
 264              		.loc 1 198 0
 265 002a 0194     		str	r4, [sp, #4]
 266 002c 131C     		mov	r3, r2
 267 002e 2BE0     		b	.L9
 268              	.LVL11:
 269              	.L14:
 270              		.loc 1 193 0
 271 0030 026A     		ldr	r2, [r0, #32]
 272 0032 A243     		bic	r2, r4
 273 0034 4446     		mov	r4, r8
 274              	.LVL12:
 275 0036 2243     		orr	r2, r4
 276 0038 0262     		str	r2, [r0, #32]
 277              	.L7:
 278              	.LVL13:
 279              		.loc 1 197 0
 280 003a 4468     		ldr	r4, [r0, #4]
 281              		.loc 1 196 0
 282 003c 0122     		mov	r2, #1
 283 003e 9A40     		lsl	r2, r2, r3
 284              	.LVL14:
 285              		.loc 1 197 0
ARM GAS  /var/folders/qh/xwg3v3kj02qbxczjpdb8lzfr0000gn/T//ccWFpHtK.s 			page 6


 286 0040 9443     		bic	r4, r2
 287 0042 3443     		orr	r4, r6
 288 0044 4460     		str	r4, [r0, #4]
 289              	.LVL15:
 290              		.loc 1 199 0
 291 0046 8268     		ldr	r2, [r0, #8]
 292              	.LVL16:
 293 0048 5C00     		lsl	r4, r3, #1
 294 004a 9046     		mov	r8, r2
 295              	.LVL17:
 296              		.loc 1 198 0
 297 004c 0322     		mov	r2, #3
 298 004e A240     		lsl	r2, r2, r4
 299              	.LVL18:
 300              		.loc 1 199 0
 301 0050 D243     		mvn	r2, r2
 302              	.LVL19:
 303 0052 4446     		mov	r4, r8
 304 0054 1440     		and	r4, r2
 305 0056 2C43     		orr	r4, r5
 306 0058 8460     		str	r4, [r0, #8]
 307 005a 9446     		mov	ip, r2
 308              	.LVL20:
 309              		.loc 1 200 0
 310 005c C268     		ldr	r2, [r0, #12]
 311              	.LVL21:
 312 005e 141C     		mov	r4, r2
 313 0060 6246     		mov	r2, ip
 314 0062 1440     		and	r4, r2
 315 0064 019A     		ldr	r2, [sp, #4]
 316 0066 1443     		orr	r4, r2
 317 0068 C460     		str	r4, [r0, #12]
 318              		.loc 1 201 0
 319 006a 0468     		ldr	r4, [r0]
 320 006c 221C     		mov	r2, r4
 321 006e 6446     		mov	r4, ip
 322 0070 2240     		and	r2, r4
 323 0072 3A43     		orr	r2, r7
 324 0074 0260     		str	r2, [r0]
 325              	.LVL22:
 326              	.L5:
 327              	.LBE26:
 328              		.loc 1 203 0
 329 0076 4908     		lsr	r1, r1, #1
 330              	.LVL23:
 331              		.loc 1 204 0
 332 0078 1CD0     		beq	.L4
 333              		.loc 1 208 0
 334 007a 019A     		ldr	r2, [sp, #4]
 335              		.loc 1 206 0
 336 007c 7600     		lsl	r6, r6, #1
 337              	.LVL24:
 338              		.loc 1 208 0
 339 007e 9200     		lsl	r2, r2, #2
 340              		.loc 1 207 0
 341 0080 AD00     		lsl	r5, r5, #2
 342              	.LVL25:
ARM GAS  /var/folders/qh/xwg3v3kj02qbxczjpdb8lzfr0000gn/T//ccWFpHtK.s 			page 7


 343              		.loc 1 208 0
 344 0082 0192     		str	r2, [sp, #4]
 345              	.LVL26:
 346              		.loc 1 209 0
 347 0084 BF00     		lsl	r7, r7, #2
 348              	.LVL27:
 349              		.loc 1 210 0
 350 0086 0133     		add	r3, r3, #1
 351              	.LVL28:
 352              	.L9:
 353              		.loc 1 187 0
 354 0088 0124     		mov	r4, #1
 355 008a 0C42     		tst	r4, r1
 356 008c F3D0     		beq	.L5
 357              	.LBB27:
 358              		.loc 1 190 0
 359 008e 4A46     		mov	r2, r9
 360 0090 1A40     		and	r2, r3
 361 0092 9200     		lsl	r2, r2, #2
 362 0094 5446     		mov	r4, r10
 363 0096 9440     		lsl	r4, r4, r2
 364 0098 A046     		mov	r8, r4
 365              	.LVL29:
 366              		.loc 1 191 0
 367 009a 0F24     		mov	r4, #15
 368              	.LVL30:
 369 009c 9440     		lsl	r4, r4, r2
 370 009e A446     		mov	ip, r4
 371              	.LVL31:
 372              		.loc 1 192 0
 373 00a0 072B     		cmp	r3, #7
 374 00a2 C5D9     		bls	.L14
 375              		.loc 1 195 0
 376 00a4 426A     		ldr	r2, [r0, #36]
 377 00a6 141C     		mov	r4, r2
 378              	.LVL32:
 379 00a8 6246     		mov	r2, ip
 380 00aa 9443     		bic	r4, r2
 381 00ac 4246     		mov	r2, r8
 382 00ae 1443     		orr	r4, r2
 383 00b0 4462     		str	r4, [r0, #36]
 384 00b2 C2E7     		b	.L7
 385              	.LVL33:
 386              	.L4:
 387              	.LBE27:
 388              		.loc 1 212 0
 389 00b4 03B0     		add	sp, sp, #12
 390              		@ sp needed
 391              	.LVL34:
 392              	.LVL35:
 393              	.LVL36:
 394              	.LVL37:
 395 00b6 3CBC     		pop	{r2, r3, r4, r5}
 396 00b8 9046     		mov	r8, r2
 397 00ba 9946     		mov	r9, r3
 398 00bc A246     		mov	r10, r4
 399 00be AB46     		mov	fp, r5
ARM GAS  /var/folders/qh/xwg3v3kj02qbxczjpdb8lzfr0000gn/T//ccWFpHtK.s 			page 8


 400 00c0 F0BD     		pop	{r4, r5, r6, r7, pc}
 401              		.cfi_endproc
 402              	.LFE42:
 403              		.size	_pal_lld_setgroupmode, .-_pal_lld_setgroupmode
 404 00c2 C046C046 		.text
 404      C046C046 
 404      C046C046 
 404      C046
 405              	.Letext0:
 406              		.file 2 "/usr/local/Cellar/gcc-arm-none-eabi-48/20131218/arm-none-eabi/include/stdint.h"
 407              		.file 3 "../../os/hal/platforms/STM32F0xx/stm32f0xx.h"
 408              		.file 4 "../../os/hal/platforms/STM32/GPIOv2/pal_lld.h"
 409              		.section	.debug_info,"",%progbits
 410              	.Ldebug_info0:
 411 0000 FB040000 		.4byte	0x4fb
 412 0004 0400     		.2byte	0x4
 413 0006 00000000 		.4byte	.Ldebug_abbrev0
 414 000a 04       		.byte	0x4
 415 000b 01       		.uleb128 0x1
 416 000c A2000000 		.4byte	.LASF58
 417 0010 01       		.byte	0x1
 418 0011 31030000 		.4byte	.LASF59
 419 0015 E3010000 		.4byte	.LASF60
 420 0019 40000000 		.4byte	.Ldebug_ranges0+0x40
 421 001d 00000000 		.4byte	0
 422 0021 00000000 		.4byte	.Ldebug_line0
 423 0025 02       		.uleb128 0x2
 424 0026 04       		.byte	0x4
 425 0027 05       		.byte	0x5
 426 0028 696E7400 		.ascii	"int\000"
 427 002c 03       		.uleb128 0x3
 428 002d 04       		.byte	0x4
 429 002e 07       		.byte	0x7
 430 002f 6B020000 		.4byte	.LASF0
 431 0033 03       		.uleb128 0x3
 432 0034 01       		.byte	0x1
 433 0035 06       		.byte	0x6
 434 0036 3F020000 		.4byte	.LASF1
 435 003a 03       		.uleb128 0x3
 436 003b 01       		.byte	0x1
 437 003c 08       		.byte	0x8
 438 003d 29020000 		.4byte	.LASF2
 439 0041 03       		.uleb128 0x3
 440 0042 02       		.byte	0x2
 441 0043 05       		.byte	0x5
 442 0044 5B000000 		.4byte	.LASF3
 443 0048 04       		.uleb128 0x4
 444 0049 BC020000 		.4byte	.LASF6
 445 004d 02       		.byte	0x2
 446 004e 36       		.byte	0x36
 447 004f 53000000 		.4byte	0x53
 448 0053 03       		.uleb128 0x3
 449 0054 02       		.byte	0x2
 450 0055 07       		.byte	0x7
 451 0056 97020000 		.4byte	.LASF4
 452 005a 03       		.uleb128 0x3
 453 005b 04       		.byte	0x4
ARM GAS  /var/folders/qh/xwg3v3kj02qbxczjpdb8lzfr0000gn/T//ccWFpHtK.s 			page 9


 454 005c 05       		.byte	0x5
 455 005d A6010000 		.4byte	.LASF5
 456 0061 04       		.uleb128 0x4
 457 0062 62020000 		.4byte	.LASF7
 458 0066 02       		.byte	0x2
 459 0067 50       		.byte	0x50
 460 0068 6C000000 		.4byte	0x6c
 461 006c 03       		.uleb128 0x3
 462 006d 04       		.byte	0x4
 463 006e 07       		.byte	0x7
 464 006f EE020000 		.4byte	.LASF8
 465 0073 03       		.uleb128 0x3
 466 0074 08       		.byte	0x8
 467 0075 05       		.byte	0x5
 468 0076 8A010000 		.4byte	.LASF9
 469 007a 03       		.uleb128 0x3
 470 007b 08       		.byte	0x8
 471 007c 07       		.byte	0x7
 472 007d 4B020000 		.4byte	.LASF10
 473 0081 03       		.uleb128 0x3
 474 0082 01       		.byte	0x1
 475 0083 02       		.byte	0x2
 476 0084 D6020000 		.4byte	.LASF11
 477 0088 05       		.uleb128 0x5
 478 0089 61000000 		.4byte	0x61
 479 008d 03       		.uleb128 0x3
 480 008e 04       		.byte	0x4
 481 008f 07       		.byte	0x7
 482 0090 6E000000 		.4byte	.LASF12
 483 0094 03       		.uleb128 0x3
 484 0095 01       		.byte	0x1
 485 0096 08       		.byte	0x8
 486 0097 B7020000 		.4byte	.LASF13
 487 009b 06       		.uleb128 0x6
 488 009c 38       		.byte	0x38
 489 009d 03       		.byte	0x3
 490 009e 1702     		.2byte	0x217
 491 00a0 5A010000 		.4byte	0x15a
 492 00a4 07       		.uleb128 0x7
 493 00a5 435200   		.ascii	"CR\000"
 494 00a8 03       		.byte	0x3
 495 00a9 1902     		.2byte	0x219
 496 00ab 88000000 		.4byte	0x88
 497 00af 00       		.byte	0
 498 00b0 08       		.uleb128 0x8
 499 00b1 8E000000 		.4byte	.LASF14
 500 00b5 03       		.byte	0x3
 501 00b6 1A02     		.2byte	0x21a
 502 00b8 88000000 		.4byte	0x88
 503 00bc 04       		.byte	0x4
 504 00bd 07       		.uleb128 0x7
 505 00be 43495200 		.ascii	"CIR\000"
 506 00c2 03       		.byte	0x3
 507 00c3 1B02     		.2byte	0x21b
 508 00c5 88000000 		.4byte	0x88
 509 00c9 08       		.byte	0x8
 510 00ca 08       		.uleb128 0x8
ARM GAS  /var/folders/qh/xwg3v3kj02qbxczjpdb8lzfr0000gn/T//ccWFpHtK.s 			page 10


 511 00cb D4010000 		.4byte	.LASF15
 512 00cf 03       		.byte	0x3
 513 00d0 1C02     		.2byte	0x21c
 514 00d2 88000000 		.4byte	0x88
 515 00d6 0C       		.byte	0xc
 516 00d7 08       		.uleb128 0x8
 517 00d8 2A000000 		.4byte	.LASF16
 518 00dc 03       		.byte	0x3
 519 00dd 1D02     		.2byte	0x21d
 520 00df 88000000 		.4byte	0x88
 521 00e3 10       		.byte	0x10
 522 00e4 08       		.uleb128 0x8
 523 00e5 C7010000 		.4byte	.LASF17
 524 00e9 03       		.byte	0x3
 525 00ea 1E02     		.2byte	0x21e
 526 00ec 88000000 		.4byte	0x88
 527 00f0 14       		.byte	0x14
 528 00f1 08       		.uleb128 0x8
 529 00f2 37020000 		.4byte	.LASF18
 530 00f6 03       		.byte	0x3
 531 00f7 1F02     		.2byte	0x21f
 532 00f9 88000000 		.4byte	0x88
 533 00fd 18       		.byte	0x18
 534 00fe 08       		.uleb128 0x8
 535 00ff 9A000000 		.4byte	.LASF19
 536 0103 03       		.byte	0x3
 537 0104 2002     		.2byte	0x220
 538 0106 88000000 		.4byte	0x88
 539 010a 1C       		.byte	0x1c
 540 010b 08       		.uleb128 0x8
 541 010c 77000000 		.4byte	.LASF20
 542 0110 03       		.byte	0x3
 543 0111 2102     		.2byte	0x221
 544 0113 88000000 		.4byte	0x88
 545 0117 20       		.byte	0x20
 546 0118 07       		.uleb128 0x7
 547 0119 43535200 		.ascii	"CSR\000"
 548 011d 03       		.byte	0x3
 549 011e 2202     		.2byte	0x222
 550 0120 88000000 		.4byte	0x88
 551 0124 24       		.byte	0x24
 552 0125 08       		.uleb128 0x8
 553 0126 10030000 		.4byte	.LASF21
 554 012a 03       		.byte	0x3
 555 012b 2302     		.2byte	0x223
 556 012d 88000000 		.4byte	0x88
 557 0131 28       		.byte	0x28
 558 0132 08       		.uleb128 0x8
 559 0133 78020000 		.4byte	.LASF22
 560 0137 03       		.byte	0x3
 561 0138 2402     		.2byte	0x224
 562 013a 88000000 		.4byte	0x88
 563 013e 2C       		.byte	0x2c
 564 013f 08       		.uleb128 0x8
 565 0140 7E020000 		.4byte	.LASF23
 566 0144 03       		.byte	0x3
 567 0145 2502     		.2byte	0x225
ARM GAS  /var/folders/qh/xwg3v3kj02qbxczjpdb8lzfr0000gn/T//ccWFpHtK.s 			page 11


 568 0147 88000000 		.4byte	0x88
 569 014b 30       		.byte	0x30
 570 014c 07       		.uleb128 0x7
 571 014d 43523200 		.ascii	"CR2\000"
 572 0151 03       		.byte	0x3
 573 0152 2602     		.2byte	0x226
 574 0154 88000000 		.4byte	0x88
 575 0158 34       		.byte	0x34
 576 0159 00       		.byte	0
 577 015a 09       		.uleb128 0x9
 578 015b B6010000 		.4byte	.LASF24
 579 015f 03       		.byte	0x3
 580 0160 2702     		.2byte	0x227
 581 0162 9B000000 		.4byte	0x9b
 582 0166 0A       		.uleb128 0xa
 583 0167 04       		.byte	0x4
 584 0168 04       		.byte	0x4
 585 0169 96       		.byte	0x96
 586 016a 87010000 		.4byte	0x187
 587 016e 0B       		.uleb128 0xb
 588 016f 73657400 		.ascii	"set\000"
 589 0173 04       		.byte	0x4
 590 0174 97       		.byte	0x97
 591 0175 48000000 		.4byte	0x48
 592 0179 00       		.byte	0
 593 017a 0C       		.uleb128 0xc
 594 017b DD010000 		.4byte	.LASF25
 595 017f 04       		.byte	0x4
 596 0180 98       		.byte	0x98
 597 0181 48000000 		.4byte	0x48
 598 0185 02       		.byte	0x2
 599 0186 00       		.byte	0
 600 0187 0D       		.uleb128 0xd
 601 0188 04       		.byte	0x4
 602 0189 04       		.byte	0x4
 603 018a 94       		.byte	0x94
 604 018b A2010000 		.4byte	0x1a2
 605 018f 0E       		.uleb128 0xe
 606 0190 5700     		.ascii	"W\000"
 607 0192 04       		.byte	0x4
 608 0193 95       		.byte	0x95
 609 0194 61000000 		.4byte	0x61
 610 0198 0E       		.uleb128 0xe
 611 0199 4800     		.ascii	"H\000"
 612 019b 04       		.byte	0x4
 613 019c 99       		.byte	0x99
 614 019d 66010000 		.4byte	0x166
 615 01a1 00       		.byte	0
 616 01a2 0A       		.uleb128 0xa
 617 01a3 28       		.byte	0x28
 618 01a4 04       		.byte	0x4
 619 01a5 8C       		.byte	0x8c
 620 01a6 23020000 		.4byte	0x223
 621 01aa 0C       		.uleb128 0xc
 622 01ab CE010000 		.4byte	.LASF26
 623 01af 04       		.byte	0x4
 624 01b0 8E       		.byte	0x8e
ARM GAS  /var/folders/qh/xwg3v3kj02qbxczjpdb8lzfr0000gn/T//ccWFpHtK.s 			page 12


 625 01b1 88000000 		.4byte	0x88
 626 01b5 00       		.byte	0
 627 01b6 0C       		.uleb128 0xc
 628 01b7 7C010000 		.4byte	.LASF27
 629 01bb 04       		.byte	0x4
 630 01bc 8F       		.byte	0x8f
 631 01bd 88000000 		.4byte	0x88
 632 01c1 04       		.byte	0x4
 633 01c2 0C       		.uleb128 0xc
 634 01c3 E6020000 		.4byte	.LASF28
 635 01c7 04       		.byte	0x4
 636 01c8 90       		.byte	0x90
 637 01c9 88000000 		.4byte	0x88
 638 01cd 08       		.byte	0x8
 639 01ce 0C       		.uleb128 0xc
 640 01cf 98010000 		.4byte	.LASF29
 641 01d3 04       		.byte	0x4
 642 01d4 91       		.byte	0x91
 643 01d5 88000000 		.4byte	0x88
 644 01d9 0C       		.byte	0xc
 645 01da 0B       		.uleb128 0xb
 646 01db 49445200 		.ascii	"IDR\000"
 647 01df 04       		.byte	0x4
 648 01e0 92       		.byte	0x92
 649 01e1 88000000 		.4byte	0x88
 650 01e5 10       		.byte	0x10
 651 01e6 0B       		.uleb128 0xb
 652 01e7 4F445200 		.ascii	"ODR\000"
 653 01eb 04       		.byte	0x4
 654 01ec 93       		.byte	0x93
 655 01ed 88000000 		.4byte	0x88
 656 01f1 14       		.byte	0x14
 657 01f2 0C       		.uleb128 0xc
 658 01f3 C2010000 		.4byte	.LASF30
 659 01f7 04       		.byte	0x4
 660 01f8 9A       		.byte	0x9a
 661 01f9 23020000 		.4byte	0x223
 662 01fd 18       		.byte	0x18
 663 01fe 0C       		.uleb128 0xc
 664 01ff 2C030000 		.4byte	.LASF31
 665 0203 04       		.byte	0x4
 666 0204 9B       		.byte	0x9b
 667 0205 88000000 		.4byte	0x88
 668 0209 1C       		.byte	0x1c
 669 020a 0C       		.uleb128 0xc
 670 020b 92020000 		.4byte	.LASF32
 671 020f 04       		.byte	0x4
 672 0210 9C       		.byte	0x9c
 673 0211 88000000 		.4byte	0x88
 674 0215 20       		.byte	0x20
 675 0216 0C       		.uleb128 0xc
 676 0217 8D020000 		.4byte	.LASF33
 677 021b 04       		.byte	0x4
 678 021c 9D       		.byte	0x9d
 679 021d 88000000 		.4byte	0x88
 680 0221 24       		.byte	0x24
 681 0222 00       		.byte	0
ARM GAS  /var/folders/qh/xwg3v3kj02qbxczjpdb8lzfr0000gn/T//ccWFpHtK.s 			page 13


 682 0223 05       		.uleb128 0x5
 683 0224 87010000 		.4byte	0x187
 684 0228 04       		.uleb128 0x4
 685 0229 00000000 		.4byte	.LASF34
 686 022d 04       		.byte	0x4
 687 022e 9E       		.byte	0x9e
 688 022f A2010000 		.4byte	0x1a2
 689 0233 0A       		.uleb128 0xa
 690 0234 1C       		.byte	0x1c
 691 0235 04       		.byte	0x4
 692 0236 A3       		.byte	0xa3
 693 0237 90020000 		.4byte	0x290
 694 023b 0C       		.uleb128 0xc
 695 023c 1D030000 		.4byte	.LASF35
 696 0240 04       		.byte	0x4
 697 0241 A5       		.byte	0xa5
 698 0242 61000000 		.4byte	0x61
 699 0246 00       		.byte	0
 700 0247 0C       		.uleb128 0xc
 701 0248 93000000 		.4byte	.LASF36
 702 024c 04       		.byte	0x4
 703 024d A7       		.byte	0xa7
 704 024e 61000000 		.4byte	0x61
 705 0252 04       		.byte	0x4
 706 0253 0C       		.uleb128 0xc
 707 0254 9E010000 		.4byte	.LASF37
 708 0258 04       		.byte	0x4
 709 0259 A9       		.byte	0xa9
 710 025a 61000000 		.4byte	0x61
 711 025e 08       		.byte	0x8
 712 025f 0C       		.uleb128 0xc
 713 0260 05030000 		.4byte	.LASF38
 714 0264 04       		.byte	0x4
 715 0265 AB       		.byte	0xab
 716 0266 61000000 		.4byte	0x61
 717 026a 0C       		.byte	0xc
 718 026b 0B       		.uleb128 0xb
 719 026c 6F647200 		.ascii	"odr\000"
 720 0270 04       		.byte	0x4
 721 0271 AD       		.byte	0xad
 722 0272 61000000 		.4byte	0x61
 723 0276 10       		.byte	0x10
 724 0277 0C       		.uleb128 0xc
 725 0278 18030000 		.4byte	.LASF39
 726 027c 04       		.byte	0x4
 727 027d AF       		.byte	0xaf
 728 027e 61000000 		.4byte	0x61
 729 0282 14       		.byte	0x14
 730 0283 0C       		.uleb128 0xc
 731 0284 0B030000 		.4byte	.LASF40
 732 0288 04       		.byte	0x4
 733 0289 B1       		.byte	0xb1
 734 028a 61000000 		.4byte	0x61
 735 028e 18       		.byte	0x18
 736 028f 00       		.byte	0
 737 0290 04       		.uleb128 0x4
 738 0291 41000000 		.4byte	.LASF41
ARM GAS  /var/folders/qh/xwg3v3kj02qbxczjpdb8lzfr0000gn/T//ccWFpHtK.s 			page 14


 739 0295 04       		.byte	0x4
 740 0296 B2       		.byte	0xb2
 741 0297 33020000 		.4byte	0x233
 742 029b 0A       		.uleb128 0xa
 743 029c 8C       		.byte	0x8c
 744 029d 04       		.byte	0x4
 745 029e BB       		.byte	0xbb
 746 029f E0020000 		.4byte	0x2e0
 747 02a3 0C       		.uleb128 0xc
 748 02a4 83010000 		.4byte	.LASF42
 749 02a8 04       		.byte	0x4
 750 02a9 BE       		.byte	0xbe
 751 02aa 90020000 		.4byte	0x290
 752 02ae 00       		.byte	0
 753 02af 0C       		.uleb128 0xc
 754 02b0 CF020000 		.4byte	.LASF43
 755 02b4 04       		.byte	0x4
 756 02b5 C2       		.byte	0xc2
 757 02b6 90020000 		.4byte	0x290
 758 02ba 1C       		.byte	0x1c
 759 02bb 0C       		.uleb128 0xc
 760 02bc 0D000000 		.4byte	.LASF44
 761 02c0 04       		.byte	0x4
 762 02c1 C6       		.byte	0xc6
 763 02c2 90020000 		.4byte	0x290
 764 02c6 38       		.byte	0x38
 765 02c7 0C       		.uleb128 0xc
 766 02c8 AF010000 		.4byte	.LASF45
 767 02cc 04       		.byte	0x4
 768 02cd CA       		.byte	0xca
 769 02ce 90020000 		.4byte	0x290
 770 02d2 54       		.byte	0x54
 771 02d3 0C       		.uleb128 0xc
 772 02d4 54000000 		.4byte	.LASF46
 773 02d8 04       		.byte	0x4
 774 02d9 D2       		.byte	0xd2
 775 02da 90020000 		.4byte	0x290
 776 02de 70       		.byte	0x70
 777 02df 00       		.byte	0
 778 02e0 04       		.uleb128 0x4
 779 02e1 C5020000 		.4byte	.LASF47
 780 02e5 04       		.byte	0x4
 781 02e6 E0       		.byte	0xe0
 782 02e7 9B020000 		.4byte	0x29b
 783 02eb 04       		.uleb128 0x4
 784 02ec AA020000 		.4byte	.LASF48
 785 02f0 04       		.byte	0x4
 786 02f1 F0       		.byte	0xf0
 787 02f2 61000000 		.4byte	0x61
 788 02f6 04       		.uleb128 0x4
 789 02f7 84020000 		.4byte	.LASF49
 790 02fb 04       		.byte	0x4
 791 02fc F5       		.byte	0xf5
 792 02fd 61000000 		.4byte	0x61
 793 0301 04       		.uleb128 0x4
 794 0302 1E020000 		.4byte	.LASF50
 795 0306 04       		.byte	0x4
ARM GAS  /var/folders/qh/xwg3v3kj02qbxczjpdb8lzfr0000gn/T//ccWFpHtK.s 			page 15


 796 0307 FD       		.byte	0xfd
 797 0308 0C030000 		.4byte	0x30c
 798 030c 0F       		.uleb128 0xf
 799 030d 04       		.byte	0x4
 800 030e 28020000 		.4byte	0x228
 801 0312 10       		.uleb128 0x10
 802 0313 65000000 		.4byte	.LASF61
 803 0317 01       		.byte	0x1
 804 0318 56       		.byte	0x56
 805 0319 01       		.byte	0x1
 806 031a 35030000 		.4byte	0x335
 807 031e 11       		.uleb128 0x11
 808 031f 7C000000 		.4byte	.LASF51
 809 0323 01       		.byte	0x1
 810 0324 56       		.byte	0x56
 811 0325 0C030000 		.4byte	0x30c
 812 0329 11       		.uleb128 0x11
 813 032a 87000000 		.4byte	.LASF52
 814 032e 01       		.byte	0x1
 815 032f 56       		.byte	0x56
 816 0330 35030000 		.4byte	0x335
 817 0334 00       		.byte	0
 818 0335 0F       		.uleb128 0xf
 819 0336 04       		.byte	0x4
 820 0337 3B030000 		.4byte	0x33b
 821 033b 12       		.uleb128 0x12
 822 033c 90020000 		.4byte	0x290
 823 0340 13       		.uleb128 0x13
 824 0341 33000000 		.4byte	.LASF62
 825 0345 01       		.byte	0x1
 826 0346 71       		.byte	0x71
 827 0347 00000000 		.4byte	.LFB41
 828 034b C0000000 		.4byte	.LFE41-.LFB41
 829 034f 01       		.uleb128 0x1
 830 0350 9C       		.byte	0x9c
 831 0351 1D040000 		.4byte	0x41d
 832 0355 14       		.uleb128 0x14
 833 0356 87000000 		.4byte	.LASF52
 834 035a 01       		.byte	0x1
 835 035b 71       		.byte	0x71
 836 035c 1D040000 		.4byte	0x41d
 837 0360 01       		.uleb128 0x1
 838 0361 50       		.byte	0x50
 839 0362 15       		.uleb128 0x15
 840 0363 12030000 		.4byte	0x312
 841 0367 0C000000 		.4byte	.LBB12
 842 036b 00000000 		.4byte	.Ldebug_ranges0+0
 843 036f 01       		.byte	0x1
 844 0370 86       		.byte	0x86
 845 0371 86030000 		.4byte	0x386
 846 0375 16       		.uleb128 0x16
 847 0376 29030000 		.4byte	0x329
 848 037a 01       		.uleb128 0x1
 849 037b 50       		.byte	0x50
 850 037c 17       		.uleb128 0x17
 851 037d 1E030000 		.4byte	0x31e
 852 0381 00000048 		.4byte	0x48000000
ARM GAS  /var/folders/qh/xwg3v3kj02qbxczjpdb8lzfr0000gn/T//ccWFpHtK.s 			page 16


 853 0385 00       		.byte	0
 854 0386 18       		.uleb128 0x18
 855 0387 12030000 		.4byte	0x312
 856 038b 2C000000 		.4byte	.LBB16
 857 038f 1E000000 		.4byte	.LBE16-.LBB16
 858 0393 01       		.byte	0x1
 859 0394 89       		.byte	0x89
 860 0395 AC030000 		.4byte	0x3ac
 861 0399 16       		.uleb128 0x16
 862 039a 29030000 		.4byte	0x329
 863 039e 03       		.uleb128 0x3
 864 039f 70       		.byte	0x70
 865 03a0 1C       		.sleb128 28
 866 03a1 9F       		.byte	0x9f
 867 03a2 17       		.uleb128 0x17
 868 03a3 1E030000 		.4byte	0x31e
 869 03a7 00040048 		.4byte	0x48000400
 870 03ab 00       		.byte	0
 871 03ac 18       		.uleb128 0x18
 872 03ad 12030000 		.4byte	0x312
 873 03b1 4A000000 		.4byte	.LBB18
 874 03b5 1E000000 		.4byte	.LBE18-.LBB18
 875 03b9 01       		.byte	0x1
 876 03ba 8C       		.byte	0x8c
 877 03bb D2030000 		.4byte	0x3d2
 878 03bf 16       		.uleb128 0x16
 879 03c0 29030000 		.4byte	0x329
 880 03c4 03       		.uleb128 0x3
 881 03c5 70       		.byte	0x70
 882 03c6 38       		.sleb128 56
 883 03c7 9F       		.byte	0x9f
 884 03c8 17       		.uleb128 0x17
 885 03c9 1E030000 		.4byte	0x31e
 886 03cd 00080048 		.4byte	0x48000800
 887 03d1 00       		.byte	0
 888 03d2 18       		.uleb128 0x18
 889 03d3 12030000 		.4byte	0x312
 890 03d7 68000000 		.4byte	.LBB20
 891 03db 1E000000 		.4byte	.LBE20-.LBB20
 892 03df 01       		.byte	0x1
 893 03e0 8F       		.byte	0x8f
 894 03e1 F9030000 		.4byte	0x3f9
 895 03e5 16       		.uleb128 0x16
 896 03e6 29030000 		.4byte	0x329
 897 03ea 04       		.uleb128 0x4
 898 03eb 70       		.byte	0x70
 899 03ec D400     		.sleb128 84
 900 03ee 9F       		.byte	0x9f
 901 03ef 17       		.uleb128 0x17
 902 03f0 1E030000 		.4byte	0x31e
 903 03f4 000C0048 		.4byte	0x48000c00
 904 03f8 00       		.byte	0
 905 03f9 19       		.uleb128 0x19
 906 03fa 12030000 		.4byte	0x312
 907 03fe 86000000 		.4byte	.LBB22
 908 0402 24000000 		.4byte	.LBE22-.LBB22
 909 0406 01       		.byte	0x1
ARM GAS  /var/folders/qh/xwg3v3kj02qbxczjpdb8lzfr0000gn/T//ccWFpHtK.s 			page 17


 910 0407 95       		.byte	0x95
 911 0408 16       		.uleb128 0x16
 912 0409 29030000 		.4byte	0x329
 913 040d 04       		.uleb128 0x4
 914 040e 70       		.byte	0x70
 915 040f F000     		.sleb128 112
 916 0411 9F       		.byte	0x9f
 917 0412 17       		.uleb128 0x17
 918 0413 1E030000 		.4byte	0x31e
 919 0417 00140048 		.4byte	0x48001400
 920 041b 00       		.byte	0
 921 041c 00       		.byte	0
 922 041d 0F       		.uleb128 0xf
 923 041e 04       		.byte	0x4
 924 041f 23040000 		.4byte	0x423
 925 0423 12       		.uleb128 0x12
 926 0424 E0020000 		.4byte	0x2e0
 927 0428 1A       		.uleb128 0x1a
 928 0429 14000000 		.4byte	.LASF63
 929 042d 01       		.byte	0x1
 930 042e B0       		.byte	0xb0
 931 042f 00000000 		.4byte	.LFB42
 932 0433 C2000000 		.4byte	.LFE42-.LFB42
 933 0437 01       		.uleb128 0x1
 934 0438 9C       		.byte	0x9c
 935 0439 14       		.uleb128 0x14
 936 043a DC020000 		.4byte	.LASF53
 937 043e 01       		.byte	0x1
 938 043f B0       		.byte	0xb0
 939 0440 01030000 		.4byte	0x301
 940 0444 01       		.uleb128 0x1
 941 0445 50       		.byte	0x50
 942 0446 1B       		.uleb128 0x1b
 943 0447 00030000 		.4byte	.LASF54
 944 044b 01       		.byte	0x1
 945 044c B1       		.byte	0xb1
 946 044d EB020000 		.4byte	0x2eb
 947 0451 00000000 		.4byte	.LLST0
 948 0455 1B       		.uleb128 0x1b
 949 0456 82000000 		.4byte	.LASF55
 950 045a 01       		.byte	0x1
 951 045b B2       		.byte	0xb2
 952 045c F6020000 		.4byte	0x2f6
 953 0460 1E000000 		.4byte	.LLST1
 954 0464 1C       		.uleb128 0x1c
 955 0465 1D030000 		.4byte	.LASF35
 956 0469 01       		.byte	0x1
 957 046a B4       		.byte	0xb4
 958 046b 61000000 		.4byte	0x61
 959 046f 3F000000 		.4byte	.LLST2
 960 0473 1C       		.uleb128 0x1c
 961 0474 93000000 		.4byte	.LASF36
 962 0478 01       		.byte	0x1
 963 0479 B5       		.byte	0xb5
 964 047a 61000000 		.4byte	0x61
 965 047e 52000000 		.4byte	.LLST3
 966 0482 1C       		.uleb128 0x1c
ARM GAS  /var/folders/qh/xwg3v3kj02qbxczjpdb8lzfr0000gn/T//ccWFpHtK.s 			page 18


 967 0483 9E010000 		.4byte	.LASF37
 968 0487 01       		.byte	0x1
 969 0488 B6       		.byte	0xb6
 970 0489 61000000 		.4byte	0x61
 971 048d 65000000 		.4byte	.LLST4
 972 0491 1C       		.uleb128 0x1c
 973 0492 05030000 		.4byte	.LASF38
 974 0496 01       		.byte	0x1
 975 0497 B7       		.byte	0xb7
 976 0498 61000000 		.4byte	0x61
 977 049c 78000000 		.4byte	.LLST5
 978 04a0 1C       		.uleb128 0x1c
 979 04a1 E1020000 		.4byte	.LASF56
 980 04a5 01       		.byte	0x1
 981 04a6 B8       		.byte	0xb8
 982 04a7 61000000 		.4byte	0x61
 983 04ab AE000000 		.4byte	.LLST6
 984 04af 1D       		.uleb128 0x1d
 985 04b0 62697400 		.ascii	"bit\000"
 986 04b4 01       		.byte	0x1
 987 04b5 B9       		.byte	0xb9
 988 04b6 61000000 		.4byte	0x61
 989 04ba D3000000 		.4byte	.LLST7
 990 04be 1E       		.uleb128 0x1e
 991 04bf 18000000 		.4byte	.Ldebug_ranges0+0x18
 992 04c3 1C       		.uleb128 0x1c
 993 04c4 23030000 		.4byte	.LASF57
 994 04c8 01       		.byte	0x1
 995 04c9 BC       		.byte	0xbc
 996 04ca 61000000 		.4byte	0x61
 997 04ce F2000000 		.4byte	.LLST8
 998 04d2 1D       		.uleb128 0x1d
 999 04d3 6D3100   		.ascii	"m1\000"
 1000 04d6 01       		.byte	0x1
 1001 04d7 BC       		.byte	0xbc
 1002 04d8 61000000 		.4byte	0x61
 1003 04dc 30010000 		.4byte	.LLST9
 1004 04e0 1D       		.uleb128 0x1d
 1005 04e1 6D3200   		.ascii	"m2\000"
 1006 04e4 01       		.byte	0x1
 1007 04e5 BC       		.byte	0xbc
 1008 04e6 61000000 		.4byte	0x61
 1009 04ea 61010000 		.4byte	.LLST10
 1010 04ee 1D       		.uleb128 0x1d
 1011 04ef 6D3400   		.ascii	"m4\000"
 1012 04f2 01       		.byte	0x1
 1013 04f3 BC       		.byte	0xbc
 1014 04f4 61000000 		.4byte	0x61
 1015 04f8 A1010000 		.4byte	.LLST11
 1016 04fc 00       		.byte	0
 1017 04fd 00       		.byte	0
 1018 04fe 00       		.byte	0
 1019              		.section	.debug_abbrev,"",%progbits
 1020              	.Ldebug_abbrev0:
 1021 0000 01       		.uleb128 0x1
 1022 0001 11       		.uleb128 0x11
 1023 0002 01       		.byte	0x1
ARM GAS  /var/folders/qh/xwg3v3kj02qbxczjpdb8lzfr0000gn/T//ccWFpHtK.s 			page 19


 1024 0003 25       		.uleb128 0x25
 1025 0004 0E       		.uleb128 0xe
 1026 0005 13       		.uleb128 0x13
 1027 0006 0B       		.uleb128 0xb
 1028 0007 03       		.uleb128 0x3
 1029 0008 0E       		.uleb128 0xe
 1030 0009 1B       		.uleb128 0x1b
 1031 000a 0E       		.uleb128 0xe
 1032 000b 55       		.uleb128 0x55
 1033 000c 17       		.uleb128 0x17
 1034 000d 11       		.uleb128 0x11
 1035 000e 01       		.uleb128 0x1
 1036 000f 10       		.uleb128 0x10
 1037 0010 17       		.uleb128 0x17
 1038 0011 00       		.byte	0
 1039 0012 00       		.byte	0
 1040 0013 02       		.uleb128 0x2
 1041 0014 24       		.uleb128 0x24
 1042 0015 00       		.byte	0
 1043 0016 0B       		.uleb128 0xb
 1044 0017 0B       		.uleb128 0xb
 1045 0018 3E       		.uleb128 0x3e
 1046 0019 0B       		.uleb128 0xb
 1047 001a 03       		.uleb128 0x3
 1048 001b 08       		.uleb128 0x8
 1049 001c 00       		.byte	0
 1050 001d 00       		.byte	0
 1051 001e 03       		.uleb128 0x3
 1052 001f 24       		.uleb128 0x24
 1053 0020 00       		.byte	0
 1054 0021 0B       		.uleb128 0xb
 1055 0022 0B       		.uleb128 0xb
 1056 0023 3E       		.uleb128 0x3e
 1057 0024 0B       		.uleb128 0xb
 1058 0025 03       		.uleb128 0x3
 1059 0026 0E       		.uleb128 0xe
 1060 0027 00       		.byte	0
 1061 0028 00       		.byte	0
 1062 0029 04       		.uleb128 0x4
 1063 002a 16       		.uleb128 0x16
 1064 002b 00       		.byte	0
 1065 002c 03       		.uleb128 0x3
 1066 002d 0E       		.uleb128 0xe
 1067 002e 3A       		.uleb128 0x3a
 1068 002f 0B       		.uleb128 0xb
 1069 0030 3B       		.uleb128 0x3b
 1070 0031 0B       		.uleb128 0xb
 1071 0032 49       		.uleb128 0x49
 1072 0033 13       		.uleb128 0x13
 1073 0034 00       		.byte	0
 1074 0035 00       		.byte	0
 1075 0036 05       		.uleb128 0x5
 1076 0037 35       		.uleb128 0x35
 1077 0038 00       		.byte	0
 1078 0039 49       		.uleb128 0x49
 1079 003a 13       		.uleb128 0x13
 1080 003b 00       		.byte	0
ARM GAS  /var/folders/qh/xwg3v3kj02qbxczjpdb8lzfr0000gn/T//ccWFpHtK.s 			page 20


 1081 003c 00       		.byte	0
 1082 003d 06       		.uleb128 0x6
 1083 003e 13       		.uleb128 0x13
 1084 003f 01       		.byte	0x1
 1085 0040 0B       		.uleb128 0xb
 1086 0041 0B       		.uleb128 0xb
 1087 0042 3A       		.uleb128 0x3a
 1088 0043 0B       		.uleb128 0xb
 1089 0044 3B       		.uleb128 0x3b
 1090 0045 05       		.uleb128 0x5
 1091 0046 01       		.uleb128 0x1
 1092 0047 13       		.uleb128 0x13
 1093 0048 00       		.byte	0
 1094 0049 00       		.byte	0
 1095 004a 07       		.uleb128 0x7
 1096 004b 0D       		.uleb128 0xd
 1097 004c 00       		.byte	0
 1098 004d 03       		.uleb128 0x3
 1099 004e 08       		.uleb128 0x8
 1100 004f 3A       		.uleb128 0x3a
 1101 0050 0B       		.uleb128 0xb
 1102 0051 3B       		.uleb128 0x3b
 1103 0052 05       		.uleb128 0x5
 1104 0053 49       		.uleb128 0x49
 1105 0054 13       		.uleb128 0x13
 1106 0055 38       		.uleb128 0x38
 1107 0056 0B       		.uleb128 0xb
 1108 0057 00       		.byte	0
 1109 0058 00       		.byte	0
 1110 0059 08       		.uleb128 0x8
 1111 005a 0D       		.uleb128 0xd
 1112 005b 00       		.byte	0
 1113 005c 03       		.uleb128 0x3
 1114 005d 0E       		.uleb128 0xe
 1115 005e 3A       		.uleb128 0x3a
 1116 005f 0B       		.uleb128 0xb
 1117 0060 3B       		.uleb128 0x3b
 1118 0061 05       		.uleb128 0x5
 1119 0062 49       		.uleb128 0x49
 1120 0063 13       		.uleb128 0x13
 1121 0064 38       		.uleb128 0x38
 1122 0065 0B       		.uleb128 0xb
 1123 0066 00       		.byte	0
 1124 0067 00       		.byte	0
 1125 0068 09       		.uleb128 0x9
 1126 0069 16       		.uleb128 0x16
 1127 006a 00       		.byte	0
 1128 006b 03       		.uleb128 0x3
 1129 006c 0E       		.uleb128 0xe
 1130 006d 3A       		.uleb128 0x3a
 1131 006e 0B       		.uleb128 0xb
 1132 006f 3B       		.uleb128 0x3b
 1133 0070 05       		.uleb128 0x5
 1134 0071 49       		.uleb128 0x49
 1135 0072 13       		.uleb128 0x13
 1136 0073 00       		.byte	0
 1137 0074 00       		.byte	0
ARM GAS  /var/folders/qh/xwg3v3kj02qbxczjpdb8lzfr0000gn/T//ccWFpHtK.s 			page 21


 1138 0075 0A       		.uleb128 0xa
 1139 0076 13       		.uleb128 0x13
 1140 0077 01       		.byte	0x1
 1141 0078 0B       		.uleb128 0xb
 1142 0079 0B       		.uleb128 0xb
 1143 007a 3A       		.uleb128 0x3a
 1144 007b 0B       		.uleb128 0xb
 1145 007c 3B       		.uleb128 0x3b
 1146 007d 0B       		.uleb128 0xb
 1147 007e 01       		.uleb128 0x1
 1148 007f 13       		.uleb128 0x13
 1149 0080 00       		.byte	0
 1150 0081 00       		.byte	0
 1151 0082 0B       		.uleb128 0xb
 1152 0083 0D       		.uleb128 0xd
 1153 0084 00       		.byte	0
 1154 0085 03       		.uleb128 0x3
 1155 0086 08       		.uleb128 0x8
 1156 0087 3A       		.uleb128 0x3a
 1157 0088 0B       		.uleb128 0xb
 1158 0089 3B       		.uleb128 0x3b
 1159 008a 0B       		.uleb128 0xb
 1160 008b 49       		.uleb128 0x49
 1161 008c 13       		.uleb128 0x13
 1162 008d 38       		.uleb128 0x38
 1163 008e 0B       		.uleb128 0xb
 1164 008f 00       		.byte	0
 1165 0090 00       		.byte	0
 1166 0091 0C       		.uleb128 0xc
 1167 0092 0D       		.uleb128 0xd
 1168 0093 00       		.byte	0
 1169 0094 03       		.uleb128 0x3
 1170 0095 0E       		.uleb128 0xe
 1171 0096 3A       		.uleb128 0x3a
 1172 0097 0B       		.uleb128 0xb
 1173 0098 3B       		.uleb128 0x3b
 1174 0099 0B       		.uleb128 0xb
 1175 009a 49       		.uleb128 0x49
 1176 009b 13       		.uleb128 0x13
 1177 009c 38       		.uleb128 0x38
 1178 009d 0B       		.uleb128 0xb
 1179 009e 00       		.byte	0
 1180 009f 00       		.byte	0
 1181 00a0 0D       		.uleb128 0xd
 1182 00a1 17       		.uleb128 0x17
 1183 00a2 01       		.byte	0x1
 1184 00a3 0B       		.uleb128 0xb
 1185 00a4 0B       		.uleb128 0xb
 1186 00a5 3A       		.uleb128 0x3a
 1187 00a6 0B       		.uleb128 0xb
 1188 00a7 3B       		.uleb128 0x3b
 1189 00a8 0B       		.uleb128 0xb
 1190 00a9 01       		.uleb128 0x1
 1191 00aa 13       		.uleb128 0x13
 1192 00ab 00       		.byte	0
 1193 00ac 00       		.byte	0
 1194 00ad 0E       		.uleb128 0xe
ARM GAS  /var/folders/qh/xwg3v3kj02qbxczjpdb8lzfr0000gn/T//ccWFpHtK.s 			page 22


 1195 00ae 0D       		.uleb128 0xd
 1196 00af 00       		.byte	0
 1197 00b0 03       		.uleb128 0x3
 1198 00b1 08       		.uleb128 0x8
 1199 00b2 3A       		.uleb128 0x3a
 1200 00b3 0B       		.uleb128 0xb
 1201 00b4 3B       		.uleb128 0x3b
 1202 00b5 0B       		.uleb128 0xb
 1203 00b6 49       		.uleb128 0x49
 1204 00b7 13       		.uleb128 0x13
 1205 00b8 00       		.byte	0
 1206 00b9 00       		.byte	0
 1207 00ba 0F       		.uleb128 0xf
 1208 00bb 0F       		.uleb128 0xf
 1209 00bc 00       		.byte	0
 1210 00bd 0B       		.uleb128 0xb
 1211 00be 0B       		.uleb128 0xb
 1212 00bf 49       		.uleb128 0x49
 1213 00c0 13       		.uleb128 0x13
 1214 00c1 00       		.byte	0
 1215 00c2 00       		.byte	0
 1216 00c3 10       		.uleb128 0x10
 1217 00c4 2E       		.uleb128 0x2e
 1218 00c5 01       		.byte	0x1
 1219 00c6 03       		.uleb128 0x3
 1220 00c7 0E       		.uleb128 0xe
 1221 00c8 3A       		.uleb128 0x3a
 1222 00c9 0B       		.uleb128 0xb
 1223 00ca 3B       		.uleb128 0x3b
 1224 00cb 0B       		.uleb128 0xb
 1225 00cc 27       		.uleb128 0x27
 1226 00cd 19       		.uleb128 0x19
 1227 00ce 20       		.uleb128 0x20
 1228 00cf 0B       		.uleb128 0xb
 1229 00d0 01       		.uleb128 0x1
 1230 00d1 13       		.uleb128 0x13
 1231 00d2 00       		.byte	0
 1232 00d3 00       		.byte	0
 1233 00d4 11       		.uleb128 0x11
 1234 00d5 05       		.uleb128 0x5
 1235 00d6 00       		.byte	0
 1236 00d7 03       		.uleb128 0x3
 1237 00d8 0E       		.uleb128 0xe
 1238 00d9 3A       		.uleb128 0x3a
 1239 00da 0B       		.uleb128 0xb
 1240 00db 3B       		.uleb128 0x3b
 1241 00dc 0B       		.uleb128 0xb
 1242 00dd 49       		.uleb128 0x49
 1243 00de 13       		.uleb128 0x13
 1244 00df 00       		.byte	0
 1245 00e0 00       		.byte	0
 1246 00e1 12       		.uleb128 0x12
 1247 00e2 26       		.uleb128 0x26
 1248 00e3 00       		.byte	0
 1249 00e4 49       		.uleb128 0x49
 1250 00e5 13       		.uleb128 0x13
 1251 00e6 00       		.byte	0
ARM GAS  /var/folders/qh/xwg3v3kj02qbxczjpdb8lzfr0000gn/T//ccWFpHtK.s 			page 23


 1252 00e7 00       		.byte	0
 1253 00e8 13       		.uleb128 0x13
 1254 00e9 2E       		.uleb128 0x2e
 1255 00ea 01       		.byte	0x1
 1256 00eb 3F       		.uleb128 0x3f
 1257 00ec 19       		.uleb128 0x19
 1258 00ed 03       		.uleb128 0x3
 1259 00ee 0E       		.uleb128 0xe
 1260 00ef 3A       		.uleb128 0x3a
 1261 00f0 0B       		.uleb128 0xb
 1262 00f1 3B       		.uleb128 0x3b
 1263 00f2 0B       		.uleb128 0xb
 1264 00f3 27       		.uleb128 0x27
 1265 00f4 19       		.uleb128 0x19
 1266 00f5 11       		.uleb128 0x11
 1267 00f6 01       		.uleb128 0x1
 1268 00f7 12       		.uleb128 0x12
 1269 00f8 06       		.uleb128 0x6
 1270 00f9 40       		.uleb128 0x40
 1271 00fa 18       		.uleb128 0x18
 1272 00fb 9742     		.uleb128 0x2117
 1273 00fd 19       		.uleb128 0x19
 1274 00fe 01       		.uleb128 0x1
 1275 00ff 13       		.uleb128 0x13
 1276 0100 00       		.byte	0
 1277 0101 00       		.byte	0
 1278 0102 14       		.uleb128 0x14
 1279 0103 05       		.uleb128 0x5
 1280 0104 00       		.byte	0
 1281 0105 03       		.uleb128 0x3
 1282 0106 0E       		.uleb128 0xe
 1283 0107 3A       		.uleb128 0x3a
 1284 0108 0B       		.uleb128 0xb
 1285 0109 3B       		.uleb128 0x3b
 1286 010a 0B       		.uleb128 0xb
 1287 010b 49       		.uleb128 0x49
 1288 010c 13       		.uleb128 0x13
 1289 010d 02       		.uleb128 0x2
 1290 010e 18       		.uleb128 0x18
 1291 010f 00       		.byte	0
 1292 0110 00       		.byte	0
 1293 0111 15       		.uleb128 0x15
 1294 0112 1D       		.uleb128 0x1d
 1295 0113 01       		.byte	0x1
 1296 0114 31       		.uleb128 0x31
 1297 0115 13       		.uleb128 0x13
 1298 0116 52       		.uleb128 0x52
 1299 0117 01       		.uleb128 0x1
 1300 0118 55       		.uleb128 0x55
 1301 0119 17       		.uleb128 0x17
 1302 011a 58       		.uleb128 0x58
 1303 011b 0B       		.uleb128 0xb
 1304 011c 59       		.uleb128 0x59
 1305 011d 0B       		.uleb128 0xb
 1306 011e 01       		.uleb128 0x1
 1307 011f 13       		.uleb128 0x13
 1308 0120 00       		.byte	0
ARM GAS  /var/folders/qh/xwg3v3kj02qbxczjpdb8lzfr0000gn/T//ccWFpHtK.s 			page 24


 1309 0121 00       		.byte	0
 1310 0122 16       		.uleb128 0x16
 1311 0123 05       		.uleb128 0x5
 1312 0124 00       		.byte	0
 1313 0125 31       		.uleb128 0x31
 1314 0126 13       		.uleb128 0x13
 1315 0127 02       		.uleb128 0x2
 1316 0128 18       		.uleb128 0x18
 1317 0129 00       		.byte	0
 1318 012a 00       		.byte	0
 1319 012b 17       		.uleb128 0x17
 1320 012c 05       		.uleb128 0x5
 1321 012d 00       		.byte	0
 1322 012e 31       		.uleb128 0x31
 1323 012f 13       		.uleb128 0x13
 1324 0130 1C       		.uleb128 0x1c
 1325 0131 06       		.uleb128 0x6
 1326 0132 00       		.byte	0
 1327 0133 00       		.byte	0
 1328 0134 18       		.uleb128 0x18
 1329 0135 1D       		.uleb128 0x1d
 1330 0136 01       		.byte	0x1
 1331 0137 31       		.uleb128 0x31
 1332 0138 13       		.uleb128 0x13
 1333 0139 11       		.uleb128 0x11
 1334 013a 01       		.uleb128 0x1
 1335 013b 12       		.uleb128 0x12
 1336 013c 06       		.uleb128 0x6
 1337 013d 58       		.uleb128 0x58
 1338 013e 0B       		.uleb128 0xb
 1339 013f 59       		.uleb128 0x59
 1340 0140 0B       		.uleb128 0xb
 1341 0141 01       		.uleb128 0x1
 1342 0142 13       		.uleb128 0x13
 1343 0143 00       		.byte	0
 1344 0144 00       		.byte	0
 1345 0145 19       		.uleb128 0x19
 1346 0146 1D       		.uleb128 0x1d
 1347 0147 01       		.byte	0x1
 1348 0148 31       		.uleb128 0x31
 1349 0149 13       		.uleb128 0x13
 1350 014a 11       		.uleb128 0x11
 1351 014b 01       		.uleb128 0x1
 1352 014c 12       		.uleb128 0x12
 1353 014d 06       		.uleb128 0x6
 1354 014e 58       		.uleb128 0x58
 1355 014f 0B       		.uleb128 0xb
 1356 0150 59       		.uleb128 0x59
 1357 0151 0B       		.uleb128 0xb
 1358 0152 00       		.byte	0
 1359 0153 00       		.byte	0
 1360 0154 1A       		.uleb128 0x1a
 1361 0155 2E       		.uleb128 0x2e
 1362 0156 01       		.byte	0x1
 1363 0157 3F       		.uleb128 0x3f
 1364 0158 19       		.uleb128 0x19
 1365 0159 03       		.uleb128 0x3
ARM GAS  /var/folders/qh/xwg3v3kj02qbxczjpdb8lzfr0000gn/T//ccWFpHtK.s 			page 25


 1366 015a 0E       		.uleb128 0xe
 1367 015b 3A       		.uleb128 0x3a
 1368 015c 0B       		.uleb128 0xb
 1369 015d 3B       		.uleb128 0x3b
 1370 015e 0B       		.uleb128 0xb
 1371 015f 27       		.uleb128 0x27
 1372 0160 19       		.uleb128 0x19
 1373 0161 11       		.uleb128 0x11
 1374 0162 01       		.uleb128 0x1
 1375 0163 12       		.uleb128 0x12
 1376 0164 06       		.uleb128 0x6
 1377 0165 40       		.uleb128 0x40
 1378 0166 18       		.uleb128 0x18
 1379 0167 9742     		.uleb128 0x2117
 1380 0169 19       		.uleb128 0x19
 1381 016a 00       		.byte	0
 1382 016b 00       		.byte	0
 1383 016c 1B       		.uleb128 0x1b
 1384 016d 05       		.uleb128 0x5
 1385 016e 00       		.byte	0
 1386 016f 03       		.uleb128 0x3
 1387 0170 0E       		.uleb128 0xe
 1388 0171 3A       		.uleb128 0x3a
 1389 0172 0B       		.uleb128 0xb
 1390 0173 3B       		.uleb128 0x3b
 1391 0174 0B       		.uleb128 0xb
 1392 0175 49       		.uleb128 0x49
 1393 0176 13       		.uleb128 0x13
 1394 0177 02       		.uleb128 0x2
 1395 0178 17       		.uleb128 0x17
 1396 0179 00       		.byte	0
 1397 017a 00       		.byte	0
 1398 017b 1C       		.uleb128 0x1c
 1399 017c 34       		.uleb128 0x34
 1400 017d 00       		.byte	0
 1401 017e 03       		.uleb128 0x3
 1402 017f 0E       		.uleb128 0xe
 1403 0180 3A       		.uleb128 0x3a
 1404 0181 0B       		.uleb128 0xb
 1405 0182 3B       		.uleb128 0x3b
 1406 0183 0B       		.uleb128 0xb
 1407 0184 49       		.uleb128 0x49
 1408 0185 13       		.uleb128 0x13
 1409 0186 02       		.uleb128 0x2
 1410 0187 17       		.uleb128 0x17
 1411 0188 00       		.byte	0
 1412 0189 00       		.byte	0
 1413 018a 1D       		.uleb128 0x1d
 1414 018b 34       		.uleb128 0x34
 1415 018c 00       		.byte	0
 1416 018d 03       		.uleb128 0x3
 1417 018e 08       		.uleb128 0x8
 1418 018f 3A       		.uleb128 0x3a
 1419 0190 0B       		.uleb128 0xb
 1420 0191 3B       		.uleb128 0x3b
 1421 0192 0B       		.uleb128 0xb
 1422 0193 49       		.uleb128 0x49
ARM GAS  /var/folders/qh/xwg3v3kj02qbxczjpdb8lzfr0000gn/T//ccWFpHtK.s 			page 26


 1423 0194 13       		.uleb128 0x13
 1424 0195 02       		.uleb128 0x2
 1425 0196 17       		.uleb128 0x17
 1426 0197 00       		.byte	0
 1427 0198 00       		.byte	0
 1428 0199 1E       		.uleb128 0x1e
 1429 019a 0B       		.uleb128 0xb
 1430 019b 01       		.byte	0x1
 1431 019c 55       		.uleb128 0x55
 1432 019d 17       		.uleb128 0x17
 1433 019e 00       		.byte	0
 1434 019f 00       		.byte	0
 1435 01a0 00       		.byte	0
 1436              		.section	.debug_loc,"",%progbits
 1437              	.Ldebug_loc0:
 1438              	.LLST0:
 1439 0000 00000000 		.4byte	.LVL6
 1440 0004 78000000 		.4byte	.LVL23
 1441 0008 0100     		.2byte	0x1
 1442 000a 51       		.byte	0x51
 1443 000b 78000000 		.4byte	.LVL23
 1444 000f C2000000 		.4byte	.LFE42
 1445 0013 0100     		.2byte	0x1
 1446 0015 51       		.byte	0x51
 1447 0016 00000000 		.4byte	0
 1448 001a 00000000 		.4byte	0
 1449              	.LLST1:
 1450 001e 00000000 		.4byte	.LVL6
 1451 0022 18000000 		.4byte	.LVL8
 1452 0026 0100     		.2byte	0x1
 1453 0028 52       		.byte	0x52
 1454 0029 18000000 		.4byte	.LVL8
 1455 002d C2000000 		.4byte	.LFE42
 1456 0031 0400     		.2byte	0x4
 1457 0033 F3       		.byte	0xf3
 1458 0034 01       		.uleb128 0x1
 1459 0035 52       		.byte	0x52
 1460 0036 9F       		.byte	0x9f
 1461 0037 00000000 		.4byte	0
 1462 003b 00000000 		.4byte	0
 1463              	.LLST2:
 1464 003f 16000000 		.4byte	.LVL7
 1465 0043 B6000000 		.4byte	.LVL36
 1466 0047 0100     		.2byte	0x1
 1467 0049 57       		.byte	0x57
 1468 004a 00000000 		.4byte	0
 1469 004e 00000000 		.4byte	0
 1470              	.LLST3:
 1471 0052 28000000 		.4byte	.LVL9
 1472 0056 B6000000 		.4byte	.LVL35
 1473 005a 0100     		.2byte	0x1
 1474 005c 56       		.byte	0x56
 1475 005d 00000000 		.4byte	0
 1476 0061 00000000 		.4byte	0
 1477              	.LLST4:
 1478 0065 2A000000 		.4byte	.LVL10
 1479 0069 B6000000 		.4byte	.LVL34
ARM GAS  /var/folders/qh/xwg3v3kj02qbxczjpdb8lzfr0000gn/T//ccWFpHtK.s 			page 27


 1480 006d 0100     		.2byte	0x1
 1481 006f 55       		.byte	0x55
 1482 0070 00000000 		.4byte	0
 1483 0074 00000000 		.4byte	0
 1484              	.LLST5:
 1485 0078 2A000000 		.4byte	.LVL10
 1486 007c 30000000 		.4byte	.LVL11
 1487 0080 0100     		.2byte	0x1
 1488 0082 54       		.byte	0x54
 1489 0083 30000000 		.4byte	.LVL11
 1490 0087 84000000 		.4byte	.LVL26
 1491 008b 0200     		.2byte	0x2
 1492 008d 91       		.byte	0x91
 1493 008e 54       		.sleb128 -44
 1494 008f 84000000 		.4byte	.LVL26
 1495 0093 88000000 		.4byte	.LVL28
 1496 0097 0100     		.2byte	0x1
 1497 0099 52       		.byte	0x52
 1498 009a 88000000 		.4byte	.LVL28
 1499 009e C2000000 		.4byte	.LFE42
 1500 00a2 0200     		.2byte	0x2
 1501 00a4 91       		.byte	0x91
 1502 00a5 54       		.sleb128 -44
 1503 00a6 00000000 		.4byte	0
 1504 00aa 00000000 		.4byte	0
 1505              	.LLST6:
 1506 00ae 2A000000 		.4byte	.LVL10
 1507 00b2 B6000000 		.4byte	.LVL37
 1508 00b6 0100     		.2byte	0x1
 1509 00b8 5A       		.byte	0x5a
 1510 00b9 B6000000 		.4byte	.LVL37
 1511 00bd C2000000 		.4byte	.LFE42
 1512 00c1 0800     		.2byte	0x8
 1513 00c3 F3       		.byte	0xf3
 1514 00c4 01       		.uleb128 0x1
 1515 00c5 52       		.byte	0x52
 1516 00c6 45       		.byte	0x45
 1517 00c7 24       		.byte	0x24
 1518 00c8 4C       		.byte	0x4c
 1519 00c9 25       		.byte	0x25
 1520 00ca 9F       		.byte	0x9f
 1521 00cb 00000000 		.4byte	0
 1522 00cf 00000000 		.4byte	0
 1523              	.LLST7:
 1524 00d3 2A000000 		.4byte	.LVL10
 1525 00d7 30000000 		.4byte	.LVL11
 1526 00db 0200     		.2byte	0x2
 1527 00dd 30       		.byte	0x30
 1528 00de 9F       		.byte	0x9f
 1529 00df 30000000 		.4byte	.LVL11
 1530 00e3 C2000000 		.4byte	.LFE42
 1531 00e7 0100     		.2byte	0x1
 1532 00e9 53       		.byte	0x53
 1533 00ea 00000000 		.4byte	0
 1534 00ee 00000000 		.4byte	0
 1535              	.LLST8:
 1536 00f2 30000000 		.4byte	.LVL11
ARM GAS  /var/folders/qh/xwg3v3kj02qbxczjpdb8lzfr0000gn/T//ccWFpHtK.s 			page 28


 1537 00f6 4C000000 		.4byte	.LVL17
 1538 00fa 0100     		.2byte	0x1
 1539 00fc 58       		.byte	0x58
 1540 00fd 4C000000 		.4byte	.LVL17
 1541 0101 76000000 		.4byte	.LVL22
 1542 0105 0B00     		.2byte	0xb
 1543 0107 7A       		.byte	0x7a
 1544 0108 00       		.sleb128 0
 1545 0109 79       		.byte	0x79
 1546 010a 00       		.sleb128 0
 1547 010b 73       		.byte	0x73
 1548 010c 00       		.sleb128 0
 1549 010d 1A       		.byte	0x1a
 1550 010e 32       		.byte	0x32
 1551 010f 24       		.byte	0x24
 1552 0110 24       		.byte	0x24
 1553 0111 9F       		.byte	0x9f
 1554 0112 9A000000 		.4byte	.LVL29
 1555 0116 9C000000 		.4byte	.LVL30
 1556 011a 0100     		.2byte	0x1
 1557 011c 54       		.byte	0x54
 1558 011d 9C000000 		.4byte	.LVL30
 1559 0121 B4000000 		.4byte	.LVL33
 1560 0125 0100     		.2byte	0x1
 1561 0127 58       		.byte	0x58
 1562 0128 00000000 		.4byte	0
 1563 012c 00000000 		.4byte	0
 1564              	.LLST9:
 1565 0130 3A000000 		.4byte	.LVL13
 1566 0134 40000000 		.4byte	.LVL14
 1567 0138 0500     		.2byte	0x5
 1568 013a 31       		.byte	0x31
 1569 013b 73       		.byte	0x73
 1570 013c 00       		.sleb128 0
 1571 013d 24       		.byte	0x24
 1572 013e 9F       		.byte	0x9f
 1573 013f 40000000 		.4byte	.LVL14
 1574 0143 48000000 		.4byte	.LVL16
 1575 0147 0100     		.2byte	0x1
 1576 0149 52       		.byte	0x52
 1577 014a 48000000 		.4byte	.LVL16
 1578 014e 76000000 		.4byte	.LVL22
 1579 0152 0500     		.2byte	0x5
 1580 0154 31       		.byte	0x31
 1581 0155 73       		.byte	0x73
 1582 0156 00       		.sleb128 0
 1583 0157 24       		.byte	0x24
 1584 0158 9F       		.byte	0x9f
 1585 0159 00000000 		.4byte	0
 1586 015d 00000000 		.4byte	0
 1587              	.LLST10:
 1588 0161 46000000 		.4byte	.LVL15
 1589 0165 50000000 		.4byte	.LVL18
 1590 0169 0700     		.2byte	0x7
 1591 016b 33       		.byte	0x33
 1592 016c 73       		.byte	0x73
 1593 016d 00       		.sleb128 0
ARM GAS  /var/folders/qh/xwg3v3kj02qbxczjpdb8lzfr0000gn/T//ccWFpHtK.s 			page 29


 1594 016e 31       		.byte	0x31
 1595 016f 24       		.byte	0x24
 1596 0170 24       		.byte	0x24
 1597 0171 9F       		.byte	0x9f
 1598 0172 50000000 		.4byte	.LVL18
 1599 0176 52000000 		.4byte	.LVL19
 1600 017a 0100     		.2byte	0x1
 1601 017c 52       		.byte	0x52
 1602 017d 52000000 		.4byte	.LVL19
 1603 0181 5E000000 		.4byte	.LVL21
 1604 0185 0400     		.2byte	0x4
 1605 0187 72       		.byte	0x72
 1606 0188 00       		.sleb128 0
 1607 0189 20       		.byte	0x20
 1608 018a 9F       		.byte	0x9f
 1609 018b 5E000000 		.4byte	.LVL21
 1610 018f 76000000 		.4byte	.LVL22
 1611 0193 0400     		.2byte	0x4
 1612 0195 7C       		.byte	0x7c
 1613 0196 00       		.sleb128 0
 1614 0197 20       		.byte	0x20
 1615 0198 9F       		.byte	0x9f
 1616 0199 00000000 		.4byte	0
 1617 019d 00000000 		.4byte	0
 1618              	.LLST11:
 1619 01a1 30000000 		.4byte	.LVL11
 1620 01a5 36000000 		.4byte	.LVL12
 1621 01a9 0100     		.2byte	0x1
 1622 01ab 54       		.byte	0x54
 1623 01ac 36000000 		.4byte	.LVL12
 1624 01b0 5C000000 		.4byte	.LVL20
 1625 01b4 0100     		.2byte	0x1
 1626 01b6 5C       		.byte	0x5c
 1627 01b7 5C000000 		.4byte	.LVL20
 1628 01bb 76000000 		.4byte	.LVL22
 1629 01bf 0A00     		.2byte	0xa
 1630 01c1 3F       		.byte	0x3f
 1631 01c2 79       		.byte	0x79
 1632 01c3 00       		.sleb128 0
 1633 01c4 73       		.byte	0x73
 1634 01c5 00       		.sleb128 0
 1635 01c6 1A       		.byte	0x1a
 1636 01c7 32       		.byte	0x32
 1637 01c8 24       		.byte	0x24
 1638 01c9 24       		.byte	0x24
 1639 01ca 9F       		.byte	0x9f
 1640 01cb A0000000 		.4byte	.LVL31
 1641 01cf A8000000 		.4byte	.LVL32
 1642 01d3 0100     		.2byte	0x1
 1643 01d5 54       		.byte	0x54
 1644 01d6 A8000000 		.4byte	.LVL32
 1645 01da B4000000 		.4byte	.LVL33
 1646 01de 0100     		.2byte	0x1
 1647 01e0 5C       		.byte	0x5c
 1648 01e1 00000000 		.4byte	0
 1649 01e5 00000000 		.4byte	0
 1650              		.section	.debug_aranges,"",%progbits
ARM GAS  /var/folders/qh/xwg3v3kj02qbxczjpdb8lzfr0000gn/T//ccWFpHtK.s 			page 30


 1651 0000 24000000 		.4byte	0x24
 1652 0004 0200     		.2byte	0x2
 1653 0006 00000000 		.4byte	.Ldebug_info0
 1654 000a 04       		.byte	0x4
 1655 000b 00       		.byte	0
 1656 000c 0000     		.2byte	0
 1657 000e 0000     		.2byte	0
 1658 0010 00000000 		.4byte	.LFB41
 1659 0014 C0000000 		.4byte	.LFE41-.LFB41
 1660 0018 00000000 		.4byte	.LFB42
 1661 001c C2000000 		.4byte	.LFE42-.LFB42
 1662 0020 00000000 		.4byte	0
 1663 0024 00000000 		.4byte	0
 1664              		.section	.debug_ranges,"",%progbits
 1665              	.Ldebug_ranges0:
 1666 0000 0C000000 		.4byte	.LBB12
 1667 0004 16000000 		.4byte	.LBE12
 1668 0008 16000000 		.4byte	.LBB15
 1669 000c 2C000000 		.4byte	.LBE15
 1670 0010 00000000 		.4byte	0
 1671 0014 00000000 		.4byte	0
 1672 0018 1A000000 		.4byte	.LBB24
 1673 001c 1C000000 		.4byte	.LBE24
 1674 0020 24000000 		.4byte	.LBB25
 1675 0024 26000000 		.4byte	.LBE25
 1676 0028 2A000000 		.4byte	.LBB26
 1677 002c 76000000 		.4byte	.LBE26
 1678 0030 8E000000 		.4byte	.LBB27
 1679 0034 B4000000 		.4byte	.LBE27
 1680 0038 00000000 		.4byte	0
 1681 003c 00000000 		.4byte	0
 1682 0040 00000000 		.4byte	.LFB41
 1683 0044 C0000000 		.4byte	.LFE41
 1684 0048 00000000 		.4byte	.LFB42
 1685 004c C2000000 		.4byte	.LFE42
 1686 0050 00000000 		.4byte	0
 1687 0054 00000000 		.4byte	0
 1688              		.section	.debug_line,"",%progbits
 1689              	.Ldebug_line0:
 1690 0000 66010000 		.section	.debug_str,"MS",%progbits,1
 1690      0200D300 
 1690      00000201 
 1690      FB0E0D00 
 1690      01010101 
 1691              	.LASF34:
 1692 0000 4750494F 		.ascii	"GPIO_TypeDef\000"
 1692      5F547970 
 1692      65446566 
 1692      00
 1693              	.LASF44:
 1694 000d 50434461 		.ascii	"PCData\000"
 1694      746100
 1695              	.LASF63:
 1696 0014 5F70616C 		.ascii	"_pal_lld_setgroupmode\000"
 1696      5F6C6C64 
 1696      5F736574 
 1696      67726F75 
ARM GAS  /var/folders/qh/xwg3v3kj02qbxczjpdb8lzfr0000gn/T//ccWFpHtK.s 			page 31


 1696      706D6F64 
 1697              	.LASF16:
 1698 002a 41504231 		.ascii	"APB1RSTR\000"
 1698      52535452 
 1698      00
 1699              	.LASF62:
 1700 0033 5F70616C 		.ascii	"_pal_lld_init\000"
 1700      5F6C6C64 
 1700      5F696E69 
 1700      7400
 1701              	.LASF41:
 1702 0041 73746D33 		.ascii	"stm32_gpio_setup_t\000"
 1702      325F6770 
 1702      696F5F73 
 1702      65747570 
 1702      5F7400
 1703              	.LASF46:
 1704 0054 50464461 		.ascii	"PFData\000"
 1704      746100
 1705              	.LASF3:
 1706 005b 73686F72 		.ascii	"short int\000"
 1706      7420696E 
 1706      7400
 1707              	.LASF61:
 1708 0065 696E6974 		.ascii	"initgpio\000"
 1708      6770696F 
 1708      00
 1709              	.LASF12:
 1710 006e 73697A65 		.ascii	"sizetype\000"
 1710      74797065 
 1710      00
 1711              	.LASF20:
 1712 0077 42444352 		.ascii	"BDCR\000"
 1712      00
 1713              	.LASF51:
 1714 007c 6770696F 		.ascii	"gpiop\000"
 1714      7000
 1715              	.LASF55:
 1716 0082 6D6F6465 		.ascii	"mode\000"
 1716      00
 1717              	.LASF52:
 1718 0087 636F6E66 		.ascii	"config\000"
 1718      696700
 1719              	.LASF14:
 1720 008e 43464752 		.ascii	"CFGR\000"
 1720      00
 1721              	.LASF36:
 1722 0093 6F747970 		.ascii	"otyper\000"
 1722      657200
 1723              	.LASF19:
 1724 009a 41504231 		.ascii	"APB1ENR\000"
 1724      454E5200 
 1725              	.LASF58:
 1726 00a2 474E5520 		.ascii	"GNU C 4.8.3 20131129 (release) [ARM/embedded-4_8-br"
 1726      4320342E 
 1726      382E3320 
 1726      32303133 
ARM GAS  /var/folders/qh/xwg3v3kj02qbxczjpdb8lzfr0000gn/T//ccWFpHtK.s 			page 32


 1726      31313239 
 1727 00d5 616E6368 		.ascii	"anch revision 205641] -mcpu=cortex-m0 -mno-thumb-in"
 1727      20726576 
 1727      6973696F 
 1727      6E203230 
 1727      35363431 
 1728 0108 74657277 		.ascii	"terwork -mthumb -ggdb -O2 -fomit-frame-pointer -fal"
 1728      6F726B20 
 1728      2D6D7468 
 1728      756D6220 
 1728      2D676764 
 1729 013b 69676E2D 		.ascii	"ign-functions=16 -ffunction-sections -fdata-section"
 1729      66756E63 
 1729      74696F6E 
 1729      733D3136 
 1729      202D6666 
 1730 016e 73202D66 		.ascii	"s -fno-common\000"
 1730      6E6F2D63 
 1730      6F6D6D6F 
 1730      6E00
 1731              	.LASF27:
 1732 017c 4F545950 		.ascii	"OTYPER\000"
 1732      455200
 1733              	.LASF42:
 1734 0183 50414461 		.ascii	"PAData\000"
 1734      746100
 1735              	.LASF9:
 1736 018a 6C6F6E67 		.ascii	"long long int\000"
 1736      206C6F6E 
 1736      6720696E 
 1736      7400
 1737              	.LASF29:
 1738 0198 50555044 		.ascii	"PUPDR\000"
 1738      5200
 1739              	.LASF37:
 1740 019e 6F737065 		.ascii	"ospeedr\000"
 1740      65647200 
 1741              	.LASF5:
 1742 01a6 6C6F6E67 		.ascii	"long int\000"
 1742      20696E74 
 1742      00
 1743              	.LASF45:
 1744 01af 50444461 		.ascii	"PDData\000"
 1744      746100
 1745              	.LASF24:
 1746 01b6 5243435F 		.ascii	"RCC_TypeDef\000"
 1746      54797065 
 1746      44656600 
 1747              	.LASF30:
 1748 01c2 42535252 		.ascii	"BSRR\000"
 1748      00
 1749              	.LASF17:
 1750 01c7 41484245 		.ascii	"AHBENR\000"
 1750      4E5200
 1751              	.LASF26:
 1752 01ce 4D4F4445 		.ascii	"MODER\000"
 1752      5200
ARM GAS  /var/folders/qh/xwg3v3kj02qbxczjpdb8lzfr0000gn/T//ccWFpHtK.s 			page 33


 1753              	.LASF15:
 1754 01d4 41504232 		.ascii	"APB2RSTR\000"
 1754      52535452 
 1754      00
 1755              	.LASF25:
 1756 01dd 636C6561 		.ascii	"clear\000"
 1756      7200
 1757              	.LASF60:
 1758 01e3 2F557365 		.ascii	"/Users/John/Development/embedded/ChibiOS-RT/BluC/ST"
 1758      72732F4A 
 1758      6F686E2F 
 1758      44657665 
 1758      6C6F706D 
 1759 0216 4D333246 		.ascii	"M32F051\000"
 1759      30353100 
 1760              	.LASF50:
 1761 021e 696F706F 		.ascii	"ioportid_t\000"
 1761      72746964 
 1761      5F7400
 1762              	.LASF2:
 1763 0229 756E7369 		.ascii	"unsigned char\000"
 1763      676E6564 
 1763      20636861 
 1763      7200
 1764              	.LASF18:
 1765 0237 41504232 		.ascii	"APB2ENR\000"
 1765      454E5200 
 1766              	.LASF1:
 1767 023f 7369676E 		.ascii	"signed char\000"
 1767      65642063 
 1767      68617200 
 1768              	.LASF10:
 1769 024b 6C6F6E67 		.ascii	"long long unsigned int\000"
 1769      206C6F6E 
 1769      6720756E 
 1769      7369676E 
 1769      65642069 
 1770              	.LASF7:
 1771 0262 75696E74 		.ascii	"uint32_t\000"
 1771      33325F74 
 1771      00
 1772              	.LASF0:
 1773 026b 756E7369 		.ascii	"unsigned int\000"
 1773      676E6564 
 1773      20696E74 
 1773      00
 1774              	.LASF22:
 1775 0278 43464752 		.ascii	"CFGR2\000"
 1775      3200
 1776              	.LASF23:
 1777 027e 43464752 		.ascii	"CFGR3\000"
 1777      3300
 1778              	.LASF49:
 1779 0284 696F6D6F 		.ascii	"iomode_t\000"
 1779      64655F74 
 1779      00
 1780              	.LASF33:
ARM GAS  /var/folders/qh/xwg3v3kj02qbxczjpdb8lzfr0000gn/T//ccWFpHtK.s 			page 34


 1781 028d 41465248 		.ascii	"AFRH\000"
 1781      00
 1782              	.LASF32:
 1783 0292 4146524C 		.ascii	"AFRL\000"
 1783      00
 1784              	.LASF4:
 1785 0297 73686F72 		.ascii	"short unsigned int\000"
 1785      7420756E 
 1785      7369676E 
 1785      65642069 
 1785      6E7400
 1786              	.LASF48:
 1787 02aa 696F706F 		.ascii	"ioportmask_t\000"
 1787      72746D61 
 1787      736B5F74 
 1787      00
 1788              	.LASF13:
 1789 02b7 63686172 		.ascii	"char\000"
 1789      00
 1790              	.LASF6:
 1791 02bc 75696E74 		.ascii	"uint16_t\000"
 1791      31365F74 
 1791      00
 1792              	.LASF47:
 1793 02c5 50414C43 		.ascii	"PALConfig\000"
 1793      6F6E6669 
 1793      6700
 1794              	.LASF43:
 1795 02cf 50424461 		.ascii	"PBData\000"
 1795      746100
 1796              	.LASF11:
 1797 02d6 5F426F6F 		.ascii	"_Bool\000"
 1797      6C00
 1798              	.LASF53:
 1799 02dc 706F7274 		.ascii	"port\000"
 1799      00
 1800              	.LASF56:
 1801 02e1 616C7472 		.ascii	"altr\000"
 1801      00
 1802              	.LASF28:
 1803 02e6 4F535045 		.ascii	"OSPEEDR\000"
 1803      45445200 
 1804              	.LASF8:
 1805 02ee 6C6F6E67 		.ascii	"long unsigned int\000"
 1805      20756E73 
 1805      69676E65 
 1805      6420696E 
 1805      7400
 1806              	.LASF54:
 1807 0300 6D61736B 		.ascii	"mask\000"
 1807      00
 1808              	.LASF38:
 1809 0305 70757064 		.ascii	"pupdr\000"
 1809      7200
 1810              	.LASF40:
 1811 030b 61667268 		.ascii	"afrh\000"
 1811      00
ARM GAS  /var/folders/qh/xwg3v3kj02qbxczjpdb8lzfr0000gn/T//ccWFpHtK.s 			page 35


 1812              	.LASF21:
 1813 0310 41484252 		.ascii	"AHBRSTR\000"
 1813      53545200 
 1814              	.LASF39:
 1815 0318 6166726C 		.ascii	"afrl\000"
 1815      00
 1816              	.LASF35:
 1817 031d 6D6F6465 		.ascii	"moder\000"
 1817      7200
 1818              	.LASF57:
 1819 0323 616C7472 		.ascii	"altrmask\000"
 1819      6D61736B 
 1819      00
 1820              	.LASF31:
 1821 032c 4C434B52 		.ascii	"LCKR\000"
 1821      00
 1822              	.LASF59:
 1823 0331 2E2E2F2E 		.ascii	"../../os/hal/platforms/STM32/GPIOv2/pal_lld.c\000"
 1823      2E2F6F73 
 1823      2F68616C 
 1823      2F706C61 
 1823      74666F72 
 1824              		.ident	"GCC: (GNU Tools for ARM Embedded Processors) 4.8.3 20131129 (release) [ARM/embedded-4_8-br
ARM GAS  /var/folders/qh/xwg3v3kj02qbxczjpdb8lzfr0000gn/T//ccWFpHtK.s 			page 36


DEFINED SYMBOLS
                            *ABS*:0000000000000000 pal_lld.c
/var/folders/qh/xwg3v3kj02qbxczjpdb8lzfr0000gn/T//ccWFpHtK.s:18     .text._pal_lld_init:0000000000000000 $t
/var/folders/qh/xwg3v3kj02qbxczjpdb8lzfr0000gn/T//ccWFpHtK.s:24     .text._pal_lld_init:0000000000000000 _pal_lld_init
/var/folders/qh/xwg3v3kj02qbxczjpdb8lzfr0000gn/T//ccWFpHtK.s:188    .text._pal_lld_init:00000000000000ac $d
/var/folders/qh/xwg3v3kj02qbxczjpdb8lzfr0000gn/T//ccWFpHtK.s:197    .text._pal_lld_setgroupmode:0000000000000000 $t
/var/folders/qh/xwg3v3kj02qbxczjpdb8lzfr0000gn/T//ccWFpHtK.s:203    .text._pal_lld_setgroupmode:0000000000000000 _pal_lld_setgroupmode
                     .debug_frame:0000000000000010 $d

NO UNDEFINED SYMBOLS
