ARM GAS  /var/folders/qh/xwg3v3kj02qbxczjpdb8lzfr0000gn/T//ccSmGOpH.s 			page 1


   1              		.cpu cortex-m0
   2              		.fpu softvfp
   3              		.eabi_attribute 20, 1
   4              		.eabi_attribute 21, 1
   5              		.eabi_attribute 23, 3
   6              		.eabi_attribute 24, 1
   7              		.eabi_attribute 25, 1
   8              		.eabi_attribute 26, 1
   9              		.eabi_attribute 30, 2
  10              		.eabi_attribute 34, 0
  11              		.eabi_attribute 18, 4
  12              		.code	16
  13              		.file	"rtc.c"
  14              		.text
  15              	.Ltext0:
  16              		.cfi_sections	.debug_frame
  17              		.section	.text.rtcInit,"ax",%progbits
  18              		.align	2
  19              		.p2align 4,,15
  20              		.global	rtcInit
  21              		.code	16
  22              		.thumb_func
  23              		.type	rtcInit, %function
  24              	rtcInit:
  25              	.LFB40:
  26              		.file 1 "../../os/hal/src/rtc.c"
  27              		.loc 1 65 0
  28              		.cfi_startproc
  29 0000 08B5     		push	{r3, lr}
  30              		.cfi_def_cfa_offset 8
  31              		.cfi_offset 3, -8
  32              		.cfi_offset 14, -4
  33              		.loc 1 67 0
  34 0002 FFF7FEFF 		bl	rtc_lld_init
  35              	.LVL0:
  36              		.loc 1 68 0
  37              		@ sp needed
  38 0006 08BD     		pop	{r3, pc}
  39              		.cfi_endproc
  40              	.LFE40:
  41              		.size	rtcInit, .-rtcInit
  42 0008 C046C046 		.section	.text.rtcSetTime,"ax",%progbits
  42      C046C046 
  43              		.align	2
  44              		.p2align 4,,15
  45              		.global	rtcSetTime
  46              		.code	16
  47              		.thumb_func
  48              		.type	rtcSetTime, %function
  49              	rtcSetTime:
  50              	.LFB41:
  51              		.loc 1 78 0
  52              		.cfi_startproc
  53              	.LVL1:
  54 0000 38B5     		push	{r3, r4, r5, lr}
  55              		.cfi_def_cfa_offset 16
  56              		.cfi_offset 3, -16
ARM GAS  /var/folders/qh/xwg3v3kj02qbxczjpdb8lzfr0000gn/T//ccSmGOpH.s 			page 2


  57              		.cfi_offset 4, -12
  58              		.cfi_offset 5, -8
  59              		.cfi_offset 14, -4
  60              		.loc 1 78 0
  61 0002 051C     		mov	r5, r0
  62 0004 0C1C     		mov	r4, r1
  63              		.loc 1 82 0
  64              	@ 82 "../../os/hal/src/rtc.c" 1
  65 0006 72B6     		cpsid   i
  66              	@ 0 "" 2
  67              		.code	16
  68 0008 FFF7FEFF 		bl	dbg_check_lock
  69              	.LVL2:
  70              		.loc 1 83 0
  71 000c 281C     		mov	r0, r5
  72 000e 211C     		mov	r1, r4
  73 0010 FFF7FEFF 		bl	rtc_lld_set_time
  74              	.LVL3:
  75              		.loc 1 84 0
  76 0014 FFF7FEFF 		bl	dbg_check_unlock
  77              	.LVL4:
  78              	@ 84 "../../os/hal/src/rtc.c" 1
  79 0018 62B6     		cpsie   i
  80              	@ 0 "" 2
  81              		.loc 1 85 0
  82              		.code	16
  83              		@ sp needed
  84              	.LVL5:
  85              	.LVL6:
  86 001a 38BD     		pop	{r3, r4, r5, pc}
  87              		.cfi_endproc
  88              	.LFE41:
  89              		.size	rtcSetTime, .-rtcSetTime
  90 001c C046C046 		.section	.text.rtcGetTime,"ax",%progbits
  91              		.align	2
  92              		.p2align 4,,15
  93              		.global	rtcGetTime
  94              		.code	16
  95              		.thumb_func
  96              		.type	rtcGetTime, %function
  97              	rtcGetTime:
  98              	.LFB42:
  99              		.loc 1 95 0
 100              		.cfi_startproc
 101              	.LVL7:
 102 0000 38B5     		push	{r3, r4, r5, lr}
 103              		.cfi_def_cfa_offset 16
 104              		.cfi_offset 3, -16
 105              		.cfi_offset 4, -12
 106              		.cfi_offset 5, -8
 107              		.cfi_offset 14, -4
 108              		.loc 1 95 0
 109 0002 051C     		mov	r5, r0
 110 0004 0C1C     		mov	r4, r1
 111              		.loc 1 99 0
 112              	@ 99 "../../os/hal/src/rtc.c" 1
 113 0006 72B6     		cpsid   i
ARM GAS  /var/folders/qh/xwg3v3kj02qbxczjpdb8lzfr0000gn/T//ccSmGOpH.s 			page 3


 114              	@ 0 "" 2
 115              		.code	16
 116 0008 FFF7FEFF 		bl	dbg_check_lock
 117              	.LVL8:
 118              		.loc 1 100 0
 119 000c 281C     		mov	r0, r5
 120 000e 211C     		mov	r1, r4
 121 0010 FFF7FEFF 		bl	rtc_lld_get_time
 122              	.LVL9:
 123              		.loc 1 101 0
 124 0014 FFF7FEFF 		bl	dbg_check_unlock
 125              	.LVL10:
 126              	@ 101 "../../os/hal/src/rtc.c" 1
 127 0018 62B6     		cpsie   i
 128              	@ 0 "" 2
 129              		.loc 1 102 0
 130              		.code	16
 131              		@ sp needed
 132              	.LVL11:
 133              	.LVL12:
 134 001a 38BD     		pop	{r3, r4, r5, pc}
 135              		.cfi_endproc
 136              	.LFE42:
 137              		.size	rtcGetTime, .-rtcGetTime
 138 001c C046C046 		.section	.text.rtcSetAlarm,"ax",%progbits
 139              		.align	2
 140              		.p2align 4,,15
 141              		.global	rtcSetAlarm
 142              		.code	16
 143              		.thumb_func
 144              		.type	rtcSetAlarm, %function
 145              	rtcSetAlarm:
 146              	.LFB43:
 147              		.loc 1 116 0
 148              		.cfi_startproc
 149              	.LVL13:
 150 0000 70B5     		push	{r4, r5, r6, lr}
 151              		.cfi_def_cfa_offset 16
 152              		.cfi_offset 4, -16
 153              		.cfi_offset 5, -12
 154              		.cfi_offset 6, -8
 155              		.cfi_offset 14, -4
 156              		.loc 1 116 0
 157 0002 061C     		mov	r6, r0
 158 0004 0D1C     		mov	r5, r1
 159 0006 141C     		mov	r4, r2
 160              		.loc 1 120 0
 161              	@ 120 "../../os/hal/src/rtc.c" 1
 162 0008 72B6     		cpsid   i
 163              	@ 0 "" 2
 164              		.code	16
 165 000a FFF7FEFF 		bl	dbg_check_lock
 166              	.LVL14:
 167              		.loc 1 121 0
 168 000e 301C     		mov	r0, r6
 169 0010 291C     		mov	r1, r5
 170 0012 221C     		mov	r2, r4
ARM GAS  /var/folders/qh/xwg3v3kj02qbxczjpdb8lzfr0000gn/T//ccSmGOpH.s 			page 4


 171 0014 FFF7FEFF 		bl	rtc_lld_set_alarm
 172              	.LVL15:
 173              		.loc 1 122 0
 174 0018 FFF7FEFF 		bl	dbg_check_unlock
 175              	.LVL16:
 176              	@ 122 "../../os/hal/src/rtc.c" 1
 177 001c 62B6     		cpsie   i
 178              	@ 0 "" 2
 179              		.loc 1 123 0
 180              		.code	16
 181              		@ sp needed
 182              	.LVL17:
 183              	.LVL18:
 184              	.LVL19:
 185 001e 70BD     		pop	{r4, r5, r6, pc}
 186              		.cfi_endproc
 187              	.LFE43:
 188              		.size	rtcSetAlarm, .-rtcSetAlarm
 189              		.section	.text.rtcGetAlarm,"ax",%progbits
 190              		.align	2
 191              		.p2align 4,,15
 192              		.global	rtcGetAlarm
 193              		.code	16
 194              		.thumb_func
 195              		.type	rtcGetAlarm, %function
 196              	rtcGetAlarm:
 197              	.LFB44:
 198              		.loc 1 138 0
 199              		.cfi_startproc
 200              	.LVL20:
 201 0000 70B5     		push	{r4, r5, r6, lr}
 202              		.cfi_def_cfa_offset 16
 203              		.cfi_offset 4, -16
 204              		.cfi_offset 5, -12
 205              		.cfi_offset 6, -8
 206              		.cfi_offset 14, -4
 207              		.loc 1 138 0
 208 0002 061C     		mov	r6, r0
 209 0004 0D1C     		mov	r5, r1
 210 0006 141C     		mov	r4, r2
 211              		.loc 1 143 0
 212              	@ 143 "../../os/hal/src/rtc.c" 1
 213 0008 72B6     		cpsid   i
 214              	@ 0 "" 2
 215              		.code	16
 216 000a FFF7FEFF 		bl	dbg_check_lock
 217              	.LVL21:
 218              		.loc 1 144 0
 219 000e 301C     		mov	r0, r6
 220 0010 291C     		mov	r1, r5
 221 0012 221C     		mov	r2, r4
 222 0014 FFF7FEFF 		bl	rtc_lld_get_alarm
 223              	.LVL22:
 224              		.loc 1 145 0
 225 0018 FFF7FEFF 		bl	dbg_check_unlock
 226              	.LVL23:
 227              	@ 145 "../../os/hal/src/rtc.c" 1
ARM GAS  /var/folders/qh/xwg3v3kj02qbxczjpdb8lzfr0000gn/T//ccSmGOpH.s 			page 5


 228 001c 62B6     		cpsie   i
 229              	@ 0 "" 2
 230              		.loc 1 146 0
 231              		.code	16
 232              		@ sp needed
 233              	.LVL24:
 234              	.LVL25:
 235              	.LVL26:
 236 001e 70BD     		pop	{r4, r5, r6, pc}
 237              		.cfi_endproc
 238              	.LFE44:
 239              		.size	rtcGetAlarm, .-rtcGetAlarm
 240              		.section	.text.rtcGetTimeFat,"ax",%progbits
 241              		.align	2
 242              		.p2align 4,,15
 243              		.global	rtcGetTimeFat
 244              		.code	16
 245              		.thumb_func
 246              		.type	rtcGetTimeFat, %function
 247              	rtcGetTimeFat:
 248              	.LFB45:
 249              		.loc 1 178 0
 250              		.cfi_startproc
 251              	.LVL27:
 252 0000 08B5     		push	{r3, lr}
 253              		.cfi_def_cfa_offset 8
 254              		.cfi_offset 3, -8
 255              		.cfi_offset 14, -4
 256              		.loc 1 181 0
 257 0002 FFF7FEFF 		bl	rtc_lld_get_time_fat
 258              	.LVL28:
 259              		.loc 1 182 0
 260              		@ sp needed
 261 0006 08BD     		pop	{r3, pc}
 262              		.cfi_endproc
 263              	.LFE45:
 264              		.size	rtcGetTimeFat, .-rtcGetTimeFat
 265 0008 C046C046 		.text
 265      C046C046 
 266              	.Letext0:
 267              		.file 2 "/usr/local/Cellar/gcc-arm-none-eabi-48/20131218/arm-none-eabi/include/stdint.h"
 268              		.file 3 "../../os/ports/GCC/ARMCMx/chtypes.h"
 269              		.file 4 "../../os/hal/platforms/STM32F0xx/stm32f0xx.h"
 270              		.file 5 "../../os/hal/include/rtc.h"
 271              		.file 6 "../../os/hal/platforms/STM32/RTCv2/rtc_lld.h"
 272              		.file 7 "../../os/kernel/include/chdebug.h"
 273              		.section	.debug_info,"",%progbits
 274              	.Ldebug_info0:
 275 0000 38050000 		.4byte	0x538
 276 0004 0400     		.2byte	0x4
 277 0006 00000000 		.4byte	.Ldebug_abbrev0
 278 000a 04       		.byte	0x4
 279 000b 01       		.uleb128 0x1
 280 000c 3C000000 		.4byte	.LASF58
 281 0010 01       		.byte	0x1
 282 0011 3E030000 		.4byte	.LASF59
 283 0015 61010000 		.4byte	.LASF60
ARM GAS  /var/folders/qh/xwg3v3kj02qbxczjpdb8lzfr0000gn/T//ccSmGOpH.s 			page 6


 284 0019 00000000 		.4byte	.Ldebug_ranges0+0
 285 001d 00000000 		.4byte	0
 286 0021 00000000 		.4byte	.Ldebug_line0
 287 0025 02       		.uleb128 0x2
 288 0026 04       		.byte	0x4
 289 0027 05       		.byte	0x5
 290 0028 696E7400 		.ascii	"int\000"
 291 002c 03       		.uleb128 0x3
 292 002d 04       		.byte	0x4
 293 002e 07       		.byte	0x7
 294 002f 32020000 		.4byte	.LASF0
 295 0033 03       		.uleb128 0x3
 296 0034 01       		.byte	0x1
 297 0035 06       		.byte	0x6
 298 0036 F0010000 		.4byte	.LASF1
 299 003a 03       		.uleb128 0x3
 300 003b 01       		.byte	0x1
 301 003c 08       		.byte	0x8
 302 003d 9C010000 		.4byte	.LASF2
 303 0041 03       		.uleb128 0x3
 304 0042 02       		.byte	0x2
 305 0043 05       		.byte	0x5
 306 0044 06000000 		.4byte	.LASF3
 307 0048 03       		.uleb128 0x3
 308 0049 02       		.byte	0x2
 309 004a 07       		.byte	0x7
 310 004b 74020000 		.4byte	.LASF4
 311 004f 03       		.uleb128 0x3
 312 0050 04       		.byte	0x4
 313 0051 05       		.byte	0x5
 314 0052 46010000 		.4byte	.LASF5
 315 0056 04       		.uleb128 0x4
 316 0057 22020000 		.4byte	.LASF9
 317 005b 02       		.byte	0x2
 318 005c 50       		.byte	0x50
 319 005d 61000000 		.4byte	0x61
 320 0061 03       		.uleb128 0x3
 321 0062 04       		.byte	0x4
 322 0063 07       		.byte	0x7
 323 0064 D3020000 		.4byte	.LASF6
 324 0068 03       		.uleb128 0x3
 325 0069 08       		.byte	0x8
 326 006a 05       		.byte	0x5
 327 006b 1C010000 		.4byte	.LASF7
 328 006f 03       		.uleb128 0x3
 329 0070 08       		.byte	0x8
 330 0071 07       		.byte	0x7
 331 0072 0B020000 		.4byte	.LASF8
 332 0076 04       		.uleb128 0x4
 333 0077 6D020000 		.4byte	.LASF10
 334 007b 03       		.byte	0x3
 335 007c 24       		.byte	0x24
 336 007d 81000000 		.4byte	0x81
 337 0081 03       		.uleb128 0x3
 338 0082 01       		.byte	0x1
 339 0083 02       		.byte	0x2
 340 0084 87020000 		.4byte	.LASF11
ARM GAS  /var/folders/qh/xwg3v3kj02qbxczjpdb8lzfr0000gn/T//ccSmGOpH.s 			page 7


 341 0088 05       		.uleb128 0x5
 342 0089 56000000 		.4byte	0x56
 343 008d 03       		.uleb128 0x3
 344 008e 04       		.byte	0x4
 345 008f 07       		.byte	0x7
 346 0090 10000000 		.4byte	.LASF12
 347 0094 03       		.uleb128 0x3
 348 0095 01       		.byte	0x1
 349 0096 08       		.byte	0x8
 350 0097 63020000 		.4byte	.LASF13
 351 009b 06       		.uleb128 0x6
 352 009c 64       		.byte	0x64
 353 009d 04       		.byte	0x4
 354 009e 2D02     		.2byte	0x22d
 355 00a0 E7010000 		.4byte	0x1e7
 356 00a4 07       		.uleb128 0x7
 357 00a5 545200   		.ascii	"TR\000"
 358 00a8 04       		.byte	0x4
 359 00a9 2F02     		.2byte	0x22f
 360 00ab 88000000 		.4byte	0x88
 361 00af 00       		.byte	0
 362 00b0 07       		.uleb128 0x7
 363 00b1 445200   		.ascii	"DR\000"
 364 00b4 04       		.byte	0x4
 365 00b5 3002     		.2byte	0x230
 366 00b7 88000000 		.4byte	0x88
 367 00bb 04       		.byte	0x4
 368 00bc 07       		.uleb128 0x7
 369 00bd 435200   		.ascii	"CR\000"
 370 00c0 04       		.byte	0x4
 371 00c1 3102     		.2byte	0x231
 372 00c3 88000000 		.4byte	0x88
 373 00c7 08       		.byte	0x8
 374 00c8 07       		.uleb128 0x7
 375 00c9 49535200 		.ascii	"ISR\000"
 376 00cd 04       		.byte	0x4
 377 00ce 3202     		.2byte	0x232
 378 00d0 88000000 		.4byte	0x88
 379 00d4 0C       		.byte	0xc
 380 00d5 08       		.uleb128 0x8
 381 00d6 68020000 		.4byte	.LASF14
 382 00da 04       		.byte	0x4
 383 00db 3302     		.2byte	0x233
 384 00dd 88000000 		.4byte	0x88
 385 00e1 10       		.byte	0x10
 386 00e2 08       		.uleb128 0x8
 387 00e3 A1020000 		.4byte	.LASF15
 388 00e7 04       		.byte	0x4
 389 00e8 3402     		.2byte	0x234
 390 00ea 56000000 		.4byte	0x56
 391 00ee 14       		.byte	0x14
 392 00ef 08       		.uleb128 0x8
 393 00f0 AB020000 		.4byte	.LASF16
 394 00f4 04       		.byte	0x4
 395 00f5 3502     		.2byte	0x235
 396 00f7 56000000 		.4byte	0x56
 397 00fb 18       		.byte	0x18
ARM GAS  /var/folders/qh/xwg3v3kj02qbxczjpdb8lzfr0000gn/T//ccSmGOpH.s 			page 8


 398 00fc 08       		.uleb128 0x8
 399 00fd 2B020000 		.4byte	.LASF17
 400 0101 04       		.byte	0x4
 401 0102 3602     		.2byte	0x236
 402 0104 88000000 		.4byte	0x88
 403 0108 1C       		.byte	0x1c
 404 0109 08       		.uleb128 0x8
 405 010a B5020000 		.4byte	.LASF18
 406 010e 04       		.byte	0x4
 407 010f 3702     		.2byte	0x237
 408 0111 56000000 		.4byte	0x56
 409 0115 20       		.byte	0x20
 410 0116 07       		.uleb128 0x7
 411 0117 57505200 		.ascii	"WPR\000"
 412 011b 04       		.byte	0x4
 413 011c 3802     		.2byte	0x238
 414 011e 88000000 		.4byte	0x88
 415 0122 24       		.byte	0x24
 416 0123 07       		.uleb128 0x7
 417 0124 53535200 		.ascii	"SSR\000"
 418 0128 04       		.byte	0x4
 419 0129 3902     		.2byte	0x239
 420 012b 88000000 		.4byte	0x88
 421 012f 28       		.byte	0x28
 422 0130 08       		.uleb128 0x8
 423 0131 45020000 		.4byte	.LASF19
 424 0135 04       		.byte	0x4
 425 0136 3A02     		.2byte	0x23a
 426 0138 88000000 		.4byte	0x88
 427 013c 2C       		.byte	0x2c
 428 013d 08       		.uleb128 0x8
 429 013e 52020000 		.4byte	.LASF20
 430 0142 04       		.byte	0x4
 431 0143 3B02     		.2byte	0x23b
 432 0145 88000000 		.4byte	0x88
 433 0149 30       		.byte	0x30
 434 014a 08       		.uleb128 0x8
 435 014b 2A000000 		.4byte	.LASF21
 436 014f 04       		.byte	0x4
 437 0150 3C02     		.2byte	0x23c
 438 0152 88000000 		.4byte	0x88
 439 0156 34       		.byte	0x34
 440 0157 08       		.uleb128 0x8
 441 0158 66030000 		.4byte	.LASF22
 442 015c 04       		.byte	0x4
 443 015d 3D02     		.2byte	0x23d
 444 015f 88000000 		.4byte	0x88
 445 0163 38       		.byte	0x38
 446 0164 07       		.uleb128 0x7
 447 0165 43414C00 		.ascii	"CAL\000"
 448 0169 04       		.byte	0x4
 449 016a 3E02     		.2byte	0x23e
 450 016c 88000000 		.4byte	0x88
 451 0170 3C       		.byte	0x3c
 452 0171 08       		.uleb128 0x8
 453 0172 AA010000 		.4byte	.LASF23
 454 0176 04       		.byte	0x4
ARM GAS  /var/folders/qh/xwg3v3kj02qbxczjpdb8lzfr0000gn/T//ccSmGOpH.s 			page 9


 455 0177 3F02     		.2byte	0x23f
 456 0179 88000000 		.4byte	0x88
 457 017d 40       		.byte	0x40
 458 017e 08       		.uleb128 0x8
 459 017f 58010000 		.4byte	.LASF24
 460 0183 04       		.byte	0x4
 461 0184 4002     		.2byte	0x240
 462 0186 88000000 		.4byte	0x88
 463 018a 44       		.byte	0x44
 464 018b 08       		.uleb128 0x8
 465 018c BF020000 		.4byte	.LASF25
 466 0190 04       		.byte	0x4
 467 0191 4102     		.2byte	0x241
 468 0193 56000000 		.4byte	0x56
 469 0197 48       		.byte	0x48
 470 0198 08       		.uleb128 0x8
 471 0199 C9020000 		.4byte	.LASF26
 472 019d 04       		.byte	0x4
 473 019e 4202     		.2byte	0x242
 474 01a0 56000000 		.4byte	0x56
 475 01a4 4C       		.byte	0x4c
 476 01a5 08       		.uleb128 0x8
 477 01a6 EA010000 		.4byte	.LASF27
 478 01aa 04       		.byte	0x4
 479 01ab 4302     		.2byte	0x243
 480 01ad 88000000 		.4byte	0x88
 481 01b1 50       		.byte	0x50
 482 01b2 08       		.uleb128 0x8
 483 01b3 FB020000 		.4byte	.LASF28
 484 01b7 04       		.byte	0x4
 485 01b8 4402     		.2byte	0x244
 486 01ba 88000000 		.4byte	0x88
 487 01be 54       		.byte	0x54
 488 01bf 08       		.uleb128 0x8
 489 01c0 00000000 		.4byte	.LASF29
 490 01c4 04       		.byte	0x4
 491 01c5 4502     		.2byte	0x245
 492 01c7 88000000 		.4byte	0x88
 493 01cb 58       		.byte	0x58
 494 01cc 08       		.uleb128 0x8
 495 01cd 16010000 		.4byte	.LASF30
 496 01d1 04       		.byte	0x4
 497 01d2 4602     		.2byte	0x246
 498 01d4 88000000 		.4byte	0x88
 499 01d8 5C       		.byte	0x5c
 500 01d9 08       		.uleb128 0x8
 501 01da 4C020000 		.4byte	.LASF31
 502 01de 04       		.byte	0x4
 503 01df 4702     		.2byte	0x247
 504 01e1 88000000 		.4byte	0x88
 505 01e5 60       		.byte	0x60
 506 01e6 00       		.byte	0
 507 01e7 09       		.uleb128 0x9
 508 01e8 8D020000 		.4byte	.LASF32
 509 01ec 04       		.byte	0x4
 510 01ed 4802     		.2byte	0x248
 511 01ef 9B000000 		.4byte	0x9b
ARM GAS  /var/folders/qh/xwg3v3kj02qbxczjpdb8lzfr0000gn/T//ccSmGOpH.s 			page 10


 512 01f3 04       		.uleb128 0x4
 513 01f4 E5020000 		.4byte	.LASF33
 514 01f8 05       		.byte	0x5
 515 01f9 45       		.byte	0x45
 516 01fa FE010000 		.4byte	0x1fe
 517 01fe 0A       		.uleb128 0xa
 518 01ff E5020000 		.4byte	.LASF33
 519 0203 04       		.byte	0x4
 520 0204 06       		.byte	0x6
 521 0205 B5       		.byte	0xb5
 522 0206 17020000 		.4byte	0x217
 523 020a 0B       		.uleb128 0xb
 524 020b 7E030000 		.4byte	.LASF34
 525 020f 06       		.byte	0x6
 526 0210 B9       		.byte	0xb9
 527 0211 82020000 		.4byte	0x282
 528 0215 00       		.byte	0
 529 0216 00       		.byte	0
 530 0217 04       		.uleb128 0x4
 531 0218 8D030000 		.4byte	.LASF35
 532 021c 05       		.byte	0x5
 533 021d 4A       		.byte	0x4a
 534 021e 22020000 		.4byte	0x222
 535 0222 0A       		.uleb128 0xa
 536 0223 8D030000 		.4byte	.LASF35
 537 0227 0C       		.byte	0xc
 538 0228 06       		.byte	0x6
 539 0229 83       		.byte	0x83
 540 022a 53020000 		.4byte	0x253
 541 022e 0B       		.uleb128 0xb
 542 022f 99020000 		.4byte	.LASF36
 543 0233 06       		.byte	0x6
 544 0234 87       		.byte	0x87
 545 0235 56000000 		.4byte	0x56
 546 0239 00       		.byte	0
 547 023a 0B       		.uleb128 0xb
 548 023b 55030000 		.4byte	.LASF37
 549 023f 06       		.byte	0x6
 550 0240 8B       		.byte	0x8b
 551 0241 56000000 		.4byte	0x56
 552 0245 04       		.byte	0x4
 553 0246 0C       		.uleb128 0xc
 554 0247 68313200 		.ascii	"h12\000"
 555 024b 06       		.byte	0x6
 556 024c 8F       		.byte	0x8f
 557 024d 76000000 		.4byte	0x76
 558 0251 08       		.byte	0x8
 559 0252 00       		.byte	0
 560 0253 04       		.uleb128 0x4
 561 0254 4F010000 		.4byte	.LASF38
 562 0258 06       		.byte	0x6
 563 0259 6E       		.byte	0x6e
 564 025a 5E020000 		.4byte	0x25e
 565 025e 0A       		.uleb128 0xa
 566 025f 4F010000 		.4byte	.LASF38
 567 0263 04       		.byte	0x4
 568 0264 06       		.byte	0x6
ARM GAS  /var/folders/qh/xwg3v3kj02qbxczjpdb8lzfr0000gn/T//ccSmGOpH.s 			page 11


 569 0265 9B       		.byte	0x9b
 570 0266 77020000 		.4byte	0x277
 571 026a 0B       		.uleb128 0xb
 572 026b EF020000 		.4byte	.LASF39
 573 026f 06       		.byte	0x6
 574 0270 9F       		.byte	0x9f
 575 0271 56000000 		.4byte	0x56
 576 0275 00       		.byte	0
 577 0276 00       		.byte	0
 578 0277 04       		.uleb128 0x4
 579 0278 3B010000 		.4byte	.LASF40
 580 027c 06       		.byte	0x6
 581 027d 7E       		.byte	0x7e
 582 027e 56000000 		.4byte	0x56
 583 0282 0D       		.uleb128 0xd
 584 0283 04       		.byte	0x4
 585 0284 E7010000 		.4byte	0x1e7
 586 0288 0E       		.uleb128 0xe
 587 0289 85030000 		.4byte	.LASF41
 588 028d 01       		.byte	0x1
 589 028e 41       		.byte	0x41
 590 028f 00000000 		.4byte	.LFB40
 591 0293 08000000 		.4byte	.LFE40-.LFB40
 592 0297 01       		.uleb128 0x1
 593 0298 9C       		.byte	0x9c
 594 0299 A7020000 		.4byte	0x2a7
 595 029d 0F       		.uleb128 0xf
 596 029e 06000000 		.4byte	.LVL0
 597 02a2 B3040000 		.4byte	0x4b3
 598 02a6 00       		.byte	0
 599 02a7 0E       		.uleb128 0xe
 600 02a8 33030000 		.4byte	.LASF42
 601 02ac 01       		.byte	0x1
 602 02ad 4E       		.byte	0x4e
 603 02ae 00000000 		.4byte	.LFB41
 604 02b2 1C000000 		.4byte	.LFE41-.LFB41
 605 02b6 01       		.uleb128 0x1
 606 02b7 9C       		.byte	0x9c
 607 02b8 07030000 		.4byte	0x307
 608 02bc 10       		.uleb128 0x10
 609 02bd 19000000 		.4byte	.LASF43
 610 02c1 01       		.byte	0x1
 611 02c2 4E       		.byte	0x4e
 612 02c3 07030000 		.4byte	0x307
 613 02c7 00000000 		.4byte	.LLST0
 614 02cb 10       		.uleb128 0x10
 615 02cc 5D030000 		.4byte	.LASF44
 616 02d0 01       		.byte	0x1
 617 02d1 4E       		.byte	0x4e
 618 02d2 0D030000 		.4byte	0x30d
 619 02d6 2C000000 		.4byte	.LLST1
 620 02da 0F       		.uleb128 0xf
 621 02db 0C000000 		.4byte	.LVL2
 622 02df BA040000 		.4byte	0x4ba
 623 02e3 11       		.uleb128 0x11
 624 02e4 14000000 		.4byte	.LVL3
 625 02e8 C1040000 		.4byte	0x4c1
ARM GAS  /var/folders/qh/xwg3v3kj02qbxczjpdb8lzfr0000gn/T//ccSmGOpH.s 			page 12


 626 02ec FD020000 		.4byte	0x2fd
 627 02f0 12       		.uleb128 0x12
 628 02f1 01       		.uleb128 0x1
 629 02f2 51       		.byte	0x51
 630 02f3 02       		.uleb128 0x2
 631 02f4 74       		.byte	0x74
 632 02f5 00       		.sleb128 0
 633 02f6 12       		.uleb128 0x12
 634 02f7 01       		.uleb128 0x1
 635 02f8 50       		.byte	0x50
 636 02f9 02       		.uleb128 0x2
 637 02fa 75       		.byte	0x75
 638 02fb 00       		.sleb128 0
 639 02fc 00       		.byte	0
 640 02fd 0F       		.uleb128 0xf
 641 02fe 18000000 		.4byte	.LVL4
 642 0302 D7040000 		.4byte	0x4d7
 643 0306 00       		.byte	0
 644 0307 0D       		.uleb128 0xd
 645 0308 04       		.byte	0x4
 646 0309 F3010000 		.4byte	0x1f3
 647 030d 0D       		.uleb128 0xd
 648 030e 04       		.byte	0x4
 649 030f 13030000 		.4byte	0x313
 650 0313 13       		.uleb128 0x13
 651 0314 17020000 		.4byte	0x217
 652 0318 0E       		.uleb128 0xe
 653 0319 16030000 		.4byte	.LASF45
 654 031d 01       		.byte	0x1
 655 031e 5F       		.byte	0x5f
 656 031f 00000000 		.4byte	.LFB42
 657 0323 1C000000 		.4byte	.LFE42-.LFB42
 658 0327 01       		.uleb128 0x1
 659 0328 9C       		.byte	0x9c
 660 0329 78030000 		.4byte	0x378
 661 032d 10       		.uleb128 0x10
 662 032e 19000000 		.4byte	.LASF43
 663 0332 01       		.byte	0x1
 664 0333 5F       		.byte	0x5f
 665 0334 07030000 		.4byte	0x307
 666 0338 58000000 		.4byte	.LLST2
 667 033c 10       		.uleb128 0x10
 668 033d 5D030000 		.4byte	.LASF44
 669 0341 01       		.byte	0x1
 670 0342 5F       		.byte	0x5f
 671 0343 78030000 		.4byte	0x378
 672 0347 84000000 		.4byte	.LLST3
 673 034b 0F       		.uleb128 0xf
 674 034c 0C000000 		.4byte	.LVL8
 675 0350 BA040000 		.4byte	0x4ba
 676 0354 11       		.uleb128 0x11
 677 0355 14000000 		.4byte	.LVL9
 678 0359 DE040000 		.4byte	0x4de
 679 035d 6E030000 		.4byte	0x36e
 680 0361 12       		.uleb128 0x12
 681 0362 01       		.uleb128 0x1
 682 0363 51       		.byte	0x51
ARM GAS  /var/folders/qh/xwg3v3kj02qbxczjpdb8lzfr0000gn/T//ccSmGOpH.s 			page 13


 683 0364 02       		.uleb128 0x2
 684 0365 74       		.byte	0x74
 685 0366 00       		.sleb128 0
 686 0367 12       		.uleb128 0x12
 687 0368 01       		.uleb128 0x1
 688 0369 50       		.byte	0x50
 689 036a 02       		.uleb128 0x2
 690 036b 75       		.byte	0x75
 691 036c 00       		.sleb128 0
 692 036d 00       		.byte	0
 693 036e 0F       		.uleb128 0xf
 694 036f 18000000 		.4byte	.LVL10
 695 0373 D7040000 		.4byte	0x4d7
 696 0377 00       		.byte	0
 697 0378 0D       		.uleb128 0xd
 698 0379 04       		.byte	0x4
 699 037a 17020000 		.4byte	0x217
 700 037e 0E       		.uleb128 0xe
 701 037f 1E000000 		.4byte	.LASF46
 702 0383 01       		.byte	0x1
 703 0384 72       		.byte	0x72
 704 0385 00000000 		.4byte	.LFB43
 705 0389 20000000 		.4byte	.LFE43-.LFB43
 706 038d 01       		.uleb128 0x1
 707 038e 9C       		.byte	0x9c
 708 038f F3030000 		.4byte	0x3f3
 709 0393 10       		.uleb128 0x10
 710 0394 19000000 		.4byte	.LASF43
 711 0398 01       		.byte	0x1
 712 0399 72       		.byte	0x72
 713 039a 07030000 		.4byte	0x307
 714 039e B0000000 		.4byte	.LLST4
 715 03a2 10       		.uleb128 0x10
 716 03a3 3F020000 		.4byte	.LASF47
 717 03a7 01       		.byte	0x1
 718 03a8 73       		.byte	0x73
 719 03a9 77020000 		.4byte	0x277
 720 03ad DC000000 		.4byte	.LLST5
 721 03b1 10       		.uleb128 0x10
 722 03b2 CF010000 		.4byte	.LASF48
 723 03b6 01       		.byte	0x1
 724 03b7 74       		.byte	0x74
 725 03b8 F3030000 		.4byte	0x3f3
 726 03bc 08010000 		.4byte	.LLST6
 727 03c0 0F       		.uleb128 0xf
 728 03c1 0E000000 		.4byte	.LVL14
 729 03c5 BA040000 		.4byte	0x4ba
 730 03c9 11       		.uleb128 0x11
 731 03ca 18000000 		.4byte	.LVL15
 732 03ce F4040000 		.4byte	0x4f4
 733 03d2 E9030000 		.4byte	0x3e9
 734 03d6 12       		.uleb128 0x12
 735 03d7 01       		.uleb128 0x1
 736 03d8 52       		.byte	0x52
 737 03d9 02       		.uleb128 0x2
 738 03da 74       		.byte	0x74
 739 03db 00       		.sleb128 0
ARM GAS  /var/folders/qh/xwg3v3kj02qbxczjpdb8lzfr0000gn/T//ccSmGOpH.s 			page 14


 740 03dc 12       		.uleb128 0x12
 741 03dd 01       		.uleb128 0x1
 742 03de 51       		.byte	0x51
 743 03df 02       		.uleb128 0x2
 744 03e0 75       		.byte	0x75
 745 03e1 00       		.sleb128 0
 746 03e2 12       		.uleb128 0x12
 747 03e3 01       		.uleb128 0x1
 748 03e4 50       		.byte	0x50
 749 03e5 02       		.uleb128 0x2
 750 03e6 76       		.byte	0x76
 751 03e7 00       		.sleb128 0
 752 03e8 00       		.byte	0
 753 03e9 0F       		.uleb128 0xf
 754 03ea 1C000000 		.4byte	.LVL16
 755 03ee D7040000 		.4byte	0x4d7
 756 03f2 00       		.byte	0
 757 03f3 0D       		.uleb128 0xd
 758 03f4 04       		.byte	0x4
 759 03f5 F9030000 		.4byte	0x3f9
 760 03f9 13       		.uleb128 0x13
 761 03fa 53020000 		.4byte	0x253
 762 03fe 0E       		.uleb128 0xe
 763 03ff 57020000 		.4byte	.LASF49
 764 0403 01       		.byte	0x1
 765 0404 88       		.byte	0x88
 766 0405 00000000 		.4byte	.LFB44
 767 0409 20000000 		.4byte	.LFE44-.LFB44
 768 040d 01       		.uleb128 0x1
 769 040e 9C       		.byte	0x9c
 770 040f 73040000 		.4byte	0x473
 771 0413 10       		.uleb128 0x10
 772 0414 19000000 		.4byte	.LASF43
 773 0418 01       		.byte	0x1
 774 0419 88       		.byte	0x88
 775 041a 07030000 		.4byte	0x307
 776 041e 34010000 		.4byte	.LLST7
 777 0422 10       		.uleb128 0x10
 778 0423 3F020000 		.4byte	.LASF47
 779 0427 01       		.byte	0x1
 780 0428 89       		.byte	0x89
 781 0429 77020000 		.4byte	0x277
 782 042d 60010000 		.4byte	.LLST8
 783 0431 10       		.uleb128 0x10
 784 0432 CF010000 		.4byte	.LASF48
 785 0436 01       		.byte	0x1
 786 0437 8A       		.byte	0x8a
 787 0438 73040000 		.4byte	0x473
 788 043c 8C010000 		.4byte	.LLST9
 789 0440 0F       		.uleb128 0xf
 790 0441 0E000000 		.4byte	.LVL21
 791 0445 BA040000 		.4byte	0x4ba
 792 0449 11       		.uleb128 0x11
 793 044a 18000000 		.4byte	.LVL22
 794 044e 0F050000 		.4byte	0x50f
 795 0452 69040000 		.4byte	0x469
 796 0456 12       		.uleb128 0x12
ARM GAS  /var/folders/qh/xwg3v3kj02qbxczjpdb8lzfr0000gn/T//ccSmGOpH.s 			page 15


 797 0457 01       		.uleb128 0x1
 798 0458 52       		.byte	0x52
 799 0459 02       		.uleb128 0x2
 800 045a 74       		.byte	0x74
 801 045b 00       		.sleb128 0
 802 045c 12       		.uleb128 0x12
 803 045d 01       		.uleb128 0x1
 804 045e 51       		.byte	0x51
 805 045f 02       		.uleb128 0x2
 806 0460 75       		.byte	0x75
 807 0461 00       		.sleb128 0
 808 0462 12       		.uleb128 0x12
 809 0463 01       		.uleb128 0x1
 810 0464 50       		.byte	0x50
 811 0465 02       		.uleb128 0x2
 812 0466 76       		.byte	0x76
 813 0467 00       		.sleb128 0
 814 0468 00       		.byte	0
 815 0469 0F       		.uleb128 0xf
 816 046a 1C000000 		.4byte	.LVL23
 817 046e D7040000 		.4byte	0x4d7
 818 0472 00       		.byte	0
 819 0473 0D       		.uleb128 0xd
 820 0474 04       		.byte	0x4
 821 0475 53020000 		.4byte	0x253
 822 0479 14       		.uleb128 0x14
 823 047a C1010000 		.4byte	.LASF61
 824 047e 01       		.byte	0x1
 825 047f B2       		.byte	0xb2
 826 0480 56000000 		.4byte	0x56
 827 0484 00000000 		.4byte	.LFB45
 828 0488 08000000 		.4byte	.LFE45-.LFB45
 829 048c 01       		.uleb128 0x1
 830 048d 9C       		.byte	0x9c
 831 048e B3040000 		.4byte	0x4b3
 832 0492 10       		.uleb128 0x10
 833 0493 19000000 		.4byte	.LASF43
 834 0497 01       		.byte	0x1
 835 0498 B2       		.byte	0xb2
 836 0499 07030000 		.4byte	0x307
 837 049d B8010000 		.4byte	.LLST10
 838 04a1 15       		.uleb128 0x15
 839 04a2 06000000 		.4byte	.LVL28
 840 04a6 2A050000 		.4byte	0x52a
 841 04aa 12       		.uleb128 0x12
 842 04ab 01       		.uleb128 0x1
 843 04ac 50       		.byte	0x50
 844 04ad 03       		.uleb128 0x3
 845 04ae F3       		.byte	0xf3
 846 04af 01       		.uleb128 0x1
 847 04b0 50       		.byte	0x50
 848 04b1 00       		.byte	0
 849 04b2 00       		.byte	0
 850 04b3 16       		.uleb128 0x16
 851 04b4 2F000000 		.4byte	.LASF50
 852 04b8 06       		.byte	0x6
 853 04b9 CB       		.byte	0xcb
ARM GAS  /var/folders/qh/xwg3v3kj02qbxczjpdb8lzfr0000gn/T//ccSmGOpH.s 			page 16


 854 04ba 16       		.uleb128 0x16
 855 04bb FC010000 		.4byte	.LASF51
 856 04bf 07       		.byte	0x7
 857 04c0 E0       		.byte	0xe0
 858 04c1 17       		.uleb128 0x17
 859 04c2 B0010000 		.4byte	.LASF53
 860 04c6 06       		.byte	0x6
 861 04c7 CC       		.byte	0xcc
 862 04c8 D7040000 		.4byte	0x4d7
 863 04cc 18       		.uleb128 0x18
 864 04cd 07030000 		.4byte	0x307
 865 04d1 18       		.uleb128 0x18
 866 04d2 0D030000 		.4byte	0x30d
 867 04d6 00       		.byte	0
 868 04d7 16       		.uleb128 0x16
 869 04d8 D9010000 		.4byte	.LASF52
 870 04dc 07       		.byte	0x7
 871 04dd E1       		.byte	0xe1
 872 04de 17       		.uleb128 0x17
 873 04df 2A010000 		.4byte	.LASF54
 874 04e3 06       		.byte	0x6
 875 04e4 CD       		.byte	0xcd
 876 04e5 F4040000 		.4byte	0x4f4
 877 04e9 18       		.uleb128 0x18
 878 04ea 07030000 		.4byte	0x307
 879 04ee 18       		.uleb128 0x18
 880 04ef 78030000 		.4byte	0x378
 881 04f3 00       		.byte	0
 882 04f4 17       		.uleb128 0x17
 883 04f5 6C030000 		.4byte	.LASF55
 884 04f9 06       		.byte	0x6
 885 04fa CE       		.byte	0xce
 886 04fb 0F050000 		.4byte	0x50f
 887 04ff 18       		.uleb128 0x18
 888 0500 07030000 		.4byte	0x307
 889 0504 18       		.uleb128 0x18
 890 0505 77020000 		.4byte	0x277
 891 0509 18       		.uleb128 0x18
 892 050a F3030000 		.4byte	0x3f3
 893 050e 00       		.byte	0
 894 050f 17       		.uleb128 0x17
 895 0510 21030000 		.4byte	.LASF56
 896 0514 06       		.byte	0x6
 897 0515 D1       		.byte	0xd1
 898 0516 2A050000 		.4byte	0x52a
 899 051a 18       		.uleb128 0x18
 900 051b 07030000 		.4byte	0x307
 901 051f 18       		.uleb128 0x18
 902 0520 77020000 		.4byte	0x277
 903 0524 18       		.uleb128 0x18
 904 0525 73040000 		.4byte	0x473
 905 0529 00       		.byte	0
 906 052a 19       		.uleb128 0x19
 907 052b 01030000 		.4byte	.LASF57
 908 052f 06       		.byte	0x6
 909 0530 D8       		.byte	0xd8
 910 0531 56000000 		.4byte	0x56
ARM GAS  /var/folders/qh/xwg3v3kj02qbxczjpdb8lzfr0000gn/T//ccSmGOpH.s 			page 17


 911 0535 18       		.uleb128 0x18
 912 0536 07030000 		.4byte	0x307
 913 053a 00       		.byte	0
 914 053b 00       		.byte	0
 915              		.section	.debug_abbrev,"",%progbits
 916              	.Ldebug_abbrev0:
 917 0000 01       		.uleb128 0x1
 918 0001 11       		.uleb128 0x11
 919 0002 01       		.byte	0x1
 920 0003 25       		.uleb128 0x25
 921 0004 0E       		.uleb128 0xe
 922 0005 13       		.uleb128 0x13
 923 0006 0B       		.uleb128 0xb
 924 0007 03       		.uleb128 0x3
 925 0008 0E       		.uleb128 0xe
 926 0009 1B       		.uleb128 0x1b
 927 000a 0E       		.uleb128 0xe
 928 000b 55       		.uleb128 0x55
 929 000c 17       		.uleb128 0x17
 930 000d 11       		.uleb128 0x11
 931 000e 01       		.uleb128 0x1
 932 000f 10       		.uleb128 0x10
 933 0010 17       		.uleb128 0x17
 934 0011 00       		.byte	0
 935 0012 00       		.byte	0
 936 0013 02       		.uleb128 0x2
 937 0014 24       		.uleb128 0x24
 938 0015 00       		.byte	0
 939 0016 0B       		.uleb128 0xb
 940 0017 0B       		.uleb128 0xb
 941 0018 3E       		.uleb128 0x3e
 942 0019 0B       		.uleb128 0xb
 943 001a 03       		.uleb128 0x3
 944 001b 08       		.uleb128 0x8
 945 001c 00       		.byte	0
 946 001d 00       		.byte	0
 947 001e 03       		.uleb128 0x3
 948 001f 24       		.uleb128 0x24
 949 0020 00       		.byte	0
 950 0021 0B       		.uleb128 0xb
 951 0022 0B       		.uleb128 0xb
 952 0023 3E       		.uleb128 0x3e
 953 0024 0B       		.uleb128 0xb
 954 0025 03       		.uleb128 0x3
 955 0026 0E       		.uleb128 0xe
 956 0027 00       		.byte	0
 957 0028 00       		.byte	0
 958 0029 04       		.uleb128 0x4
 959 002a 16       		.uleb128 0x16
 960 002b 00       		.byte	0
 961 002c 03       		.uleb128 0x3
 962 002d 0E       		.uleb128 0xe
 963 002e 3A       		.uleb128 0x3a
 964 002f 0B       		.uleb128 0xb
 965 0030 3B       		.uleb128 0x3b
 966 0031 0B       		.uleb128 0xb
 967 0032 49       		.uleb128 0x49
ARM GAS  /var/folders/qh/xwg3v3kj02qbxczjpdb8lzfr0000gn/T//ccSmGOpH.s 			page 18


 968 0033 13       		.uleb128 0x13
 969 0034 00       		.byte	0
 970 0035 00       		.byte	0
 971 0036 05       		.uleb128 0x5
 972 0037 35       		.uleb128 0x35
 973 0038 00       		.byte	0
 974 0039 49       		.uleb128 0x49
 975 003a 13       		.uleb128 0x13
 976 003b 00       		.byte	0
 977 003c 00       		.byte	0
 978 003d 06       		.uleb128 0x6
 979 003e 13       		.uleb128 0x13
 980 003f 01       		.byte	0x1
 981 0040 0B       		.uleb128 0xb
 982 0041 0B       		.uleb128 0xb
 983 0042 3A       		.uleb128 0x3a
 984 0043 0B       		.uleb128 0xb
 985 0044 3B       		.uleb128 0x3b
 986 0045 05       		.uleb128 0x5
 987 0046 01       		.uleb128 0x1
 988 0047 13       		.uleb128 0x13
 989 0048 00       		.byte	0
 990 0049 00       		.byte	0
 991 004a 07       		.uleb128 0x7
 992 004b 0D       		.uleb128 0xd
 993 004c 00       		.byte	0
 994 004d 03       		.uleb128 0x3
 995 004e 08       		.uleb128 0x8
 996 004f 3A       		.uleb128 0x3a
 997 0050 0B       		.uleb128 0xb
 998 0051 3B       		.uleb128 0x3b
 999 0052 05       		.uleb128 0x5
 1000 0053 49       		.uleb128 0x49
 1001 0054 13       		.uleb128 0x13
 1002 0055 38       		.uleb128 0x38
 1003 0056 0B       		.uleb128 0xb
 1004 0057 00       		.byte	0
 1005 0058 00       		.byte	0
 1006 0059 08       		.uleb128 0x8
 1007 005a 0D       		.uleb128 0xd
 1008 005b 00       		.byte	0
 1009 005c 03       		.uleb128 0x3
 1010 005d 0E       		.uleb128 0xe
 1011 005e 3A       		.uleb128 0x3a
 1012 005f 0B       		.uleb128 0xb
 1013 0060 3B       		.uleb128 0x3b
 1014 0061 05       		.uleb128 0x5
 1015 0062 49       		.uleb128 0x49
 1016 0063 13       		.uleb128 0x13
 1017 0064 38       		.uleb128 0x38
 1018 0065 0B       		.uleb128 0xb
 1019 0066 00       		.byte	0
 1020 0067 00       		.byte	0
 1021 0068 09       		.uleb128 0x9
 1022 0069 16       		.uleb128 0x16
 1023 006a 00       		.byte	0
 1024 006b 03       		.uleb128 0x3
ARM GAS  /var/folders/qh/xwg3v3kj02qbxczjpdb8lzfr0000gn/T//ccSmGOpH.s 			page 19


 1025 006c 0E       		.uleb128 0xe
 1026 006d 3A       		.uleb128 0x3a
 1027 006e 0B       		.uleb128 0xb
 1028 006f 3B       		.uleb128 0x3b
 1029 0070 05       		.uleb128 0x5
 1030 0071 49       		.uleb128 0x49
 1031 0072 13       		.uleb128 0x13
 1032 0073 00       		.byte	0
 1033 0074 00       		.byte	0
 1034 0075 0A       		.uleb128 0xa
 1035 0076 13       		.uleb128 0x13
 1036 0077 01       		.byte	0x1
 1037 0078 03       		.uleb128 0x3
 1038 0079 0E       		.uleb128 0xe
 1039 007a 0B       		.uleb128 0xb
 1040 007b 0B       		.uleb128 0xb
 1041 007c 3A       		.uleb128 0x3a
 1042 007d 0B       		.uleb128 0xb
 1043 007e 3B       		.uleb128 0x3b
 1044 007f 0B       		.uleb128 0xb
 1045 0080 01       		.uleb128 0x1
 1046 0081 13       		.uleb128 0x13
 1047 0082 00       		.byte	0
 1048 0083 00       		.byte	0
 1049 0084 0B       		.uleb128 0xb
 1050 0085 0D       		.uleb128 0xd
 1051 0086 00       		.byte	0
 1052 0087 03       		.uleb128 0x3
 1053 0088 0E       		.uleb128 0xe
 1054 0089 3A       		.uleb128 0x3a
 1055 008a 0B       		.uleb128 0xb
 1056 008b 3B       		.uleb128 0x3b
 1057 008c 0B       		.uleb128 0xb
 1058 008d 49       		.uleb128 0x49
 1059 008e 13       		.uleb128 0x13
 1060 008f 38       		.uleb128 0x38
 1061 0090 0B       		.uleb128 0xb
 1062 0091 00       		.byte	0
 1063 0092 00       		.byte	0
 1064 0093 0C       		.uleb128 0xc
 1065 0094 0D       		.uleb128 0xd
 1066 0095 00       		.byte	0
 1067 0096 03       		.uleb128 0x3
 1068 0097 08       		.uleb128 0x8
 1069 0098 3A       		.uleb128 0x3a
 1070 0099 0B       		.uleb128 0xb
 1071 009a 3B       		.uleb128 0x3b
 1072 009b 0B       		.uleb128 0xb
 1073 009c 49       		.uleb128 0x49
 1074 009d 13       		.uleb128 0x13
 1075 009e 38       		.uleb128 0x38
 1076 009f 0B       		.uleb128 0xb
 1077 00a0 00       		.byte	0
 1078 00a1 00       		.byte	0
 1079 00a2 0D       		.uleb128 0xd
 1080 00a3 0F       		.uleb128 0xf
 1081 00a4 00       		.byte	0
ARM GAS  /var/folders/qh/xwg3v3kj02qbxczjpdb8lzfr0000gn/T//ccSmGOpH.s 			page 20


 1082 00a5 0B       		.uleb128 0xb
 1083 00a6 0B       		.uleb128 0xb
 1084 00a7 49       		.uleb128 0x49
 1085 00a8 13       		.uleb128 0x13
 1086 00a9 00       		.byte	0
 1087 00aa 00       		.byte	0
 1088 00ab 0E       		.uleb128 0xe
 1089 00ac 2E       		.uleb128 0x2e
 1090 00ad 01       		.byte	0x1
 1091 00ae 3F       		.uleb128 0x3f
 1092 00af 19       		.uleb128 0x19
 1093 00b0 03       		.uleb128 0x3
 1094 00b1 0E       		.uleb128 0xe
 1095 00b2 3A       		.uleb128 0x3a
 1096 00b3 0B       		.uleb128 0xb
 1097 00b4 3B       		.uleb128 0x3b
 1098 00b5 0B       		.uleb128 0xb
 1099 00b6 27       		.uleb128 0x27
 1100 00b7 19       		.uleb128 0x19
 1101 00b8 11       		.uleb128 0x11
 1102 00b9 01       		.uleb128 0x1
 1103 00ba 12       		.uleb128 0x12
 1104 00bb 06       		.uleb128 0x6
 1105 00bc 40       		.uleb128 0x40
 1106 00bd 18       		.uleb128 0x18
 1107 00be 9742     		.uleb128 0x2117
 1108 00c0 19       		.uleb128 0x19
 1109 00c1 01       		.uleb128 0x1
 1110 00c2 13       		.uleb128 0x13
 1111 00c3 00       		.byte	0
 1112 00c4 00       		.byte	0
 1113 00c5 0F       		.uleb128 0xf
 1114 00c6 898201   		.uleb128 0x4109
 1115 00c9 00       		.byte	0
 1116 00ca 11       		.uleb128 0x11
 1117 00cb 01       		.uleb128 0x1
 1118 00cc 31       		.uleb128 0x31
 1119 00cd 13       		.uleb128 0x13
 1120 00ce 00       		.byte	0
 1121 00cf 00       		.byte	0
 1122 00d0 10       		.uleb128 0x10
 1123 00d1 05       		.uleb128 0x5
 1124 00d2 00       		.byte	0
 1125 00d3 03       		.uleb128 0x3
 1126 00d4 0E       		.uleb128 0xe
 1127 00d5 3A       		.uleb128 0x3a
 1128 00d6 0B       		.uleb128 0xb
 1129 00d7 3B       		.uleb128 0x3b
 1130 00d8 0B       		.uleb128 0xb
 1131 00d9 49       		.uleb128 0x49
 1132 00da 13       		.uleb128 0x13
 1133 00db 02       		.uleb128 0x2
 1134 00dc 17       		.uleb128 0x17
 1135 00dd 00       		.byte	0
 1136 00de 00       		.byte	0
 1137 00df 11       		.uleb128 0x11
 1138 00e0 898201   		.uleb128 0x4109
ARM GAS  /var/folders/qh/xwg3v3kj02qbxczjpdb8lzfr0000gn/T//ccSmGOpH.s 			page 21


 1139 00e3 01       		.byte	0x1
 1140 00e4 11       		.uleb128 0x11
 1141 00e5 01       		.uleb128 0x1
 1142 00e6 31       		.uleb128 0x31
 1143 00e7 13       		.uleb128 0x13
 1144 00e8 01       		.uleb128 0x1
 1145 00e9 13       		.uleb128 0x13
 1146 00ea 00       		.byte	0
 1147 00eb 00       		.byte	0
 1148 00ec 12       		.uleb128 0x12
 1149 00ed 8A8201   		.uleb128 0x410a
 1150 00f0 00       		.byte	0
 1151 00f1 02       		.uleb128 0x2
 1152 00f2 18       		.uleb128 0x18
 1153 00f3 9142     		.uleb128 0x2111
 1154 00f5 18       		.uleb128 0x18
 1155 00f6 00       		.byte	0
 1156 00f7 00       		.byte	0
 1157 00f8 13       		.uleb128 0x13
 1158 00f9 26       		.uleb128 0x26
 1159 00fa 00       		.byte	0
 1160 00fb 49       		.uleb128 0x49
 1161 00fc 13       		.uleb128 0x13
 1162 00fd 00       		.byte	0
 1163 00fe 00       		.byte	0
 1164 00ff 14       		.uleb128 0x14
 1165 0100 2E       		.uleb128 0x2e
 1166 0101 01       		.byte	0x1
 1167 0102 3F       		.uleb128 0x3f
 1168 0103 19       		.uleb128 0x19
 1169 0104 03       		.uleb128 0x3
 1170 0105 0E       		.uleb128 0xe
 1171 0106 3A       		.uleb128 0x3a
 1172 0107 0B       		.uleb128 0xb
 1173 0108 3B       		.uleb128 0x3b
 1174 0109 0B       		.uleb128 0xb
 1175 010a 27       		.uleb128 0x27
 1176 010b 19       		.uleb128 0x19
 1177 010c 49       		.uleb128 0x49
 1178 010d 13       		.uleb128 0x13
 1179 010e 11       		.uleb128 0x11
 1180 010f 01       		.uleb128 0x1
 1181 0110 12       		.uleb128 0x12
 1182 0111 06       		.uleb128 0x6
 1183 0112 40       		.uleb128 0x40
 1184 0113 18       		.uleb128 0x18
 1185 0114 9742     		.uleb128 0x2117
 1186 0116 19       		.uleb128 0x19
 1187 0117 01       		.uleb128 0x1
 1188 0118 13       		.uleb128 0x13
 1189 0119 00       		.byte	0
 1190 011a 00       		.byte	0
 1191 011b 15       		.uleb128 0x15
 1192 011c 898201   		.uleb128 0x4109
 1193 011f 01       		.byte	0x1
 1194 0120 11       		.uleb128 0x11
 1195 0121 01       		.uleb128 0x1
ARM GAS  /var/folders/qh/xwg3v3kj02qbxczjpdb8lzfr0000gn/T//ccSmGOpH.s 			page 22


 1196 0122 31       		.uleb128 0x31
 1197 0123 13       		.uleb128 0x13
 1198 0124 00       		.byte	0
 1199 0125 00       		.byte	0
 1200 0126 16       		.uleb128 0x16
 1201 0127 2E       		.uleb128 0x2e
 1202 0128 00       		.byte	0
 1203 0129 3F       		.uleb128 0x3f
 1204 012a 19       		.uleb128 0x19
 1205 012b 03       		.uleb128 0x3
 1206 012c 0E       		.uleb128 0xe
 1207 012d 3A       		.uleb128 0x3a
 1208 012e 0B       		.uleb128 0xb
 1209 012f 3B       		.uleb128 0x3b
 1210 0130 0B       		.uleb128 0xb
 1211 0131 27       		.uleb128 0x27
 1212 0132 19       		.uleb128 0x19
 1213 0133 3C       		.uleb128 0x3c
 1214 0134 19       		.uleb128 0x19
 1215 0135 00       		.byte	0
 1216 0136 00       		.byte	0
 1217 0137 17       		.uleb128 0x17
 1218 0138 2E       		.uleb128 0x2e
 1219 0139 01       		.byte	0x1
 1220 013a 3F       		.uleb128 0x3f
 1221 013b 19       		.uleb128 0x19
 1222 013c 03       		.uleb128 0x3
 1223 013d 0E       		.uleb128 0xe
 1224 013e 3A       		.uleb128 0x3a
 1225 013f 0B       		.uleb128 0xb
 1226 0140 3B       		.uleb128 0x3b
 1227 0141 0B       		.uleb128 0xb
 1228 0142 27       		.uleb128 0x27
 1229 0143 19       		.uleb128 0x19
 1230 0144 3C       		.uleb128 0x3c
 1231 0145 19       		.uleb128 0x19
 1232 0146 01       		.uleb128 0x1
 1233 0147 13       		.uleb128 0x13
 1234 0148 00       		.byte	0
 1235 0149 00       		.byte	0
 1236 014a 18       		.uleb128 0x18
 1237 014b 05       		.uleb128 0x5
 1238 014c 00       		.byte	0
 1239 014d 49       		.uleb128 0x49
 1240 014e 13       		.uleb128 0x13
 1241 014f 00       		.byte	0
 1242 0150 00       		.byte	0
 1243 0151 19       		.uleb128 0x19
 1244 0152 2E       		.uleb128 0x2e
 1245 0153 01       		.byte	0x1
 1246 0154 3F       		.uleb128 0x3f
 1247 0155 19       		.uleb128 0x19
 1248 0156 03       		.uleb128 0x3
 1249 0157 0E       		.uleb128 0xe
 1250 0158 3A       		.uleb128 0x3a
 1251 0159 0B       		.uleb128 0xb
 1252 015a 3B       		.uleb128 0x3b
ARM GAS  /var/folders/qh/xwg3v3kj02qbxczjpdb8lzfr0000gn/T//ccSmGOpH.s 			page 23


 1253 015b 0B       		.uleb128 0xb
 1254 015c 27       		.uleb128 0x27
 1255 015d 19       		.uleb128 0x19
 1256 015e 49       		.uleb128 0x49
 1257 015f 13       		.uleb128 0x13
 1258 0160 3C       		.uleb128 0x3c
 1259 0161 19       		.uleb128 0x19
 1260 0162 00       		.byte	0
 1261 0163 00       		.byte	0
 1262 0164 00       		.byte	0
 1263              		.section	.debug_loc,"",%progbits
 1264              	.Ldebug_loc0:
 1265              	.LLST0:
 1266 0000 00000000 		.4byte	.LVL1
 1267 0004 0B000000 		.4byte	.LVL2-1
 1268 0008 0100     		.2byte	0x1
 1269 000a 50       		.byte	0x50
 1270 000b 0B000000 		.4byte	.LVL2-1
 1271 000f 1A000000 		.4byte	.LVL6
 1272 0013 0100     		.2byte	0x1
 1273 0015 55       		.byte	0x55
 1274 0016 1A000000 		.4byte	.LVL6
 1275 001a 1C000000 		.4byte	.LFE41
 1276 001e 0400     		.2byte	0x4
 1277 0020 F3       		.byte	0xf3
 1278 0021 01       		.uleb128 0x1
 1279 0022 50       		.byte	0x50
 1280 0023 9F       		.byte	0x9f
 1281 0024 00000000 		.4byte	0
 1282 0028 00000000 		.4byte	0
 1283              	.LLST1:
 1284 002c 00000000 		.4byte	.LVL1
 1285 0030 0B000000 		.4byte	.LVL2-1
 1286 0034 0100     		.2byte	0x1
 1287 0036 51       		.byte	0x51
 1288 0037 0B000000 		.4byte	.LVL2-1
 1289 003b 1A000000 		.4byte	.LVL5
 1290 003f 0100     		.2byte	0x1
 1291 0041 54       		.byte	0x54
 1292 0042 1A000000 		.4byte	.LVL5
 1293 0046 1C000000 		.4byte	.LFE41
 1294 004a 0400     		.2byte	0x4
 1295 004c F3       		.byte	0xf3
 1296 004d 01       		.uleb128 0x1
 1297 004e 51       		.byte	0x51
 1298 004f 9F       		.byte	0x9f
 1299 0050 00000000 		.4byte	0
 1300 0054 00000000 		.4byte	0
 1301              	.LLST2:
 1302 0058 00000000 		.4byte	.LVL7
 1303 005c 0B000000 		.4byte	.LVL8-1
 1304 0060 0100     		.2byte	0x1
 1305 0062 50       		.byte	0x50
 1306 0063 0B000000 		.4byte	.LVL8-1
 1307 0067 1A000000 		.4byte	.LVL12
 1308 006b 0100     		.2byte	0x1
 1309 006d 55       		.byte	0x55
ARM GAS  /var/folders/qh/xwg3v3kj02qbxczjpdb8lzfr0000gn/T//ccSmGOpH.s 			page 24


 1310 006e 1A000000 		.4byte	.LVL12
 1311 0072 1C000000 		.4byte	.LFE42
 1312 0076 0400     		.2byte	0x4
 1313 0078 F3       		.byte	0xf3
 1314 0079 01       		.uleb128 0x1
 1315 007a 50       		.byte	0x50
 1316 007b 9F       		.byte	0x9f
 1317 007c 00000000 		.4byte	0
 1318 0080 00000000 		.4byte	0
 1319              	.LLST3:
 1320 0084 00000000 		.4byte	.LVL7
 1321 0088 0B000000 		.4byte	.LVL8-1
 1322 008c 0100     		.2byte	0x1
 1323 008e 51       		.byte	0x51
 1324 008f 0B000000 		.4byte	.LVL8-1
 1325 0093 1A000000 		.4byte	.LVL11
 1326 0097 0100     		.2byte	0x1
 1327 0099 54       		.byte	0x54
 1328 009a 1A000000 		.4byte	.LVL11
 1329 009e 1C000000 		.4byte	.LFE42
 1330 00a2 0400     		.2byte	0x4
 1331 00a4 F3       		.byte	0xf3
 1332 00a5 01       		.uleb128 0x1
 1333 00a6 51       		.byte	0x51
 1334 00a7 9F       		.byte	0x9f
 1335 00a8 00000000 		.4byte	0
 1336 00ac 00000000 		.4byte	0
 1337              	.LLST4:
 1338 00b0 00000000 		.4byte	.LVL13
 1339 00b4 0D000000 		.4byte	.LVL14-1
 1340 00b8 0100     		.2byte	0x1
 1341 00ba 50       		.byte	0x50
 1342 00bb 0D000000 		.4byte	.LVL14-1
 1343 00bf 1E000000 		.4byte	.LVL19
 1344 00c3 0100     		.2byte	0x1
 1345 00c5 56       		.byte	0x56
 1346 00c6 1E000000 		.4byte	.LVL19
 1347 00ca 20000000 		.4byte	.LFE43
 1348 00ce 0400     		.2byte	0x4
 1349 00d0 F3       		.byte	0xf3
 1350 00d1 01       		.uleb128 0x1
 1351 00d2 50       		.byte	0x50
 1352 00d3 9F       		.byte	0x9f
 1353 00d4 00000000 		.4byte	0
 1354 00d8 00000000 		.4byte	0
 1355              	.LLST5:
 1356 00dc 00000000 		.4byte	.LVL13
 1357 00e0 0D000000 		.4byte	.LVL14-1
 1358 00e4 0100     		.2byte	0x1
 1359 00e6 51       		.byte	0x51
 1360 00e7 0D000000 		.4byte	.LVL14-1
 1361 00eb 1E000000 		.4byte	.LVL18
 1362 00ef 0100     		.2byte	0x1
 1363 00f1 55       		.byte	0x55
 1364 00f2 1E000000 		.4byte	.LVL18
 1365 00f6 20000000 		.4byte	.LFE43
 1366 00fa 0400     		.2byte	0x4
ARM GAS  /var/folders/qh/xwg3v3kj02qbxczjpdb8lzfr0000gn/T//ccSmGOpH.s 			page 25


 1367 00fc F3       		.byte	0xf3
 1368 00fd 01       		.uleb128 0x1
 1369 00fe 51       		.byte	0x51
 1370 00ff 9F       		.byte	0x9f
 1371 0100 00000000 		.4byte	0
 1372 0104 00000000 		.4byte	0
 1373              	.LLST6:
 1374 0108 00000000 		.4byte	.LVL13
 1375 010c 0D000000 		.4byte	.LVL14-1
 1376 0110 0100     		.2byte	0x1
 1377 0112 52       		.byte	0x52
 1378 0113 0D000000 		.4byte	.LVL14-1
 1379 0117 1E000000 		.4byte	.LVL17
 1380 011b 0100     		.2byte	0x1
 1381 011d 54       		.byte	0x54
 1382 011e 1E000000 		.4byte	.LVL17
 1383 0122 20000000 		.4byte	.LFE43
 1384 0126 0400     		.2byte	0x4
 1385 0128 F3       		.byte	0xf3
 1386 0129 01       		.uleb128 0x1
 1387 012a 52       		.byte	0x52
 1388 012b 9F       		.byte	0x9f
 1389 012c 00000000 		.4byte	0
 1390 0130 00000000 		.4byte	0
 1391              	.LLST7:
 1392 0134 00000000 		.4byte	.LVL20
 1393 0138 0D000000 		.4byte	.LVL21-1
 1394 013c 0100     		.2byte	0x1
 1395 013e 50       		.byte	0x50
 1396 013f 0D000000 		.4byte	.LVL21-1
 1397 0143 1E000000 		.4byte	.LVL26
 1398 0147 0100     		.2byte	0x1
 1399 0149 56       		.byte	0x56
 1400 014a 1E000000 		.4byte	.LVL26
 1401 014e 20000000 		.4byte	.LFE44
 1402 0152 0400     		.2byte	0x4
 1403 0154 F3       		.byte	0xf3
 1404 0155 01       		.uleb128 0x1
 1405 0156 50       		.byte	0x50
 1406 0157 9F       		.byte	0x9f
 1407 0158 00000000 		.4byte	0
 1408 015c 00000000 		.4byte	0
 1409              	.LLST8:
 1410 0160 00000000 		.4byte	.LVL20
 1411 0164 0D000000 		.4byte	.LVL21-1
 1412 0168 0100     		.2byte	0x1
 1413 016a 51       		.byte	0x51
 1414 016b 0D000000 		.4byte	.LVL21-1
 1415 016f 1E000000 		.4byte	.LVL25
 1416 0173 0100     		.2byte	0x1
 1417 0175 55       		.byte	0x55
 1418 0176 1E000000 		.4byte	.LVL25
 1419 017a 20000000 		.4byte	.LFE44
 1420 017e 0400     		.2byte	0x4
 1421 0180 F3       		.byte	0xf3
 1422 0181 01       		.uleb128 0x1
 1423 0182 51       		.byte	0x51
ARM GAS  /var/folders/qh/xwg3v3kj02qbxczjpdb8lzfr0000gn/T//ccSmGOpH.s 			page 26


 1424 0183 9F       		.byte	0x9f
 1425 0184 00000000 		.4byte	0
 1426 0188 00000000 		.4byte	0
 1427              	.LLST9:
 1428 018c 00000000 		.4byte	.LVL20
 1429 0190 0D000000 		.4byte	.LVL21-1
 1430 0194 0100     		.2byte	0x1
 1431 0196 52       		.byte	0x52
 1432 0197 0D000000 		.4byte	.LVL21-1
 1433 019b 1E000000 		.4byte	.LVL24
 1434 019f 0100     		.2byte	0x1
 1435 01a1 54       		.byte	0x54
 1436 01a2 1E000000 		.4byte	.LVL24
 1437 01a6 20000000 		.4byte	.LFE44
 1438 01aa 0400     		.2byte	0x4
 1439 01ac F3       		.byte	0xf3
 1440 01ad 01       		.uleb128 0x1
 1441 01ae 52       		.byte	0x52
 1442 01af 9F       		.byte	0x9f
 1443 01b0 00000000 		.4byte	0
 1444 01b4 00000000 		.4byte	0
 1445              	.LLST10:
 1446 01b8 00000000 		.4byte	.LVL27
 1447 01bc 05000000 		.4byte	.LVL28-1
 1448 01c0 0100     		.2byte	0x1
 1449 01c2 50       		.byte	0x50
 1450 01c3 05000000 		.4byte	.LVL28-1
 1451 01c7 08000000 		.4byte	.LFE45
 1452 01cb 0400     		.2byte	0x4
 1453 01cd F3       		.byte	0xf3
 1454 01ce 01       		.uleb128 0x1
 1455 01cf 50       		.byte	0x50
 1456 01d0 9F       		.byte	0x9f
 1457 01d1 00000000 		.4byte	0
 1458 01d5 00000000 		.4byte	0
 1459              		.section	.debug_aranges,"",%progbits
 1460 0000 44000000 		.4byte	0x44
 1461 0004 0200     		.2byte	0x2
 1462 0006 00000000 		.4byte	.Ldebug_info0
 1463 000a 04       		.byte	0x4
 1464 000b 00       		.byte	0
 1465 000c 0000     		.2byte	0
 1466 000e 0000     		.2byte	0
 1467 0010 00000000 		.4byte	.LFB40
 1468 0014 08000000 		.4byte	.LFE40-.LFB40
 1469 0018 00000000 		.4byte	.LFB41
 1470 001c 1C000000 		.4byte	.LFE41-.LFB41
 1471 0020 00000000 		.4byte	.LFB42
 1472 0024 1C000000 		.4byte	.LFE42-.LFB42
 1473 0028 00000000 		.4byte	.LFB43
 1474 002c 20000000 		.4byte	.LFE43-.LFB43
 1475 0030 00000000 		.4byte	.LFB44
 1476 0034 20000000 		.4byte	.LFE44-.LFB44
 1477 0038 00000000 		.4byte	.LFB45
 1478 003c 08000000 		.4byte	.LFE45-.LFB45
 1479 0040 00000000 		.4byte	0
 1480 0044 00000000 		.4byte	0
ARM GAS  /var/folders/qh/xwg3v3kj02qbxczjpdb8lzfr0000gn/T//ccSmGOpH.s 			page 27


 1481              		.section	.debug_ranges,"",%progbits
 1482              	.Ldebug_ranges0:
 1483 0000 00000000 		.4byte	.LFB40
 1484 0004 08000000 		.4byte	.LFE40
 1485 0008 00000000 		.4byte	.LFB41
 1486 000c 1C000000 		.4byte	.LFE41
 1487 0010 00000000 		.4byte	.LFB42
 1488 0014 1C000000 		.4byte	.LFE42
 1489 0018 00000000 		.4byte	.LFB43
 1490 001c 20000000 		.4byte	.LFE43
 1491 0020 00000000 		.4byte	.LFB44
 1492 0024 20000000 		.4byte	.LFE44
 1493 0028 00000000 		.4byte	.LFB45
 1494 002c 08000000 		.4byte	.LFE45
 1495 0030 00000000 		.4byte	0
 1496 0034 00000000 		.4byte	0
 1497              		.section	.debug_line,"",%progbits
 1498              	.Ldebug_line0:
 1499 0000 C7010000 		.section	.debug_str,"MS",%progbits,1
 1499      02004901 
 1499      00000201 
 1499      FB0E0D00 
 1499      01010101 
 1500              	.LASF29:
 1501 0000 424B5032 		.ascii	"BKP2R\000"
 1501      5200
 1502              	.LASF3:
 1503 0006 73686F72 		.ascii	"short int\000"
 1503      7420696E 
 1503      7400
 1504              	.LASF12:
 1505 0010 73697A65 		.ascii	"sizetype\000"
 1505      74797065 
 1505      00
 1506              	.LASF43:
 1507 0019 72746370 		.ascii	"rtcp\000"
 1507      00
 1508              	.LASF46:
 1509 001e 72746353 		.ascii	"rtcSetAlarm\000"
 1509      6574416C 
 1509      61726D00 
 1510              	.LASF21:
 1511 002a 54534452 		.ascii	"TSDR\000"
 1511      00
 1512              	.LASF50:
 1513 002f 7274635F 		.ascii	"rtc_lld_init\000"
 1513      6C6C645F 
 1513      696E6974 
 1513      00
 1514              	.LASF58:
 1515 003c 474E5520 		.ascii	"GNU C 4.8.3 20131129 (release) [ARM/embedded-4_8-br"
 1515      4320342E 
 1515      382E3320 
 1515      32303133 
 1515      31313239 
 1516 006f 616E6368 		.ascii	"anch revision 205641] -mcpu=cortex-m0 -mno-thumb-in"
 1516      20726576 
ARM GAS  /var/folders/qh/xwg3v3kj02qbxczjpdb8lzfr0000gn/T//ccSmGOpH.s 			page 28


 1516      6973696F 
 1516      6E203230 
 1516      35363431 
 1517 00a2 74657277 		.ascii	"terwork -mthumb -ggdb -O2 -fomit-frame-pointer -fal"
 1517      6F726B20 
 1517      2D6D7468 
 1517      756D6220 
 1517      2D676764 
 1518 00d5 69676E2D 		.ascii	"ign-functions=16 -ffunction-sections -fdata-section"
 1518      66756E63 
 1518      74696F6E 
 1518      733D3136 
 1518      202D6666 
 1519 0108 73202D66 		.ascii	"s -fno-common\000"
 1519      6E6F2D63 
 1519      6F6D6D6F 
 1519      6E00
 1520              	.LASF30:
 1521 0116 424B5033 		.ascii	"BKP3R\000"
 1521      5200
 1522              	.LASF7:
 1523 011c 6C6F6E67 		.ascii	"long long int\000"
 1523      206C6F6E 
 1523      6720696E 
 1523      7400
 1524              	.LASF54:
 1525 012a 7274635F 		.ascii	"rtc_lld_get_time\000"
 1525      6C6C645F 
 1525      6765745F 
 1525      74696D65 
 1525      00
 1526              	.LASF40:
 1527 013b 72746361 		.ascii	"rtcalarm_t\000"
 1527      6C61726D 
 1527      5F7400
 1528              	.LASF5:
 1529 0146 6C6F6E67 		.ascii	"long int\000"
 1529      20696E74 
 1529      00
 1530              	.LASF38:
 1531 014f 52544341 		.ascii	"RTCAlarm\000"
 1531      6C61726D 
 1531      00
 1532              	.LASF24:
 1533 0158 414C524D 		.ascii	"ALRMASSR\000"
 1533      41535352 
 1533      00
 1534              	.LASF60:
 1535 0161 2F557365 		.ascii	"/Users/John/Development/embedded/ChibiOS-RT/BluC/ST"
 1535      72732F4A 
 1535      6F686E2F 
 1535      44657665 
 1535      6C6F706D 
 1536 0194 4D333246 		.ascii	"M32F051\000"
 1536      30353100 
 1537              	.LASF2:
 1538 019c 756E7369 		.ascii	"unsigned char\000"
ARM GAS  /var/folders/qh/xwg3v3kj02qbxczjpdb8lzfr0000gn/T//ccSmGOpH.s 			page 29


 1538      676E6564 
 1538      20636861 
 1538      7200
 1539              	.LASF23:
 1540 01aa 54414643 		.ascii	"TAFCR\000"
 1540      5200
 1541              	.LASF53:
 1542 01b0 7274635F 		.ascii	"rtc_lld_set_time\000"
 1542      6C6C645F 
 1542      7365745F 
 1542      74696D65 
 1542      00
 1543              	.LASF61:
 1544 01c1 72746347 		.ascii	"rtcGetTimeFat\000"
 1544      65745469 
 1544      6D654661 
 1544      7400
 1545              	.LASF48:
 1546 01cf 616C6172 		.ascii	"alarmspec\000"
 1546      6D737065 
 1546      6300
 1547              	.LASF52:
 1548 01d9 6462675F 		.ascii	"dbg_check_unlock\000"
 1548      63686563 
 1548      6B5F756E 
 1548      6C6F636B 
 1548      00
 1549              	.LASF27:
 1550 01ea 424B5030 		.ascii	"BKP0R\000"
 1550      5200
 1551              	.LASF1:
 1552 01f0 7369676E 		.ascii	"signed char\000"
 1552      65642063 
 1552      68617200 
 1553              	.LASF51:
 1554 01fc 6462675F 		.ascii	"dbg_check_lock\000"
 1554      63686563 
 1554      6B5F6C6F 
 1554      636B00
 1555              	.LASF8:
 1556 020b 6C6F6E67 		.ascii	"long long unsigned int\000"
 1556      206C6F6E 
 1556      6720756E 
 1556      7369676E 
 1556      65642069 
 1557              	.LASF9:
 1558 0222 75696E74 		.ascii	"uint32_t\000"
 1558      33325F74 
 1558      00
 1559              	.LASF17:
 1560 022b 414C524D 		.ascii	"ALRMAR\000"
 1560      415200
 1561              	.LASF0:
 1562 0232 756E7369 		.ascii	"unsigned int\000"
 1562      676E6564 
 1562      20696E74 
 1562      00
ARM GAS  /var/folders/qh/xwg3v3kj02qbxczjpdb8lzfr0000gn/T//ccSmGOpH.s 			page 30


 1563              	.LASF47:
 1564 023f 616C6172 		.ascii	"alarm\000"
 1564      6D00
 1565              	.LASF19:
 1566 0245 53484946 		.ascii	"SHIFTR\000"
 1566      545200
 1567              	.LASF31:
 1568 024c 424B5034 		.ascii	"BKP4R\000"
 1568      5200
 1569              	.LASF20:
 1570 0252 54535452 		.ascii	"TSTR\000"
 1570      00
 1571              	.LASF49:
 1572 0257 72746347 		.ascii	"rtcGetAlarm\000"
 1572      6574416C 
 1572      61726D00 
 1573              	.LASF13:
 1574 0263 63686172 		.ascii	"char\000"
 1574      00
 1575              	.LASF14:
 1576 0268 50524552 		.ascii	"PRER\000"
 1576      00
 1577              	.LASF10:
 1578 026d 626F6F6C 		.ascii	"bool_t\000"
 1578      5F7400
 1579              	.LASF4:
 1580 0274 73686F72 		.ascii	"short unsigned int\000"
 1580      7420756E 
 1580      7369676E 
 1580      65642069 
 1580      6E7400
 1581              	.LASF11:
 1582 0287 5F426F6F 		.ascii	"_Bool\000"
 1582      6C00
 1583              	.LASF32:
 1584 028d 5254435F 		.ascii	"RTC_TypeDef\000"
 1584      54797065 
 1584      44656600 
 1585              	.LASF36:
 1586 0299 74765F64 		.ascii	"tv_date\000"
 1586      61746500 
 1587              	.LASF15:
 1588 02a1 52455345 		.ascii	"RESERVED0\000"
 1588      52564544 
 1588      3000
 1589              	.LASF16:
 1590 02ab 52455345 		.ascii	"RESERVED1\000"
 1590      52564544 
 1590      3100
 1591              	.LASF18:
 1592 02b5 52455345 		.ascii	"RESERVED2\000"
 1592      52564544 
 1592      3200
 1593              	.LASF25:
 1594 02bf 52455345 		.ascii	"RESERVED3\000"
 1594      52564544 
 1594      3300
ARM GAS  /var/folders/qh/xwg3v3kj02qbxczjpdb8lzfr0000gn/T//ccSmGOpH.s 			page 31


 1595              	.LASF26:
 1596 02c9 52455345 		.ascii	"RESERVED4\000"
 1596      52564544 
 1596      3400
 1597              	.LASF6:
 1598 02d3 6C6F6E67 		.ascii	"long unsigned int\000"
 1598      20756E73 
 1598      69676E65 
 1598      6420696E 
 1598      7400
 1599              	.LASF33:
 1600 02e5 52544344 		.ascii	"RTCDriver\000"
 1600      72697665 
 1600      7200
 1601              	.LASF39:
 1602 02ef 74765F64 		.ascii	"tv_datetime\000"
 1602      61746574 
 1602      696D6500 
 1603              	.LASF28:
 1604 02fb 424B5031 		.ascii	"BKP1R\000"
 1604      5200
 1605              	.LASF57:
 1606 0301 7274635F 		.ascii	"rtc_lld_get_time_fat\000"
 1606      6C6C645F 
 1606      6765745F 
 1606      74696D65 
 1606      5F666174 
 1607              	.LASF45:
 1608 0316 72746347 		.ascii	"rtcGetTime\000"
 1608      65745469 
 1608      6D6500
 1609              	.LASF56:
 1610 0321 7274635F 		.ascii	"rtc_lld_get_alarm\000"
 1610      6C6C645F 
 1610      6765745F 
 1610      616C6172 
 1610      6D00
 1611              	.LASF42:
 1612 0333 72746353 		.ascii	"rtcSetTime\000"
 1612      65745469 
 1612      6D6500
 1613              	.LASF59:
 1614 033e 2E2E2F2E 		.ascii	"../../os/hal/src/rtc.c\000"
 1614      2E2F6F73 
 1614      2F68616C 
 1614      2F737263 
 1614      2F727463 
 1615              	.LASF37:
 1616 0355 74765F74 		.ascii	"tv_time\000"
 1616      696D6500 
 1617              	.LASF44:
 1618 035d 74696D65 		.ascii	"timespec\000"
 1618      73706563 
 1618      00
 1619              	.LASF22:
 1620 0366 54535353 		.ascii	"TSSSR\000"
 1620      5200
ARM GAS  /var/folders/qh/xwg3v3kj02qbxczjpdb8lzfr0000gn/T//ccSmGOpH.s 			page 32


 1621              	.LASF55:
 1622 036c 7274635F 		.ascii	"rtc_lld_set_alarm\000"
 1622      6C6C645F 
 1622      7365745F 
 1622      616C6172 
 1622      6D00
 1623              	.LASF34:
 1624 037e 69645F72 		.ascii	"id_rtc\000"
 1624      746300
 1625              	.LASF41:
 1626 0385 72746349 		.ascii	"rtcInit\000"
 1626      6E697400 
 1627              	.LASF35:
 1628 038d 52544354 		.ascii	"RTCTime\000"
 1628      696D6500 
 1629              		.ident	"GCC: (GNU Tools for ARM Embedded Processors) 4.8.3 20131129 (release) [ARM/embedded-4_8-br
ARM GAS  /var/folders/qh/xwg3v3kj02qbxczjpdb8lzfr0000gn/T//ccSmGOpH.s 			page 33


DEFINED SYMBOLS
                            *ABS*:0000000000000000 rtc.c
/var/folders/qh/xwg3v3kj02qbxczjpdb8lzfr0000gn/T//ccSmGOpH.s:18     .text.rtcInit:0000000000000000 $t
/var/folders/qh/xwg3v3kj02qbxczjpdb8lzfr0000gn/T//ccSmGOpH.s:24     .text.rtcInit:0000000000000000 rtcInit
/var/folders/qh/xwg3v3kj02qbxczjpdb8lzfr0000gn/T//ccSmGOpH.s:43     .text.rtcSetTime:0000000000000000 $t
/var/folders/qh/xwg3v3kj02qbxczjpdb8lzfr0000gn/T//ccSmGOpH.s:49     .text.rtcSetTime:0000000000000000 rtcSetTime
/var/folders/qh/xwg3v3kj02qbxczjpdb8lzfr0000gn/T//ccSmGOpH.s:91     .text.rtcGetTime:0000000000000000 $t
/var/folders/qh/xwg3v3kj02qbxczjpdb8lzfr0000gn/T//ccSmGOpH.s:97     .text.rtcGetTime:0000000000000000 rtcGetTime
/var/folders/qh/xwg3v3kj02qbxczjpdb8lzfr0000gn/T//ccSmGOpH.s:139    .text.rtcSetAlarm:0000000000000000 $t
/var/folders/qh/xwg3v3kj02qbxczjpdb8lzfr0000gn/T//ccSmGOpH.s:145    .text.rtcSetAlarm:0000000000000000 rtcSetAlarm
/var/folders/qh/xwg3v3kj02qbxczjpdb8lzfr0000gn/T//ccSmGOpH.s:190    .text.rtcGetAlarm:0000000000000000 $t
/var/folders/qh/xwg3v3kj02qbxczjpdb8lzfr0000gn/T//ccSmGOpH.s:196    .text.rtcGetAlarm:0000000000000000 rtcGetAlarm
/var/folders/qh/xwg3v3kj02qbxczjpdb8lzfr0000gn/T//ccSmGOpH.s:241    .text.rtcGetTimeFat:0000000000000000 $t
/var/folders/qh/xwg3v3kj02qbxczjpdb8lzfr0000gn/T//ccSmGOpH.s:247    .text.rtcGetTimeFat:0000000000000000 rtcGetTimeFat
                     .debug_frame:0000000000000010 $d

UNDEFINED SYMBOLS
rtc_lld_init
dbg_check_lock
rtc_lld_set_time
dbg_check_unlock
rtc_lld_get_time
rtc_lld_set_alarm
rtc_lld_get_alarm
rtc_lld_get_time_fat
