ARM GAS  /var/folders/qh/xwg3v3kj02qbxczjpdb8lzfr0000gn/T//ccFkemtY.s 			page 1


   1              		.cpu cortex-m0
   2              		.fpu softvfp
   3              		.eabi_attribute 20, 1
   4              		.eabi_attribute 21, 1
   5              		.eabi_attribute 23, 3
   6              		.eabi_attribute 24, 1
   7              		.eabi_attribute 25, 1
   8              		.eabi_attribute 26, 1
   9              		.eabi_attribute 30, 2
  10              		.eabi_attribute 34, 0
  11              		.eabi_attribute 18, 4
  12              		.code	16
  13              		.file	"rtc_lld.c"
  14              		.text
  15              	.Ltext0:
  16              		.cfi_sections	.debug_frame
  17              		.section	.text.rtc_lld_init,"ax",%progbits
  18              		.align	2
  19              		.p2align 4,,15
  20              		.global	rtc_lld_init
  21              		.code	16
  22              		.thumb_func
  23              		.type	rtc_lld_init, %function
  24              	rtc_lld_init:
  25              	.LFB40:
  26              		.file 1 "../../os/hal/platforms/STM32/RTCv2/rtc_lld.c"
  27              		.loc 1 93 0
  28              		.cfi_startproc
  29              		.loc 1 94 0
  30 0000 0D48     		ldr	r0, .L6
  31 0002 0E4B     		ldr	r3, .L6+4
  32 0004 1860     		str	r0, [r3]
  33              	.LVL0:
  34              		.loc 1 100 0
  35 0006 CA23     		mov	r3, #202
  36 0008 4362     		str	r3, [r0, #36]
  37              		.loc 1 101 0
  38 000a 5323     		mov	r3, #83
  39 000c 4362     		str	r3, [r0, #36]
  40              		.loc 1 104 0
  41 000e C368     		ldr	r3, [r0, #12]
  42 0010 DA06     		lsl	r2, r3, #27
  43 0012 0FD4     		bmi	.L1
  44              		.loc 1 105 0
  45 0014 C268     		ldr	r2, [r0, #12]
  46 0016 8023     		mov	r3, #128
  47 0018 1343     		orr	r3, r2
  48 001a C360     		str	r3, [r0, #12]
  49 001c 4021     		mov	r1, #64
  50              	.L4:
  51              		.loc 1 105 0 is_stmt 0 discriminator 1
  52 001e C368     		ldr	r3, [r0, #12]
  53 0020 054A     		ldr	r2, .L6
  54 0022 1942     		tst	r1, r3
  55 0024 FBD0     		beq	.L4
  56              	.LVL1:
  57              		.loc 1 110 0 is_stmt 1
ARM GAS  /var/folders/qh/xwg3v3kj02qbxczjpdb8lzfr0000gn/T//ccFkemtY.s 			page 2


  58 0026 064B     		ldr	r3, .L6+8
  59              		.loc 1 112 0
  60 0028 8021     		mov	r1, #128
  61              		.loc 1 110 0
  62 002a 1361     		str	r3, [r2, #16]
  63              		.loc 1 111 0
  64 002c 1361     		str	r3, [r2, #16]
  65              		.loc 1 112 0
  66 002e D368     		ldr	r3, [r2, #12]
  67 0030 8B43     		bic	r3, r1
  68 0032 D360     		str	r3, [r2, #12]
  69              	.LVL2:
  70              	.L1:
  71              		.loc 1 114 0
  72              		@ sp needed
  73 0034 7047     		bx	lr
  74              	.L7:
  75 0036 C046     		.align	2
  76              	.L6:
  77 0038 00280040 		.word	1073752064
  78 003c 00000000 		.word	.LANCHOR0
  79 0040 37017F00 		.word	8323383
  80              		.cfi_endproc
  81              	.LFE40:
  82              		.size	rtc_lld_init, .-rtc_lld_init
  83 0044 C046C046 		.section	.text.rtc_lld_set_time,"ax",%progbits
  83      C046C046 
  83      C046C046 
  84              		.align	2
  85              		.p2align 4,,15
  86              		.global	rtc_lld_set_time
  87              		.code	16
  88              		.thumb_func
  89              		.type	rtc_lld_set_time, %function
  90              	rtc_lld_set_time:
  91              	.LFB41:
  92              		.loc 1 126 0
  93              		.cfi_startproc
  94              	.LVL3:
  95              		.loc 1 129 0
  96 0000 0F4B     		ldr	r3, .L14
  97              		.loc 1 126 0
  98 0002 10B5     		push	{r4, lr}
  99              		.cfi_def_cfa_offset 8
 100              		.cfi_offset 4, -8
 101              		.cfi_offset 14, -4
 102              		.loc 1 129 0
 103 0004 1A68     		ldr	r2, [r3]
 104 0006 8023     		mov	r3, #128
 105 0008 D068     		ldr	r0, [r2, #12]
 106              	.LVL4:
 107 000a 0343     		orr	r3, r0
 108 000c D360     		str	r3, [r2, #12]
 109 000e 4020     		mov	r0, #64
 110              	.L10:
 111              		.loc 1 129 0 is_stmt 0 discriminator 1
 112 0010 D368     		ldr	r3, [r2, #12]
ARM GAS  /var/folders/qh/xwg3v3kj02qbxczjpdb8lzfr0000gn/T//ccFkemtY.s 			page 3


 113 0012 4024     		mov	r4, #64
 114 0014 1842     		tst	r0, r3
 115 0016 FBD0     		beq	.L10
 116              		.loc 1 130 0 is_stmt 1
 117 0018 0B7A     		ldrb	r3, [r1, #8]
 118 001a 002B     		cmp	r3, #0
 119 001c 0BD1     		bne	.L13
 120              		.loc 1 133 0
 121 001e 9368     		ldr	r3, [r2, #8]
 122 0020 A343     		bic	r3, r4
 123 0022 9360     		str	r3, [r2, #8]
 124              	.L12:
 125              		.loc 1 134 0
 126 0024 4B68     		ldr	r3, [r1, #4]
 127              		.loc 1 137 0
 128              		@ sp needed
 129              		.loc 1 134 0
 130 0026 1360     		str	r3, [r2]
 131              		.loc 1 135 0
 132 0028 0B68     		ldr	r3, [r1]
 133              		.loc 1 136 0
 134 002a 8021     		mov	r1, #128
 135              	.LVL5:
 136              		.loc 1 135 0
 137 002c 5360     		str	r3, [r2, #4]
 138              		.loc 1 136 0
 139 002e D368     		ldr	r3, [r2, #12]
 140 0030 8B43     		bic	r3, r1
 141 0032 D360     		str	r3, [r2, #12]
 142              		.loc 1 137 0
 143 0034 10BD     		pop	{r4, pc}
 144              	.LVL6:
 145              	.L13:
 146              		.loc 1 131 0
 147 0036 9368     		ldr	r3, [r2, #8]
 148 0038 1C43     		orr	r4, r3
 149 003a 9460     		str	r4, [r2, #8]
 150 003c F2E7     		b	.L12
 151              	.L15:
 152 003e C046     		.align	2
 153              	.L14:
 154 0040 00000000 		.word	.LANCHOR0
 155              		.cfi_endproc
 156              	.LFE41:
 157              		.size	rtc_lld_set_time, .-rtc_lld_set_time
 158 0044 C046C046 		.section	.text.rtc_lld_get_time,"ax",%progbits
 158      C046C046 
 158      C046C046 
 159              		.align	2
 160              		.p2align 4,,15
 161              		.global	rtc_lld_get_time
 162              		.code	16
 163              		.thumb_func
 164              		.type	rtc_lld_get_time, %function
 165              	rtc_lld_get_time:
 166              	.LFB42:
 167              		.loc 1 147 0
ARM GAS  /var/folders/qh/xwg3v3kj02qbxczjpdb8lzfr0000gn/T//ccFkemtY.s 			page 4


 168              		.cfi_startproc
 169              	.LVL7:
 170 0000 054B     		ldr	r3, .L19
 171              		.loc 1 150 0
 172 0002 2020     		mov	r0, #32
 173              	.LVL8:
 174 0004 1A68     		ldr	r2, [r3]
 175              	.L18:
 176              		.loc 1 150 0 is_stmt 0 discriminator 1
 177 0006 D368     		ldr	r3, [r2, #12]
 178 0008 1842     		tst	r0, r3
 179 000a FCD0     		beq	.L18
 180              		.loc 1 157 0 is_stmt 1
 181 000c 1368     		ldr	r3, [r2]
 182              		.loc 1 158 0
 183 000e 5268     		ldr	r2, [r2, #4]
 184              		.loc 1 157 0
 185 0010 4B60     		str	r3, [r1, #4]
 186              		.loc 1 158 0
 187 0012 0A60     		str	r2, [r1]
 188              		.loc 1 159 0
 189              		@ sp needed
 190 0014 7047     		bx	lr
 191              	.L20:
 192 0016 C046     		.align	2
 193              	.L19:
 194 0018 00000000 		.word	.LANCHOR0
 195              		.cfi_endproc
 196              	.LFE42:
 197              		.size	rtc_lld_get_time, .-rtc_lld_get_time
 198 001c C046C046 		.section	.text.rtc_lld_set_alarm,"ax",%progbits
 199              		.align	2
 200              		.p2align 4,,15
 201              		.global	rtc_lld_set_alarm
 202              		.code	16
 203              		.thumb_func
 204              		.type	rtc_lld_set_alarm, %function
 205              	rtc_lld_set_alarm:
 206              	.LFB43:
 207              		.loc 1 175 0
 208              		.cfi_startproc
 209              	.LVL9:
 210              		.loc 1 176 0
 211 0000 0129     		cmp	r1, #1
 212 0002 00D0     		beq	.L26
 213              	.LVL10:
 214              	.L21:
 215              		.loc 1 206 0
 216              		@ sp needed
 217 0004 7047     		bx	lr
 218              	.LVL11:
 219              	.L26:
 220              		.loc 1 177 0
 221 0006 002A     		cmp	r2, #0
 222 0008 15D0     		beq	.L23
 223              		.loc 1 178 0
 224 000a 0168     		ldr	r1, [r0]
ARM GAS  /var/folders/qh/xwg3v3kj02qbxczjpdb8lzfr0000gn/T//ccFkemtY.s 			page 5


 225              	.LVL12:
 226 000c 0F4B     		ldr	r3, .L27
 227 000e 8868     		ldr	r0, [r1, #8]
 228              	.LVL13:
 229 0010 0340     		and	r3, r0
 230 0012 8B60     		str	r3, [r1, #8]
 231              		.loc 1 179 0
 232 0014 0120     		mov	r0, #1
 233              	.L25:
 234              		.loc 1 179 0 is_stmt 0 discriminator 1
 235 0016 CB68     		ldr	r3, [r1, #12]
 236 0018 1842     		tst	r0, r3
 237 001a FCD0     		beq	.L25
 238              		.loc 1 181 0 is_stmt 1
 239 001c 1368     		ldr	r3, [r2]
 240 001e CB61     		str	r3, [r1, #28]
 241              		.loc 1 182 0
 242 0020 8A68     		ldr	r2, [r1, #8]
 243              	.LVL14:
 244 0022 8023     		mov	r3, #128
 245 0024 5B00     		lsl	r3, r3, #1
 246 0026 1343     		orr	r3, r2
 247 0028 8B60     		str	r3, [r1, #8]
 248              		.loc 1 183 0
 249 002a 8A68     		ldr	r2, [r1, #8]
 250 002c 8023     		mov	r3, #128
 251 002e 5B01     		lsl	r3, r3, #5
 252 0030 1343     		orr	r3, r2
 253 0032 8B60     		str	r3, [r1, #8]
 254 0034 E6E7     		b	.L21
 255              	.LVL15:
 256              	.L23:
 257              		.loc 1 186 0
 258 0036 0368     		ldr	r3, [r0]
 259 0038 054A     		ldr	r2, .L27+4
 260              	.LVL16:
 261 003a 9968     		ldr	r1, [r3, #8]
 262              	.LVL17:
 263 003c 0A40     		and	r2, r1
 264 003e 9A60     		str	r2, [r3, #8]
 265              		.loc 1 187 0
 266 0040 9968     		ldr	r1, [r3, #8]
 267 0042 024A     		ldr	r2, .L27
 268 0044 0A40     		and	r2, r1
 269 0046 9A60     		str	r2, [r3, #8]
 270 0048 DCE7     		b	.L21
 271              	.L28:
 272 004a C046     		.align	2
 273              	.L27:
 274 004c FFFEFFFF 		.word	-257
 275 0050 FFEFFFFF 		.word	-4097
 276              		.cfi_endproc
 277              	.LFE43:
 278              		.size	rtc_lld_set_alarm, .-rtc_lld_set_alarm
 279 0054 C046C046 		.section	.text.rtc_lld_get_alarm,"ax",%progbits
 279      C046C046 
 279      C046C046 
ARM GAS  /var/folders/qh/xwg3v3kj02qbxczjpdb8lzfr0000gn/T//ccFkemtY.s 			page 6


 280              		.align	2
 281              		.p2align 4,,15
 282              		.global	rtc_lld_get_alarm
 283              		.code	16
 284              		.thumb_func
 285              		.type	rtc_lld_get_alarm, %function
 286              	rtc_lld_get_alarm:
 287              	.LFB44:
 288              		.loc 1 219 0
 289              		.cfi_startproc
 290              	.LVL18:
 291              		.loc 1 220 0
 292 0000 0129     		cmp	r1, #1
 293 0002 02D1     		bne	.L29
 294              		.loc 1 221 0
 295 0004 0368     		ldr	r3, [r0]
 296 0006 DB69     		ldr	r3, [r3, #28]
 297 0008 1360     		str	r3, [r2]
 298              	.L29:
 299              		.loc 1 226 0
 300              		@ sp needed
 301 000a 7047     		bx	lr
 302              		.cfi_endproc
 303              	.LFE44:
 304              		.size	rtc_lld_get_alarm, .-rtc_lld_get_alarm
 305 000c C046C046 		.section	.text.rtc_lld_get_time_fat,"ax",%progbits
 306              		.align	2
 307              		.p2align 4,,15
 308              		.global	rtc_lld_get_time_fat
 309              		.code	16
 310              		.thumb_func
 311              		.type	rtc_lld_get_time_fat, %function
 312              	rtc_lld_get_time_fat:
 313              	.LFB45:
 314              		.loc 1 285 0
 315              		.cfi_startproc
 316              	.LVL19:
 317 0000 F0B5     		push	{r4, r5, r6, r7, lr}
 318              		.cfi_def_cfa_offset 20
 319              		.cfi_offset 4, -20
 320              		.cfi_offset 5, -16
 321              		.cfi_offset 6, -12
 322              		.cfi_offset 7, -8
 323              		.cfi_offset 14, -4
 324 0002 5746     		mov	r7, r10
 325 0004 4E46     		mov	r6, r9
 326 0006 4546     		mov	r5, r8
 327 0008 E0B4     		push	{r5, r6, r7}
 328              		.cfi_def_cfa_offset 32
 329              		.cfi_offset 8, -32
 330              		.cfi_offset 9, -28
 331              		.cfi_offset 10, -24
 332              		.loc 1 292 0
 333              	@ 292 "../../os/hal/platforms/STM32/RTCv2/rtc_lld.c" 1
 334 000a 72B6     		cpsid   i
 335              	@ 0 "" 2
 336              		.code	16
ARM GAS  /var/folders/qh/xwg3v3kj02qbxczjpdb8lzfr0000gn/T//ccFkemtY.s 			page 7


 337 000c FFF7FEFF 		bl	dbg_check_lock
 338              	.LVL20:
 339 0010 2F4B     		ldr	r3, .L34
 340              	.LBB4:
 341              	.LBB5:
 342              		.loc 1 150 0
 343 0012 2021     		mov	r1, #32
 344 0014 1A68     		ldr	r2, [r3]
 345              	.L33:
 346 0016 D368     		ldr	r3, [r2, #12]
 347 0018 1942     		tst	r1, r3
 348 001a FCD0     		beq	.L33
 349              		.loc 1 157 0
 350 001c 1468     		ldr	r4, [r2]
 351              	.LVL21:
 352              		.loc 1 158 0
 353 001e 5568     		ldr	r5, [r2, #4]
 354              	.LVL22:
 355              	.LBE5:
 356              	.LBE4:
 357              		.loc 1 294 0
 358 0020 FFF7FEFF 		bl	dbg_check_unlock
 359              	.LVL23:
 360              	@ 294 "../../os/hal/platforms/STM32/RTCv2/rtc_lld.c" 1
 361 0024 62B6     		cpsie   i
 362              	@ 0 "" 2
 363              	.LVL24:
 364              		.loc 1 300 0
 365              		.code	16
 366 0026 6306     		lsl	r3, r4, #25
 367 0028 5B0F     		lsr	r3, r3, #29
 368              		.loc 1 299 0
 369 002a 0F21     		mov	r1, #15
 370              		.loc 1 300 0
 371 002c 9800     		lsl	r0, r3, #2
 372              		.loc 1 299 0
 373 002e 0A1C     		mov	r2, r1
 374              		.loc 1 300 0
 375 0030 C018     		add	r0, r0, r3
 376              		.loc 1 299 0
 377 0032 2240     		and	r2, r4
 378              	.LVL25:
 379              		.loc 1 300 0
 380 0034 4000     		lsl	r0, r0, #1
 381 0036 8018     		add	r0, r0, r2
 382              		.loc 1 308 0
 383 0038 A602     		lsl	r6, r4, #10
 384              		.loc 1 301 0
 385 003a 4008     		lsr	r0, r0, #1
 386              		.loc 1 308 0
 387 003c B60F     		lsr	r6, r6, #30
 388              		.loc 1 301 0
 389 003e 8246     		mov	r10, r0
 390              	.LVL26:
 391              		.loc 1 308 0
 392 0040 B000     		lsl	r0, r6, #2
 393              	.LVL27:
ARM GAS  /var/folders/qh/xwg3v3kj02qbxczjpdb8lzfr0000gn/T//ccFkemtY.s 			page 8


 394 0042 8046     		mov	r8, r0
 395 0044 4644     		add	r6, r6, r8
 396 0046 7600     		lsl	r6, r6, #1
 397              		.loc 1 303 0
 398 0048 F022     		mov	r2, #240
 399              	.LVL28:
 400              		.loc 1 308 0
 401 004a B046     		mov	r8, r6
 402              		.loc 1 303 0
 403 004c 1201     		lsl	r2, r2, #4
 404 004e 231C     		mov	r3, r4
 405              		.loc 1 309 0
 406 0050 6602     		lsl	r6, r4, #9
 407              		.loc 1 303 0
 408 0052 1340     		and	r3, r2
 409              		.loc 1 309 0
 410 0054 F60F     		lsr	r6, r6, #31
 411 0056 7000     		lsl	r0, r6, #1
 412              		.loc 1 303 0
 413 0058 1B0A     		lsr	r3, r3, #8
 414              		.loc 1 309 0
 415 005a 8146     		mov	r9, r0
 416              		.loc 1 303 0
 417 005c 9C46     		mov	ip, r3
 418              	.LVL29:
 419              		.loc 1 307 0
 420 005e F023     		mov	r3, #240
 421              	.LVL30:
 422              		.loc 1 309 0
 423 0060 4E44     		add	r6, r6, r9
 424              		.loc 1 307 0
 425 0062 1B03     		lsl	r3, r3, #12
 426 0064 271C     		mov	r7, r4
 427              		.loc 1 304 0
 428 0066 6404     		lsl	r4, r4, #17
 429              	.LVL31:
 430              		.loc 1 312 0
 431 0068 2940     		and	r1, r5
 432              		.loc 1 316 0
 433 006a 2A40     		and	r2, r5
 434              		.loc 1 304 0
 435 006c 640F     		lsr	r4, r4, #29
 436              		.loc 1 307 0
 437 006e 1F40     		and	r7, r3
 438              	.LVL32:
 439              		.loc 1 309 0
 440 0070 B600     		lsl	r6, r6, #2
 441              		.loc 1 320 0
 442 0072 2B40     		and	r3, r5
 443              		.loc 1 308 0
 444 0074 4644     		add	r6, r6, r8
 445              		.loc 1 312 0
 446 0076 8846     		mov	r8, r1
 447              		.loc 1 316 0
 448 0078 110A     		lsr	r1, r2, #8
 449              		.loc 1 320 0
 450 007a 1A0C     		lsr	r2, r3, #16
ARM GAS  /var/folders/qh/xwg3v3kj02qbxczjpdb8lzfr0000gn/T//ccFkemtY.s 			page 9


 451              		.loc 1 304 0
 452 007c A300     		lsl	r3, r4, #2
 453 007e 1B19     		add	r3, r3, r4
 454 0080 5B00     		lsl	r3, r3, #1
 455 0082 6344     		add	r3, r3, ip
 456              		.loc 1 305 0
 457 0084 5046     		mov	r0, r10
 458 0086 5B01     		lsl	r3, r3, #5
 459 0088 1843     		orr	r0, r3
 460              		.loc 1 313 0
 461 008a AB06     		lsl	r3, r5, #26
 462 008c 9B0F     		lsr	r3, r3, #30
 463 008e 9C00     		lsl	r4, r3, #2
 464 0090 E318     		add	r3, r4, r3
 465 0092 5B00     		lsl	r3, r3, #1
 466 0094 4344     		add	r3, r3, r8
 467              		.loc 1 314 0
 468 0096 1B04     		lsl	r3, r3, #16
 469              		.loc 1 310 0
 470 0098 1843     		orr	r0, r3
 471              		.loc 1 317 0
 472 009a EB04     		lsl	r3, r5, #19
 473 009c DB0F     		lsr	r3, r3, #31
 474 009e 9C00     		lsl	r4, r3, #2
 475 00a0 E318     		add	r3, r4, r3
 476 00a2 5B00     		lsl	r3, r3, #1
 477 00a4 5B18     		add	r3, r3, r1
 478              		.loc 1 321 0
 479 00a6 2D02     		lsl	r5, r5, #8
 480              	.LVL33:
 481              		.loc 1 318 0
 482 00a8 5B05     		lsl	r3, r3, #21
 483              		.loc 1 321 0
 484 00aa 2D0F     		lsr	r5, r5, #28
 485              		.loc 1 314 0
 486 00ac 1843     		orr	r0, r3
 487              		.loc 1 321 0
 488 00ae AB00     		lsl	r3, r5, #2
 489 00b0 5D19     		add	r5, r3, r5
 490 00b2 6D00     		lsl	r5, r5, #1
 491 00b4 1432     		add	r2, r2, #20
 492              		.loc 1 322 0
 493 00b6 5319     		add	r3, r2, r5
 494              		.loc 1 307 0
 495 00b8 3F0C     		lsr	r7, r7, #16
 496              	.LVL34:
 497              		.loc 1 323 0
 498 00ba 5B06     		lsl	r3, r3, #25
 499              		.loc 1 318 0
 500 00bc 1843     		orr	r0, r3
 501              	.LVL35:
 502              		.loc 1 309 0
 503 00be F319     		add	r3, r6, r7
 504              		.loc 1 310 0
 505 00c0 DB02     		lsl	r3, r3, #11
 506              		.loc 1 323 0
 507 00c2 1843     		orr	r0, r3
ARM GAS  /var/folders/qh/xwg3v3kj02qbxczjpdb8lzfr0000gn/T//ccFkemtY.s 			page 10


 508              	.LVL36:
 509              		.loc 1 326 0
 510              		@ sp needed
 511 00c4 1CBC     		pop	{r2, r3, r4}
 512 00c6 9046     		mov	r8, r2
 513 00c8 9946     		mov	r9, r3
 514 00ca A246     		mov	r10, r4
 515 00cc F0BD     		pop	{r4, r5, r6, r7, pc}
 516              	.L35:
 517 00ce C046     		.align	2
 518              	.L34:
 519 00d0 00000000 		.word	.LANCHOR0
 520              		.cfi_endproc
 521              	.LFE45:
 522              		.size	rtc_lld_get_time_fat, .-rtc_lld_get_time_fat
 523              		.global	RTCD1
 524 00d4 C046C046 		.section	.bss.RTCD1,"aw",%nobits
 524      C046C046 
 524      C046C046 
 525              		.align	2
 526              		.set	.LANCHOR0,. + 0
 527              		.type	RTCD1, %object
 528              		.size	RTCD1, 4
 529              	RTCD1:
 530 0000 00000000 		.space	4
 531              		.text
 532              	.Letext0:
 533              		.file 2 "/usr/local/Cellar/gcc-arm-none-eabi-48/20131218/arm-none-eabi/include/stdint.h"
 534              		.file 3 "../../os/ports/GCC/ARMCMx/chtypes.h"
 535              		.file 4 "../../os/hal/platforms/STM32F0xx/stm32f0xx.h"
 536              		.file 5 "../../os/hal/include/rtc.h"
 537              		.file 6 "../../os/hal/platforms/STM32/RTCv2/rtc_lld.h"
 538              		.file 7 "../../os/kernel/include/chdebug.h"
 539              		.section	.debug_info,"",%progbits
 540              	.Ldebug_info0:
 541 0000 A2040000 		.4byte	0x4a2
 542 0004 0400     		.2byte	0x4
 543 0006 00000000 		.4byte	.Ldebug_abbrev0
 544 000a 04       		.byte	0x4
 545 000b 01       		.uleb128 0x1
 546 000c 3F000000 		.4byte	.LASF53
 547 0010 01       		.byte	0x1
 548 0011 64010000 		.4byte	.LASF54
 549 0015 91010000 		.4byte	.LASF55
 550 0019 00000000 		.4byte	.Ldebug_ranges0+0
 551 001d 00000000 		.4byte	0
 552 0021 00000000 		.4byte	.Ldebug_line0
 553 0025 02       		.uleb128 0x2
 554 0026 04       		.byte	0x4
 555 0027 05       		.byte	0x5
 556 0028 696E7400 		.ascii	"int\000"
 557 002c 03       		.uleb128 0x3
 558 002d 04       		.byte	0x4
 559 002e 07       		.byte	0x7
 560 002f 54020000 		.4byte	.LASF0
 561 0033 03       		.uleb128 0x3
 562 0034 01       		.byte	0x1
ARM GAS  /var/folders/qh/xwg3v3kj02qbxczjpdb8lzfr0000gn/T//ccFkemtY.s 			page 11


 563 0035 06       		.byte	0x6
 564 0036 12020000 		.4byte	.LASF1
 565 003a 03       		.uleb128 0x3
 566 003b 01       		.byte	0x1
 567 003c 08       		.byte	0x8
 568 003d CC010000 		.4byte	.LASF2
 569 0041 03       		.uleb128 0x3
 570 0042 02       		.byte	0x2
 571 0043 05       		.byte	0x5
 572 0044 06000000 		.4byte	.LASF3
 573 0048 03       		.uleb128 0x3
 574 0049 02       		.byte	0x2
 575 004a 07       		.byte	0x7
 576 004b 79020000 		.4byte	.LASF4
 577 004f 03       		.uleb128 0x3
 578 0050 04       		.byte	0x4
 579 0051 05       		.byte	0x5
 580 0052 49010000 		.4byte	.LASF5
 581 0056 04       		.uleb128 0x4
 582 0057 44020000 		.4byte	.LASF9
 583 005b 02       		.byte	0x2
 584 005c 50       		.byte	0x50
 585 005d 61000000 		.4byte	0x61
 586 0061 03       		.uleb128 0x3
 587 0062 04       		.byte	0x4
 588 0063 07       		.byte	0x7
 589 0064 E9020000 		.4byte	.LASF6
 590 0068 03       		.uleb128 0x3
 591 0069 08       		.byte	0x8
 592 006a 05       		.byte	0x5
 593 006b 1F010000 		.4byte	.LASF7
 594 006f 03       		.uleb128 0x3
 595 0070 08       		.byte	0x8
 596 0071 07       		.byte	0x7
 597 0072 2D020000 		.4byte	.LASF8
 598 0076 04       		.uleb128 0x4
 599 0077 96020000 		.4byte	.LASF10
 600 007b 03       		.byte	0x3
 601 007c 24       		.byte	0x24
 602 007d 81000000 		.4byte	0x81
 603 0081 03       		.uleb128 0x3
 604 0082 01       		.byte	0x1
 605 0083 02       		.byte	0x2
 606 0084 9D020000 		.4byte	.LASF11
 607 0088 05       		.uleb128 0x5
 608 0089 56000000 		.4byte	0x56
 609 008d 03       		.uleb128 0x3
 610 008e 04       		.byte	0x4
 611 008f 07       		.byte	0x7
 612 0090 10000000 		.4byte	.LASF12
 613 0094 03       		.uleb128 0x3
 614 0095 01       		.byte	0x1
 615 0096 08       		.byte	0x8
 616 0097 8C020000 		.4byte	.LASF13
 617 009b 06       		.uleb128 0x6
 618 009c 64       		.byte	0x64
 619 009d 04       		.byte	0x4
ARM GAS  /var/folders/qh/xwg3v3kj02qbxczjpdb8lzfr0000gn/T//ccFkemtY.s 			page 12


 620 009e 2D02     		.2byte	0x22d
 621 00a0 E7010000 		.4byte	0x1e7
 622 00a4 07       		.uleb128 0x7
 623 00a5 545200   		.ascii	"TR\000"
 624 00a8 04       		.byte	0x4
 625 00a9 2F02     		.2byte	0x22f
 626 00ab 88000000 		.4byte	0x88
 627 00af 00       		.byte	0
 628 00b0 07       		.uleb128 0x7
 629 00b1 445200   		.ascii	"DR\000"
 630 00b4 04       		.byte	0x4
 631 00b5 3002     		.2byte	0x230
 632 00b7 88000000 		.4byte	0x88
 633 00bb 04       		.byte	0x4
 634 00bc 07       		.uleb128 0x7
 635 00bd 435200   		.ascii	"CR\000"
 636 00c0 04       		.byte	0x4
 637 00c1 3102     		.2byte	0x231
 638 00c3 88000000 		.4byte	0x88
 639 00c7 08       		.byte	0x8
 640 00c8 07       		.uleb128 0x7
 641 00c9 49535200 		.ascii	"ISR\000"
 642 00cd 04       		.byte	0x4
 643 00ce 3202     		.2byte	0x232
 644 00d0 88000000 		.4byte	0x88
 645 00d4 0C       		.byte	0xc
 646 00d5 08       		.uleb128 0x8
 647 00d6 91020000 		.4byte	.LASF14
 648 00da 04       		.byte	0x4
 649 00db 3302     		.2byte	0x233
 650 00dd 88000000 		.4byte	0x88
 651 00e1 10       		.byte	0x10
 652 00e2 08       		.uleb128 0x8
 653 00e3 B7020000 		.4byte	.LASF15
 654 00e7 04       		.byte	0x4
 655 00e8 3402     		.2byte	0x234
 656 00ea 56000000 		.4byte	0x56
 657 00ee 14       		.byte	0x14
 658 00ef 08       		.uleb128 0x8
 659 00f0 C1020000 		.4byte	.LASF16
 660 00f4 04       		.byte	0x4
 661 00f5 3502     		.2byte	0x235
 662 00f7 56000000 		.4byte	0x56
 663 00fb 18       		.byte	0x18
 664 00fc 08       		.uleb128 0x8
 665 00fd 4D020000 		.4byte	.LASF17
 666 0101 04       		.byte	0x4
 667 0102 3602     		.2byte	0x236
 668 0104 88000000 		.4byte	0x88
 669 0108 1C       		.byte	0x1c
 670 0109 08       		.uleb128 0x8
 671 010a CB020000 		.4byte	.LASF18
 672 010e 04       		.byte	0x4
 673 010f 3702     		.2byte	0x237
 674 0111 56000000 		.4byte	0x56
 675 0115 20       		.byte	0x20
 676 0116 07       		.uleb128 0x7
ARM GAS  /var/folders/qh/xwg3v3kj02qbxczjpdb8lzfr0000gn/T//ccFkemtY.s 			page 13


 677 0117 57505200 		.ascii	"WPR\000"
 678 011b 04       		.byte	0x4
 679 011c 3802     		.2byte	0x238
 680 011e 88000000 		.4byte	0x88
 681 0122 24       		.byte	0x24
 682 0123 07       		.uleb128 0x7
 683 0124 53535200 		.ascii	"SSR\000"
 684 0128 04       		.byte	0x4
 685 0129 3902     		.2byte	0x239
 686 012b 88000000 		.4byte	0x88
 687 012f 28       		.byte	0x28
 688 0130 08       		.uleb128 0x8
 689 0131 67020000 		.4byte	.LASF19
 690 0135 04       		.byte	0x4
 691 0136 3A02     		.2byte	0x23a
 692 0138 88000000 		.4byte	0x88
 693 013c 2C       		.byte	0x2c
 694 013d 08       		.uleb128 0x8
 695 013e 74020000 		.4byte	.LASF20
 696 0142 04       		.byte	0x4
 697 0143 3B02     		.2byte	0x23b
 698 0145 88000000 		.4byte	0x88
 699 0149 30       		.byte	0x30
 700 014a 08       		.uleb128 0x8
 701 014b 2D000000 		.4byte	.LASF21
 702 014f 04       		.byte	0x4
 703 0150 3C02     		.2byte	0x23c
 704 0152 88000000 		.4byte	0x88
 705 0156 34       		.byte	0x34
 706 0157 08       		.uleb128 0x8
 707 0158 57030000 		.4byte	.LASF22
 708 015c 04       		.byte	0x4
 709 015d 3D02     		.2byte	0x23d
 710 015f 88000000 		.4byte	0x88
 711 0163 38       		.byte	0x38
 712 0164 07       		.uleb128 0x7
 713 0165 43414C00 		.ascii	"CAL\000"
 714 0169 04       		.byte	0x4
 715 016a 3E02     		.2byte	0x23e
 716 016c 88000000 		.4byte	0x88
 717 0170 3C       		.byte	0x3c
 718 0171 08       		.uleb128 0x8
 719 0172 DA010000 		.4byte	.LASF23
 720 0176 04       		.byte	0x4
 721 0177 3F02     		.2byte	0x23f
 722 0179 88000000 		.4byte	0x88
 723 017d 40       		.byte	0x40
 724 017e 08       		.uleb128 0x8
 725 017f 5B010000 		.4byte	.LASF24
 726 0183 04       		.byte	0x4
 727 0184 4002     		.2byte	0x240
 728 0186 88000000 		.4byte	0x88
 729 018a 44       		.byte	0x44
 730 018b 08       		.uleb128 0x8
 731 018c D5020000 		.4byte	.LASF25
 732 0190 04       		.byte	0x4
 733 0191 4102     		.2byte	0x241
ARM GAS  /var/folders/qh/xwg3v3kj02qbxczjpdb8lzfr0000gn/T//ccFkemtY.s 			page 14


 734 0193 56000000 		.4byte	0x56
 735 0197 48       		.byte	0x48
 736 0198 08       		.uleb128 0x8
 737 0199 DF020000 		.4byte	.LASF26
 738 019d 04       		.byte	0x4
 739 019e 4202     		.2byte	0x242
 740 01a0 56000000 		.4byte	0x56
 741 01a4 4C       		.byte	0x4c
 742 01a5 08       		.uleb128 0x8
 743 01a6 0C020000 		.4byte	.LASF27
 744 01aa 04       		.byte	0x4
 745 01ab 4302     		.2byte	0x243
 746 01ad 88000000 		.4byte	0x88
 747 01b1 50       		.byte	0x50
 748 01b2 08       		.uleb128 0x8
 749 01b3 11030000 		.4byte	.LASF28
 750 01b7 04       		.byte	0x4
 751 01b8 4402     		.2byte	0x244
 752 01ba 88000000 		.4byte	0x88
 753 01be 54       		.byte	0x54
 754 01bf 08       		.uleb128 0x8
 755 01c0 00000000 		.4byte	.LASF29
 756 01c4 04       		.byte	0x4
 757 01c5 4502     		.2byte	0x245
 758 01c7 88000000 		.4byte	0x88
 759 01cb 58       		.byte	0x58
 760 01cc 08       		.uleb128 0x8
 761 01cd 19010000 		.4byte	.LASF30
 762 01d1 04       		.byte	0x4
 763 01d2 4602     		.2byte	0x246
 764 01d4 88000000 		.4byte	0x88
 765 01d8 5C       		.byte	0x5c
 766 01d9 08       		.uleb128 0x8
 767 01da 6E020000 		.4byte	.LASF31
 768 01de 04       		.byte	0x4
 769 01df 4702     		.2byte	0x247
 770 01e1 88000000 		.4byte	0x88
 771 01e5 60       		.byte	0x60
 772 01e6 00       		.byte	0
 773 01e7 09       		.uleb128 0x9
 774 01e8 A3020000 		.4byte	.LASF32
 775 01ec 04       		.byte	0x4
 776 01ed 4802     		.2byte	0x248
 777 01ef 9B000000 		.4byte	0x9b
 778 01f3 04       		.uleb128 0x4
 779 01f4 FB020000 		.4byte	.LASF33
 780 01f8 05       		.byte	0x5
 781 01f9 45       		.byte	0x45
 782 01fa FE010000 		.4byte	0x1fe
 783 01fe 0A       		.uleb128 0xa
 784 01ff FB020000 		.4byte	.LASF33
 785 0203 04       		.byte	0x4
 786 0204 06       		.byte	0x6
 787 0205 B5       		.byte	0xb5
 788 0206 17020000 		.4byte	0x217
 789 020a 0B       		.uleb128 0xb
 790 020b 6F030000 		.4byte	.LASF34
ARM GAS  /var/folders/qh/xwg3v3kj02qbxczjpdb8lzfr0000gn/T//ccFkemtY.s 			page 15


 791 020f 06       		.byte	0x6
 792 0210 B9       		.byte	0xb9
 793 0211 82020000 		.4byte	0x282
 794 0215 00       		.byte	0
 795 0216 00       		.byte	0
 796 0217 04       		.uleb128 0x4
 797 0218 76030000 		.4byte	.LASF35
 798 021c 05       		.byte	0x5
 799 021d 4A       		.byte	0x4a
 800 021e 22020000 		.4byte	0x222
 801 0222 0A       		.uleb128 0xa
 802 0223 76030000 		.4byte	.LASF35
 803 0227 0C       		.byte	0xc
 804 0228 06       		.byte	0x6
 805 0229 83       		.byte	0x83
 806 022a 53020000 		.4byte	0x253
 807 022e 0B       		.uleb128 0xb
 808 022f AF020000 		.4byte	.LASF36
 809 0233 06       		.byte	0x6
 810 0234 87       		.byte	0x87
 811 0235 56000000 		.4byte	0x56
 812 0239 00       		.byte	0
 813 023a 0B       		.uleb128 0xb
 814 023b 46030000 		.4byte	.LASF37
 815 023f 06       		.byte	0x6
 816 0240 8B       		.byte	0x8b
 817 0241 56000000 		.4byte	0x56
 818 0245 04       		.byte	0x4
 819 0246 0C       		.uleb128 0xc
 820 0247 68313200 		.ascii	"h12\000"
 821 024b 06       		.byte	0x6
 822 024c 8F       		.byte	0x8f
 823 024d 76000000 		.4byte	0x76
 824 0251 08       		.byte	0x8
 825 0252 00       		.byte	0
 826 0253 04       		.uleb128 0x4
 827 0254 52010000 		.4byte	.LASF38
 828 0258 06       		.byte	0x6
 829 0259 6E       		.byte	0x6e
 830 025a 5E020000 		.4byte	0x25e
 831 025e 0A       		.uleb128 0xa
 832 025f 52010000 		.4byte	.LASF38
 833 0263 04       		.byte	0x4
 834 0264 06       		.byte	0x6
 835 0265 9B       		.byte	0x9b
 836 0266 77020000 		.4byte	0x277
 837 026a 0B       		.uleb128 0xb
 838 026b 05030000 		.4byte	.LASF39
 839 026f 06       		.byte	0x6
 840 0270 9F       		.byte	0x9f
 841 0271 56000000 		.4byte	0x56
 842 0275 00       		.byte	0
 843 0276 00       		.byte	0
 844 0277 04       		.uleb128 0x4
 845 0278 3E010000 		.4byte	.LASF40
 846 027c 06       		.byte	0x6
 847 027d 7E       		.byte	0x7e
ARM GAS  /var/folders/qh/xwg3v3kj02qbxczjpdb8lzfr0000gn/T//ccFkemtY.s 			page 16


 848 027e 56000000 		.4byte	0x56
 849 0282 0D       		.uleb128 0xd
 850 0283 04       		.byte	0x4
 851 0284 E7010000 		.4byte	0x1e7
 852 0288 0E       		.uleb128 0xe
 853 0289 2D010000 		.4byte	.LASF56
 854 028d 01       		.byte	0x1
 855 028e 93       		.byte	0x93
 856 028f 01       		.byte	0x1
 857 0290 AB020000 		.4byte	0x2ab
 858 0294 0F       		.uleb128 0xf
 859 0295 1F000000 		.4byte	.LASF41
 860 0299 01       		.byte	0x1
 861 029a 93       		.byte	0x93
 862 029b AB020000 		.4byte	0x2ab
 863 029f 0F       		.uleb128 0xf
 864 02a0 4E030000 		.4byte	.LASF42
 865 02a4 01       		.byte	0x1
 866 02a5 93       		.byte	0x93
 867 02a6 B1020000 		.4byte	0x2b1
 868 02aa 00       		.byte	0
 869 02ab 0D       		.uleb128 0xd
 870 02ac 04       		.byte	0x4
 871 02ad F3010000 		.4byte	0x1f3
 872 02b1 0D       		.uleb128 0xd
 873 02b2 04       		.byte	0x4
 874 02b3 17020000 		.4byte	0x217
 875 02b7 10       		.uleb128 0x10
 876 02b8 32000000 		.4byte	.LASF43
 877 02bc 01       		.byte	0x1
 878 02bd 5D       		.byte	0x5d
 879 02be 00000000 		.4byte	.LFB40
 880 02c2 44000000 		.4byte	.LFE40-.LFB40
 881 02c6 01       		.uleb128 0x1
 882 02c7 9C       		.byte	0x9c
 883 02c8 DC020000 		.4byte	0x2dc
 884 02cc 11       		.uleb128 0x11
 885 02cd 24000000 		.4byte	.LASF49
 886 02d1 01       		.byte	0x1
 887 02d2 61       		.byte	0x61
 888 02d3 56000000 		.4byte	0x56
 889 02d7 00000000 		.4byte	.LLST0
 890 02db 00       		.byte	0
 891 02dc 10       		.uleb128 0x10
 892 02dd E0010000 		.4byte	.LASF44
 893 02e1 01       		.byte	0x1
 894 02e2 7E       		.byte	0x7e
 895 02e3 00000000 		.4byte	.LFB41
 896 02e7 44000000 		.4byte	.LFE41-.LFB41
 897 02eb 01       		.uleb128 0x1
 898 02ec 9C       		.byte	0x9c
 899 02ed 10030000 		.4byte	0x310
 900 02f1 12       		.uleb128 0x12
 901 02f2 1F000000 		.4byte	.LASF41
 902 02f6 01       		.byte	0x1
 903 02f7 7E       		.byte	0x7e
 904 02f8 AB020000 		.4byte	0x2ab
ARM GAS  /var/folders/qh/xwg3v3kj02qbxczjpdb8lzfr0000gn/T//ccFkemtY.s 			page 17


 905 02fc 25000000 		.4byte	.LLST1
 906 0300 12       		.uleb128 0x12
 907 0301 4E030000 		.4byte	.LASF42
 908 0305 01       		.byte	0x1
 909 0306 7E       		.byte	0x7e
 910 0307 10030000 		.4byte	0x310
 911 030b 46000000 		.4byte	.LLST2
 912 030f 00       		.byte	0
 913 0310 0D       		.uleb128 0xd
 914 0311 04       		.byte	0x4
 915 0312 16030000 		.4byte	0x316
 916 0316 13       		.uleb128 0x13
 917 0317 17020000 		.4byte	0x217
 918 031b 14       		.uleb128 0x14
 919 031c 88020000 		.4byte	0x288
 920 0320 00000000 		.4byte	.LFB42
 921 0324 1C000000 		.4byte	.LFE42-.LFB42
 922 0328 01       		.uleb128 0x1
 923 0329 9C       		.byte	0x9c
 924 032a 3F030000 		.4byte	0x33f
 925 032e 15       		.uleb128 0x15
 926 032f 94020000 		.4byte	0x294
 927 0333 72000000 		.4byte	.LLST3
 928 0337 16       		.uleb128 0x16
 929 0338 9F020000 		.4byte	0x29f
 930 033c 01       		.uleb128 0x1
 931 033d 51       		.byte	0x51
 932 033e 00       		.byte	0
 933 033f 10       		.uleb128 0x10
 934 0340 5D030000 		.4byte	.LASF45
 935 0344 01       		.byte	0x1
 936 0345 AD       		.byte	0xad
 937 0346 00000000 		.4byte	.LFB43
 938 034a 54000000 		.4byte	.LFE43-.LFB43
 939 034e 01       		.uleb128 0x1
 940 034f 9C       		.byte	0x9c
 941 0350 82030000 		.4byte	0x382
 942 0354 12       		.uleb128 0x12
 943 0355 1F000000 		.4byte	.LASF41
 944 0359 01       		.byte	0x1
 945 035a AD       		.byte	0xad
 946 035b AB020000 		.4byte	0x2ab
 947 035f 93000000 		.4byte	.LLST4
 948 0363 12       		.uleb128 0x12
 949 0364 61020000 		.4byte	.LASF46
 950 0368 01       		.byte	0x1
 951 0369 AE       		.byte	0xae
 952 036a 77020000 		.4byte	0x277
 953 036e D8000000 		.4byte	.LLST5
 954 0372 12       		.uleb128 0x12
 955 0373 F1010000 		.4byte	.LASF47
 956 0377 01       		.byte	0x1
 957 0378 AF       		.byte	0xaf
 958 0379 82030000 		.4byte	0x382
 959 037d 2B010000 		.4byte	.LLST6
 960 0381 00       		.byte	0
 961 0382 0D       		.uleb128 0xd
ARM GAS  /var/folders/qh/xwg3v3kj02qbxczjpdb8lzfr0000gn/T//ccFkemtY.s 			page 18


 962 0383 04       		.byte	0x4
 963 0384 88030000 		.4byte	0x388
 964 0388 13       		.uleb128 0x13
 965 0389 53020000 		.4byte	0x253
 966 038d 10       		.uleb128 0x10
 967 038e 2C030000 		.4byte	.LASF48
 968 0392 01       		.byte	0x1
 969 0393 D9       		.byte	0xd9
 970 0394 00000000 		.4byte	.LFB44
 971 0398 0C000000 		.4byte	.LFE44-.LFB44
 972 039c 01       		.uleb128 0x1
 973 039d 9C       		.byte	0x9c
 974 039e CA030000 		.4byte	0x3ca
 975 03a2 17       		.uleb128 0x17
 976 03a3 1F000000 		.4byte	.LASF41
 977 03a7 01       		.byte	0x1
 978 03a8 D9       		.byte	0xd9
 979 03a9 AB020000 		.4byte	0x2ab
 980 03ad 01       		.uleb128 0x1
 981 03ae 50       		.byte	0x50
 982 03af 17       		.uleb128 0x17
 983 03b0 61020000 		.4byte	.LASF46
 984 03b4 01       		.byte	0x1
 985 03b5 DA       		.byte	0xda
 986 03b6 77020000 		.4byte	0x277
 987 03ba 01       		.uleb128 0x1
 988 03bb 51       		.byte	0x51
 989 03bc 17       		.uleb128 0x17
 990 03bd F1010000 		.4byte	.LASF47
 991 03c1 01       		.byte	0x1
 992 03c2 DB       		.byte	0xdb
 993 03c3 CA030000 		.4byte	0x3ca
 994 03c7 01       		.uleb128 0x1
 995 03c8 52       		.byte	0x52
 996 03c9 00       		.byte	0
 997 03ca 0D       		.uleb128 0xd
 998 03cb 04       		.byte	0x4
 999 03cc 53020000 		.4byte	0x253
 1000 03d0 18       		.uleb128 0x18
 1001 03d1 17030000 		.4byte	.LASF57
 1002 03d5 01       		.byte	0x1
 1003 03d6 1D01     		.2byte	0x11d
 1004 03d8 56000000 		.4byte	0x56
 1005 03dc 00000000 		.4byte	.LFB45
 1006 03e0 D4000000 		.4byte	.LFE45-.LFB45
 1007 03e4 01       		.uleb128 0x1
 1008 03e5 9C       		.byte	0x9c
 1009 03e6 86040000 		.4byte	0x486
 1010 03ea 19       		.uleb128 0x19
 1011 03eb 1F000000 		.4byte	.LASF41
 1012 03ef 01       		.byte	0x1
 1013 03f0 1D01     		.2byte	0x11d
 1014 03f2 AB020000 		.4byte	0x2ab
 1015 03f6 7E010000 		.4byte	.LLST7
 1016 03fa 1A       		.uleb128 0x1a
 1017 03fb 3E030000 		.4byte	.LASF50
 1018 03ff 01       		.byte	0x1
ARM GAS  /var/folders/qh/xwg3v3kj02qbxczjpdb8lzfr0000gn/T//ccFkemtY.s 			page 19


 1019 0400 1E01     		.2byte	0x11e
 1020 0402 56000000 		.4byte	0x56
 1021 0406 9F010000 		.4byte	.LLST8
 1022 040a 1A       		.uleb128 0x1a
 1023 040b 4E030000 		.4byte	.LASF42
 1024 040f 01       		.byte	0x1
 1025 0410 1F01     		.2byte	0x11f
 1026 0412 17020000 		.4byte	0x217
 1027 0416 34020000 		.4byte	.LLST9
 1028 041a 1A       		.uleb128 0x1a
 1029 041b 46030000 		.4byte	.LASF37
 1030 041f 01       		.byte	0x1
 1031 0420 2001     		.2byte	0x120
 1032 0422 56000000 		.4byte	0x56
 1033 0426 80020000 		.4byte	.LLST10
 1034 042a 1A       		.uleb128 0x1a
 1035 042b AF020000 		.4byte	.LASF36
 1036 042f 01       		.byte	0x1
 1037 0430 2101     		.2byte	0x121
 1038 0432 56000000 		.4byte	0x56
 1039 0436 9E020000 		.4byte	.LLST11
 1040 043a 1B       		.uleb128 0x1b
 1041 043b 7600     		.ascii	"v\000"
 1042 043d 01       		.byte	0x1
 1043 043e 2201     		.2byte	0x122
 1044 0440 56000000 		.4byte	0x56
 1045 0444 B1020000 		.4byte	.LLST12
 1046 0448 1C       		.uleb128 0x1c
 1047 0449 88020000 		.4byte	0x288
 1048 044d 12000000 		.4byte	.LBB4
 1049 0451 0E000000 		.4byte	.LBE4-.LBB4
 1050 0455 01       		.byte	0x1
 1051 0456 2501     		.2byte	0x125
 1052 0458 73040000 		.4byte	0x473
 1053 045c 16       		.uleb128 0x16
 1054 045d 9F020000 		.4byte	0x29f
 1055 0461 06       		.uleb128 0x6
 1056 0462 F2       		.byte	0xf2
 1057 0463 0A040000 		.4byte	.Ldebug_info0+1034
 1058 0467 00       		.sleb128 0
 1059 0468 16       		.uleb128 0x16
 1060 0469 94020000 		.4byte	0x294
 1061 046d 04       		.uleb128 0x4
 1062 046e F3       		.byte	0xf3
 1063 046f 01       		.uleb128 0x1
 1064 0470 50       		.byte	0x50
 1065 0471 9F       		.byte	0x9f
 1066 0472 00       		.byte	0
 1067 0473 1D       		.uleb128 0x1d
 1068 0474 10000000 		.4byte	.LVL20
 1069 0478 97040000 		.4byte	0x497
 1070 047c 1D       		.uleb128 0x1d
 1071 047d 24000000 		.4byte	.LVL23
 1072 0481 9E040000 		.4byte	0x49e
 1073 0485 00       		.byte	0
 1074 0486 1E       		.uleb128 0x1e
 1075 0487 19000000 		.4byte	.LASF58
ARM GAS  /var/folders/qh/xwg3v3kj02qbxczjpdb8lzfr0000gn/T//ccFkemtY.s 			page 20


 1076 048b 01       		.byte	0x1
 1077 048c 2D       		.byte	0x2d
 1078 048d F3010000 		.4byte	0x1f3
 1079 0491 05       		.uleb128 0x5
 1080 0492 03       		.byte	0x3
 1081 0493 00000000 		.4byte	RTCD1
 1082 0497 1F       		.uleb128 0x1f
 1083 0498 1E020000 		.4byte	.LASF51
 1084 049c 07       		.byte	0x7
 1085 049d E0       		.byte	0xe0
 1086 049e 1F       		.uleb128 0x1f
 1087 049f FB010000 		.4byte	.LASF52
 1088 04a3 07       		.byte	0x7
 1089 04a4 E1       		.byte	0xe1
 1090 04a5 00       		.byte	0
 1091              		.section	.debug_abbrev,"",%progbits
 1092              	.Ldebug_abbrev0:
 1093 0000 01       		.uleb128 0x1
 1094 0001 11       		.uleb128 0x11
 1095 0002 01       		.byte	0x1
 1096 0003 25       		.uleb128 0x25
 1097 0004 0E       		.uleb128 0xe
 1098 0005 13       		.uleb128 0x13
 1099 0006 0B       		.uleb128 0xb
 1100 0007 03       		.uleb128 0x3
 1101 0008 0E       		.uleb128 0xe
 1102 0009 1B       		.uleb128 0x1b
 1103 000a 0E       		.uleb128 0xe
 1104 000b 55       		.uleb128 0x55
 1105 000c 17       		.uleb128 0x17
 1106 000d 11       		.uleb128 0x11
 1107 000e 01       		.uleb128 0x1
 1108 000f 10       		.uleb128 0x10
 1109 0010 17       		.uleb128 0x17
 1110 0011 00       		.byte	0
 1111 0012 00       		.byte	0
 1112 0013 02       		.uleb128 0x2
 1113 0014 24       		.uleb128 0x24
 1114 0015 00       		.byte	0
 1115 0016 0B       		.uleb128 0xb
 1116 0017 0B       		.uleb128 0xb
 1117 0018 3E       		.uleb128 0x3e
 1118 0019 0B       		.uleb128 0xb
 1119 001a 03       		.uleb128 0x3
 1120 001b 08       		.uleb128 0x8
 1121 001c 00       		.byte	0
 1122 001d 00       		.byte	0
 1123 001e 03       		.uleb128 0x3
 1124 001f 24       		.uleb128 0x24
 1125 0020 00       		.byte	0
 1126 0021 0B       		.uleb128 0xb
 1127 0022 0B       		.uleb128 0xb
 1128 0023 3E       		.uleb128 0x3e
 1129 0024 0B       		.uleb128 0xb
 1130 0025 03       		.uleb128 0x3
 1131 0026 0E       		.uleb128 0xe
 1132 0027 00       		.byte	0
ARM GAS  /var/folders/qh/xwg3v3kj02qbxczjpdb8lzfr0000gn/T//ccFkemtY.s 			page 21


 1133 0028 00       		.byte	0
 1134 0029 04       		.uleb128 0x4
 1135 002a 16       		.uleb128 0x16
 1136 002b 00       		.byte	0
 1137 002c 03       		.uleb128 0x3
 1138 002d 0E       		.uleb128 0xe
 1139 002e 3A       		.uleb128 0x3a
 1140 002f 0B       		.uleb128 0xb
 1141 0030 3B       		.uleb128 0x3b
 1142 0031 0B       		.uleb128 0xb
 1143 0032 49       		.uleb128 0x49
 1144 0033 13       		.uleb128 0x13
 1145 0034 00       		.byte	0
 1146 0035 00       		.byte	0
 1147 0036 05       		.uleb128 0x5
 1148 0037 35       		.uleb128 0x35
 1149 0038 00       		.byte	0
 1150 0039 49       		.uleb128 0x49
 1151 003a 13       		.uleb128 0x13
 1152 003b 00       		.byte	0
 1153 003c 00       		.byte	0
 1154 003d 06       		.uleb128 0x6
 1155 003e 13       		.uleb128 0x13
 1156 003f 01       		.byte	0x1
 1157 0040 0B       		.uleb128 0xb
 1158 0041 0B       		.uleb128 0xb
 1159 0042 3A       		.uleb128 0x3a
 1160 0043 0B       		.uleb128 0xb
 1161 0044 3B       		.uleb128 0x3b
 1162 0045 05       		.uleb128 0x5
 1163 0046 01       		.uleb128 0x1
 1164 0047 13       		.uleb128 0x13
 1165 0048 00       		.byte	0
 1166 0049 00       		.byte	0
 1167 004a 07       		.uleb128 0x7
 1168 004b 0D       		.uleb128 0xd
 1169 004c 00       		.byte	0
 1170 004d 03       		.uleb128 0x3
 1171 004e 08       		.uleb128 0x8
 1172 004f 3A       		.uleb128 0x3a
 1173 0050 0B       		.uleb128 0xb
 1174 0051 3B       		.uleb128 0x3b
 1175 0052 05       		.uleb128 0x5
 1176 0053 49       		.uleb128 0x49
 1177 0054 13       		.uleb128 0x13
 1178 0055 38       		.uleb128 0x38
 1179 0056 0B       		.uleb128 0xb
 1180 0057 00       		.byte	0
 1181 0058 00       		.byte	0
 1182 0059 08       		.uleb128 0x8
 1183 005a 0D       		.uleb128 0xd
 1184 005b 00       		.byte	0
 1185 005c 03       		.uleb128 0x3
 1186 005d 0E       		.uleb128 0xe
 1187 005e 3A       		.uleb128 0x3a
 1188 005f 0B       		.uleb128 0xb
 1189 0060 3B       		.uleb128 0x3b
ARM GAS  /var/folders/qh/xwg3v3kj02qbxczjpdb8lzfr0000gn/T//ccFkemtY.s 			page 22


 1190 0061 05       		.uleb128 0x5
 1191 0062 49       		.uleb128 0x49
 1192 0063 13       		.uleb128 0x13
 1193 0064 38       		.uleb128 0x38
 1194 0065 0B       		.uleb128 0xb
 1195 0066 00       		.byte	0
 1196 0067 00       		.byte	0
 1197 0068 09       		.uleb128 0x9
 1198 0069 16       		.uleb128 0x16
 1199 006a 00       		.byte	0
 1200 006b 03       		.uleb128 0x3
 1201 006c 0E       		.uleb128 0xe
 1202 006d 3A       		.uleb128 0x3a
 1203 006e 0B       		.uleb128 0xb
 1204 006f 3B       		.uleb128 0x3b
 1205 0070 05       		.uleb128 0x5
 1206 0071 49       		.uleb128 0x49
 1207 0072 13       		.uleb128 0x13
 1208 0073 00       		.byte	0
 1209 0074 00       		.byte	0
 1210 0075 0A       		.uleb128 0xa
 1211 0076 13       		.uleb128 0x13
 1212 0077 01       		.byte	0x1
 1213 0078 03       		.uleb128 0x3
 1214 0079 0E       		.uleb128 0xe
 1215 007a 0B       		.uleb128 0xb
 1216 007b 0B       		.uleb128 0xb
 1217 007c 3A       		.uleb128 0x3a
 1218 007d 0B       		.uleb128 0xb
 1219 007e 3B       		.uleb128 0x3b
 1220 007f 0B       		.uleb128 0xb
 1221 0080 01       		.uleb128 0x1
 1222 0081 13       		.uleb128 0x13
 1223 0082 00       		.byte	0
 1224 0083 00       		.byte	0
 1225 0084 0B       		.uleb128 0xb
 1226 0085 0D       		.uleb128 0xd
 1227 0086 00       		.byte	0
 1228 0087 03       		.uleb128 0x3
 1229 0088 0E       		.uleb128 0xe
 1230 0089 3A       		.uleb128 0x3a
 1231 008a 0B       		.uleb128 0xb
 1232 008b 3B       		.uleb128 0x3b
 1233 008c 0B       		.uleb128 0xb
 1234 008d 49       		.uleb128 0x49
 1235 008e 13       		.uleb128 0x13
 1236 008f 38       		.uleb128 0x38
 1237 0090 0B       		.uleb128 0xb
 1238 0091 00       		.byte	0
 1239 0092 00       		.byte	0
 1240 0093 0C       		.uleb128 0xc
 1241 0094 0D       		.uleb128 0xd
 1242 0095 00       		.byte	0
 1243 0096 03       		.uleb128 0x3
 1244 0097 08       		.uleb128 0x8
 1245 0098 3A       		.uleb128 0x3a
 1246 0099 0B       		.uleb128 0xb
ARM GAS  /var/folders/qh/xwg3v3kj02qbxczjpdb8lzfr0000gn/T//ccFkemtY.s 			page 23


 1247 009a 3B       		.uleb128 0x3b
 1248 009b 0B       		.uleb128 0xb
 1249 009c 49       		.uleb128 0x49
 1250 009d 13       		.uleb128 0x13
 1251 009e 38       		.uleb128 0x38
 1252 009f 0B       		.uleb128 0xb
 1253 00a0 00       		.byte	0
 1254 00a1 00       		.byte	0
 1255 00a2 0D       		.uleb128 0xd
 1256 00a3 0F       		.uleb128 0xf
 1257 00a4 00       		.byte	0
 1258 00a5 0B       		.uleb128 0xb
 1259 00a6 0B       		.uleb128 0xb
 1260 00a7 49       		.uleb128 0x49
 1261 00a8 13       		.uleb128 0x13
 1262 00a9 00       		.byte	0
 1263 00aa 00       		.byte	0
 1264 00ab 0E       		.uleb128 0xe
 1265 00ac 2E       		.uleb128 0x2e
 1266 00ad 01       		.byte	0x1
 1267 00ae 3F       		.uleb128 0x3f
 1268 00af 19       		.uleb128 0x19
 1269 00b0 03       		.uleb128 0x3
 1270 00b1 0E       		.uleb128 0xe
 1271 00b2 3A       		.uleb128 0x3a
 1272 00b3 0B       		.uleb128 0xb
 1273 00b4 3B       		.uleb128 0x3b
 1274 00b5 0B       		.uleb128 0xb
 1275 00b6 27       		.uleb128 0x27
 1276 00b7 19       		.uleb128 0x19
 1277 00b8 20       		.uleb128 0x20
 1278 00b9 0B       		.uleb128 0xb
 1279 00ba 01       		.uleb128 0x1
 1280 00bb 13       		.uleb128 0x13
 1281 00bc 00       		.byte	0
 1282 00bd 00       		.byte	0
 1283 00be 0F       		.uleb128 0xf
 1284 00bf 05       		.uleb128 0x5
 1285 00c0 00       		.byte	0
 1286 00c1 03       		.uleb128 0x3
 1287 00c2 0E       		.uleb128 0xe
 1288 00c3 3A       		.uleb128 0x3a
 1289 00c4 0B       		.uleb128 0xb
 1290 00c5 3B       		.uleb128 0x3b
 1291 00c6 0B       		.uleb128 0xb
 1292 00c7 49       		.uleb128 0x49
 1293 00c8 13       		.uleb128 0x13
 1294 00c9 00       		.byte	0
 1295 00ca 00       		.byte	0
 1296 00cb 10       		.uleb128 0x10
 1297 00cc 2E       		.uleb128 0x2e
 1298 00cd 01       		.byte	0x1
 1299 00ce 3F       		.uleb128 0x3f
 1300 00cf 19       		.uleb128 0x19
 1301 00d0 03       		.uleb128 0x3
 1302 00d1 0E       		.uleb128 0xe
 1303 00d2 3A       		.uleb128 0x3a
ARM GAS  /var/folders/qh/xwg3v3kj02qbxczjpdb8lzfr0000gn/T//ccFkemtY.s 			page 24


 1304 00d3 0B       		.uleb128 0xb
 1305 00d4 3B       		.uleb128 0x3b
 1306 00d5 0B       		.uleb128 0xb
 1307 00d6 27       		.uleb128 0x27
 1308 00d7 19       		.uleb128 0x19
 1309 00d8 11       		.uleb128 0x11
 1310 00d9 01       		.uleb128 0x1
 1311 00da 12       		.uleb128 0x12
 1312 00db 06       		.uleb128 0x6
 1313 00dc 40       		.uleb128 0x40
 1314 00dd 18       		.uleb128 0x18
 1315 00de 9742     		.uleb128 0x2117
 1316 00e0 19       		.uleb128 0x19
 1317 00e1 01       		.uleb128 0x1
 1318 00e2 13       		.uleb128 0x13
 1319 00e3 00       		.byte	0
 1320 00e4 00       		.byte	0
 1321 00e5 11       		.uleb128 0x11
 1322 00e6 34       		.uleb128 0x34
 1323 00e7 00       		.byte	0
 1324 00e8 03       		.uleb128 0x3
 1325 00e9 0E       		.uleb128 0xe
 1326 00ea 3A       		.uleb128 0x3a
 1327 00eb 0B       		.uleb128 0xb
 1328 00ec 3B       		.uleb128 0x3b
 1329 00ed 0B       		.uleb128 0xb
 1330 00ee 49       		.uleb128 0x49
 1331 00ef 13       		.uleb128 0x13
 1332 00f0 02       		.uleb128 0x2
 1333 00f1 17       		.uleb128 0x17
 1334 00f2 00       		.byte	0
 1335 00f3 00       		.byte	0
 1336 00f4 12       		.uleb128 0x12
 1337 00f5 05       		.uleb128 0x5
 1338 00f6 00       		.byte	0
 1339 00f7 03       		.uleb128 0x3
 1340 00f8 0E       		.uleb128 0xe
 1341 00f9 3A       		.uleb128 0x3a
 1342 00fa 0B       		.uleb128 0xb
 1343 00fb 3B       		.uleb128 0x3b
 1344 00fc 0B       		.uleb128 0xb
 1345 00fd 49       		.uleb128 0x49
 1346 00fe 13       		.uleb128 0x13
 1347 00ff 02       		.uleb128 0x2
 1348 0100 17       		.uleb128 0x17
 1349 0101 00       		.byte	0
 1350 0102 00       		.byte	0
 1351 0103 13       		.uleb128 0x13
 1352 0104 26       		.uleb128 0x26
 1353 0105 00       		.byte	0
 1354 0106 49       		.uleb128 0x49
 1355 0107 13       		.uleb128 0x13
 1356 0108 00       		.byte	0
 1357 0109 00       		.byte	0
 1358 010a 14       		.uleb128 0x14
 1359 010b 2E       		.uleb128 0x2e
 1360 010c 01       		.byte	0x1
ARM GAS  /var/folders/qh/xwg3v3kj02qbxczjpdb8lzfr0000gn/T//ccFkemtY.s 			page 25


 1361 010d 31       		.uleb128 0x31
 1362 010e 13       		.uleb128 0x13
 1363 010f 11       		.uleb128 0x11
 1364 0110 01       		.uleb128 0x1
 1365 0111 12       		.uleb128 0x12
 1366 0112 06       		.uleb128 0x6
 1367 0113 40       		.uleb128 0x40
 1368 0114 18       		.uleb128 0x18
 1369 0115 9742     		.uleb128 0x2117
 1370 0117 19       		.uleb128 0x19
 1371 0118 01       		.uleb128 0x1
 1372 0119 13       		.uleb128 0x13
 1373 011a 00       		.byte	0
 1374 011b 00       		.byte	0
 1375 011c 15       		.uleb128 0x15
 1376 011d 05       		.uleb128 0x5
 1377 011e 00       		.byte	0
 1378 011f 31       		.uleb128 0x31
 1379 0120 13       		.uleb128 0x13
 1380 0121 02       		.uleb128 0x2
 1381 0122 17       		.uleb128 0x17
 1382 0123 00       		.byte	0
 1383 0124 00       		.byte	0
 1384 0125 16       		.uleb128 0x16
 1385 0126 05       		.uleb128 0x5
 1386 0127 00       		.byte	0
 1387 0128 31       		.uleb128 0x31
 1388 0129 13       		.uleb128 0x13
 1389 012a 02       		.uleb128 0x2
 1390 012b 18       		.uleb128 0x18
 1391 012c 00       		.byte	0
 1392 012d 00       		.byte	0
 1393 012e 17       		.uleb128 0x17
 1394 012f 05       		.uleb128 0x5
 1395 0130 00       		.byte	0
 1396 0131 03       		.uleb128 0x3
 1397 0132 0E       		.uleb128 0xe
 1398 0133 3A       		.uleb128 0x3a
 1399 0134 0B       		.uleb128 0xb
 1400 0135 3B       		.uleb128 0x3b
 1401 0136 0B       		.uleb128 0xb
 1402 0137 49       		.uleb128 0x49
 1403 0138 13       		.uleb128 0x13
 1404 0139 02       		.uleb128 0x2
 1405 013a 18       		.uleb128 0x18
 1406 013b 00       		.byte	0
 1407 013c 00       		.byte	0
 1408 013d 18       		.uleb128 0x18
 1409 013e 2E       		.uleb128 0x2e
 1410 013f 01       		.byte	0x1
 1411 0140 3F       		.uleb128 0x3f
 1412 0141 19       		.uleb128 0x19
 1413 0142 03       		.uleb128 0x3
 1414 0143 0E       		.uleb128 0xe
 1415 0144 3A       		.uleb128 0x3a
 1416 0145 0B       		.uleb128 0xb
 1417 0146 3B       		.uleb128 0x3b
ARM GAS  /var/folders/qh/xwg3v3kj02qbxczjpdb8lzfr0000gn/T//ccFkemtY.s 			page 26


 1418 0147 05       		.uleb128 0x5
 1419 0148 27       		.uleb128 0x27
 1420 0149 19       		.uleb128 0x19
 1421 014a 49       		.uleb128 0x49
 1422 014b 13       		.uleb128 0x13
 1423 014c 11       		.uleb128 0x11
 1424 014d 01       		.uleb128 0x1
 1425 014e 12       		.uleb128 0x12
 1426 014f 06       		.uleb128 0x6
 1427 0150 40       		.uleb128 0x40
 1428 0151 18       		.uleb128 0x18
 1429 0152 9742     		.uleb128 0x2117
 1430 0154 19       		.uleb128 0x19
 1431 0155 01       		.uleb128 0x1
 1432 0156 13       		.uleb128 0x13
 1433 0157 00       		.byte	0
 1434 0158 00       		.byte	0
 1435 0159 19       		.uleb128 0x19
 1436 015a 05       		.uleb128 0x5
 1437 015b 00       		.byte	0
 1438 015c 03       		.uleb128 0x3
 1439 015d 0E       		.uleb128 0xe
 1440 015e 3A       		.uleb128 0x3a
 1441 015f 0B       		.uleb128 0xb
 1442 0160 3B       		.uleb128 0x3b
 1443 0161 05       		.uleb128 0x5
 1444 0162 49       		.uleb128 0x49
 1445 0163 13       		.uleb128 0x13
 1446 0164 02       		.uleb128 0x2
 1447 0165 17       		.uleb128 0x17
 1448 0166 00       		.byte	0
 1449 0167 00       		.byte	0
 1450 0168 1A       		.uleb128 0x1a
 1451 0169 34       		.uleb128 0x34
 1452 016a 00       		.byte	0
 1453 016b 03       		.uleb128 0x3
 1454 016c 0E       		.uleb128 0xe
 1455 016d 3A       		.uleb128 0x3a
 1456 016e 0B       		.uleb128 0xb
 1457 016f 3B       		.uleb128 0x3b
 1458 0170 05       		.uleb128 0x5
 1459 0171 49       		.uleb128 0x49
 1460 0172 13       		.uleb128 0x13
 1461 0173 02       		.uleb128 0x2
 1462 0174 17       		.uleb128 0x17
 1463 0175 00       		.byte	0
 1464 0176 00       		.byte	0
 1465 0177 1B       		.uleb128 0x1b
 1466 0178 34       		.uleb128 0x34
 1467 0179 00       		.byte	0
 1468 017a 03       		.uleb128 0x3
 1469 017b 08       		.uleb128 0x8
 1470 017c 3A       		.uleb128 0x3a
 1471 017d 0B       		.uleb128 0xb
 1472 017e 3B       		.uleb128 0x3b
 1473 017f 05       		.uleb128 0x5
 1474 0180 49       		.uleb128 0x49
ARM GAS  /var/folders/qh/xwg3v3kj02qbxczjpdb8lzfr0000gn/T//ccFkemtY.s 			page 27


 1475 0181 13       		.uleb128 0x13
 1476 0182 02       		.uleb128 0x2
 1477 0183 17       		.uleb128 0x17
 1478 0184 00       		.byte	0
 1479 0185 00       		.byte	0
 1480 0186 1C       		.uleb128 0x1c
 1481 0187 1D       		.uleb128 0x1d
 1482 0188 01       		.byte	0x1
 1483 0189 31       		.uleb128 0x31
 1484 018a 13       		.uleb128 0x13
 1485 018b 11       		.uleb128 0x11
 1486 018c 01       		.uleb128 0x1
 1487 018d 12       		.uleb128 0x12
 1488 018e 06       		.uleb128 0x6
 1489 018f 58       		.uleb128 0x58
 1490 0190 0B       		.uleb128 0xb
 1491 0191 59       		.uleb128 0x59
 1492 0192 05       		.uleb128 0x5
 1493 0193 01       		.uleb128 0x1
 1494 0194 13       		.uleb128 0x13
 1495 0195 00       		.byte	0
 1496 0196 00       		.byte	0
 1497 0197 1D       		.uleb128 0x1d
 1498 0198 898201   		.uleb128 0x4109
 1499 019b 00       		.byte	0
 1500 019c 11       		.uleb128 0x11
 1501 019d 01       		.uleb128 0x1
 1502 019e 31       		.uleb128 0x31
 1503 019f 13       		.uleb128 0x13
 1504 01a0 00       		.byte	0
 1505 01a1 00       		.byte	0
 1506 01a2 1E       		.uleb128 0x1e
 1507 01a3 34       		.uleb128 0x34
 1508 01a4 00       		.byte	0
 1509 01a5 03       		.uleb128 0x3
 1510 01a6 0E       		.uleb128 0xe
 1511 01a7 3A       		.uleb128 0x3a
 1512 01a8 0B       		.uleb128 0xb
 1513 01a9 3B       		.uleb128 0x3b
 1514 01aa 0B       		.uleb128 0xb
 1515 01ab 49       		.uleb128 0x49
 1516 01ac 13       		.uleb128 0x13
 1517 01ad 3F       		.uleb128 0x3f
 1518 01ae 19       		.uleb128 0x19
 1519 01af 02       		.uleb128 0x2
 1520 01b0 18       		.uleb128 0x18
 1521 01b1 00       		.byte	0
 1522 01b2 00       		.byte	0
 1523 01b3 1F       		.uleb128 0x1f
 1524 01b4 2E       		.uleb128 0x2e
 1525 01b5 00       		.byte	0
 1526 01b6 3F       		.uleb128 0x3f
 1527 01b7 19       		.uleb128 0x19
 1528 01b8 03       		.uleb128 0x3
 1529 01b9 0E       		.uleb128 0xe
 1530 01ba 3A       		.uleb128 0x3a
 1531 01bb 0B       		.uleb128 0xb
ARM GAS  /var/folders/qh/xwg3v3kj02qbxczjpdb8lzfr0000gn/T//ccFkemtY.s 			page 28


 1532 01bc 3B       		.uleb128 0x3b
 1533 01bd 0B       		.uleb128 0xb
 1534 01be 27       		.uleb128 0x27
 1535 01bf 19       		.uleb128 0x19
 1536 01c0 3C       		.uleb128 0x3c
 1537 01c1 19       		.uleb128 0x19
 1538 01c2 00       		.byte	0
 1539 01c3 00       		.byte	0
 1540 01c4 00       		.byte	0
 1541              		.section	.debug_loc,"",%progbits
 1542              	.Ldebug_loc0:
 1543              	.LLST0:
 1544 0000 06000000 		.4byte	.LVL0
 1545 0004 26000000 		.4byte	.LVL1
 1546 0008 0300     		.2byte	0x3
 1547 000a 08       		.byte	0x8
 1548 000b 7F       		.byte	0x7f
 1549 000c 9F       		.byte	0x9f
 1550 000d 26000000 		.4byte	.LVL1
 1551 0011 34000000 		.4byte	.LVL2
 1552 0015 0600     		.2byte	0x6
 1553 0017 0C       		.byte	0xc
 1554 0018 37017F00 		.4byte	0x7f0137
 1555 001c 9F       		.byte	0x9f
 1556 001d 00000000 		.4byte	0
 1557 0021 00000000 		.4byte	0
 1558              	.LLST1:
 1559 0025 00000000 		.4byte	.LVL3
 1560 0029 0A000000 		.4byte	.LVL4
 1561 002d 0100     		.2byte	0x1
 1562 002f 50       		.byte	0x50
 1563 0030 0A000000 		.4byte	.LVL4
 1564 0034 44000000 		.4byte	.LFE41
 1565 0038 0400     		.2byte	0x4
 1566 003a F3       		.byte	0xf3
 1567 003b 01       		.uleb128 0x1
 1568 003c 50       		.byte	0x50
 1569 003d 9F       		.byte	0x9f
 1570 003e 00000000 		.4byte	0
 1571 0042 00000000 		.4byte	0
 1572              	.LLST2:
 1573 0046 00000000 		.4byte	.LVL3
 1574 004a 2C000000 		.4byte	.LVL5
 1575 004e 0100     		.2byte	0x1
 1576 0050 51       		.byte	0x51
 1577 0051 2C000000 		.4byte	.LVL5
 1578 0055 36000000 		.4byte	.LVL6
 1579 0059 0400     		.2byte	0x4
 1580 005b F3       		.byte	0xf3
 1581 005c 01       		.uleb128 0x1
 1582 005d 51       		.byte	0x51
 1583 005e 9F       		.byte	0x9f
 1584 005f 36000000 		.4byte	.LVL6
 1585 0063 44000000 		.4byte	.LFE41
 1586 0067 0100     		.2byte	0x1
 1587 0069 51       		.byte	0x51
 1588 006a 00000000 		.4byte	0
ARM GAS  /var/folders/qh/xwg3v3kj02qbxczjpdb8lzfr0000gn/T//ccFkemtY.s 			page 29


 1589 006e 00000000 		.4byte	0
 1590              	.LLST3:
 1591 0072 00000000 		.4byte	.LVL7
 1592 0076 04000000 		.4byte	.LVL8
 1593 007a 0100     		.2byte	0x1
 1594 007c 50       		.byte	0x50
 1595 007d 04000000 		.4byte	.LVL8
 1596 0081 1C000000 		.4byte	.LFE42
 1597 0085 0400     		.2byte	0x4
 1598 0087 F3       		.byte	0xf3
 1599 0088 01       		.uleb128 0x1
 1600 0089 50       		.byte	0x50
 1601 008a 9F       		.byte	0x9f
 1602 008b 00000000 		.4byte	0
 1603 008f 00000000 		.4byte	0
 1604              	.LLST4:
 1605 0093 00000000 		.4byte	.LVL9
 1606 0097 04000000 		.4byte	.LVL10
 1607 009b 0100     		.2byte	0x1
 1608 009d 50       		.byte	0x50
 1609 009e 04000000 		.4byte	.LVL10
 1610 00a2 06000000 		.4byte	.LVL11
 1611 00a6 0400     		.2byte	0x4
 1612 00a8 F3       		.byte	0xf3
 1613 00a9 01       		.uleb128 0x1
 1614 00aa 50       		.byte	0x50
 1615 00ab 9F       		.byte	0x9f
 1616 00ac 06000000 		.4byte	.LVL11
 1617 00b0 10000000 		.4byte	.LVL13
 1618 00b4 0100     		.2byte	0x1
 1619 00b6 50       		.byte	0x50
 1620 00b7 10000000 		.4byte	.LVL13
 1621 00bb 36000000 		.4byte	.LVL15
 1622 00bf 0400     		.2byte	0x4
 1623 00c1 F3       		.byte	0xf3
 1624 00c2 01       		.uleb128 0x1
 1625 00c3 50       		.byte	0x50
 1626 00c4 9F       		.byte	0x9f
 1627 00c5 36000000 		.4byte	.LVL15
 1628 00c9 54000000 		.4byte	.LFE43
 1629 00cd 0100     		.2byte	0x1
 1630 00cf 50       		.byte	0x50
 1631 00d0 00000000 		.4byte	0
 1632 00d4 00000000 		.4byte	0
 1633              	.LLST5:
 1634 00d8 00000000 		.4byte	.LVL9
 1635 00dc 04000000 		.4byte	.LVL10
 1636 00e0 0100     		.2byte	0x1
 1637 00e2 51       		.byte	0x51
 1638 00e3 04000000 		.4byte	.LVL10
 1639 00e7 06000000 		.4byte	.LVL11
 1640 00eb 0400     		.2byte	0x4
 1641 00ed F3       		.byte	0xf3
 1642 00ee 01       		.uleb128 0x1
 1643 00ef 51       		.byte	0x51
 1644 00f0 9F       		.byte	0x9f
 1645 00f1 06000000 		.4byte	.LVL11
ARM GAS  /var/folders/qh/xwg3v3kj02qbxczjpdb8lzfr0000gn/T//ccFkemtY.s 			page 30


 1646 00f5 0C000000 		.4byte	.LVL12
 1647 00f9 0100     		.2byte	0x1
 1648 00fb 51       		.byte	0x51
 1649 00fc 0C000000 		.4byte	.LVL12
 1650 0100 36000000 		.4byte	.LVL15
 1651 0104 0400     		.2byte	0x4
 1652 0106 F3       		.byte	0xf3
 1653 0107 01       		.uleb128 0x1
 1654 0108 51       		.byte	0x51
 1655 0109 9F       		.byte	0x9f
 1656 010a 36000000 		.4byte	.LVL15
 1657 010e 3C000000 		.4byte	.LVL17
 1658 0112 0100     		.2byte	0x1
 1659 0114 51       		.byte	0x51
 1660 0115 3C000000 		.4byte	.LVL17
 1661 0119 54000000 		.4byte	.LFE43
 1662 011d 0400     		.2byte	0x4
 1663 011f F3       		.byte	0xf3
 1664 0120 01       		.uleb128 0x1
 1665 0121 51       		.byte	0x51
 1666 0122 9F       		.byte	0x9f
 1667 0123 00000000 		.4byte	0
 1668 0127 00000000 		.4byte	0
 1669              	.LLST6:
 1670 012b 00000000 		.4byte	.LVL9
 1671 012f 04000000 		.4byte	.LVL10
 1672 0133 0100     		.2byte	0x1
 1673 0135 52       		.byte	0x52
 1674 0136 04000000 		.4byte	.LVL10
 1675 013a 06000000 		.4byte	.LVL11
 1676 013e 0400     		.2byte	0x4
 1677 0140 F3       		.byte	0xf3
 1678 0141 01       		.uleb128 0x1
 1679 0142 52       		.byte	0x52
 1680 0143 9F       		.byte	0x9f
 1681 0144 06000000 		.4byte	.LVL11
 1682 0148 22000000 		.4byte	.LVL14
 1683 014c 0100     		.2byte	0x1
 1684 014e 52       		.byte	0x52
 1685 014f 22000000 		.4byte	.LVL14
 1686 0153 36000000 		.4byte	.LVL15
 1687 0157 0400     		.2byte	0x4
 1688 0159 F3       		.byte	0xf3
 1689 015a 01       		.uleb128 0x1
 1690 015b 52       		.byte	0x52
 1691 015c 9F       		.byte	0x9f
 1692 015d 36000000 		.4byte	.LVL15
 1693 0161 3A000000 		.4byte	.LVL16
 1694 0165 0100     		.2byte	0x1
 1695 0167 52       		.byte	0x52
 1696 0168 3A000000 		.4byte	.LVL16
 1697 016c 54000000 		.4byte	.LFE43
 1698 0170 0400     		.2byte	0x4
 1699 0172 F3       		.byte	0xf3
 1700 0173 01       		.uleb128 0x1
 1701 0174 52       		.byte	0x52
 1702 0175 9F       		.byte	0x9f
ARM GAS  /var/folders/qh/xwg3v3kj02qbxczjpdb8lzfr0000gn/T//ccFkemtY.s 			page 31


 1703 0176 00000000 		.4byte	0
 1704 017a 00000000 		.4byte	0
 1705              	.LLST7:
 1706 017e 00000000 		.4byte	.LVL19
 1707 0182 0F000000 		.4byte	.LVL20-1
 1708 0186 0100     		.2byte	0x1
 1709 0188 50       		.byte	0x50
 1710 0189 0F000000 		.4byte	.LVL20-1
 1711 018d D4000000 		.4byte	.LFE45
 1712 0191 0400     		.2byte	0x4
 1713 0193 F3       		.byte	0xf3
 1714 0194 01       		.uleb128 0x1
 1715 0195 50       		.byte	0x50
 1716 0196 9F       		.byte	0x9f
 1717 0197 00000000 		.4byte	0
 1718 019b 00000000 		.4byte	0
 1719              	.LLST8:
 1720 019f 40000000 		.4byte	.LVL26
 1721 01a3 42000000 		.4byte	.LVL27
 1722 01a7 0100     		.2byte	0x1
 1723 01a9 50       		.byte	0x50
 1724 01aa 42000000 		.4byte	.LVL27
 1725 01ae 5E000000 		.4byte	.LVL29
 1726 01b2 0100     		.2byte	0x1
 1727 01b4 5A       		.byte	0x5a
 1728 01b5 5E000000 		.4byte	.LVL29
 1729 01b9 60000000 		.4byte	.LVL30
 1730 01bd 1300     		.2byte	0x13
 1731 01bf 74       		.byte	0x74
 1732 01c0 00       		.sleb128 0
 1733 01c1 0A       		.byte	0xa
 1734 01c2 0070     		.2byte	0x7000
 1735 01c4 1A       		.byte	0x1a
 1736 01c5 3C       		.byte	0x3c
 1737 01c6 25       		.byte	0x25
 1738 01c7 3A       		.byte	0x3a
 1739 01c8 1E       		.byte	0x1e
 1740 01c9 73       		.byte	0x73
 1741 01ca 00       		.sleb128 0
 1742 01cb 22       		.byte	0x22
 1743 01cc 35       		.byte	0x35
 1744 01cd 24       		.byte	0x24
 1745 01ce 7A       		.byte	0x7a
 1746 01cf 00       		.sleb128 0
 1747 01d0 21       		.byte	0x21
 1748 01d1 9F       		.byte	0x9f
 1749 01d2 60000000 		.4byte	.LVL30
 1750 01d6 68000000 		.4byte	.LVL31
 1751 01da 1300     		.2byte	0x13
 1752 01dc 74       		.byte	0x74
 1753 01dd 00       		.sleb128 0
 1754 01de 0A       		.byte	0xa
 1755 01df 0070     		.2byte	0x7000
 1756 01e1 1A       		.byte	0x1a
 1757 01e2 3C       		.byte	0x3c
 1758 01e3 25       		.byte	0x25
 1759 01e4 3A       		.byte	0x3a
ARM GAS  /var/folders/qh/xwg3v3kj02qbxczjpdb8lzfr0000gn/T//ccFkemtY.s 			page 32


 1760 01e5 1E       		.byte	0x1e
 1761 01e6 7C       		.byte	0x7c
 1762 01e7 00       		.sleb128 0
 1763 01e8 22       		.byte	0x22
 1764 01e9 35       		.byte	0x35
 1765 01ea 24       		.byte	0x24
 1766 01eb 7A       		.byte	0x7a
 1767 01ec 00       		.sleb128 0
 1768 01ed 21       		.byte	0x21
 1769 01ee 9F       		.byte	0x9f
 1770 01ef 68000000 		.4byte	.LVL31
 1771 01f3 70000000 		.4byte	.LVL32
 1772 01f7 1300     		.2byte	0x13
 1773 01f9 77       		.byte	0x77
 1774 01fa 00       		.sleb128 0
 1775 01fb 0A       		.byte	0xa
 1776 01fc 0070     		.2byte	0x7000
 1777 01fe 1A       		.byte	0x1a
 1778 01ff 3C       		.byte	0x3c
 1779 0200 25       		.byte	0x25
 1780 0201 3A       		.byte	0x3a
 1781 0202 1E       		.byte	0x1e
 1782 0203 7C       		.byte	0x7c
 1783 0204 00       		.sleb128 0
 1784 0205 22       		.byte	0x22
 1785 0206 35       		.byte	0x35
 1786 0207 24       		.byte	0x24
 1787 0208 7A       		.byte	0x7a
 1788 0209 00       		.sleb128 0
 1789 020a 21       		.byte	0x21
 1790 020b 9F       		.byte	0x9f
 1791 020c BE000000 		.4byte	.LVL35
 1792 0210 C4000000 		.4byte	.LVL36
 1793 0214 0B00     		.2byte	0xb
 1794 0216 76       		.byte	0x76
 1795 0217 00       		.sleb128 0
 1796 0218 77       		.byte	0x77
 1797 0219 00       		.sleb128 0
 1798 021a 22       		.byte	0x22
 1799 021b 3B       		.byte	0x3b
 1800 021c 24       		.byte	0x24
 1801 021d 70       		.byte	0x70
 1802 021e 00       		.sleb128 0
 1803 021f 21       		.byte	0x21
 1804 0220 9F       		.byte	0x9f
 1805 0221 C4000000 		.4byte	.LVL36
 1806 0225 D4000000 		.4byte	.LFE45
 1807 0229 0100     		.2byte	0x1
 1808 022b 50       		.byte	0x50
 1809 022c 00000000 		.4byte	0
 1810 0230 00000000 		.4byte	0
 1811              	.LLST9:
 1812 0234 1E000000 		.4byte	.LVL21
 1813 0238 20000000 		.4byte	.LVL22
 1814 023c 0700     		.2byte	0x7
 1815 023e 93       		.byte	0x93
 1816 023f 04       		.uleb128 0x4
ARM GAS  /var/folders/qh/xwg3v3kj02qbxczjpdb8lzfr0000gn/T//ccFkemtY.s 			page 33


 1817 0240 54       		.byte	0x54
 1818 0241 93       		.byte	0x93
 1819 0242 04       		.uleb128 0x4
 1820 0243 93       		.byte	0x93
 1821 0244 04       		.uleb128 0x4
 1822 0245 20000000 		.4byte	.LVL22
 1823 0249 68000000 		.4byte	.LVL31
 1824 024d 0800     		.2byte	0x8
 1825 024f 55       		.byte	0x55
 1826 0250 93       		.byte	0x93
 1827 0251 04       		.uleb128 0x4
 1828 0252 54       		.byte	0x54
 1829 0253 93       		.byte	0x93
 1830 0254 04       		.uleb128 0x4
 1831 0255 93       		.byte	0x93
 1832 0256 04       		.uleb128 0x4
 1833 0257 68000000 		.4byte	.LVL31
 1834 025b 70000000 		.4byte	.LVL32
 1835 025f 0800     		.2byte	0x8
 1836 0261 55       		.byte	0x55
 1837 0262 93       		.byte	0x93
 1838 0263 04       		.uleb128 0x4
 1839 0264 57       		.byte	0x57
 1840 0265 93       		.byte	0x93
 1841 0266 04       		.uleb128 0x4
 1842 0267 93       		.byte	0x93
 1843 0268 04       		.uleb128 0x4
 1844 0269 70000000 		.4byte	.LVL32
 1845 026d A8000000 		.4byte	.LVL33
 1846 0271 0500     		.2byte	0x5
 1847 0273 55       		.byte	0x55
 1848 0274 93       		.byte	0x93
 1849 0275 04       		.uleb128 0x4
 1850 0276 93       		.byte	0x93
 1851 0277 08       		.uleb128 0x8
 1852 0278 00000000 		.4byte	0
 1853 027c 00000000 		.4byte	0
 1854              	.LLST10:
 1855 0280 26000000 		.4byte	.LVL24
 1856 0284 68000000 		.4byte	.LVL31
 1857 0288 0100     		.2byte	0x1
 1858 028a 54       		.byte	0x54
 1859 028b 68000000 		.4byte	.LVL31
 1860 028f 70000000 		.4byte	.LVL32
 1861 0293 0100     		.2byte	0x1
 1862 0295 57       		.byte	0x57
 1863 0296 00000000 		.4byte	0
 1864 029a 00000000 		.4byte	0
 1865              	.LLST11:
 1866 029e 26000000 		.4byte	.LVL24
 1867 02a2 A8000000 		.4byte	.LVL33
 1868 02a6 0100     		.2byte	0x1
 1869 02a8 55       		.byte	0x55
 1870 02a9 00000000 		.4byte	0
 1871 02ad 00000000 		.4byte	0
 1872              	.LLST12:
 1873 02b1 34000000 		.4byte	.LVL25
ARM GAS  /var/folders/qh/xwg3v3kj02qbxczjpdb8lzfr0000gn/T//ccFkemtY.s 			page 34


 1874 02b5 4A000000 		.4byte	.LVL28
 1875 02b9 0D00     		.2byte	0xd
 1876 02bb 74       		.byte	0x74
 1877 02bc 00       		.sleb128 0
 1878 02bd 08       		.byte	0x8
 1879 02be 70       		.byte	0x70
 1880 02bf 1A       		.byte	0x1a
 1881 02c0 34       		.byte	0x34
 1882 02c1 25       		.byte	0x25
 1883 02c2 3A       		.byte	0x3a
 1884 02c3 1E       		.byte	0x1e
 1885 02c4 72       		.byte	0x72
 1886 02c5 00       		.sleb128 0
 1887 02c6 22       		.byte	0x22
 1888 02c7 9F       		.byte	0x9f
 1889 02c8 4A000000 		.4byte	.LVL28
 1890 02cc 5E000000 		.4byte	.LVL29
 1891 02d0 1000     		.2byte	0x10
 1892 02d2 74       		.byte	0x74
 1893 02d3 00       		.sleb128 0
 1894 02d4 08       		.byte	0x8
 1895 02d5 70       		.byte	0x70
 1896 02d6 1A       		.byte	0x1a
 1897 02d7 34       		.byte	0x34
 1898 02d8 25       		.byte	0x25
 1899 02d9 3A       		.byte	0x3a
 1900 02da 1E       		.byte	0x1e
 1901 02db 71       		.byte	0x71
 1902 02dc 00       		.sleb128 0
 1903 02dd 74       		.byte	0x74
 1904 02de 00       		.sleb128 0
 1905 02df 1A       		.byte	0x1a
 1906 02e0 22       		.byte	0x22
 1907 02e1 9F       		.byte	0x9f
 1908 02e2 5E000000 		.4byte	.LVL29
 1909 02e6 60000000 		.4byte	.LVL30
 1910 02ea 0E00     		.2byte	0xe
 1911 02ec 74       		.byte	0x74
 1912 02ed 00       		.sleb128 0
 1913 02ee 0A       		.byte	0xa
 1914 02ef 0070     		.2byte	0x7000
 1915 02f1 1A       		.byte	0x1a
 1916 02f2 3C       		.byte	0x3c
 1917 02f3 25       		.byte	0x25
 1918 02f4 3A       		.byte	0x3a
 1919 02f5 1E       		.byte	0x1e
 1920 02f6 73       		.byte	0x73
 1921 02f7 00       		.sleb128 0
 1922 02f8 22       		.byte	0x22
 1923 02f9 9F       		.byte	0x9f
 1924 02fa 60000000 		.4byte	.LVL30
 1925 02fe 68000000 		.4byte	.LVL31
 1926 0302 0E00     		.2byte	0xe
 1927 0304 74       		.byte	0x74
 1928 0305 00       		.sleb128 0
 1929 0306 0A       		.byte	0xa
 1930 0307 0070     		.2byte	0x7000
ARM GAS  /var/folders/qh/xwg3v3kj02qbxczjpdb8lzfr0000gn/T//ccFkemtY.s 			page 35


 1931 0309 1A       		.byte	0x1a
 1932 030a 3C       		.byte	0x3c
 1933 030b 25       		.byte	0x25
 1934 030c 3A       		.byte	0x3a
 1935 030d 1E       		.byte	0x1e
 1936 030e 7C       		.byte	0x7c
 1937 030f 00       		.sleb128 0
 1938 0310 22       		.byte	0x22
 1939 0311 9F       		.byte	0x9f
 1940 0312 68000000 		.4byte	.LVL31
 1941 0316 70000000 		.4byte	.LVL32
 1942 031a 0E00     		.2byte	0xe
 1943 031c 77       		.byte	0x77
 1944 031d 00       		.sleb128 0
 1945 031e 0A       		.byte	0xa
 1946 031f 0070     		.2byte	0x7000
 1947 0321 1A       		.byte	0x1a
 1948 0322 3C       		.byte	0x3c
 1949 0323 25       		.byte	0x25
 1950 0324 3A       		.byte	0x3a
 1951 0325 1E       		.byte	0x1e
 1952 0326 7C       		.byte	0x7c
 1953 0327 00       		.sleb128 0
 1954 0328 22       		.byte	0x22
 1955 0329 9F       		.byte	0x9f
 1956 032a 00000000 		.4byte	0
 1957 032e 00000000 		.4byte	0
 1958              		.section	.debug_aranges,"",%progbits
 1959 0000 44000000 		.4byte	0x44
 1960 0004 0200     		.2byte	0x2
 1961 0006 00000000 		.4byte	.Ldebug_info0
 1962 000a 04       		.byte	0x4
 1963 000b 00       		.byte	0
 1964 000c 0000     		.2byte	0
 1965 000e 0000     		.2byte	0
 1966 0010 00000000 		.4byte	.LFB40
 1967 0014 44000000 		.4byte	.LFE40-.LFB40
 1968 0018 00000000 		.4byte	.LFB41
 1969 001c 44000000 		.4byte	.LFE41-.LFB41
 1970 0020 00000000 		.4byte	.LFB42
 1971 0024 1C000000 		.4byte	.LFE42-.LFB42
 1972 0028 00000000 		.4byte	.LFB43
 1973 002c 54000000 		.4byte	.LFE43-.LFB43
 1974 0030 00000000 		.4byte	.LFB44
 1975 0034 0C000000 		.4byte	.LFE44-.LFB44
 1976 0038 00000000 		.4byte	.LFB45
 1977 003c D4000000 		.4byte	.LFE45-.LFB45
 1978 0040 00000000 		.4byte	0
 1979 0044 00000000 		.4byte	0
 1980              		.section	.debug_ranges,"",%progbits
 1981              	.Ldebug_ranges0:
 1982 0000 00000000 		.4byte	.LFB40
 1983 0004 44000000 		.4byte	.LFE40
 1984 0008 00000000 		.4byte	.LFB41
 1985 000c 44000000 		.4byte	.LFE41
 1986 0010 00000000 		.4byte	.LFB42
 1987 0014 1C000000 		.4byte	.LFE42
ARM GAS  /var/folders/qh/xwg3v3kj02qbxczjpdb8lzfr0000gn/T//ccFkemtY.s 			page 36


 1988 0018 00000000 		.4byte	.LFB43
 1989 001c 54000000 		.4byte	.LFE43
 1990 0020 00000000 		.4byte	.LFB44
 1991 0024 0C000000 		.4byte	.LFE44
 1992 0028 00000000 		.4byte	.LFB45
 1993 002c D4000000 		.4byte	.LFE45
 1994 0030 00000000 		.4byte	0
 1995 0034 00000000 		.4byte	0
 1996              		.section	.debug_line,"",%progbits
 1997              	.Ldebug_line0:
 1998 0000 4D020000 		.section	.debug_str,"MS",%progbits,1
 1998      02003C01 
 1998      00000201 
 1998      FB0E0D00 
 1998      01010101 
 1999              	.LASF29:
 2000 0000 424B5032 		.ascii	"BKP2R\000"
 2000      5200
 2001              	.LASF3:
 2002 0006 73686F72 		.ascii	"short int\000"
 2002      7420696E 
 2002      7400
 2003              	.LASF12:
 2004 0010 73697A65 		.ascii	"sizetype\000"
 2004      74797065 
 2004      00
 2005              	.LASF58:
 2006 0019 52544344 		.ascii	"RTCD1\000"
 2006      3100
 2007              	.LASF41:
 2008 001f 72746370 		.ascii	"rtcp\000"
 2008      00
 2009              	.LASF49:
 2010 0024 70726564 		.ascii	"prediv_a\000"
 2010      69765F61 
 2010      00
 2011              	.LASF21:
 2012 002d 54534452 		.ascii	"TSDR\000"
 2012      00
 2013              	.LASF43:
 2014 0032 7274635F 		.ascii	"rtc_lld_init\000"
 2014      6C6C645F 
 2014      696E6974 
 2014      00
 2015              	.LASF53:
 2016 003f 474E5520 		.ascii	"GNU C 4.8.3 20131129 (release) [ARM/embedded-4_8-br"
 2016      4320342E 
 2016      382E3320 
 2016      32303133 
 2016      31313239 
 2017 0072 616E6368 		.ascii	"anch revision 205641] -mcpu=cortex-m0 -mno-thumb-in"
 2017      20726576 
 2017      6973696F 
 2017      6E203230 
 2017      35363431 
 2018 00a5 74657277 		.ascii	"terwork -mthumb -ggdb -O2 -fomit-frame-pointer -fal"
 2018      6F726B20 
ARM GAS  /var/folders/qh/xwg3v3kj02qbxczjpdb8lzfr0000gn/T//ccFkemtY.s 			page 37


 2018      2D6D7468 
 2018      756D6220 
 2018      2D676764 
 2019 00d8 69676E2D 		.ascii	"ign-functions=16 -ffunction-sections -fdata-section"
 2019      66756E63 
 2019      74696F6E 
 2019      733D3136 
 2019      202D6666 
 2020 010b 73202D66 		.ascii	"s -fno-common\000"
 2020      6E6F2D63 
 2020      6F6D6D6F 
 2020      6E00
 2021              	.LASF30:
 2022 0119 424B5033 		.ascii	"BKP3R\000"
 2022      5200
 2023              	.LASF7:
 2024 011f 6C6F6E67 		.ascii	"long long int\000"
 2024      206C6F6E 
 2024      6720696E 
 2024      7400
 2025              	.LASF56:
 2026 012d 7274635F 		.ascii	"rtc_lld_get_time\000"
 2026      6C6C645F 
 2026      6765745F 
 2026      74696D65 
 2026      00
 2027              	.LASF40:
 2028 013e 72746361 		.ascii	"rtcalarm_t\000"
 2028      6C61726D 
 2028      5F7400
 2029              	.LASF5:
 2030 0149 6C6F6E67 		.ascii	"long int\000"
 2030      20696E74 
 2030      00
 2031              	.LASF38:
 2032 0152 52544341 		.ascii	"RTCAlarm\000"
 2032      6C61726D 
 2032      00
 2033              	.LASF24:
 2034 015b 414C524D 		.ascii	"ALRMASSR\000"
 2034      41535352 
 2034      00
 2035              	.LASF54:
 2036 0164 2E2E2F2E 		.ascii	"../../os/hal/platforms/STM32/RTCv2/rtc_lld.c\000"
 2036      2E2F6F73 
 2036      2F68616C 
 2036      2F706C61 
 2036      74666F72 
 2037              	.LASF55:
 2038 0191 2F557365 		.ascii	"/Users/John/Development/embedded/ChibiOS-RT/BluC/ST"
 2038      72732F4A 
 2038      6F686E2F 
 2038      44657665 
 2038      6C6F706D 
 2039 01c4 4D333246 		.ascii	"M32F051\000"
 2039      30353100 
 2040              	.LASF2:
ARM GAS  /var/folders/qh/xwg3v3kj02qbxczjpdb8lzfr0000gn/T//ccFkemtY.s 			page 38


 2041 01cc 756E7369 		.ascii	"unsigned char\000"
 2041      676E6564 
 2041      20636861 
 2041      7200
 2042              	.LASF23:
 2043 01da 54414643 		.ascii	"TAFCR\000"
 2043      5200
 2044              	.LASF44:
 2045 01e0 7274635F 		.ascii	"rtc_lld_set_time\000"
 2045      6C6C645F 
 2045      7365745F 
 2045      74696D65 
 2045      00
 2046              	.LASF47:
 2047 01f1 616C6172 		.ascii	"alarmspec\000"
 2047      6D737065 
 2047      6300
 2048              	.LASF52:
 2049 01fb 6462675F 		.ascii	"dbg_check_unlock\000"
 2049      63686563 
 2049      6B5F756E 
 2049      6C6F636B 
 2049      00
 2050              	.LASF27:
 2051 020c 424B5030 		.ascii	"BKP0R\000"
 2051      5200
 2052              	.LASF1:
 2053 0212 7369676E 		.ascii	"signed char\000"
 2053      65642063 
 2053      68617200 
 2054              	.LASF51:
 2055 021e 6462675F 		.ascii	"dbg_check_lock\000"
 2055      63686563 
 2055      6B5F6C6F 
 2055      636B00
 2056              	.LASF8:
 2057 022d 6C6F6E67 		.ascii	"long long unsigned int\000"
 2057      206C6F6E 
 2057      6720756E 
 2057      7369676E 
 2057      65642069 
 2058              	.LASF9:
 2059 0244 75696E74 		.ascii	"uint32_t\000"
 2059      33325F74 
 2059      00
 2060              	.LASF17:
 2061 024d 414C524D 		.ascii	"ALRMAR\000"
 2061      415200
 2062              	.LASF0:
 2063 0254 756E7369 		.ascii	"unsigned int\000"
 2063      676E6564 
 2063      20696E74 
 2063      00
 2064              	.LASF46:
 2065 0261 616C6172 		.ascii	"alarm\000"
 2065      6D00
 2066              	.LASF19:
ARM GAS  /var/folders/qh/xwg3v3kj02qbxczjpdb8lzfr0000gn/T//ccFkemtY.s 			page 39


 2067 0267 53484946 		.ascii	"SHIFTR\000"
 2067      545200
 2068              	.LASF31:
 2069 026e 424B5034 		.ascii	"BKP4R\000"
 2069      5200
 2070              	.LASF20:
 2071 0274 54535452 		.ascii	"TSTR\000"
 2071      00
 2072              	.LASF4:
 2073 0279 73686F72 		.ascii	"short unsigned int\000"
 2073      7420756E 
 2073      7369676E 
 2073      65642069 
 2073      6E7400
 2074              	.LASF13:
 2075 028c 63686172 		.ascii	"char\000"
 2075      00
 2076              	.LASF14:
 2077 0291 50524552 		.ascii	"PRER\000"
 2077      00
 2078              	.LASF10:
 2079 0296 626F6F6C 		.ascii	"bool_t\000"
 2079      5F7400
 2080              	.LASF11:
 2081 029d 5F426F6F 		.ascii	"_Bool\000"
 2081      6C00
 2082              	.LASF32:
 2083 02a3 5254435F 		.ascii	"RTC_TypeDef\000"
 2083      54797065 
 2083      44656600 
 2084              	.LASF36:
 2085 02af 74765F64 		.ascii	"tv_date\000"
 2085      61746500 
 2086              	.LASF15:
 2087 02b7 52455345 		.ascii	"RESERVED0\000"
 2087      52564544 
 2087      3000
 2088              	.LASF16:
 2089 02c1 52455345 		.ascii	"RESERVED1\000"
 2089      52564544 
 2089      3100
 2090              	.LASF18:
 2091 02cb 52455345 		.ascii	"RESERVED2\000"
 2091      52564544 
 2091      3200
 2092              	.LASF25:
 2093 02d5 52455345 		.ascii	"RESERVED3\000"
 2093      52564544 
 2093      3300
 2094              	.LASF26:
 2095 02df 52455345 		.ascii	"RESERVED4\000"
 2095      52564544 
 2095      3400
 2096              	.LASF6:
 2097 02e9 6C6F6E67 		.ascii	"long unsigned int\000"
 2097      20756E73 
 2097      69676E65 
ARM GAS  /var/folders/qh/xwg3v3kj02qbxczjpdb8lzfr0000gn/T//ccFkemtY.s 			page 40


 2097      6420696E 
 2097      7400
 2098              	.LASF33:
 2099 02fb 52544344 		.ascii	"RTCDriver\000"
 2099      72697665 
 2099      7200
 2100              	.LASF39:
 2101 0305 74765F64 		.ascii	"tv_datetime\000"
 2101      61746574 
 2101      696D6500 
 2102              	.LASF28:
 2103 0311 424B5031 		.ascii	"BKP1R\000"
 2103      5200
 2104              	.LASF57:
 2105 0317 7274635F 		.ascii	"rtc_lld_get_time_fat\000"
 2105      6C6C645F 
 2105      6765745F 
 2105      74696D65 
 2105      5F666174 
 2106              	.LASF48:
 2107 032c 7274635F 		.ascii	"rtc_lld_get_alarm\000"
 2107      6C6C645F 
 2107      6765745F 
 2107      616C6172 
 2107      6D00
 2108              	.LASF50:
 2109 033e 66617474 		.ascii	"fattime\000"
 2109      696D6500 
 2110              	.LASF37:
 2111 0346 74765F74 		.ascii	"tv_time\000"
 2111      696D6500 
 2112              	.LASF42:
 2113 034e 74696D65 		.ascii	"timespec\000"
 2113      73706563 
 2113      00
 2114              	.LASF22:
 2115 0357 54535353 		.ascii	"TSSSR\000"
 2115      5200
 2116              	.LASF45:
 2117 035d 7274635F 		.ascii	"rtc_lld_set_alarm\000"
 2117      6C6C645F 
 2117      7365745F 
 2117      616C6172 
 2117      6D00
 2118              	.LASF34:
 2119 036f 69645F72 		.ascii	"id_rtc\000"
 2119      746300
 2120              	.LASF35:
 2121 0376 52544354 		.ascii	"RTCTime\000"
 2121      696D6500 
 2122              		.ident	"GCC: (GNU Tools for ARM Embedded Processors) 4.8.3 20131129 (release) [ARM/embedded-4_8-br
ARM GAS  /var/folders/qh/xwg3v3kj02qbxczjpdb8lzfr0000gn/T//ccFkemtY.s 			page 41


DEFINED SYMBOLS
                            *ABS*:0000000000000000 rtc_lld.c
/var/folders/qh/xwg3v3kj02qbxczjpdb8lzfr0000gn/T//ccFkemtY.s:18     .text.rtc_lld_init:0000000000000000 $t
/var/folders/qh/xwg3v3kj02qbxczjpdb8lzfr0000gn/T//ccFkemtY.s:24     .text.rtc_lld_init:0000000000000000 rtc_lld_init
/var/folders/qh/xwg3v3kj02qbxczjpdb8lzfr0000gn/T//ccFkemtY.s:77     .text.rtc_lld_init:0000000000000038 $d
/var/folders/qh/xwg3v3kj02qbxczjpdb8lzfr0000gn/T//ccFkemtY.s:84     .text.rtc_lld_set_time:0000000000000000 $t
/var/folders/qh/xwg3v3kj02qbxczjpdb8lzfr0000gn/T//ccFkemtY.s:90     .text.rtc_lld_set_time:0000000000000000 rtc_lld_set_time
/var/folders/qh/xwg3v3kj02qbxczjpdb8lzfr0000gn/T//ccFkemtY.s:154    .text.rtc_lld_set_time:0000000000000040 $d
/var/folders/qh/xwg3v3kj02qbxczjpdb8lzfr0000gn/T//ccFkemtY.s:159    .text.rtc_lld_get_time:0000000000000000 $t
/var/folders/qh/xwg3v3kj02qbxczjpdb8lzfr0000gn/T//ccFkemtY.s:165    .text.rtc_lld_get_time:0000000000000000 rtc_lld_get_time
/var/folders/qh/xwg3v3kj02qbxczjpdb8lzfr0000gn/T//ccFkemtY.s:194    .text.rtc_lld_get_time:0000000000000018 $d
/var/folders/qh/xwg3v3kj02qbxczjpdb8lzfr0000gn/T//ccFkemtY.s:199    .text.rtc_lld_set_alarm:0000000000000000 $t
/var/folders/qh/xwg3v3kj02qbxczjpdb8lzfr0000gn/T//ccFkemtY.s:205    .text.rtc_lld_set_alarm:0000000000000000 rtc_lld_set_alarm
/var/folders/qh/xwg3v3kj02qbxczjpdb8lzfr0000gn/T//ccFkemtY.s:274    .text.rtc_lld_set_alarm:000000000000004c $d
/var/folders/qh/xwg3v3kj02qbxczjpdb8lzfr0000gn/T//ccFkemtY.s:280    .text.rtc_lld_get_alarm:0000000000000000 $t
/var/folders/qh/xwg3v3kj02qbxczjpdb8lzfr0000gn/T//ccFkemtY.s:286    .text.rtc_lld_get_alarm:0000000000000000 rtc_lld_get_alarm
/var/folders/qh/xwg3v3kj02qbxczjpdb8lzfr0000gn/T//ccFkemtY.s:306    .text.rtc_lld_get_time_fat:0000000000000000 $t
/var/folders/qh/xwg3v3kj02qbxczjpdb8lzfr0000gn/T//ccFkemtY.s:312    .text.rtc_lld_get_time_fat:0000000000000000 rtc_lld_get_time_fat
/var/folders/qh/xwg3v3kj02qbxczjpdb8lzfr0000gn/T//ccFkemtY.s:519    .text.rtc_lld_get_time_fat:00000000000000d0 $d
/var/folders/qh/xwg3v3kj02qbxczjpdb8lzfr0000gn/T//ccFkemtY.s:529    .bss.RTCD1:0000000000000000 RTCD1
/var/folders/qh/xwg3v3kj02qbxczjpdb8lzfr0000gn/T//ccFkemtY.s:525    .bss.RTCD1:0000000000000000 $d
                     .debug_frame:0000000000000010 $d
/var/folders/qh/xwg3v3kj02qbxczjpdb8lzfr0000gn/T//ccFkemtY.s:83     .text.rtc_lld_init:0000000000000044 $t
/var/folders/qh/xwg3v3kj02qbxczjpdb8lzfr0000gn/T//ccFkemtY.s:158    .text.rtc_lld_set_time:0000000000000044 $t
/var/folders/qh/xwg3v3kj02qbxczjpdb8lzfr0000gn/T//ccFkemtY.s:198    .text.rtc_lld_get_time:000000000000001c $t
/var/folders/qh/xwg3v3kj02qbxczjpdb8lzfr0000gn/T//ccFkemtY.s:279    .text.rtc_lld_set_alarm:0000000000000054 $t
/var/folders/qh/xwg3v3kj02qbxczjpdb8lzfr0000gn/T//ccFkemtY.s:524    .text.rtc_lld_get_time_fat:00000000000000d4 $t

UNDEFINED SYMBOLS
dbg_check_lock
dbg_check_unlock
